[2022-11-14 15:57:02,524] {taskinstance.py:1032} INFO - Dependencies all met for <TaskInstance: yellow_taxi_data_v2.download_dataset_task scheduled__2021-11-02T06:00:00+00:00 [queued]>
[2022-11-14 15:57:02,544] {taskinstance.py:1032} INFO - Dependencies all met for <TaskInstance: yellow_taxi_data_v2.download_dataset_task scheduled__2021-11-02T06:00:00+00:00 [queued]>
[2022-11-14 15:57:02,545] {taskinstance.py:1238} INFO - 
--------------------------------------------------------------------------------
[2022-11-14 15:57:02,545] {taskinstance.py:1239} INFO - Starting attempt 1 of 2
[2022-11-14 15:57:02,545] {taskinstance.py:1240} INFO - 
--------------------------------------------------------------------------------
[2022-11-14 15:57:02,568] {taskinstance.py:1259} INFO - Executing <Task(BashOperator): download_dataset_task> on 2021-11-02 06:00:00+00:00
[2022-11-14 15:57:02,580] {standard_task_runner.py:52} INFO - Started process 1425 to run task
[2022-11-14 15:57:02,597] {standard_task_runner.py:76} INFO - Running: ['***', 'tasks', 'run', 'yellow_taxi_data_v2', 'download_dataset_task', 'scheduled__2021-11-02T06:00:00+00:00', '--job-id', '268', '--raw', '--subdir', 'DAGS_FOLDER/data_ingestion_gcs.py', '--cfg-path', '/tmp/tmpkqjk0xbi', '--error-file', '/tmp/tmpd5lb3d6c']
[2022-11-14 15:57:02,599] {standard_task_runner.py:77} INFO - Job 268: Subtask download_dataset_task
[2022-11-14 15:57:02,713] {logging_mixin.py:109} INFO - Running <TaskInstance: yellow_taxi_data_v2.download_dataset_task scheduled__2021-11-02T06:00:00+00:00 [running]> on host e030bae48f83
[2022-11-14 15:57:02,772] {warnings.py:110} WARNING - /home/***/.local/lib/python3.7/site-packages/***/utils/context.py:152: AirflowContextDeprecationWarning: Accessing 'execution_date' from the template is deprecated and will be removed in a future version. Please use 'data_interval_start' or 'logical_date' instead.
  warnings.warn(_create_deprecation_warning(key, self._deprecation_replacements[key]))

[2022-11-14 15:57:02,800] {taskinstance.py:1426} INFO - Exporting the following env vars:
AIRFLOW_CTX_DAG_OWNER=***
AIRFLOW_CTX_DAG_ID=yellow_taxi_data_v2
AIRFLOW_CTX_TASK_ID=download_dataset_task
AIRFLOW_CTX_EXECUTION_DATE=2021-11-02T06:00:00+00:00
AIRFLOW_CTX_DAG_RUN_ID=scheduled__2021-11-02T06:00:00+00:00
[2022-11-14 15:57:02,802] {subprocess.py:62} INFO - Tmp dir root location: 
 /tmp
[2022-11-14 15:57:02,803] {subprocess.py:74} INFO - Running command: ['bash', '-c', 'curl -sSLf https://d37ci6vzurychx.cloudfront.net/trip-data/yellow_tripdata_2021-11.parquet > /opt/***/yellow_tripdata_2021-11.parquet']
[2022-11-14 15:57:02,820] {subprocess.py:85} INFO - Output:
[2022-11-14 15:57:04,016] {subprocess.py:93} INFO - Command exited with return code 0
[2022-11-14 15:57:04,104] {taskinstance.py:1277} INFO - Marking task as SUCCESS. dag_id=yellow_taxi_data_v2, task_id=download_dataset_task, execution_date=20211102T060000, start_date=20221114T155702, end_date=20221114T155704
[2022-11-14 15:57:04,185] {local_task_job.py:154} INFO - Task exited with return code 0
[2022-11-14 15:57:04,263] {local_task_job.py:264} INFO - 1 downstream tasks scheduled from follow-on schedule check
[2022-11-16 09:26:25,808] {taskinstance.py:1032} INFO - Dependencies all met for <TaskInstance: yellow_taxi_data_v2.download_dataset_task scheduled__2021-11-02T06:00:00+00:00 [queued]>
[2022-11-16 09:26:25,873] {taskinstance.py:1032} INFO - Dependencies all met for <TaskInstance: yellow_taxi_data_v2.download_dataset_task scheduled__2021-11-02T06:00:00+00:00 [queued]>
[2022-11-16 09:26:25,881] {taskinstance.py:1238} INFO - 
--------------------------------------------------------------------------------
[2022-11-16 09:26:25,882] {taskinstance.py:1239} INFO - Starting attempt 1 of 2
[2022-11-16 09:26:25,887] {taskinstance.py:1240} INFO - 
--------------------------------------------------------------------------------
[2022-11-16 09:26:25,948] {taskinstance.py:1259} INFO - Executing <Task(BashOperator): download_dataset_task> on 2021-11-02 06:00:00+00:00
[2022-11-16 09:26:25,994] {standard_task_runner.py:52} INFO - Started process 838 to run task
[2022-11-16 09:26:26,044] {standard_task_runner.py:76} INFO - Running: ['***', 'tasks', 'run', 'yellow_taxi_data_v2', 'download_dataset_task', 'scheduled__2021-11-02T06:00:00+00:00', '--job-id', '804', '--raw', '--subdir', 'DAGS_FOLDER/data_ingestion_gcs.py', '--cfg-path', '/tmp/tmpttwtf9cp', '--error-file', '/tmp/tmptnvk7ftv']
[2022-11-16 09:26:26,046] {standard_task_runner.py:77} INFO - Job 804: Subtask download_dataset_task
[2022-11-16 09:26:26,306] {logging_mixin.py:109} INFO - Running <TaskInstance: yellow_taxi_data_v2.download_dataset_task scheduled__2021-11-02T06:00:00+00:00 [running]> on host 75ceca4d9264
[2022-11-16 09:26:26,456] {warnings.py:110} WARNING - /home/***/.local/lib/python3.7/site-packages/***/utils/context.py:152: AirflowContextDeprecationWarning: Accessing 'execution_date' from the template is deprecated and will be removed in a future version. Please use 'data_interval_start' or 'logical_date' instead.
  warnings.warn(_create_deprecation_warning(key, self._deprecation_replacements[key]))

[2022-11-16 09:26:26,536] {taskinstance.py:1426} INFO - Exporting the following env vars:
AIRFLOW_CTX_DAG_OWNER=***
AIRFLOW_CTX_DAG_ID=yellow_taxi_data_v2
AIRFLOW_CTX_TASK_ID=download_dataset_task
AIRFLOW_CTX_EXECUTION_DATE=2021-11-02T06:00:00+00:00
AIRFLOW_CTX_DAG_RUN_ID=scheduled__2021-11-02T06:00:00+00:00
[2022-11-16 09:26:26,537] {subprocess.py:62} INFO - Tmp dir root location: 
 /tmp
[2022-11-16 09:26:26,538] {subprocess.py:74} INFO - Running command: ['bash', '-c', 'curl -sSLf https://d37ci6vzurychx.cloudfront.net/trip-data/yellow_tripdata_2021-11.parquet > /opt/***/yellow_tripdata_2021-11.parquet']
[2022-11-16 09:26:26,571] {subprocess.py:85} INFO - Output:
[2022-11-16 09:26:27,016] {subprocess.py:93} INFO - Command exited with return code 0
[2022-11-16 09:26:27,145] {taskinstance.py:1277} INFO - Marking task as SUCCESS. dag_id=yellow_taxi_data_v2, task_id=download_dataset_task, execution_date=20211102T060000, start_date=20221116T092625, end_date=20221116T092627
[2022-11-16 09:26:27,248] {local_task_job.py:154} INFO - Task exited with return code 0
[2022-11-16 09:26:27,376] {local_task_job.py:264} INFO - 1 downstream tasks scheduled from follow-on schedule check
