[2022-11-14 15:57:09,696] {taskinstance.py:1032} INFO - Dependencies all met for <TaskInstance: yellow_taxi_data_v2.rm_task scheduled__2021-10-02T06:00:00+00:00 [queued]>
[2022-11-14 15:57:09,724] {taskinstance.py:1032} INFO - Dependencies all met for <TaskInstance: yellow_taxi_data_v2.rm_task scheduled__2021-10-02T06:00:00+00:00 [queued]>
[2022-11-14 15:57:09,725] {taskinstance.py:1238} INFO - 
--------------------------------------------------------------------------------
[2022-11-14 15:57:09,725] {taskinstance.py:1239} INFO - Starting attempt 1 of 2
[2022-11-14 15:57:09,725] {taskinstance.py:1240} INFO - 
--------------------------------------------------------------------------------
[2022-11-14 15:57:09,766] {taskinstance.py:1259} INFO - Executing <Task(BashOperator): rm_task> on 2021-10-02 06:00:00+00:00
[2022-11-14 15:57:09,777] {standard_task_runner.py:52} INFO - Started process 1463 to run task
[2022-11-14 15:57:09,793] {standard_task_runner.py:76} INFO - Running: ['***', 'tasks', 'run', 'yellow_taxi_data_v2', 'rm_task', 'scheduled__2021-10-02T06:00:00+00:00', '--job-id', '275', '--raw', '--subdir', 'DAGS_FOLDER/data_ingestion_gcs.py', '--cfg-path', '/tmp/tmpqmazee0b', '--error-file', '/tmp/tmptpabq1ck']
[2022-11-14 15:57:09,795] {standard_task_runner.py:77} INFO - Job 275: Subtask rm_task
[2022-11-14 15:57:09,914] {logging_mixin.py:109} INFO - Running <TaskInstance: yellow_taxi_data_v2.rm_task scheduled__2021-10-02T06:00:00+00:00 [running]> on host e030bae48f83
[2022-11-14 15:57:09,991] {warnings.py:110} WARNING - /home/***/.local/lib/python3.7/site-packages/***/utils/context.py:152: AirflowContextDeprecationWarning: Accessing 'execution_date' from the template is deprecated and will be removed in a future version. Please use 'data_interval_start' or 'logical_date' instead.
  warnings.warn(_create_deprecation_warning(key, self._deprecation_replacements[key]))

[2022-11-14 15:57:10,037] {taskinstance.py:1426} INFO - Exporting the following env vars:
AIRFLOW_CTX_DAG_OWNER=***
AIRFLOW_CTX_DAG_ID=yellow_taxi_data_v2
AIRFLOW_CTX_TASK_ID=rm_task
AIRFLOW_CTX_EXECUTION_DATE=2021-10-02T06:00:00+00:00
AIRFLOW_CTX_DAG_RUN_ID=scheduled__2021-10-02T06:00:00+00:00
[2022-11-14 15:57:10,040] {subprocess.py:62} INFO - Tmp dir root location: 
 /tmp
[2022-11-14 15:57:10,041] {subprocess.py:74} INFO - Running command: ['bash', '-c', 'rm /opt/***/yellow_tripdata_2021-10.parquet']
[2022-11-14 15:57:10,070] {subprocess.py:85} INFO - Output:
[2022-11-14 15:57:10,093] {subprocess.py:93} INFO - Command exited with return code 0
[2022-11-14 15:57:10,135] {taskinstance.py:1277} INFO - Marking task as SUCCESS. dag_id=yellow_taxi_data_v2, task_id=rm_task, execution_date=20211002T060000, start_date=20221114T155709, end_date=20221114T155710
[2022-11-14 15:57:10,184] {local_task_job.py:154} INFO - Task exited with return code 0
[2022-11-14 15:57:10,228] {local_task_job.py:264} INFO - 0 downstream tasks scheduled from follow-on schedule check
[2022-11-16 09:26:32,744] {taskinstance.py:1032} INFO - Dependencies all met for <TaskInstance: yellow_taxi_data_v2.rm_task scheduled__2021-10-02T06:00:00+00:00 [queued]>
[2022-11-16 09:26:32,761] {taskinstance.py:1032} INFO - Dependencies all met for <TaskInstance: yellow_taxi_data_v2.rm_task scheduled__2021-10-02T06:00:00+00:00 [queued]>
[2022-11-16 09:26:32,761] {taskinstance.py:1238} INFO - 
--------------------------------------------------------------------------------
[2022-11-16 09:26:32,762] {taskinstance.py:1239} INFO - Starting attempt 1 of 2
[2022-11-16 09:26:32,762] {taskinstance.py:1240} INFO - 
--------------------------------------------------------------------------------
[2022-11-16 09:26:32,776] {taskinstance.py:1259} INFO - Executing <Task(BashOperator): rm_task> on 2021-10-02 06:00:00+00:00
[2022-11-16 09:26:32,785] {standard_task_runner.py:52} INFO - Started process 862 to run task
[2022-11-16 09:26:32,793] {standard_task_runner.py:76} INFO - Running: ['***', 'tasks', 'run', 'yellow_taxi_data_v2', 'rm_task', 'scheduled__2021-10-02T06:00:00+00:00', '--job-id', '809', '--raw', '--subdir', 'DAGS_FOLDER/data_ingestion_gcs.py', '--cfg-path', '/tmp/tmpidx976mq', '--error-file', '/tmp/tmpta4_bqk0']
[2022-11-16 09:26:32,794] {standard_task_runner.py:77} INFO - Job 809: Subtask rm_task
[2022-11-16 09:26:32,882] {logging_mixin.py:109} INFO - Running <TaskInstance: yellow_taxi_data_v2.rm_task scheduled__2021-10-02T06:00:00+00:00 [running]> on host 75ceca4d9264
[2022-11-16 09:26:32,935] {warnings.py:110} WARNING - /home/***/.local/lib/python3.7/site-packages/***/utils/context.py:152: AirflowContextDeprecationWarning: Accessing 'execution_date' from the template is deprecated and will be removed in a future version. Please use 'data_interval_start' or 'logical_date' instead.
  warnings.warn(_create_deprecation_warning(key, self._deprecation_replacements[key]))

[2022-11-16 09:26:32,966] {taskinstance.py:1426} INFO - Exporting the following env vars:
AIRFLOW_CTX_DAG_OWNER=***
AIRFLOW_CTX_DAG_ID=yellow_taxi_data_v2
AIRFLOW_CTX_TASK_ID=rm_task
AIRFLOW_CTX_EXECUTION_DATE=2021-10-02T06:00:00+00:00
AIRFLOW_CTX_DAG_RUN_ID=scheduled__2021-10-02T06:00:00+00:00
[2022-11-16 09:26:32,968] {subprocess.py:62} INFO - Tmp dir root location: 
 /tmp
[2022-11-16 09:26:32,969] {subprocess.py:74} INFO - Running command: ['bash', '-c', 'rm /opt/***/yellow_tripdata_2021-10.parquet']
[2022-11-16 09:26:32,992] {subprocess.py:85} INFO - Output:
[2022-11-16 09:26:33,014] {subprocess.py:93} INFO - Command exited with return code 0
[2022-11-16 09:26:33,065] {taskinstance.py:1277} INFO - Marking task as SUCCESS. dag_id=yellow_taxi_data_v2, task_id=rm_task, execution_date=20211002T060000, start_date=20221116T092632, end_date=20221116T092633
[2022-11-16 09:26:33,128] {local_task_job.py:154} INFO - Task exited with return code 0
[2022-11-16 09:26:33,172] {local_task_job.py:264} INFO - 0 downstream tasks scheduled from follow-on schedule check
