[2022-11-14 15:53:55,963] {taskinstance.py:1032} INFO - Dependencies all met for <TaskInstance: yellow_taxi_data_v2.local_to_gcs_task scheduled__2019-08-02T06:00:00+00:00 [queued]>
[2022-11-14 15:53:55,981] {taskinstance.py:1032} INFO - Dependencies all met for <TaskInstance: yellow_taxi_data_v2.local_to_gcs_task scheduled__2019-08-02T06:00:00+00:00 [queued]>
[2022-11-14 15:53:55,981] {taskinstance.py:1238} INFO - 
--------------------------------------------------------------------------------
[2022-11-14 15:53:55,981] {taskinstance.py:1239} INFO - Starting attempt 1 of 2
[2022-11-14 15:53:55,982] {taskinstance.py:1240} INFO - 
--------------------------------------------------------------------------------
[2022-11-14 15:53:55,999] {taskinstance.py:1259} INFO - Executing <Task(PythonOperator): local_to_gcs_task> on 2019-08-02 06:00:00+00:00
[2022-11-14 15:53:56,008] {standard_task_runner.py:52} INFO - Started process 973 to run task
[2022-11-14 15:53:56,016] {standard_task_runner.py:76} INFO - Running: ['***', 'tasks', 'run', 'yellow_taxi_data_v2', 'local_to_gcs_task', 'scheduled__2019-08-02T06:00:00+00:00', '--job-id', '191', '--raw', '--subdir', 'DAGS_FOLDER/data_ingestion_gcs.py', '--cfg-path', '/tmp/tmpt4begjji', '--error-file', '/tmp/tmprmu9810d']
[2022-11-14 15:53:56,017] {standard_task_runner.py:77} INFO - Job 191: Subtask local_to_gcs_task
[2022-11-14 15:53:56,109] {logging_mixin.py:109} INFO - Running <TaskInstance: yellow_taxi_data_v2.local_to_gcs_task scheduled__2019-08-02T06:00:00+00:00 [running]> on host e030bae48f83
[2022-11-14 15:53:56,169] {warnings.py:110} WARNING - /home/***/.local/lib/python3.7/site-packages/***/utils/context.py:152: AirflowContextDeprecationWarning: Accessing 'execution_date' from the template is deprecated and will be removed in a future version. Please use 'data_interval_start' or 'logical_date' instead.
  warnings.warn(_create_deprecation_warning(key, self._deprecation_replacements[key]))

[2022-11-14 15:53:56,213] {taskinstance.py:1426} INFO - Exporting the following env vars:
AIRFLOW_CTX_DAG_OWNER=***
AIRFLOW_CTX_DAG_ID=yellow_taxi_data_v2
AIRFLOW_CTX_TASK_ID=local_to_gcs_task
AIRFLOW_CTX_EXECUTION_DATE=2019-08-02T06:00:00+00:00
AIRFLOW_CTX_DAG_RUN_ID=scheduled__2019-08-02T06:00:00+00:00
[2022-11-14 15:53:57,410] {python.py:175} INFO - Done. Returned value was: None
[2022-11-14 15:53:57,434] {taskinstance.py:1277} INFO - Marking task as SUCCESS. dag_id=yellow_taxi_data_v2, task_id=local_to_gcs_task, execution_date=20190802T060000, start_date=20221114T155355, end_date=20221114T155357
[2022-11-14 15:53:57,481] {local_task_job.py:154} INFO - Task exited with return code 0
[2022-11-14 15:53:57,536] {local_task_job.py:264} INFO - 1 downstream tasks scheduled from follow-on schedule check
[2022-11-16 09:21:47,196] {taskinstance.py:1032} INFO - Dependencies all met for <TaskInstance: yellow_taxi_data_v2.local_to_gcs_task scheduled__2019-08-02T06:00:00+00:00 [queued]>
[2022-11-16 09:21:47,269] {taskinstance.py:1032} INFO - Dependencies all met for <TaskInstance: yellow_taxi_data_v2.local_to_gcs_task scheduled__2019-08-02T06:00:00+00:00 [queued]>
[2022-11-16 09:21:47,270] {taskinstance.py:1238} INFO - 
--------------------------------------------------------------------------------
[2022-11-16 09:21:47,270] {taskinstance.py:1239} INFO - Starting attempt 1 of 2
[2022-11-16 09:21:47,270] {taskinstance.py:1240} INFO - 
--------------------------------------------------------------------------------
[2022-11-16 09:21:47,318] {taskinstance.py:1259} INFO - Executing <Task(PythonOperator): local_to_gcs_task> on 2019-08-02 06:00:00+00:00
[2022-11-16 09:21:47,328] {standard_task_runner.py:52} INFO - Started process 314 to run task
[2022-11-16 09:21:47,358] {standard_task_runner.py:76} INFO - Running: ['***', 'tasks', 'run', 'yellow_taxi_data_v2', 'local_to_gcs_task', 'scheduled__2019-08-02T06:00:00+00:00', '--job-id', '725', '--raw', '--subdir', 'DAGS_FOLDER/data_ingestion_gcs.py', '--cfg-path', '/tmp/tmp9trqv2g7', '--error-file', '/tmp/tmpgb14qnw4']
[2022-11-16 09:21:47,361] {standard_task_runner.py:77} INFO - Job 725: Subtask local_to_gcs_task
[2022-11-16 09:21:47,531] {logging_mixin.py:109} INFO - Running <TaskInstance: yellow_taxi_data_v2.local_to_gcs_task scheduled__2019-08-02T06:00:00+00:00 [running]> on host 75ceca4d9264
[2022-11-16 09:21:47,630] {warnings.py:110} WARNING - /home/***/.local/lib/python3.7/site-packages/***/utils/context.py:152: AirflowContextDeprecationWarning: Accessing 'execution_date' from the template is deprecated and will be removed in a future version. Please use 'data_interval_start' or 'logical_date' instead.
  warnings.warn(_create_deprecation_warning(key, self._deprecation_replacements[key]))

[2022-11-16 09:21:47,683] {taskinstance.py:1426} INFO - Exporting the following env vars:
AIRFLOW_CTX_DAG_OWNER=***
AIRFLOW_CTX_DAG_ID=yellow_taxi_data_v2
AIRFLOW_CTX_TASK_ID=local_to_gcs_task
AIRFLOW_CTX_EXECUTION_DATE=2019-08-02T06:00:00+00:00
AIRFLOW_CTX_DAG_RUN_ID=scheduled__2019-08-02T06:00:00+00:00
[2022-11-16 09:21:49,227] {python.py:175} INFO - Done. Returned value was: None
[2022-11-16 09:21:49,245] {taskinstance.py:1277} INFO - Marking task as SUCCESS. dag_id=yellow_taxi_data_v2, task_id=local_to_gcs_task, execution_date=20190802T060000, start_date=20221116T092147, end_date=20221116T092149
[2022-11-16 09:21:49,310] {local_task_job.py:154} INFO - Task exited with return code 0
[2022-11-16 09:21:49,386] {local_task_job.py:264} INFO - 1 downstream tasks scheduled from follow-on schedule check
