[2022-11-14 16:22:54,185] {taskinstance.py:1032} INFO - Dependencies all met for <TaskInstance: green_taxi_data_v1.rm_task scheduled__2019-03-02T07:00:00+00:00 [queued]>
[2022-11-14 16:22:54,205] {taskinstance.py:1032} INFO - Dependencies all met for <TaskInstance: green_taxi_data_v1.rm_task scheduled__2019-03-02T07:00:00+00:00 [queued]>
[2022-11-14 16:22:54,206] {taskinstance.py:1238} INFO - 
--------------------------------------------------------------------------------
[2022-11-14 16:22:54,206] {taskinstance.py:1239} INFO - Starting attempt 1 of 2
[2022-11-14 16:22:54,206] {taskinstance.py:1240} INFO - 
--------------------------------------------------------------------------------
[2022-11-14 16:22:54,224] {taskinstance.py:1259} INFO - Executing <Task(BashOperator): rm_task> on 2019-03-02 07:00:00+00:00
[2022-11-14 16:22:54,232] {standard_task_runner.py:52} INFO - Started process 2663 to run task
[2022-11-14 16:22:54,239] {standard_task_runner.py:76} INFO - Running: ['***', 'tasks', 'run', 'green_taxi_data_v1', 'rm_task', 'scheduled__2019-03-02T07:00:00+00:00', '--job-id', '312', '--raw', '--subdir', 'DAGS_FOLDER/data_ingestion_gcs.py', '--cfg-path', '/tmp/tmp7wsvirt7', '--error-file', '/tmp/tmpauss71_k']
[2022-11-14 16:22:54,240] {standard_task_runner.py:77} INFO - Job 312: Subtask rm_task
[2022-11-14 16:22:54,330] {logging_mixin.py:109} INFO - Running <TaskInstance: green_taxi_data_v1.rm_task scheduled__2019-03-02T07:00:00+00:00 [running]> on host e030bae48f83
[2022-11-14 16:22:54,384] {warnings.py:110} WARNING - /home/***/.local/lib/python3.7/site-packages/***/utils/context.py:152: AirflowContextDeprecationWarning: Accessing 'execution_date' from the template is deprecated and will be removed in a future version. Please use 'data_interval_start' or 'logical_date' instead.
  warnings.warn(_create_deprecation_warning(key, self._deprecation_replacements[key]))

[2022-11-14 16:22:54,447] {taskinstance.py:1426} INFO - Exporting the following env vars:
AIRFLOW_CTX_DAG_OWNER=***
AIRFLOW_CTX_DAG_ID=green_taxi_data_v1
AIRFLOW_CTX_TASK_ID=rm_task
AIRFLOW_CTX_EXECUTION_DATE=2019-03-02T07:00:00+00:00
AIRFLOW_CTX_DAG_RUN_ID=scheduled__2019-03-02T07:00:00+00:00
[2022-11-14 16:22:54,449] {subprocess.py:62} INFO - Tmp dir root location: 
 /tmp
[2022-11-14 16:22:54,450] {subprocess.py:74} INFO - Running command: ['bash', '-c', 'rm /opt/***/green_tripdata_2019-03.parquet']
[2022-11-14 16:22:54,469] {subprocess.py:85} INFO - Output:
[2022-11-14 16:22:54,481] {subprocess.py:93} INFO - Command exited with return code 0
[2022-11-14 16:22:54,522] {taskinstance.py:1277} INFO - Marking task as SUCCESS. dag_id=green_taxi_data_v1, task_id=rm_task, execution_date=20190302T070000, start_date=20221114T162254, end_date=20221114T162254
[2022-11-14 16:22:54,572] {local_task_job.py:154} INFO - Task exited with return code 0
[2022-11-14 16:22:54,613] {local_task_job.py:264} INFO - 0 downstream tasks scheduled from follow-on schedule check
