[2022-11-14 16:34:09,910] {taskinstance.py:1032} INFO - Dependencies all met for <TaskInstance: fhv_taxi_data_v1.local_to_gcs_task scheduled__2021-12-02T07:00:00+00:00 [queued]>
[2022-11-14 16:34:09,928] {taskinstance.py:1032} INFO - Dependencies all met for <TaskInstance: fhv_taxi_data_v1.local_to_gcs_task scheduled__2021-12-02T07:00:00+00:00 [queued]>
[2022-11-14 16:34:09,928] {taskinstance.py:1238} INFO - 
--------------------------------------------------------------------------------
[2022-11-14 16:34:09,928] {taskinstance.py:1239} INFO - Starting attempt 1 of 2
[2022-11-14 16:34:09,929] {taskinstance.py:1240} INFO - 
--------------------------------------------------------------------------------
[2022-11-14 16:34:09,965] {taskinstance.py:1259} INFO - Executing <Task(PythonOperator): local_to_gcs_task> on 2021-12-02 07:00:00+00:00
[2022-11-14 16:34:09,976] {standard_task_runner.py:52} INFO - Started process 4097 to run task
[2022-11-14 16:34:09,990] {standard_task_runner.py:76} INFO - Running: ['***', 'tasks', 'run', 'fhv_taxi_data_v1', 'local_to_gcs_task', 'scheduled__2021-12-02T07:00:00+00:00', '--job-id', '542', '--raw', '--subdir', 'DAGS_FOLDER/data_ingestion_gcs.py', '--cfg-path', '/tmp/tmpb9pg1b7v', '--error-file', '/tmp/tmp99_rnaad']
[2022-11-14 16:34:09,992] {standard_task_runner.py:77} INFO - Job 542: Subtask local_to_gcs_task
[2022-11-14 16:34:10,114] {logging_mixin.py:109} INFO - Running <TaskInstance: fhv_taxi_data_v1.local_to_gcs_task scheduled__2021-12-02T07:00:00+00:00 [running]> on host e030bae48f83
[2022-11-14 16:34:10,197] {warnings.py:110} WARNING - /home/***/.local/lib/python3.7/site-packages/***/utils/context.py:152: AirflowContextDeprecationWarning: Accessing 'execution_date' from the template is deprecated and will be removed in a future version. Please use 'data_interval_start' or 'logical_date' instead.
  warnings.warn(_create_deprecation_warning(key, self._deprecation_replacements[key]))

[2022-11-14 16:34:10,246] {taskinstance.py:1426} INFO - Exporting the following env vars:
AIRFLOW_CTX_DAG_OWNER=***
AIRFLOW_CTX_DAG_ID=fhv_taxi_data_v1
AIRFLOW_CTX_TASK_ID=local_to_gcs_task
AIRFLOW_CTX_EXECUTION_DATE=2021-12-02T07:00:00+00:00
AIRFLOW_CTX_DAG_RUN_ID=scheduled__2021-12-02T07:00:00+00:00
[2022-11-14 16:34:10,957] {python.py:175} INFO - Done. Returned value was: None
[2022-11-14 16:34:10,977] {taskinstance.py:1277} INFO - Marking task as SUCCESS. dag_id=fhv_taxi_data_v1, task_id=local_to_gcs_task, execution_date=20211202T070000, start_date=20221114T163409, end_date=20221114T163410
[2022-11-14 16:34:11,045] {local_task_job.py:154} INFO - Task exited with return code 0
[2022-11-14 16:34:11,126] {local_task_job.py:264} INFO - 1 downstream tasks scheduled from follow-on schedule check
