[2022-11-14 15:56:29,388] {taskinstance.py:1032} INFO - Dependencies all met for <TaskInstance: yellow_taxi_data_v2.local_to_gcs_task scheduled__2021-01-02T06:00:00+00:00 [queued]>
[2022-11-14 15:56:29,400] {taskinstance.py:1032} INFO - Dependencies all met for <TaskInstance: yellow_taxi_data_v2.local_to_gcs_task scheduled__2021-01-02T06:00:00+00:00 [queued]>
[2022-11-14 15:56:29,401] {taskinstance.py:1238} INFO - 
--------------------------------------------------------------------------------
[2022-11-14 15:56:29,401] {taskinstance.py:1239} INFO - Starting attempt 1 of 2
[2022-11-14 15:56:29,401] {taskinstance.py:1240} INFO - 
--------------------------------------------------------------------------------
[2022-11-14 15:56:29,414] {taskinstance.py:1259} INFO - Executing <Task(PythonOperator): local_to_gcs_task> on 2021-01-02 06:00:00+00:00
[2022-11-14 15:56:29,423] {standard_task_runner.py:52} INFO - Started process 1302 to run task
[2022-11-14 15:56:29,429] {standard_task_runner.py:76} INFO - Running: ['***', 'tasks', 'run', 'yellow_taxi_data_v2', 'local_to_gcs_task', 'scheduled__2021-01-02T06:00:00+00:00', '--job-id', '243', '--raw', '--subdir', 'DAGS_FOLDER/data_ingestion_gcs.py', '--cfg-path', '/tmp/tmp_f1tnqpe', '--error-file', '/tmp/tmpki_6hwm7']
[2022-11-14 15:56:29,430] {standard_task_runner.py:77} INFO - Job 243: Subtask local_to_gcs_task
[2022-11-14 15:56:29,513] {logging_mixin.py:109} INFO - Running <TaskInstance: yellow_taxi_data_v2.local_to_gcs_task scheduled__2021-01-02T06:00:00+00:00 [running]> on host e030bae48f83
[2022-11-14 15:56:29,572] {warnings.py:110} WARNING - /home/***/.local/lib/python3.7/site-packages/***/utils/context.py:152: AirflowContextDeprecationWarning: Accessing 'execution_date' from the template is deprecated and will be removed in a future version. Please use 'data_interval_start' or 'logical_date' instead.
  warnings.warn(_create_deprecation_warning(key, self._deprecation_replacements[key]))

[2022-11-14 15:56:29,608] {taskinstance.py:1426} INFO - Exporting the following env vars:
AIRFLOW_CTX_DAG_OWNER=***
AIRFLOW_CTX_DAG_ID=yellow_taxi_data_v2
AIRFLOW_CTX_TASK_ID=local_to_gcs_task
AIRFLOW_CTX_EXECUTION_DATE=2021-01-02T06:00:00+00:00
AIRFLOW_CTX_DAG_RUN_ID=scheduled__2021-01-02T06:00:00+00:00
[2022-11-14 15:56:30,275] {python.py:175} INFO - Done. Returned value was: None
[2022-11-14 15:56:30,297] {taskinstance.py:1277} INFO - Marking task as SUCCESS. dag_id=yellow_taxi_data_v2, task_id=local_to_gcs_task, execution_date=20210102T060000, start_date=20221114T155629, end_date=20221114T155630
[2022-11-14 15:56:30,363] {local_task_job.py:154} INFO - Task exited with return code 0
[2022-11-14 15:56:30,440] {local_task_job.py:264} INFO - 1 downstream tasks scheduled from follow-on schedule check
[2022-11-16 09:24:54,431] {taskinstance.py:1032} INFO - Dependencies all met for <TaskInstance: yellow_taxi_data_v2.local_to_gcs_task scheduled__2021-01-02T06:00:00+00:00 [queued]>
[2022-11-16 09:24:54,443] {taskinstance.py:1032} INFO - Dependencies all met for <TaskInstance: yellow_taxi_data_v2.local_to_gcs_task scheduled__2021-01-02T06:00:00+00:00 [queued]>
[2022-11-16 09:24:54,443] {taskinstance.py:1238} INFO - 
--------------------------------------------------------------------------------
[2022-11-16 09:24:54,443] {taskinstance.py:1239} INFO - Starting attempt 1 of 2
[2022-11-16 09:24:54,443] {taskinstance.py:1240} INFO - 
--------------------------------------------------------------------------------
[2022-11-16 09:24:54,456] {taskinstance.py:1259} INFO - Executing <Task(PythonOperator): local_to_gcs_task> on 2021-01-02 06:00:00+00:00
[2022-11-16 09:24:54,465] {standard_task_runner.py:52} INFO - Started process 666 to run task
[2022-11-16 09:24:54,473] {standard_task_runner.py:76} INFO - Running: ['***', 'tasks', 'run', 'yellow_taxi_data_v2', 'local_to_gcs_task', 'scheduled__2021-01-02T06:00:00+00:00', '--job-id', '779', '--raw', '--subdir', 'DAGS_FOLDER/data_ingestion_gcs.py', '--cfg-path', '/tmp/tmpzacfotjn', '--error-file', '/tmp/tmprimymit6']
[2022-11-16 09:24:54,474] {standard_task_runner.py:77} INFO - Job 779: Subtask local_to_gcs_task
[2022-11-16 09:24:54,559] {logging_mixin.py:109} INFO - Running <TaskInstance: yellow_taxi_data_v2.local_to_gcs_task scheduled__2021-01-02T06:00:00+00:00 [running]> on host 75ceca4d9264
[2022-11-16 09:24:54,614] {warnings.py:110} WARNING - /home/***/.local/lib/python3.7/site-packages/***/utils/context.py:152: AirflowContextDeprecationWarning: Accessing 'execution_date' from the template is deprecated and will be removed in a future version. Please use 'data_interval_start' or 'logical_date' instead.
  warnings.warn(_create_deprecation_warning(key, self._deprecation_replacements[key]))

[2022-11-16 09:24:54,641] {taskinstance.py:1426} INFO - Exporting the following env vars:
AIRFLOW_CTX_DAG_OWNER=***
AIRFLOW_CTX_DAG_ID=yellow_taxi_data_v2
AIRFLOW_CTX_TASK_ID=local_to_gcs_task
AIRFLOW_CTX_EXECUTION_DATE=2021-01-02T06:00:00+00:00
AIRFLOW_CTX_DAG_RUN_ID=scheduled__2021-01-02T06:00:00+00:00
[2022-11-16 09:24:55,301] {python.py:175} INFO - Done. Returned value was: None
[2022-11-16 09:24:55,322] {taskinstance.py:1277} INFO - Marking task as SUCCESS. dag_id=yellow_taxi_data_v2, task_id=local_to_gcs_task, execution_date=20210102T060000, start_date=20221116T092454, end_date=20221116T092455
[2022-11-16 09:24:55,367] {local_task_job.py:154} INFO - Task exited with return code 0
[2022-11-16 09:24:55,436] {local_task_job.py:264} INFO - 1 downstream tasks scheduled from follow-on schedule check
