[2022-11-10 08:50:23,813] {taskinstance.py:1032} INFO - Dependencies all met for <TaskInstance: yellow_taxi_data_V2.download_dataset_task scheduled__2019-02-02T06:00:00+00:00 [queued]>
[2022-11-10 08:50:23,829] {taskinstance.py:1032} INFO - Dependencies all met for <TaskInstance: yellow_taxi_data_V2.download_dataset_task scheduled__2019-02-02T06:00:00+00:00 [queued]>
[2022-11-10 08:50:23,829] {taskinstance.py:1238} INFO - 
--------------------------------------------------------------------------------
[2022-11-10 08:50:23,829] {taskinstance.py:1239} INFO - Starting attempt 1 of 2
[2022-11-10 08:50:23,829] {taskinstance.py:1240} INFO - 
--------------------------------------------------------------------------------
[2022-11-10 08:50:23,850] {taskinstance.py:1259} INFO - Executing <Task(BashOperator): download_dataset_task> on 2019-02-02 06:00:00+00:00
[2022-11-10 08:50:23,858] {standard_task_runner.py:52} INFO - Started process 3679 to run task
[2022-11-10 08:50:23,866] {standard_task_runner.py:76} INFO - Running: ['***', 'tasks', 'run', 'yellow_taxi_data_V2', 'download_dataset_task', 'scheduled__2019-02-02T06:00:00+00:00', '--job-id', '16', '--pool', 'default_pool', '--raw', '--subdir', 'DAGS_FOLDER/data_ingestion_gcs_dag.py', '--cfg-path', '/tmp/tmpmhdeyy59', '--error-file', '/tmp/tmpjch1_ryf']
[2022-11-10 08:50:23,868] {standard_task_runner.py:77} INFO - Job 16: Subtask download_dataset_task
[2022-11-10 08:50:23,969] {logging_mixin.py:109} INFO - Running <TaskInstance: yellow_taxi_data_V2.download_dataset_task scheduled__2019-02-02T06:00:00+00:00 [running]> on host e2ff445f4993
[2022-11-10 08:50:24,041] {warnings.py:110} WARNING - /home/***/.local/lib/python3.7/site-packages/***/utils/context.py:152: AirflowContextDeprecationWarning: Accessing 'execution_date' from the template is deprecated and will be removed in a future version. Please use 'data_interval_start' or 'logical_date' instead.
  warnings.warn(_create_deprecation_warning(key, self._deprecation_replacements[key]))

[2022-11-10 08:50:24,069] {taskinstance.py:1426} INFO - Exporting the following env vars:
AIRFLOW_CTX_DAG_OWNER=***
AIRFLOW_CTX_DAG_ID=yellow_taxi_data_V2
AIRFLOW_CTX_TASK_ID=download_dataset_task
AIRFLOW_CTX_EXECUTION_DATE=2019-02-02T06:00:00+00:00
AIRFLOW_CTX_DAG_RUN_ID=scheduled__2019-02-02T06:00:00+00:00
[2022-11-10 08:50:24,071] {subprocess.py:62} INFO - Tmp dir root location: 
 /tmp
[2022-11-10 08:50:24,071] {subprocess.py:74} INFO - Running command: ['bash', '-c', 'curl -sSLf https://d37ci6vzurychx.cloudfront.net/trip-data/yellow_tripdata_2019-02.parquet > /opt/***/yellow_tripdata_2019-02.parquet']
[2022-11-10 08:50:24,091] {subprocess.py:85} INFO - Output:
[2022-11-10 08:50:26,382] {subprocess.py:93} INFO - Command exited with return code 0
[2022-11-10 08:50:26,551] {taskinstance.py:1277} INFO - Marking task as SUCCESS. dag_id=yellow_taxi_data_V2, task_id=download_dataset_task, execution_date=20190202T060000, start_date=20221110T085023, end_date=20221110T085026
[2022-11-10 08:50:26,730] {local_task_job.py:154} INFO - Task exited with return code 0
[2022-11-10 08:50:26,838] {local_task_job.py:264} INFO - 0 downstream tasks scheduled from follow-on schedule check
[2022-11-10 09:02:31,378] {taskinstance.py:1032} INFO - Dependencies all met for <TaskInstance: yellow_taxi_data_V2.download_dataset_task backfill__2019-02-02T06:00:00+00:00 [queued]>
[2022-11-10 09:02:31,404] {taskinstance.py:1032} INFO - Dependencies all met for <TaskInstance: yellow_taxi_data_V2.download_dataset_task backfill__2019-02-02T06:00:00+00:00 [queued]>
[2022-11-10 09:02:31,404] {taskinstance.py:1238} INFO - 
--------------------------------------------------------------------------------
[2022-11-10 09:02:31,405] {taskinstance.py:1239} INFO - Starting attempt 1 of 2
[2022-11-10 09:02:31,405] {taskinstance.py:1240} INFO - 
--------------------------------------------------------------------------------
[2022-11-10 09:02:31,422] {taskinstance.py:1259} INFO - Executing <Task(BashOperator): download_dataset_task> on 2019-02-02 06:00:00+00:00
[2022-11-10 09:02:31,432] {standard_task_runner.py:52} INFO - Started process 4216 to run task
[2022-11-10 09:02:31,440] {standard_task_runner.py:76} INFO - Running: ['***', 'tasks', 'run', 'yellow_taxi_data_V2', 'download_dataset_task', 'backfill__2019-02-02T06:00:00+00:00', '--job-id', '28', '--pool', 'default_pool', '--raw', '--subdir', 'DAGS_FOLDER/data_ingestion_gcs_dag.py', '--cfg-path', '/tmp/tmpa_86xrth', '--error-file', '/tmp/tmp3ru0od30']
[2022-11-10 09:02:31,442] {standard_task_runner.py:77} INFO - Job 28: Subtask download_dataset_task
[2022-11-10 09:02:31,556] {logging_mixin.py:109} INFO - Running <TaskInstance: yellow_taxi_data_V2.download_dataset_task backfill__2019-02-02T06:00:00+00:00 [running]> on host e2ff445f4993
[2022-11-10 09:02:31,629] {warnings.py:110} WARNING - /home/***/.local/lib/python3.7/site-packages/***/utils/context.py:152: AirflowContextDeprecationWarning: Accessing 'execution_date' from the template is deprecated and will be removed in a future version. Please use 'data_interval_start' or 'logical_date' instead.
  warnings.warn(_create_deprecation_warning(key, self._deprecation_replacements[key]))

[2022-11-10 09:02:31,673] {taskinstance.py:1426} INFO - Exporting the following env vars:
AIRFLOW_CTX_DAG_OWNER=***
AIRFLOW_CTX_DAG_ID=yellow_taxi_data_V2
AIRFLOW_CTX_TASK_ID=download_dataset_task
AIRFLOW_CTX_EXECUTION_DATE=2019-02-02T06:00:00+00:00
AIRFLOW_CTX_DAG_RUN_ID=backfill__2019-02-02T06:00:00+00:00
[2022-11-10 09:02:31,675] {subprocess.py:62} INFO - Tmp dir root location: 
 /tmp
[2022-11-10 09:02:31,676] {subprocess.py:74} INFO - Running command: ['bash', '-c', 'curl -sSLf https://d37ci6vzurychx.cloudfront.net/trip-data/yellow_tripdata_2019-02.parquet > /opt/***/yellow_tripdata_2019-02.parquet']
[2022-11-10 09:02:31,710] {subprocess.py:85} INFO - Output:
[2022-11-10 09:02:35,298] {subprocess.py:93} INFO - Command exited with return code 0
[2022-11-10 09:02:35,341] {taskinstance.py:1277} INFO - Marking task as SUCCESS. dag_id=yellow_taxi_data_V2, task_id=download_dataset_task, execution_date=20190202T060000, start_date=20221110T090231, end_date=20221110T090235
[2022-11-10 09:02:35,406] {local_task_job.py:154} INFO - Task exited with return code 0
[2022-11-10 09:02:35,461] {local_task_job.py:264} INFO - 0 downstream tasks scheduled from follow-on schedule check
[2022-11-10 09:06:36,417] {taskinstance.py:1032} INFO - Dependencies all met for <TaskInstance: yellow_taxi_data_V2.download_dataset_task backfill__2019-02-02T06:00:00+00:00 [queued]>
[2022-11-10 09:06:36,432] {taskinstance.py:1032} INFO - Dependencies all met for <TaskInstance: yellow_taxi_data_V2.download_dataset_task backfill__2019-02-02T06:00:00+00:00 [queued]>
[2022-11-10 09:06:36,433] {taskinstance.py:1238} INFO - 
--------------------------------------------------------------------------------
[2022-11-10 09:06:36,433] {taskinstance.py:1239} INFO - Starting attempt 1 of 2
[2022-11-10 09:06:36,433] {taskinstance.py:1240} INFO - 
--------------------------------------------------------------------------------
[2022-11-10 09:06:36,451] {taskinstance.py:1259} INFO - Executing <Task(BashOperator): download_dataset_task> on 2019-02-02 06:00:00+00:00
[2022-11-10 09:06:36,460] {standard_task_runner.py:52} INFO - Started process 4412 to run task
[2022-11-10 09:06:36,467] {standard_task_runner.py:76} INFO - Running: ['***', 'tasks', 'run', 'yellow_taxi_data_V2', 'download_dataset_task', 'backfill__2019-02-02T06:00:00+00:00', '--job-id', '37', '--pool', 'default_pool', '--raw', '--subdir', 'DAGS_FOLDER/data_ingestion_gcs_dag.py', '--cfg-path', '/tmp/tmpt4cu7nhb', '--error-file', '/tmp/tmpmnuxhvkg']
[2022-11-10 09:06:36,469] {standard_task_runner.py:77} INFO - Job 37: Subtask download_dataset_task
[2022-11-10 09:06:36,562] {logging_mixin.py:109} INFO - Running <TaskInstance: yellow_taxi_data_V2.download_dataset_task backfill__2019-02-02T06:00:00+00:00 [running]> on host e2ff445f4993
[2022-11-10 09:06:36,631] {warnings.py:110} WARNING - /home/***/.local/lib/python3.7/site-packages/***/utils/context.py:152: AirflowContextDeprecationWarning: Accessing 'execution_date' from the template is deprecated and will be removed in a future version. Please use 'data_interval_start' or 'logical_date' instead.
  warnings.warn(_create_deprecation_warning(key, self._deprecation_replacements[key]))

[2022-11-10 09:06:36,664] {taskinstance.py:1426} INFO - Exporting the following env vars:
AIRFLOW_CTX_DAG_OWNER=***
AIRFLOW_CTX_DAG_ID=yellow_taxi_data_V2
AIRFLOW_CTX_TASK_ID=download_dataset_task
AIRFLOW_CTX_EXECUTION_DATE=2019-02-02T06:00:00+00:00
AIRFLOW_CTX_DAG_RUN_ID=backfill__2019-02-02T06:00:00+00:00
[2022-11-10 09:06:36,666] {subprocess.py:62} INFO - Tmp dir root location: 
 /tmp
[2022-11-10 09:06:36,667] {subprocess.py:74} INFO - Running command: ['bash', '-c', 'curl -sSLf https://d37ci6vzurychx.cloudfront.net/trip-data/yellow_tripdata_2019-02.parquet > /opt/***/yellow_tripdata_2019-02.parquet']
[2022-11-10 09:06:36,688] {subprocess.py:85} INFO - Output:
[2022-11-10 09:06:38,367] {subprocess.py:93} INFO - Command exited with return code 0
[2022-11-10 09:06:38,674] {taskinstance.py:1277} INFO - Marking task as SUCCESS. dag_id=yellow_taxi_data_V2, task_id=download_dataset_task, execution_date=20190202T060000, start_date=20221110T090636, end_date=20221110T090638
[2022-11-10 09:06:39,012] {local_task_job.py:154} INFO - Task exited with return code 0
[2022-11-10 09:06:39,063] {local_task_job.py:264} INFO - 0 downstream tasks scheduled from follow-on schedule check
[2022-11-10 09:24:48,581] {taskinstance.py:1032} INFO - Dependencies all met for <TaskInstance: yellow_taxi_data_V2.download_dataset_task scheduled__2019-02-02T06:00:00+00:00 [queued]>
[2022-11-10 09:24:48,599] {taskinstance.py:1032} INFO - Dependencies all met for <TaskInstance: yellow_taxi_data_V2.download_dataset_task scheduled__2019-02-02T06:00:00+00:00 [queued]>
[2022-11-10 09:24:48,599] {taskinstance.py:1238} INFO - 
--------------------------------------------------------------------------------
[2022-11-10 09:24:48,599] {taskinstance.py:1239} INFO - Starting attempt 1 of 2
[2022-11-10 09:24:48,599] {taskinstance.py:1240} INFO - 
--------------------------------------------------------------------------------
[2022-11-10 09:24:48,622] {taskinstance.py:1259} INFO - Executing <Task(BashOperator): download_dataset_task> on 2019-02-02 06:00:00+00:00
[2022-11-10 09:24:48,632] {standard_task_runner.py:52} INFO - Started process 5172 to run task
[2022-11-10 09:24:48,642] {standard_task_runner.py:76} INFO - Running: ['***', 'tasks', 'run', 'yellow_taxi_data_V2', 'download_dataset_task', 'scheduled__2019-02-02T06:00:00+00:00', '--job-id', '46', '--pool', 'default_pool', '--raw', '--subdir', 'DAGS_FOLDER/data_ingestion_gcs_dag.py', '--cfg-path', '/tmp/tmpvz7zc8p0', '--error-file', '/tmp/tmpewui937t']
[2022-11-10 09:24:48,644] {standard_task_runner.py:77} INFO - Job 46: Subtask download_dataset_task
[2022-11-10 09:24:48,772] {logging_mixin.py:109} INFO - Running <TaskInstance: yellow_taxi_data_V2.download_dataset_task scheduled__2019-02-02T06:00:00+00:00 [running]> on host e2ff445f4993
[2022-11-10 09:24:48,903] {warnings.py:110} WARNING - /home/***/.local/lib/python3.7/site-packages/***/utils/context.py:152: AirflowContextDeprecationWarning: Accessing 'execution_date' from the template is deprecated and will be removed in a future version. Please use 'data_interval_start' or 'logical_date' instead.
  warnings.warn(_create_deprecation_warning(key, self._deprecation_replacements[key]))

[2022-11-10 09:24:48,943] {taskinstance.py:1426} INFO - Exporting the following env vars:
AIRFLOW_CTX_DAG_OWNER=***
AIRFLOW_CTX_DAG_ID=yellow_taxi_data_V2
AIRFLOW_CTX_TASK_ID=download_dataset_task
AIRFLOW_CTX_EXECUTION_DATE=2019-02-02T06:00:00+00:00
AIRFLOW_CTX_DAG_RUN_ID=scheduled__2019-02-02T06:00:00+00:00
[2022-11-10 09:24:48,945] {subprocess.py:62} INFO - Tmp dir root location: 
 /tmp
[2022-11-10 09:24:48,946] {subprocess.py:74} INFO - Running command: ['bash', '-c', 'curl -sSLf https://d37ci6vzurychx.cloudfront.net/trip-data/yellow_tripdata_2019-02.parquet > /opt/***/yellow_tripdata_2019-02.parquet']
[2022-11-10 09:24:48,981] {subprocess.py:85} INFO - Output:
[2022-11-10 09:24:50,533] {subprocess.py:93} INFO - Command exited with return code 0
[2022-11-10 09:24:50,685] {taskinstance.py:1277} INFO - Marking task as SUCCESS. dag_id=yellow_taxi_data_V2, task_id=download_dataset_task, execution_date=20190202T060000, start_date=20221110T092448, end_date=20221110T092450
[2022-11-10 09:24:50,727] {local_task_job.py:154} INFO - Task exited with return code 0
[2022-11-10 09:24:50,775] {local_task_job.py:264} INFO - 0 downstream tasks scheduled from follow-on schedule check
[2022-11-10 10:09:51,559] {taskinstance.py:1032} INFO - Dependencies all met for <TaskInstance: yellow_taxi_data_V2.download_dataset_task scheduled__2019-02-02T06:00:00+00:00 [queued]>
[2022-11-10 10:09:51,579] {taskinstance.py:1032} INFO - Dependencies all met for <TaskInstance: yellow_taxi_data_V2.download_dataset_task scheduled__2019-02-02T06:00:00+00:00 [queued]>
[2022-11-10 10:09:51,579] {taskinstance.py:1238} INFO - 
--------------------------------------------------------------------------------
[2022-11-10 10:09:51,579] {taskinstance.py:1239} INFO - Starting attempt 1 of 2
[2022-11-10 10:09:51,579] {taskinstance.py:1240} INFO - 
--------------------------------------------------------------------------------
[2022-11-10 10:09:51,601] {taskinstance.py:1259} INFO - Executing <Task(BashOperator): download_dataset_task> on 2019-02-02 06:00:00+00:00
[2022-11-10 10:09:51,610] {standard_task_runner.py:52} INFO - Started process 7048 to run task
[2022-11-10 10:09:51,623] {standard_task_runner.py:76} INFO - Running: ['***', 'tasks', 'run', 'yellow_taxi_data_V2', 'download_dataset_task', 'scheduled__2019-02-02T06:00:00+00:00', '--job-id', '62', '--pool', 'default_pool', '--raw', '--subdir', 'DAGS_FOLDER/data_ingestion_gcs_dag.py', '--cfg-path', '/tmp/tmpvmngh289', '--error-file', '/tmp/tmpsprs5b9b']
[2022-11-10 10:09:51,625] {standard_task_runner.py:77} INFO - Job 62: Subtask download_dataset_task
[2022-11-10 10:09:51,748] {logging_mixin.py:109} INFO - Running <TaskInstance: yellow_taxi_data_V2.download_dataset_task scheduled__2019-02-02T06:00:00+00:00 [running]> on host e2ff445f4993
[2022-11-10 10:09:51,882] {warnings.py:110} WARNING - /home/***/.local/lib/python3.7/site-packages/***/utils/context.py:152: AirflowContextDeprecationWarning: Accessing 'execution_date' from the template is deprecated and will be removed in a future version. Please use 'data_interval_start' or 'logical_date' instead.
  warnings.warn(_create_deprecation_warning(key, self._deprecation_replacements[key]))

[2022-11-10 10:09:51,922] {taskinstance.py:1426} INFO - Exporting the following env vars:
AIRFLOW_CTX_DAG_OWNER=***
AIRFLOW_CTX_DAG_ID=yellow_taxi_data_V2
AIRFLOW_CTX_TASK_ID=download_dataset_task
AIRFLOW_CTX_EXECUTION_DATE=2019-02-02T06:00:00+00:00
AIRFLOW_CTX_DAG_RUN_ID=scheduled__2019-02-02T06:00:00+00:00
[2022-11-10 10:09:51,924] {subprocess.py:62} INFO - Tmp dir root location: 
 /tmp
[2022-11-10 10:09:51,925] {subprocess.py:74} INFO - Running command: ['bash', '-c', 'curl -sSLf https://d37ci6vzurychx.cloudfront.net/trip-data/yellow_tripdata_2019-02.parquet > /opt/***/yellow_tripdata_2019-02.parquet']
[2022-11-10 10:09:51,949] {subprocess.py:85} INFO - Output:
[2022-11-10 10:09:53,363] {subprocess.py:93} INFO - Command exited with return code 0
[2022-11-10 10:09:53,496] {taskinstance.py:1277} INFO - Marking task as SUCCESS. dag_id=yellow_taxi_data_V2, task_id=download_dataset_task, execution_date=20190202T060000, start_date=20221110T100951, end_date=20221110T100953
[2022-11-10 10:09:53,544] {local_task_job.py:154} INFO - Task exited with return code 0
[2022-11-10 10:09:53,597] {local_task_job.py:264} INFO - 0 downstream tasks scheduled from follow-on schedule check
[2022-11-10 11:30:41,234] {taskinstance.py:1032} INFO - Dependencies all met for <TaskInstance: yellow_taxi_data_V2.download_dataset_task scheduled__2019-02-02T06:00:00+00:00 [queued]>
[2022-11-10 11:30:41,252] {taskinstance.py:1032} INFO - Dependencies all met for <TaskInstance: yellow_taxi_data_V2.download_dataset_task scheduled__2019-02-02T06:00:00+00:00 [queued]>
[2022-11-10 11:30:41,252] {taskinstance.py:1238} INFO - 
--------------------------------------------------------------------------------
[2022-11-10 11:30:41,253] {taskinstance.py:1239} INFO - Starting attempt 1 of 2
[2022-11-10 11:30:41,253] {taskinstance.py:1240} INFO - 
--------------------------------------------------------------------------------
[2022-11-10 11:30:41,274] {taskinstance.py:1259} INFO - Executing <Task(BashOperator): download_dataset_task> on 2019-02-02 06:00:00+00:00
[2022-11-10 11:30:41,282] {standard_task_runner.py:52} INFO - Started process 10341 to run task
[2022-11-10 11:30:41,301] {standard_task_runner.py:76} INFO - Running: ['***', 'tasks', 'run', 'yellow_taxi_data_V2', 'download_dataset_task', 'scheduled__2019-02-02T06:00:00+00:00', '--job-id', '76', '--pool', 'default_pool', '--raw', '--subdir', 'DAGS_FOLDER/data_ingestion_gcs_dag.py', '--cfg-path', '/tmp/tmpiitlfu38', '--error-file', '/tmp/tmp4papuonb']
[2022-11-10 11:30:41,303] {standard_task_runner.py:77} INFO - Job 76: Subtask download_dataset_task
[2022-11-10 11:30:41,433] {logging_mixin.py:109} INFO - Running <TaskInstance: yellow_taxi_data_V2.download_dataset_task scheduled__2019-02-02T06:00:00+00:00 [running]> on host e2ff445f4993
[2022-11-10 11:30:41,545] {warnings.py:110} WARNING - /home/***/.local/lib/python3.7/site-packages/***/utils/context.py:152: AirflowContextDeprecationWarning: Accessing 'execution_date' from the template is deprecated and will be removed in a future version. Please use 'data_interval_start' or 'logical_date' instead.
  warnings.warn(_create_deprecation_warning(key, self._deprecation_replacements[key]))

[2022-11-10 11:30:41,583] {taskinstance.py:1426} INFO - Exporting the following env vars:
AIRFLOW_CTX_DAG_OWNER=***
AIRFLOW_CTX_DAG_ID=yellow_taxi_data_V2
AIRFLOW_CTX_TASK_ID=download_dataset_task
AIRFLOW_CTX_EXECUTION_DATE=2019-02-02T06:00:00+00:00
AIRFLOW_CTX_DAG_RUN_ID=scheduled__2019-02-02T06:00:00+00:00
[2022-11-10 11:30:41,585] {subprocess.py:62} INFO - Tmp dir root location: 
 /tmp
[2022-11-10 11:30:41,586] {subprocess.py:74} INFO - Running command: ['bash', '-c', 'curl -sSLf https://d37ci6vzurychx.cloudfront.net/trip-data/yellow_tripdata_2019-02.parquet > /opt/***/yellow_tripdata_2019-02.parquet']
[2022-11-10 11:30:41,611] {subprocess.py:85} INFO - Output:
[2022-11-10 11:30:45,475] {subprocess.py:93} INFO - Command exited with return code 0
[2022-11-10 11:30:45,531] {taskinstance.py:1277} INFO - Marking task as SUCCESS. dag_id=yellow_taxi_data_V2, task_id=download_dataset_task, execution_date=20190202T060000, start_date=20221110T113041, end_date=20221110T113045
[2022-11-10 11:30:45,603] {local_task_job.py:154} INFO - Task exited with return code 0
[2022-11-10 11:30:45,655] {local_task_job.py:264} INFO - 0 downstream tasks scheduled from follow-on schedule check
[2022-11-10 12:29:43,870] {taskinstance.py:1032} INFO - Dependencies all met for <TaskInstance: yellow_taxi_data_V2.download_dataset_task scheduled__2019-02-02T06:00:00+00:00 [queued]>
[2022-11-10 12:29:43,888] {taskinstance.py:1032} INFO - Dependencies all met for <TaskInstance: yellow_taxi_data_V2.download_dataset_task scheduled__2019-02-02T06:00:00+00:00 [queued]>
[2022-11-10 12:29:43,889] {taskinstance.py:1238} INFO - 
--------------------------------------------------------------------------------
[2022-11-10 12:29:43,889] {taskinstance.py:1239} INFO - Starting attempt 1 of 2
[2022-11-10 12:29:43,889] {taskinstance.py:1240} INFO - 
--------------------------------------------------------------------------------
[2022-11-10 12:29:43,911] {taskinstance.py:1259} INFO - Executing <Task(BashOperator): download_dataset_task> on 2019-02-02 06:00:00+00:00
[2022-11-10 12:29:43,919] {standard_task_runner.py:52} INFO - Started process 12779 to run task
[2022-11-10 12:29:43,932] {standard_task_runner.py:76} INFO - Running: ['***', 'tasks', 'run', 'yellow_taxi_data_V2', 'download_dataset_task', 'scheduled__2019-02-02T06:00:00+00:00', '--job-id', '90', '--pool', 'default_pool', '--raw', '--subdir', 'DAGS_FOLDER/data_ingestion_gcs_dag.py', '--cfg-path', '/tmp/tmpqrpx7_h0', '--error-file', '/tmp/tmpcb9bhm7w']
[2022-11-10 12:29:43,934] {standard_task_runner.py:77} INFO - Job 90: Subtask download_dataset_task
[2022-11-10 12:29:44,040] {logging_mixin.py:109} INFO - Running <TaskInstance: yellow_taxi_data_V2.download_dataset_task scheduled__2019-02-02T06:00:00+00:00 [running]> on host e2ff445f4993
[2022-11-10 12:29:44,118] {warnings.py:110} WARNING - /home/***/.local/lib/python3.7/site-packages/***/utils/context.py:152: AirflowContextDeprecationWarning: Accessing 'execution_date' from the template is deprecated and will be removed in a future version. Please use 'data_interval_start' or 'logical_date' instead.
  warnings.warn(_create_deprecation_warning(key, self._deprecation_replacements[key]))

[2022-11-10 12:29:44,156] {taskinstance.py:1426} INFO - Exporting the following env vars:
AIRFLOW_CTX_DAG_OWNER=***
AIRFLOW_CTX_DAG_ID=yellow_taxi_data_V2
AIRFLOW_CTX_TASK_ID=download_dataset_task
AIRFLOW_CTX_EXECUTION_DATE=2019-02-02T06:00:00+00:00
AIRFLOW_CTX_DAG_RUN_ID=scheduled__2019-02-02T06:00:00+00:00
[2022-11-10 12:29:44,157] {subprocess.py:62} INFO - Tmp dir root location: 
 /tmp
[2022-11-10 12:29:44,163] {subprocess.py:74} INFO - Running command: ['bash', '-c', 'curl -sSLf https://d37ci6vzurychx.cloudfront.net/trip-data/yellow_tripdata_2019-02.parquet > /opt/***/yellow_tripdata_2019-02.parquet']
[2022-11-10 12:29:44,185] {subprocess.py:85} INFO - Output:
[2022-11-10 12:29:45,553] {subprocess.py:93} INFO - Command exited with return code 0
[2022-11-10 12:29:45,690] {taskinstance.py:1277} INFO - Marking task as SUCCESS. dag_id=yellow_taxi_data_V2, task_id=download_dataset_task, execution_date=20190202T060000, start_date=20221110T122943, end_date=20221110T122945
[2022-11-10 12:29:45,734] {local_task_job.py:154} INFO - Task exited with return code 0
[2022-11-10 12:29:45,804] {local_task_job.py:264} INFO - 0 downstream tasks scheduled from follow-on schedule check
