[2022-11-14 16:32:12,341] {taskinstance.py:1032} INFO - Dependencies all met for <TaskInstance: fhv_taxi_data_v1.download_dataset_task scheduled__2020-04-02T07:00:00+00:00 [queued]>
[2022-11-14 16:32:12,363] {taskinstance.py:1032} INFO - Dependencies all met for <TaskInstance: fhv_taxi_data_v1.download_dataset_task scheduled__2020-04-02T07:00:00+00:00 [queued]>
[2022-11-14 16:32:12,363] {taskinstance.py:1238} INFO - 
--------------------------------------------------------------------------------
[2022-11-14 16:32:12,363] {taskinstance.py:1239} INFO - Starting attempt 1 of 2
[2022-11-14 16:32:12,364] {taskinstance.py:1240} INFO - 
--------------------------------------------------------------------------------
[2022-11-14 16:32:12,388] {taskinstance.py:1259} INFO - Executing <Task(BashOperator): download_dataset_task> on 2020-04-02 07:00:00+00:00
[2022-11-14 16:32:12,398] {standard_task_runner.py:52} INFO - Started process 3758 to run task
[2022-11-14 16:32:12,413] {standard_task_runner.py:76} INFO - Running: ['***', 'tasks', 'run', 'fhv_taxi_data_v1', 'download_dataset_task', 'scheduled__2020-04-02T07:00:00+00:00', '--job-id', '483', '--raw', '--subdir', 'DAGS_FOLDER/data_ingestion_gcs.py', '--cfg-path', '/tmp/tmpcuqemv_6', '--error-file', '/tmp/tmprd2_sz1t']
[2022-11-14 16:32:12,415] {standard_task_runner.py:77} INFO - Job 483: Subtask download_dataset_task
[2022-11-14 16:32:12,538] {logging_mixin.py:109} INFO - Running <TaskInstance: fhv_taxi_data_v1.download_dataset_task scheduled__2020-04-02T07:00:00+00:00 [running]> on host e030bae48f83
[2022-11-14 16:32:12,625] {warnings.py:110} WARNING - /home/***/.local/lib/python3.7/site-packages/***/utils/context.py:152: AirflowContextDeprecationWarning: Accessing 'execution_date' from the template is deprecated and will be removed in a future version. Please use 'data_interval_start' or 'logical_date' instead.
  warnings.warn(_create_deprecation_warning(key, self._deprecation_replacements[key]))

[2022-11-14 16:32:12,674] {taskinstance.py:1426} INFO - Exporting the following env vars:
AIRFLOW_CTX_DAG_OWNER=***
AIRFLOW_CTX_DAG_ID=fhv_taxi_data_v1
AIRFLOW_CTX_TASK_ID=download_dataset_task
AIRFLOW_CTX_EXECUTION_DATE=2020-04-02T07:00:00+00:00
AIRFLOW_CTX_DAG_RUN_ID=scheduled__2020-04-02T07:00:00+00:00
[2022-11-14 16:32:12,681] {subprocess.py:62} INFO - Tmp dir root location: 
 /tmp
[2022-11-14 16:32:12,682] {subprocess.py:74} INFO - Running command: ['bash', '-c', 'curl -sSLf https://d37ci6vzurychx.cloudfront.net/trip-data/fhv_tripdata_2020-04.parquet > /opt/***/fhv_tripdata_2020-04.parquet']
[2022-11-14 16:32:12,776] {subprocess.py:85} INFO - Output:
[2022-11-14 16:32:13,459] {subprocess.py:93} INFO - Command exited with return code 0
[2022-11-14 16:32:13,508] {taskinstance.py:1277} INFO - Marking task as SUCCESS. dag_id=fhv_taxi_data_v1, task_id=download_dataset_task, execution_date=20200402T070000, start_date=20221114T163212, end_date=20221114T163213
[2022-11-14 16:32:13,562] {local_task_job.py:154} INFO - Task exited with return code 0
[2022-11-14 16:32:13,624] {local_task_job.py:264} INFO - 1 downstream tasks scheduled from follow-on schedule check
