[2022-11-10 14:03:11,473] {taskinstance.py:1032} INFO - Dependencies all met for <TaskInstance: yellow_taxi_data_V2.download_dataset_task manual__2022-11-10T14:03:06.772260+00:00 [queued]>
[2022-11-10 14:03:11,516] {taskinstance.py:1032} INFO - Dependencies all met for <TaskInstance: yellow_taxi_data_V2.download_dataset_task manual__2022-11-10T14:03:06.772260+00:00 [queued]>
[2022-11-10 14:03:11,517] {taskinstance.py:1238} INFO - 
--------------------------------------------------------------------------------
[2022-11-10 14:03:11,517] {taskinstance.py:1239} INFO - Starting attempt 1 of 2
[2022-11-10 14:03:11,517] {taskinstance.py:1240} INFO - 
--------------------------------------------------------------------------------
[2022-11-10 14:03:11,583] {taskinstance.py:1259} INFO - Executing <Task(BashOperator): download_dataset_task> on 2022-11-10 14:03:06.772260+00:00
[2022-11-10 14:03:11,596] {standard_task_runner.py:52} INFO - Started process 150 to run task
[2022-11-10 14:03:11,619] {standard_task_runner.py:76} INFO - Running: ['***', 'tasks', 'run', 'yellow_taxi_data_V2', 'download_dataset_task', 'manual__2022-11-10T14:03:06.772260+00:00', '--job-id', '111', '--raw', '--subdir', 'DAGS_FOLDER/data_ingestion_gcs_dag.py', '--cfg-path', '/tmp/tmpwx4i73_t', '--error-file', '/tmp/tmp6aa_klf1']
[2022-11-10 14:03:11,621] {standard_task_runner.py:77} INFO - Job 111: Subtask download_dataset_task
[2022-11-10 14:03:11,848] {logging_mixin.py:109} INFO - Running <TaskInstance: yellow_taxi_data_V2.download_dataset_task manual__2022-11-10T14:03:06.772260+00:00 [running]> on host 6cf38e3f75ba
[2022-11-10 14:03:11,938] {warnings.py:110} WARNING - /home/***/.local/lib/python3.7/site-packages/***/utils/context.py:152: AirflowContextDeprecationWarning: Accessing 'execution_date' from the template is deprecated and will be removed in a future version. Please use 'data_interval_start' or 'logical_date' instead.
  warnings.warn(_create_deprecation_warning(key, self._deprecation_replacements[key]))

[2022-11-10 14:03:11,978] {taskinstance.py:1426} INFO - Exporting the following env vars:
AIRFLOW_CTX_DAG_OWNER=***
AIRFLOW_CTX_DAG_ID=yellow_taxi_data_V2
AIRFLOW_CTX_TASK_ID=download_dataset_task
AIRFLOW_CTX_EXECUTION_DATE=2022-11-10T14:03:06.772260+00:00
AIRFLOW_CTX_DAG_RUN_ID=manual__2022-11-10T14:03:06.772260+00:00
[2022-11-10 14:03:11,979] {subprocess.py:62} INFO - Tmp dir root location: 
 /tmp
[2022-11-10 14:03:11,980] {subprocess.py:74} INFO - Running command: ['bash', '-c', 'curl -sSLf https://d37ci6vzurychx.cloudfront.net/trip-data/yellow_tripdata_2022-11.parquet > /opt/***/yellow_tripdata_2022-11.parquet']
[2022-11-10 14:03:12,002] {subprocess.py:85} INFO - Output:
[2022-11-10 14:03:12,407] {subprocess.py:89} INFO - curl: (22) The requested URL returned error: 403
[2022-11-10 14:03:12,410] {subprocess.py:93} INFO - Command exited with return code 22
[2022-11-10 14:03:12,430] {taskinstance.py:1700} ERROR - Task failed with exception
Traceback (most recent call last):
  File "/home/airflow/.local/lib/python3.7/site-packages/airflow/models/taskinstance.py", line 1329, in _run_raw_task
    self._execute_task_with_callbacks(context)
  File "/home/airflow/.local/lib/python3.7/site-packages/airflow/models/taskinstance.py", line 1455, in _execute_task_with_callbacks
    result = self._execute_task(context, self.task)
  File "/home/airflow/.local/lib/python3.7/site-packages/airflow/models/taskinstance.py", line 1511, in _execute_task
    result = execute_callable(context=context)
  File "/home/airflow/.local/lib/python3.7/site-packages/airflow/operators/bash.py", line 188, in execute
    f'Bash command failed. The command returned a non-zero exit code {result.exit_code}.'
airflow.exceptions.AirflowException: Bash command failed. The command returned a non-zero exit code 22.
[2022-11-10 14:03:12,439] {taskinstance.py:1277} INFO - Marking task as UP_FOR_RETRY. dag_id=yellow_taxi_data_V2, task_id=download_dataset_task, execution_date=20221110T140306, start_date=20221110T140311, end_date=20221110T140312
[2022-11-10 14:03:12,458] {standard_task_runner.py:92} ERROR - Failed to execute job 111 for task download_dataset_task
Traceback (most recent call last):
  File "/home/airflow/.local/lib/python3.7/site-packages/airflow/task/task_runner/standard_task_runner.py", line 85, in _start_by_fork
    args.func(args, dag=self.dag)
  File "/home/airflow/.local/lib/python3.7/site-packages/airflow/cli/cli_parser.py", line 48, in command
    return func(*args, **kwargs)
  File "/home/airflow/.local/lib/python3.7/site-packages/airflow/utils/cli.py", line 92, in wrapper
    return f(*args, **kwargs)
  File "/home/airflow/.local/lib/python3.7/site-packages/airflow/cli/commands/task_command.py", line 298, in task_run
    _run_task_by_selected_method(args, dag, ti)
  File "/home/airflow/.local/lib/python3.7/site-packages/airflow/cli/commands/task_command.py", line 107, in _run_task_by_selected_method
    _run_raw_task(args, ti)
  File "/home/airflow/.local/lib/python3.7/site-packages/airflow/cli/commands/task_command.py", line 184, in _run_raw_task
    error_file=args.error_file,
  File "/home/airflow/.local/lib/python3.7/site-packages/airflow/utils/session.py", line 70, in wrapper
    return func(*args, session=session, **kwargs)
  File "/home/airflow/.local/lib/python3.7/site-packages/airflow/models/taskinstance.py", line 1329, in _run_raw_task
    self._execute_task_with_callbacks(context)
  File "/home/airflow/.local/lib/python3.7/site-packages/airflow/models/taskinstance.py", line 1455, in _execute_task_with_callbacks
    result = self._execute_task(context, self.task)
  File "/home/airflow/.local/lib/python3.7/site-packages/airflow/models/taskinstance.py", line 1511, in _execute_task
    result = execute_callable(context=context)
  File "/home/airflow/.local/lib/python3.7/site-packages/airflow/operators/bash.py", line 188, in execute
    f'Bash command failed. The command returned a non-zero exit code {result.exit_code}.'
airflow.exceptions.AirflowException: Bash command failed. The command returned a non-zero exit code 22.
[2022-11-10 14:03:12,482] {local_task_job.py:154} INFO - Task exited with return code 1
[2022-11-10 14:03:12,532] {local_task_job.py:264} INFO - 0 downstream tasks scheduled from follow-on schedule check
