[2022-11-14 15:52:46,276] {taskinstance.py:1032} INFO - Dependencies all met for <TaskInstance: yellow_taxi_data_v2.local_to_gcs_task scheduled__2019-02-02T06:00:00+00:00 [queued]>
[2022-11-14 15:52:46,296] {taskinstance.py:1032} INFO - Dependencies all met for <TaskInstance: yellow_taxi_data_v2.local_to_gcs_task scheduled__2019-02-02T06:00:00+00:00 [queued]>
[2022-11-14 15:52:46,296] {taskinstance.py:1238} INFO - 
--------------------------------------------------------------------------------
[2022-11-14 15:52:46,296] {taskinstance.py:1239} INFO - Starting attempt 1 of 2
[2022-11-14 15:52:46,296] {taskinstance.py:1240} INFO - 
--------------------------------------------------------------------------------
[2022-11-14 15:52:46,314] {taskinstance.py:1259} INFO - Executing <Task(PythonOperator): local_to_gcs_task> on 2019-02-02 06:00:00+00:00
[2022-11-14 15:52:46,324] {standard_task_runner.py:52} INFO - Started process 848 to run task
[2022-11-14 15:52:46,337] {standard_task_runner.py:76} INFO - Running: ['***', 'tasks', 'run', 'yellow_taxi_data_v2', 'local_to_gcs_task', 'scheduled__2019-02-02T06:00:00+00:00', '--job-id', '171', '--raw', '--subdir', 'DAGS_FOLDER/data_ingestion_gcs.py', '--cfg-path', '/tmp/tmp3jiblxbi', '--error-file', '/tmp/tmp3ocha7m9']
[2022-11-14 15:52:46,339] {standard_task_runner.py:77} INFO - Job 171: Subtask local_to_gcs_task
[2022-11-14 15:52:46,449] {logging_mixin.py:109} INFO - Running <TaskInstance: yellow_taxi_data_v2.local_to_gcs_task scheduled__2019-02-02T06:00:00+00:00 [running]> on host e030bae48f83
[2022-11-14 15:52:46,529] {warnings.py:110} WARNING - /home/***/.local/lib/python3.7/site-packages/***/utils/context.py:152: AirflowContextDeprecationWarning: Accessing 'execution_date' from the template is deprecated and will be removed in a future version. Please use 'data_interval_start' or 'logical_date' instead.
  warnings.warn(_create_deprecation_warning(key, self._deprecation_replacements[key]))

[2022-11-14 15:52:46,582] {taskinstance.py:1426} INFO - Exporting the following env vars:
AIRFLOW_CTX_DAG_OWNER=***
AIRFLOW_CTX_DAG_ID=yellow_taxi_data_v2
AIRFLOW_CTX_TASK_ID=local_to_gcs_task
AIRFLOW_CTX_EXECUTION_DATE=2019-02-02T06:00:00+00:00
AIRFLOW_CTX_DAG_RUN_ID=scheduled__2019-02-02T06:00:00+00:00
[2022-11-14 15:52:48,328] {python.py:175} INFO - Done. Returned value was: None
[2022-11-14 15:52:48,360] {taskinstance.py:1277} INFO - Marking task as SUCCESS. dag_id=yellow_taxi_data_v2, task_id=local_to_gcs_task, execution_date=20190202T060000, start_date=20221114T155246, end_date=20221114T155248
[2022-11-14 15:52:48,426] {local_task_job.py:154} INFO - Task exited with return code 0
[2022-11-14 15:52:48,501] {local_task_job.py:264} INFO - 1 downstream tasks scheduled from follow-on schedule check
[2022-11-16 09:21:02,056] {taskinstance.py:1032} INFO - Dependencies all met for <TaskInstance: yellow_taxi_data_v2.local_to_gcs_task scheduled__2019-02-02T06:00:00+00:00 [queued]>
[2022-11-16 09:21:02,077] {taskinstance.py:1032} INFO - Dependencies all met for <TaskInstance: yellow_taxi_data_v2.local_to_gcs_task scheduled__2019-02-02T06:00:00+00:00 [queued]>
[2022-11-16 09:21:02,077] {taskinstance.py:1238} INFO - 
--------------------------------------------------------------------------------
[2022-11-16 09:21:02,077] {taskinstance.py:1239} INFO - Starting attempt 1 of 2
[2022-11-16 09:21:02,077] {taskinstance.py:1240} INFO - 
--------------------------------------------------------------------------------
[2022-11-16 09:21:02,095] {taskinstance.py:1259} INFO - Executing <Task(PythonOperator): local_to_gcs_task> on 2019-02-02 06:00:00+00:00
[2022-11-16 09:21:02,104] {standard_task_runner.py:52} INFO - Started process 208 to run task
[2022-11-16 09:21:02,110] {standard_task_runner.py:76} INFO - Running: ['***', 'tasks', 'run', 'yellow_taxi_data_v2', 'local_to_gcs_task', 'scheduled__2019-02-02T06:00:00+00:00', '--job-id', '708', '--raw', '--subdir', 'DAGS_FOLDER/data_ingestion_gcs.py', '--cfg-path', '/tmp/tmpsec_vk38', '--error-file', '/tmp/tmp0wv56r4b']
[2022-11-16 09:21:02,112] {standard_task_runner.py:77} INFO - Job 708: Subtask local_to_gcs_task
[2022-11-16 09:21:02,226] {logging_mixin.py:109} INFO - Running <TaskInstance: yellow_taxi_data_v2.local_to_gcs_task scheduled__2019-02-02T06:00:00+00:00 [running]> on host 75ceca4d9264
[2022-11-16 09:21:02,278] {warnings.py:110} WARNING - /home/***/.local/lib/python3.7/site-packages/***/utils/context.py:152: AirflowContextDeprecationWarning: Accessing 'execution_date' from the template is deprecated and will be removed in a future version. Please use 'data_interval_start' or 'logical_date' instead.
  warnings.warn(_create_deprecation_warning(key, self._deprecation_replacements[key]))

[2022-11-16 09:21:02,311] {taskinstance.py:1426} INFO - Exporting the following env vars:
AIRFLOW_CTX_DAG_OWNER=***
AIRFLOW_CTX_DAG_ID=yellow_taxi_data_v2
AIRFLOW_CTX_TASK_ID=local_to_gcs_task
AIRFLOW_CTX_EXECUTION_DATE=2019-02-02T06:00:00+00:00
AIRFLOW_CTX_DAG_RUN_ID=scheduled__2019-02-02T06:00:00+00:00
[2022-11-16 09:21:04,491] {python.py:175} INFO - Done. Returned value was: None
[2022-11-16 09:21:04,529] {taskinstance.py:1277} INFO - Marking task as SUCCESS. dag_id=yellow_taxi_data_v2, task_id=local_to_gcs_task, execution_date=20190202T060000, start_date=20221116T092102, end_date=20221116T092104
[2022-11-16 09:21:04,619] {local_task_job.py:154} INFO - Task exited with return code 0
[2022-11-16 09:21:04,742] {local_task_job.py:264} INFO - 1 downstream tasks scheduled from follow-on schedule check
