[2022-11-14 16:36:11,858] {taskinstance.py:1032} INFO - Dependencies all met for <TaskInstance: fhv_taxi_data_v1.local_to_gcs_task scheduled__2019-02-02T08:00:00+00:00 [queued]>
[2022-11-14 16:36:11,906] {taskinstance.py:1032} INFO - Dependencies all met for <TaskInstance: fhv_taxi_data_v1.local_to_gcs_task scheduled__2019-02-02T08:00:00+00:00 [queued]>
[2022-11-14 16:36:11,907] {taskinstance.py:1238} INFO - 
--------------------------------------------------------------------------------
[2022-11-14 16:36:11,907] {taskinstance.py:1239} INFO - Starting attempt 1 of 2
[2022-11-14 16:36:11,907] {taskinstance.py:1240} INFO - 
--------------------------------------------------------------------------------
[2022-11-14 16:36:11,949] {taskinstance.py:1259} INFO - Executing <Task(PythonOperator): local_to_gcs_task> on 2019-02-02 08:00:00+00:00
[2022-11-14 16:36:11,972] {standard_task_runner.py:52} INFO - Started process 4246 to run task
[2022-11-14 16:36:11,982] {standard_task_runner.py:76} INFO - Running: ['***', 'tasks', 'run', 'fhv_taxi_data_v1', 'local_to_gcs_task', 'scheduled__2019-02-02T08:00:00+00:00', '--job-id', '557', '--raw', '--subdir', 'DAGS_FOLDER/data_ingestion_gcs.py', '--cfg-path', '/tmp/tmpzxe3v_rm', '--error-file', '/tmp/tmp548m8q01']
[2022-11-14 16:36:11,986] {standard_task_runner.py:77} INFO - Job 557: Subtask local_to_gcs_task
[2022-11-14 16:36:12,108] {logging_mixin.py:109} INFO - Running <TaskInstance: fhv_taxi_data_v1.local_to_gcs_task scheduled__2019-02-02T08:00:00+00:00 [running]> on host e030bae48f83
[2022-11-14 16:36:12,271] {warnings.py:110} WARNING - /home/***/.local/lib/python3.7/site-packages/***/utils/context.py:152: AirflowContextDeprecationWarning: Accessing 'execution_date' from the template is deprecated and will be removed in a future version. Please use 'data_interval_start' or 'logical_date' instead.
  warnings.warn(_create_deprecation_warning(key, self._deprecation_replacements[key]))

[2022-11-14 16:36:12,328] {taskinstance.py:1426} INFO - Exporting the following env vars:
AIRFLOW_CTX_DAG_OWNER=***
AIRFLOW_CTX_DAG_ID=fhv_taxi_data_v1
AIRFLOW_CTX_TASK_ID=local_to_gcs_task
AIRFLOW_CTX_EXECUTION_DATE=2019-02-02T08:00:00+00:00
AIRFLOW_CTX_DAG_RUN_ID=scheduled__2019-02-02T08:00:00+00:00
[2022-11-14 16:36:13,178] {python.py:175} INFO - Done. Returned value was: None
[2022-11-14 16:36:13,206] {taskinstance.py:1277} INFO - Marking task as SUCCESS. dag_id=fhv_taxi_data_v1, task_id=local_to_gcs_task, execution_date=20190202T080000, start_date=20221114T163611, end_date=20221114T163613
[2022-11-14 16:36:13,294] {local_task_job.py:154} INFO - Task exited with return code 0
[2022-11-14 16:36:13,370] {local_task_job.py:264} INFO - 1 downstream tasks scheduled from follow-on schedule check
