[2022-11-14 15:56:57,791] {taskinstance.py:1032} INFO - Dependencies all met for <TaskInstance: yellow_taxi_data_v2.rm_task scheduled__2021-08-02T06:00:00+00:00 [queued]>
[2022-11-14 15:56:57,819] {taskinstance.py:1032} INFO - Dependencies all met for <TaskInstance: yellow_taxi_data_v2.rm_task scheduled__2021-08-02T06:00:00+00:00 [queued]>
[2022-11-14 15:56:57,819] {taskinstance.py:1238} INFO - 
--------------------------------------------------------------------------------
[2022-11-14 15:56:57,819] {taskinstance.py:1239} INFO - Starting attempt 1 of 2
[2022-11-14 15:56:57,819] {taskinstance.py:1240} INFO - 
--------------------------------------------------------------------------------
[2022-11-14 15:56:57,853] {taskinstance.py:1259} INFO - Executing <Task(BashOperator): rm_task> on 2021-08-02 06:00:00+00:00
[2022-11-14 15:56:57,864] {standard_task_runner.py:52} INFO - Started process 1416 to run task
[2022-11-14 15:56:57,872] {standard_task_runner.py:76} INFO - Running: ['***', 'tasks', 'run', 'yellow_taxi_data_v2', 'rm_task', 'scheduled__2021-08-02T06:00:00+00:00', '--job-id', '266', '--raw', '--subdir', 'DAGS_FOLDER/data_ingestion_gcs.py', '--cfg-path', '/tmp/tmpf0bf3fr1', '--error-file', '/tmp/tmpv_qrpj1p']
[2022-11-14 15:56:57,873] {standard_task_runner.py:77} INFO - Job 266: Subtask rm_task
[2022-11-14 15:56:57,964] {logging_mixin.py:109} INFO - Running <TaskInstance: yellow_taxi_data_v2.rm_task scheduled__2021-08-02T06:00:00+00:00 [running]> on host e030bae48f83
[2022-11-14 15:56:58,025] {warnings.py:110} WARNING - /home/***/.local/lib/python3.7/site-packages/***/utils/context.py:152: AirflowContextDeprecationWarning: Accessing 'execution_date' from the template is deprecated and will be removed in a future version. Please use 'data_interval_start' or 'logical_date' instead.
  warnings.warn(_create_deprecation_warning(key, self._deprecation_replacements[key]))

[2022-11-14 15:56:58,060] {taskinstance.py:1426} INFO - Exporting the following env vars:
AIRFLOW_CTX_DAG_OWNER=***
AIRFLOW_CTX_DAG_ID=yellow_taxi_data_v2
AIRFLOW_CTX_TASK_ID=rm_task
AIRFLOW_CTX_EXECUTION_DATE=2021-08-02T06:00:00+00:00
AIRFLOW_CTX_DAG_RUN_ID=scheduled__2021-08-02T06:00:00+00:00
[2022-11-14 15:56:58,062] {subprocess.py:62} INFO - Tmp dir root location: 
 /tmp
[2022-11-14 15:56:58,063] {subprocess.py:74} INFO - Running command: ['bash', '-c', 'rm /opt/***/yellow_tripdata_2021-08.parquet']
[2022-11-14 15:56:58,081] {subprocess.py:85} INFO - Output:
[2022-11-14 15:56:58,097] {subprocess.py:93} INFO - Command exited with return code 0
[2022-11-14 15:56:58,131] {taskinstance.py:1277} INFO - Marking task as SUCCESS. dag_id=yellow_taxi_data_v2, task_id=rm_task, execution_date=20210802T060000, start_date=20221114T155657, end_date=20221114T155658
[2022-11-14 15:56:58,167] {local_task_job.py:154} INFO - Task exited with return code 0
[2022-11-14 15:56:58,204] {local_task_job.py:264} INFO - 0 downstream tasks scheduled from follow-on schedule check
[2022-11-16 09:25:59,692] {taskinstance.py:1032} INFO - Dependencies all met for <TaskInstance: yellow_taxi_data_v2.rm_task scheduled__2021-08-02T06:00:00+00:00 [queued]>
[2022-11-16 09:25:59,735] {taskinstance.py:1032} INFO - Dependencies all met for <TaskInstance: yellow_taxi_data_v2.rm_task scheduled__2021-08-02T06:00:00+00:00 [queued]>
[2022-11-16 09:25:59,735] {taskinstance.py:1238} INFO - 
--------------------------------------------------------------------------------
[2022-11-16 09:25:59,735] {taskinstance.py:1239} INFO - Starting attempt 1 of 2
[2022-11-16 09:25:59,735] {taskinstance.py:1240} INFO - 
--------------------------------------------------------------------------------
[2022-11-16 09:25:59,761] {taskinstance.py:1259} INFO - Executing <Task(BashOperator): rm_task> on 2021-08-02 06:00:00+00:00
[2022-11-16 09:25:59,770] {standard_task_runner.py:52} INFO - Started process 801 to run task
[2022-11-16 09:25:59,784] {standard_task_runner.py:76} INFO - Running: ['***', 'tasks', 'run', 'yellow_taxi_data_v2', 'rm_task', 'scheduled__2021-08-02T06:00:00+00:00', '--job-id', '800', '--raw', '--subdir', 'DAGS_FOLDER/data_ingestion_gcs.py', '--cfg-path', '/tmp/tmpt0ecpo_b', '--error-file', '/tmp/tmp6adsp8ok']
[2022-11-16 09:25:59,786] {standard_task_runner.py:77} INFO - Job 800: Subtask rm_task
[2022-11-16 09:25:59,891] {logging_mixin.py:109} INFO - Running <TaskInstance: yellow_taxi_data_v2.rm_task scheduled__2021-08-02T06:00:00+00:00 [running]> on host 75ceca4d9264
[2022-11-16 09:26:00,012] {warnings.py:110} WARNING - /home/***/.local/lib/python3.7/site-packages/***/utils/context.py:152: AirflowContextDeprecationWarning: Accessing 'execution_date' from the template is deprecated and will be removed in a future version. Please use 'data_interval_start' or 'logical_date' instead.
  warnings.warn(_create_deprecation_warning(key, self._deprecation_replacements[key]))

[2022-11-16 09:26:00,081] {taskinstance.py:1426} INFO - Exporting the following env vars:
AIRFLOW_CTX_DAG_OWNER=***
AIRFLOW_CTX_DAG_ID=yellow_taxi_data_v2
AIRFLOW_CTX_TASK_ID=rm_task
AIRFLOW_CTX_EXECUTION_DATE=2021-08-02T06:00:00+00:00
AIRFLOW_CTX_DAG_RUN_ID=scheduled__2021-08-02T06:00:00+00:00
[2022-11-16 09:26:00,083] {subprocess.py:62} INFO - Tmp dir root location: 
 /tmp
[2022-11-16 09:26:00,093] {subprocess.py:74} INFO - Running command: ['bash', '-c', 'rm /opt/***/yellow_tripdata_2021-08.parquet']
[2022-11-16 09:26:00,120] {subprocess.py:85} INFO - Output:
[2022-11-16 09:26:00,143] {subprocess.py:93} INFO - Command exited with return code 0
[2022-11-16 09:26:00,190] {taskinstance.py:1277} INFO - Marking task as SUCCESS. dag_id=yellow_taxi_data_v2, task_id=rm_task, execution_date=20210802T060000, start_date=20221116T092559, end_date=20221116T092600
[2022-11-16 09:26:00,236] {local_task_job.py:154} INFO - Task exited with return code 0
[2022-11-16 09:26:00,295] {local_task_job.py:264} INFO - 0 downstream tasks scheduled from follow-on schedule check
