[2022-11-14 15:54:53,046] {taskinstance.py:1032} INFO - Dependencies all met for <TaskInstance: yellow_taxi_data_v2.download_dataset_task scheduled__2020-01-02T06:00:00+00:00 [queued]>
[2022-11-14 15:54:53,066] {taskinstance.py:1032} INFO - Dependencies all met for <TaskInstance: yellow_taxi_data_v2.download_dataset_task scheduled__2020-01-02T06:00:00+00:00 [queued]>
[2022-11-14 15:54:53,066] {taskinstance.py:1238} INFO - 
--------------------------------------------------------------------------------
[2022-11-14 15:54:53,066] {taskinstance.py:1239} INFO - Starting attempt 1 of 2
[2022-11-14 15:54:53,066] {taskinstance.py:1240} INFO - 
--------------------------------------------------------------------------------
[2022-11-14 15:54:53,088] {taskinstance.py:1259} INFO - Executing <Task(BashOperator): download_dataset_task> on 2020-01-02 06:00:00+00:00
[2022-11-14 15:54:53,098] {standard_task_runner.py:52} INFO - Started process 1068 to run task
[2022-11-14 15:54:53,106] {standard_task_runner.py:76} INFO - Running: ['***', 'tasks', 'run', 'yellow_taxi_data_v2', 'download_dataset_task', 'scheduled__2020-01-02T06:00:00+00:00', '--job-id', '204', '--raw', '--subdir', 'DAGS_FOLDER/data_ingestion_gcs.py', '--cfg-path', '/tmp/tmpcytoqpmp', '--error-file', '/tmp/tmpuoo11jt1']
[2022-11-14 15:54:53,108] {standard_task_runner.py:77} INFO - Job 204: Subtask download_dataset_task
[2022-11-14 15:54:53,223] {logging_mixin.py:109} INFO - Running <TaskInstance: yellow_taxi_data_v2.download_dataset_task scheduled__2020-01-02T06:00:00+00:00 [running]> on host e030bae48f83
[2022-11-14 15:54:53,282] {warnings.py:110} WARNING - /home/***/.local/lib/python3.7/site-packages/***/utils/context.py:152: AirflowContextDeprecationWarning: Accessing 'execution_date' from the template is deprecated and will be removed in a future version. Please use 'data_interval_start' or 'logical_date' instead.
  warnings.warn(_create_deprecation_warning(key, self._deprecation_replacements[key]))

[2022-11-14 15:54:53,312] {taskinstance.py:1426} INFO - Exporting the following env vars:
AIRFLOW_CTX_DAG_OWNER=***
AIRFLOW_CTX_DAG_ID=yellow_taxi_data_v2
AIRFLOW_CTX_TASK_ID=download_dataset_task
AIRFLOW_CTX_EXECUTION_DATE=2020-01-02T06:00:00+00:00
AIRFLOW_CTX_DAG_RUN_ID=scheduled__2020-01-02T06:00:00+00:00
[2022-11-14 15:54:53,315] {subprocess.py:62} INFO - Tmp dir root location: 
 /tmp
[2022-11-14 15:54:53,316] {subprocess.py:74} INFO - Running command: ['bash', '-c', 'curl -sSLf https://d37ci6vzurychx.cloudfront.net/trip-data/yellow_tripdata_2020-01.parquet > /opt/***/yellow_tripdata_2020-01.parquet']
[2022-11-14 15:54:53,336] {subprocess.py:85} INFO - Output:
[2022-11-14 15:54:54,145] {subprocess.py:93} INFO - Command exited with return code 0
[2022-11-14 15:54:54,181] {taskinstance.py:1277} INFO - Marking task as SUCCESS. dag_id=yellow_taxi_data_v2, task_id=download_dataset_task, execution_date=20200102T060000, start_date=20221114T155453, end_date=20221114T155454
[2022-11-14 15:54:54,246] {local_task_job.py:154} INFO - Task exited with return code 0
[2022-11-14 15:54:54,303] {local_task_job.py:264} INFO - 1 downstream tasks scheduled from follow-on schedule check
[2022-11-16 09:22:45,779] {taskinstance.py:1032} INFO - Dependencies all met for <TaskInstance: yellow_taxi_data_v2.download_dataset_task scheduled__2020-01-02T06:00:00+00:00 [queued]>
[2022-11-16 09:22:45,798] {taskinstance.py:1032} INFO - Dependencies all met for <TaskInstance: yellow_taxi_data_v2.download_dataset_task scheduled__2020-01-02T06:00:00+00:00 [queued]>
[2022-11-16 09:22:45,799] {taskinstance.py:1238} INFO - 
--------------------------------------------------------------------------------
[2022-11-16 09:22:45,799] {taskinstance.py:1239} INFO - Starting attempt 1 of 2
[2022-11-16 09:22:45,799] {taskinstance.py:1240} INFO - 
--------------------------------------------------------------------------------
[2022-11-16 09:22:45,818] {taskinstance.py:1259} INFO - Executing <Task(BashOperator): download_dataset_task> on 2020-01-02 06:00:00+00:00
[2022-11-16 09:22:45,828] {standard_task_runner.py:52} INFO - Started process 417 to run task
[2022-11-16 09:22:45,834] {standard_task_runner.py:76} INFO - Running: ['***', 'tasks', 'run', 'yellow_taxi_data_v2', 'download_dataset_task', 'scheduled__2020-01-02T06:00:00+00:00', '--job-id', '741', '--raw', '--subdir', 'DAGS_FOLDER/data_ingestion_gcs.py', '--cfg-path', '/tmp/tmp4f4k53bg', '--error-file', '/tmp/tmp0ld0ad7q']
[2022-11-16 09:22:45,836] {standard_task_runner.py:77} INFO - Job 741: Subtask download_dataset_task
[2022-11-16 09:22:45,939] {logging_mixin.py:109} INFO - Running <TaskInstance: yellow_taxi_data_v2.download_dataset_task scheduled__2020-01-02T06:00:00+00:00 [running]> on host 75ceca4d9264
[2022-11-16 09:22:46,005] {warnings.py:110} WARNING - /home/***/.local/lib/python3.7/site-packages/***/utils/context.py:152: AirflowContextDeprecationWarning: Accessing 'execution_date' from the template is deprecated and will be removed in a future version. Please use 'data_interval_start' or 'logical_date' instead.
  warnings.warn(_create_deprecation_warning(key, self._deprecation_replacements[key]))

[2022-11-16 09:22:46,045] {taskinstance.py:1426} INFO - Exporting the following env vars:
AIRFLOW_CTX_DAG_OWNER=***
AIRFLOW_CTX_DAG_ID=yellow_taxi_data_v2
AIRFLOW_CTX_TASK_ID=download_dataset_task
AIRFLOW_CTX_EXECUTION_DATE=2020-01-02T06:00:00+00:00
AIRFLOW_CTX_DAG_RUN_ID=scheduled__2020-01-02T06:00:00+00:00
[2022-11-16 09:22:46,046] {subprocess.py:62} INFO - Tmp dir root location: 
 /tmp
[2022-11-16 09:22:46,047] {subprocess.py:74} INFO - Running command: ['bash', '-c', 'curl -sSLf https://d37ci6vzurychx.cloudfront.net/trip-data/yellow_tripdata_2020-01.parquet > /opt/***/yellow_tripdata_2020-01.parquet']
[2022-11-16 09:22:46,068] {subprocess.py:85} INFO - Output:
[2022-11-16 09:22:46,656] {subprocess.py:93} INFO - Command exited with return code 0
[2022-11-16 09:22:46,703] {taskinstance.py:1277} INFO - Marking task as SUCCESS. dag_id=yellow_taxi_data_v2, task_id=download_dataset_task, execution_date=20200102T060000, start_date=20221116T092245, end_date=20221116T092246
[2022-11-16 09:22:46,733] {local_task_job.py:154} INFO - Task exited with return code 0
[2022-11-16 09:22:46,816] {local_task_job.py:264} INFO - 1 downstream tasks scheduled from follow-on schedule check
