[2022-11-14 15:56:57,531] {taskinstance.py:1032} INFO - Dependencies all met for <TaskInstance: yellow_taxi_data_v2.rm_task scheduled__2021-09-02T06:00:00+00:00 [queued]>
[2022-11-14 15:56:57,552] {taskinstance.py:1032} INFO - Dependencies all met for <TaskInstance: yellow_taxi_data_v2.rm_task scheduled__2021-09-02T06:00:00+00:00 [queued]>
[2022-11-14 15:56:57,553] {taskinstance.py:1238} INFO - 
--------------------------------------------------------------------------------
[2022-11-14 15:56:57,553] {taskinstance.py:1239} INFO - Starting attempt 1 of 2
[2022-11-14 15:56:57,553] {taskinstance.py:1240} INFO - 
--------------------------------------------------------------------------------
[2022-11-14 15:56:57,574] {taskinstance.py:1259} INFO - Executing <Task(BashOperator): rm_task> on 2021-09-02 06:00:00+00:00
[2022-11-14 15:56:57,584] {standard_task_runner.py:52} INFO - Started process 1414 to run task
[2022-11-14 15:56:57,593] {standard_task_runner.py:76} INFO - Running: ['***', 'tasks', 'run', 'yellow_taxi_data_v2', 'rm_task', 'scheduled__2021-09-02T06:00:00+00:00', '--job-id', '265', '--raw', '--subdir', 'DAGS_FOLDER/data_ingestion_gcs.py', '--cfg-path', '/tmp/tmpuu0iauhu', '--error-file', '/tmp/tmp3h2fkew8']
[2022-11-14 15:56:57,594] {standard_task_runner.py:77} INFO - Job 265: Subtask rm_task
[2022-11-14 15:56:57,698] {logging_mixin.py:109} INFO - Running <TaskInstance: yellow_taxi_data_v2.rm_task scheduled__2021-09-02T06:00:00+00:00 [running]> on host e030bae48f83
[2022-11-14 15:56:57,763] {warnings.py:110} WARNING - /home/***/.local/lib/python3.7/site-packages/***/utils/context.py:152: AirflowContextDeprecationWarning: Accessing 'execution_date' from the template is deprecated and will be removed in a future version. Please use 'data_interval_start' or 'logical_date' instead.
  warnings.warn(_create_deprecation_warning(key, self._deprecation_replacements[key]))

[2022-11-14 15:56:57,812] {taskinstance.py:1426} INFO - Exporting the following env vars:
AIRFLOW_CTX_DAG_OWNER=***
AIRFLOW_CTX_DAG_ID=yellow_taxi_data_v2
AIRFLOW_CTX_TASK_ID=rm_task
AIRFLOW_CTX_EXECUTION_DATE=2021-09-02T06:00:00+00:00
AIRFLOW_CTX_DAG_RUN_ID=scheduled__2021-09-02T06:00:00+00:00
[2022-11-14 15:56:57,813] {subprocess.py:62} INFO - Tmp dir root location: 
 /tmp
[2022-11-14 15:56:57,814] {subprocess.py:74} INFO - Running command: ['bash', '-c', 'rm /opt/***/yellow_tripdata_2021-09.parquet']
[2022-11-14 15:56:57,842] {subprocess.py:85} INFO - Output:
[2022-11-14 15:56:57,864] {subprocess.py:93} INFO - Command exited with return code 0
[2022-11-14 15:56:57,907] {taskinstance.py:1277} INFO - Marking task as SUCCESS. dag_id=yellow_taxi_data_v2, task_id=rm_task, execution_date=20210902T060000, start_date=20221114T155657, end_date=20221114T155657
[2022-11-14 15:56:57,970] {local_task_job.py:154} INFO - Task exited with return code 0
[2022-11-14 15:56:58,012] {local_task_job.py:264} INFO - 0 downstream tasks scheduled from follow-on schedule check
[2022-11-16 09:26:31,880] {taskinstance.py:1032} INFO - Dependencies all met for <TaskInstance: yellow_taxi_data_v2.rm_task scheduled__2021-09-02T06:00:00+00:00 [queued]>
[2022-11-16 09:26:31,905] {taskinstance.py:1032} INFO - Dependencies all met for <TaskInstance: yellow_taxi_data_v2.rm_task scheduled__2021-09-02T06:00:00+00:00 [queued]>
[2022-11-16 09:26:31,906] {taskinstance.py:1238} INFO - 
--------------------------------------------------------------------------------
[2022-11-16 09:26:31,906] {taskinstance.py:1239} INFO - Starting attempt 1 of 2
[2022-11-16 09:26:31,906] {taskinstance.py:1240} INFO - 
--------------------------------------------------------------------------------
[2022-11-16 09:26:31,924] {taskinstance.py:1259} INFO - Executing <Task(BashOperator): rm_task> on 2021-09-02 06:00:00+00:00
[2022-11-16 09:26:31,933] {standard_task_runner.py:52} INFO - Started process 859 to run task
[2022-11-16 09:26:31,941] {standard_task_runner.py:76} INFO - Running: ['***', 'tasks', 'run', 'yellow_taxi_data_v2', 'rm_task', 'scheduled__2021-09-02T06:00:00+00:00', '--job-id', '808', '--raw', '--subdir', 'DAGS_FOLDER/data_ingestion_gcs.py', '--cfg-path', '/tmp/tmp0xtxja32', '--error-file', '/tmp/tmpemefw7cl']
[2022-11-16 09:26:31,942] {standard_task_runner.py:77} INFO - Job 808: Subtask rm_task
[2022-11-16 09:26:32,025] {logging_mixin.py:109} INFO - Running <TaskInstance: yellow_taxi_data_v2.rm_task scheduled__2021-09-02T06:00:00+00:00 [running]> on host 75ceca4d9264
[2022-11-16 09:26:32,096] {warnings.py:110} WARNING - /home/***/.local/lib/python3.7/site-packages/***/utils/context.py:152: AirflowContextDeprecationWarning: Accessing 'execution_date' from the template is deprecated and will be removed in a future version. Please use 'data_interval_start' or 'logical_date' instead.
  warnings.warn(_create_deprecation_warning(key, self._deprecation_replacements[key]))

[2022-11-16 09:26:32,141] {taskinstance.py:1426} INFO - Exporting the following env vars:
AIRFLOW_CTX_DAG_OWNER=***
AIRFLOW_CTX_DAG_ID=yellow_taxi_data_v2
AIRFLOW_CTX_TASK_ID=rm_task
AIRFLOW_CTX_EXECUTION_DATE=2021-09-02T06:00:00+00:00
AIRFLOW_CTX_DAG_RUN_ID=scheduled__2021-09-02T06:00:00+00:00
[2022-11-16 09:26:32,143] {subprocess.py:62} INFO - Tmp dir root location: 
 /tmp
[2022-11-16 09:26:32,144] {subprocess.py:74} INFO - Running command: ['bash', '-c', 'rm /opt/***/yellow_tripdata_2021-09.parquet']
[2022-11-16 09:26:32,167] {subprocess.py:85} INFO - Output:
[2022-11-16 09:26:32,187] {subprocess.py:93} INFO - Command exited with return code 0
[2022-11-16 09:26:32,234] {taskinstance.py:1277} INFO - Marking task as SUCCESS. dag_id=yellow_taxi_data_v2, task_id=rm_task, execution_date=20210902T060000, start_date=20221116T092631, end_date=20221116T092632
[2022-11-16 09:26:32,275] {local_task_job.py:154} INFO - Task exited with return code 0
[2022-11-16 09:26:32,351] {local_task_job.py:264} INFO - 0 downstream tasks scheduled from follow-on schedule check
