[2022-11-14 15:58:09,887] {taskinstance.py:1032} INFO - Dependencies all met for <TaskInstance: yellow_taxi_data_v2.rm_task scheduled__2022-04-02T06:00:00+00:00 [queued]>
[2022-11-14 15:58:09,908] {taskinstance.py:1032} INFO - Dependencies all met for <TaskInstance: yellow_taxi_data_v2.rm_task scheduled__2022-04-02T06:00:00+00:00 [queued]>
[2022-11-14 15:58:09,908] {taskinstance.py:1238} INFO - 
--------------------------------------------------------------------------------
[2022-11-14 15:58:09,908] {taskinstance.py:1239} INFO - Starting attempt 1 of 2
[2022-11-14 15:58:09,909] {taskinstance.py:1240} INFO - 
--------------------------------------------------------------------------------
[2022-11-14 15:58:09,934] {taskinstance.py:1259} INFO - Executing <Task(BashOperator): rm_task> on 2022-04-02 06:00:00+00:00
[2022-11-14 15:58:09,945] {standard_task_runner.py:52} INFO - Started process 1576 to run task
[2022-11-14 15:58:09,962] {standard_task_runner.py:76} INFO - Running: ['***', 'tasks', 'run', 'yellow_taxi_data_v2', 'rm_task', 'scheduled__2022-04-02T06:00:00+00:00', '--job-id', '293', '--raw', '--subdir', 'DAGS_FOLDER/data_ingestion_gcs.py', '--cfg-path', '/tmp/tmpyq55ig0t', '--error-file', '/tmp/tmpscdsxs7e']
[2022-11-14 15:58:09,964] {standard_task_runner.py:77} INFO - Job 293: Subtask rm_task
[2022-11-14 15:58:10,106] {logging_mixin.py:109} INFO - Running <TaskInstance: yellow_taxi_data_v2.rm_task scheduled__2022-04-02T06:00:00+00:00 [running]> on host e030bae48f83
[2022-11-14 15:58:10,198] {warnings.py:110} WARNING - /home/***/.local/lib/python3.7/site-packages/***/utils/context.py:152: AirflowContextDeprecationWarning: Accessing 'execution_date' from the template is deprecated and will be removed in a future version. Please use 'data_interval_start' or 'logical_date' instead.
  warnings.warn(_create_deprecation_warning(key, self._deprecation_replacements[key]))

[2022-11-14 15:58:10,250] {taskinstance.py:1426} INFO - Exporting the following env vars:
AIRFLOW_CTX_DAG_OWNER=***
AIRFLOW_CTX_DAG_ID=yellow_taxi_data_v2
AIRFLOW_CTX_TASK_ID=rm_task
AIRFLOW_CTX_EXECUTION_DATE=2022-04-02T06:00:00+00:00
AIRFLOW_CTX_DAG_RUN_ID=scheduled__2022-04-02T06:00:00+00:00
[2022-11-14 15:58:10,255] {subprocess.py:62} INFO - Tmp dir root location: 
 /tmp
[2022-11-14 15:58:10,256] {subprocess.py:74} INFO - Running command: ['bash', '-c', 'rm /opt/***/yellow_tripdata_2022-04.parquet']
[2022-11-14 15:58:10,291] {subprocess.py:85} INFO - Output:
[2022-11-14 15:58:10,315] {subprocess.py:93} INFO - Command exited with return code 0
[2022-11-14 15:58:10,399] {taskinstance.py:1277} INFO - Marking task as SUCCESS. dag_id=yellow_taxi_data_v2, task_id=rm_task, execution_date=20220402T060000, start_date=20221114T155809, end_date=20221114T155810
[2022-11-14 15:58:10,472] {local_task_job.py:154} INFO - Task exited with return code 0
[2022-11-14 15:58:10,516] {local_task_job.py:264} INFO - 0 downstream tasks scheduled from follow-on schedule check
[2022-11-16 09:27:03,744] {taskinstance.py:1032} INFO - Dependencies all met for <TaskInstance: yellow_taxi_data_v2.rm_task scheduled__2022-04-02T06:00:00+00:00 [queued]>
[2022-11-16 09:27:03,758] {taskinstance.py:1032} INFO - Dependencies all met for <TaskInstance: yellow_taxi_data_v2.rm_task scheduled__2022-04-02T06:00:00+00:00 [queued]>
[2022-11-16 09:27:03,758] {taskinstance.py:1238} INFO - 
--------------------------------------------------------------------------------
[2022-11-16 09:27:03,758] {taskinstance.py:1239} INFO - Starting attempt 1 of 2
[2022-11-16 09:27:03,758] {taskinstance.py:1240} INFO - 
--------------------------------------------------------------------------------
[2022-11-16 09:27:03,773] {taskinstance.py:1259} INFO - Executing <Task(BashOperator): rm_task> on 2022-04-02 06:00:00+00:00
[2022-11-16 09:27:03,783] {standard_task_runner.py:52} INFO - Started process 957 to run task
[2022-11-16 09:27:03,790] {standard_task_runner.py:76} INFO - Running: ['***', 'tasks', 'run', 'yellow_taxi_data_v2', 'rm_task', 'scheduled__2022-04-02T06:00:00+00:00', '--job-id', '826', '--raw', '--subdir', 'DAGS_FOLDER/data_ingestion_gcs.py', '--cfg-path', '/tmp/tmp8qqci69y', '--error-file', '/tmp/tmpyc561qya']
[2022-11-16 09:27:03,793] {standard_task_runner.py:77} INFO - Job 826: Subtask rm_task
[2022-11-16 09:27:03,912] {logging_mixin.py:109} INFO - Running <TaskInstance: yellow_taxi_data_v2.rm_task scheduled__2022-04-02T06:00:00+00:00 [running]> on host 75ceca4d9264
[2022-11-16 09:27:03,987] {warnings.py:110} WARNING - /home/***/.local/lib/python3.7/site-packages/***/utils/context.py:152: AirflowContextDeprecationWarning: Accessing 'execution_date' from the template is deprecated and will be removed in a future version. Please use 'data_interval_start' or 'logical_date' instead.
  warnings.warn(_create_deprecation_warning(key, self._deprecation_replacements[key]))

[2022-11-16 09:27:04,026] {taskinstance.py:1426} INFO - Exporting the following env vars:
AIRFLOW_CTX_DAG_OWNER=***
AIRFLOW_CTX_DAG_ID=yellow_taxi_data_v2
AIRFLOW_CTX_TASK_ID=rm_task
AIRFLOW_CTX_EXECUTION_DATE=2022-04-02T06:00:00+00:00
AIRFLOW_CTX_DAG_RUN_ID=scheduled__2022-04-02T06:00:00+00:00
[2022-11-16 09:27:04,028] {subprocess.py:62} INFO - Tmp dir root location: 
 /tmp
[2022-11-16 09:27:04,029] {subprocess.py:74} INFO - Running command: ['bash', '-c', 'rm /opt/***/yellow_tripdata_2022-04.parquet']
[2022-11-16 09:27:04,050] {subprocess.py:85} INFO - Output:
[2022-11-16 09:27:04,073] {subprocess.py:93} INFO - Command exited with return code 0
[2022-11-16 09:27:04,121] {taskinstance.py:1277} INFO - Marking task as SUCCESS. dag_id=yellow_taxi_data_v2, task_id=rm_task, execution_date=20220402T060000, start_date=20221116T092703, end_date=20221116T092704
[2022-11-16 09:27:04,168] {local_task_job.py:154} INFO - Task exited with return code 0
[2022-11-16 09:27:04,298] {local_task_job.py:264} INFO - 0 downstream tasks scheduled from follow-on schedule check
