[2022-11-14 15:56:45,849] {taskinstance.py:1032} INFO - Dependencies all met for <TaskInstance: yellow_taxi_data_v2.rm_task scheduled__2021-05-02T06:00:00+00:00 [queued]>
[2022-11-14 15:56:45,870] {taskinstance.py:1032} INFO - Dependencies all met for <TaskInstance: yellow_taxi_data_v2.rm_task scheduled__2021-05-02T06:00:00+00:00 [queued]>
[2022-11-14 15:56:45,871] {taskinstance.py:1238} INFO - 
--------------------------------------------------------------------------------
[2022-11-14 15:56:45,871] {taskinstance.py:1239} INFO - Starting attempt 1 of 2
[2022-11-14 15:56:45,871] {taskinstance.py:1240} INFO - 
--------------------------------------------------------------------------------
[2022-11-14 15:56:45,895] {taskinstance.py:1259} INFO - Executing <Task(BashOperator): rm_task> on 2021-05-02 06:00:00+00:00
[2022-11-14 15:56:45,905] {standard_task_runner.py:52} INFO - Started process 1365 to run task
[2022-11-14 15:56:45,913] {standard_task_runner.py:76} INFO - Running: ['***', 'tasks', 'run', 'yellow_taxi_data_v2', 'rm_task', 'scheduled__2021-05-02T06:00:00+00:00', '--job-id', '256', '--raw', '--subdir', 'DAGS_FOLDER/data_ingestion_gcs.py', '--cfg-path', '/tmp/tmpxj5i1ho8', '--error-file', '/tmp/tmp56_n2x3h']
[2022-11-14 15:56:45,914] {standard_task_runner.py:77} INFO - Job 256: Subtask rm_task
[2022-11-14 15:56:46,056] {logging_mixin.py:109} INFO - Running <TaskInstance: yellow_taxi_data_v2.rm_task scheduled__2021-05-02T06:00:00+00:00 [running]> on host e030bae48f83
[2022-11-14 15:56:46,152] {warnings.py:110} WARNING - /home/***/.local/lib/python3.7/site-packages/***/utils/context.py:152: AirflowContextDeprecationWarning: Accessing 'execution_date' from the template is deprecated and will be removed in a future version. Please use 'data_interval_start' or 'logical_date' instead.
  warnings.warn(_create_deprecation_warning(key, self._deprecation_replacements[key]))

[2022-11-14 15:56:46,197] {taskinstance.py:1426} INFO - Exporting the following env vars:
AIRFLOW_CTX_DAG_OWNER=***
AIRFLOW_CTX_DAG_ID=yellow_taxi_data_v2
AIRFLOW_CTX_TASK_ID=rm_task
AIRFLOW_CTX_EXECUTION_DATE=2021-05-02T06:00:00+00:00
AIRFLOW_CTX_DAG_RUN_ID=scheduled__2021-05-02T06:00:00+00:00
[2022-11-14 15:56:46,199] {subprocess.py:62} INFO - Tmp dir root location: 
 /tmp
[2022-11-14 15:56:46,200] {subprocess.py:74} INFO - Running command: ['bash', '-c', 'rm /opt/***/yellow_tripdata_2021-05.parquet']
[2022-11-14 15:56:46,222] {subprocess.py:85} INFO - Output:
[2022-11-14 15:56:46,242] {subprocess.py:93} INFO - Command exited with return code 0
[2022-11-14 15:56:46,296] {taskinstance.py:1277} INFO - Marking task as SUCCESS. dag_id=yellow_taxi_data_v2, task_id=rm_task, execution_date=20210502T060000, start_date=20221114T155645, end_date=20221114T155646
[2022-11-14 15:56:46,335] {local_task_job.py:154} INFO - Task exited with return code 0
[2022-11-14 15:56:46,391] {local_task_job.py:264} INFO - 0 downstream tasks scheduled from follow-on schedule check
[2022-11-16 09:25:27,523] {taskinstance.py:1032} INFO - Dependencies all met for <TaskInstance: yellow_taxi_data_v2.rm_task scheduled__2021-05-02T06:00:00+00:00 [queued]>
[2022-11-16 09:25:27,543] {taskinstance.py:1032} INFO - Dependencies all met for <TaskInstance: yellow_taxi_data_v2.rm_task scheduled__2021-05-02T06:00:00+00:00 [queued]>
[2022-11-16 09:25:27,543] {taskinstance.py:1238} INFO - 
--------------------------------------------------------------------------------
[2022-11-16 09:25:27,544] {taskinstance.py:1239} INFO - Starting attempt 1 of 2
[2022-11-16 09:25:27,544] {taskinstance.py:1240} INFO - 
--------------------------------------------------------------------------------
[2022-11-16 09:25:27,563] {taskinstance.py:1259} INFO - Executing <Task(BashOperator): rm_task> on 2021-05-02 06:00:00+00:00
[2022-11-16 09:25:27,572] {standard_task_runner.py:52} INFO - Started process 753 to run task
[2022-11-16 09:25:27,579] {standard_task_runner.py:76} INFO - Running: ['***', 'tasks', 'run', 'yellow_taxi_data_v2', 'rm_task', 'scheduled__2021-05-02T06:00:00+00:00', '--job-id', '793', '--raw', '--subdir', 'DAGS_FOLDER/data_ingestion_gcs.py', '--cfg-path', '/tmp/tmpqi1gdogd', '--error-file', '/tmp/tmpj1pjrmt7']
[2022-11-16 09:25:27,581] {standard_task_runner.py:77} INFO - Job 793: Subtask rm_task
[2022-11-16 09:25:27,687] {logging_mixin.py:109} INFO - Running <TaskInstance: yellow_taxi_data_v2.rm_task scheduled__2021-05-02T06:00:00+00:00 [running]> on host 75ceca4d9264
[2022-11-16 09:25:27,760] {warnings.py:110} WARNING - /home/***/.local/lib/python3.7/site-packages/***/utils/context.py:152: AirflowContextDeprecationWarning: Accessing 'execution_date' from the template is deprecated and will be removed in a future version. Please use 'data_interval_start' or 'logical_date' instead.
  warnings.warn(_create_deprecation_warning(key, self._deprecation_replacements[key]))

[2022-11-16 09:25:27,791] {taskinstance.py:1426} INFO - Exporting the following env vars:
AIRFLOW_CTX_DAG_OWNER=***
AIRFLOW_CTX_DAG_ID=yellow_taxi_data_v2
AIRFLOW_CTX_TASK_ID=rm_task
AIRFLOW_CTX_EXECUTION_DATE=2021-05-02T06:00:00+00:00
AIRFLOW_CTX_DAG_RUN_ID=scheduled__2021-05-02T06:00:00+00:00
[2022-11-16 09:25:27,793] {subprocess.py:62} INFO - Tmp dir root location: 
 /tmp
[2022-11-16 09:25:27,793] {subprocess.py:74} INFO - Running command: ['bash', '-c', 'rm /opt/***/yellow_tripdata_2021-05.parquet']
[2022-11-16 09:25:27,815] {subprocess.py:85} INFO - Output:
[2022-11-16 09:25:27,833] {subprocess.py:93} INFO - Command exited with return code 0
[2022-11-16 09:25:27,879] {taskinstance.py:1277} INFO - Marking task as SUCCESS. dag_id=yellow_taxi_data_v2, task_id=rm_task, execution_date=20210502T060000, start_date=20221116T092527, end_date=20221116T092527
[2022-11-16 09:25:27,919] {local_task_job.py:154} INFO - Task exited with return code 0
[2022-11-16 09:25:27,976] {local_task_job.py:264} INFO - 0 downstream tasks scheduled from follow-on schedule check
