[2022-11-14 15:58:36,453] {taskinstance.py:1032} INFO - Dependencies all met for <TaskInstance: yellow_taxi_data_v2.local_to_gcs_task scheduled__2022-08-02T06:00:00+00:00 [queued]>
[2022-11-14 15:58:36,471] {taskinstance.py:1032} INFO - Dependencies all met for <TaskInstance: yellow_taxi_data_v2.local_to_gcs_task scheduled__2022-08-02T06:00:00+00:00 [queued]>
[2022-11-14 15:58:36,471] {taskinstance.py:1238} INFO - 
--------------------------------------------------------------------------------
[2022-11-14 15:58:36,472] {taskinstance.py:1239} INFO - Starting attempt 1 of 2
[2022-11-14 15:58:36,472] {taskinstance.py:1240} INFO - 
--------------------------------------------------------------------------------
[2022-11-14 15:58:36,494] {taskinstance.py:1259} INFO - Executing <Task(PythonOperator): local_to_gcs_task> on 2022-08-02 06:00:00+00:00
[2022-11-14 15:58:36,509] {standard_task_runner.py:52} INFO - Started process 1622 to run task
[2022-11-14 15:58:36,523] {standard_task_runner.py:76} INFO - Running: ['***', 'tasks', 'run', 'yellow_taxi_data_v2', 'local_to_gcs_task', 'scheduled__2022-08-02T06:00:00+00:00', '--job-id', '298', '--raw', '--subdir', 'DAGS_FOLDER/data_ingestion_gcs.py', '--cfg-path', '/tmp/tmp651dc9_s', '--error-file', '/tmp/tmpqttovwk3']
[2022-11-14 15:58:36,525] {standard_task_runner.py:77} INFO - Job 298: Subtask local_to_gcs_task
[2022-11-14 15:58:36,650] {logging_mixin.py:109} INFO - Running <TaskInstance: yellow_taxi_data_v2.local_to_gcs_task scheduled__2022-08-02T06:00:00+00:00 [running]> on host e030bae48f83
[2022-11-14 15:58:36,728] {warnings.py:110} WARNING - /home/***/.local/lib/python3.7/site-packages/***/utils/context.py:152: AirflowContextDeprecationWarning: Accessing 'execution_date' from the template is deprecated and will be removed in a future version. Please use 'data_interval_start' or 'logical_date' instead.
  warnings.warn(_create_deprecation_warning(key, self._deprecation_replacements[key]))

[2022-11-14 15:58:36,766] {taskinstance.py:1426} INFO - Exporting the following env vars:
AIRFLOW_CTX_DAG_OWNER=***
AIRFLOW_CTX_DAG_ID=yellow_taxi_data_v2
AIRFLOW_CTX_TASK_ID=local_to_gcs_task
AIRFLOW_CTX_EXECUTION_DATE=2022-08-02T06:00:00+00:00
AIRFLOW_CTX_DAG_RUN_ID=scheduled__2022-08-02T06:00:00+00:00
[2022-11-14 15:58:37,988] {python.py:175} INFO - Done. Returned value was: None
[2022-11-14 15:58:38,016] {taskinstance.py:1277} INFO - Marking task as SUCCESS. dag_id=yellow_taxi_data_v2, task_id=local_to_gcs_task, execution_date=20220802T060000, start_date=20221114T155836, end_date=20221114T155838
[2022-11-14 15:58:38,089] {local_task_job.py:154} INFO - Task exited with return code 0
[2022-11-14 15:58:38,133] {local_task_job.py:264} INFO - 1 downstream tasks scheduled from follow-on schedule check
[2022-11-16 09:27:14,136] {taskinstance.py:1032} INFO - Dependencies all met for <TaskInstance: yellow_taxi_data_v2.local_to_gcs_task scheduled__2022-08-02T06:00:00+00:00 [queued]>
[2022-11-16 09:27:14,158] {taskinstance.py:1032} INFO - Dependencies all met for <TaskInstance: yellow_taxi_data_v2.local_to_gcs_task scheduled__2022-08-02T06:00:00+00:00 [queued]>
[2022-11-16 09:27:14,158] {taskinstance.py:1238} INFO - 
--------------------------------------------------------------------------------
[2022-11-16 09:27:14,158] {taskinstance.py:1239} INFO - Starting attempt 1 of 2
[2022-11-16 09:27:14,158] {taskinstance.py:1240} INFO - 
--------------------------------------------------------------------------------
[2022-11-16 09:27:14,178] {taskinstance.py:1259} INFO - Executing <Task(PythonOperator): local_to_gcs_task> on 2022-08-02 06:00:00+00:00
[2022-11-16 09:27:14,195] {standard_task_runner.py:52} INFO - Started process 998 to run task
[2022-11-16 09:27:14,199] {standard_task_runner.py:76} INFO - Running: ['***', 'tasks', 'run', 'yellow_taxi_data_v2', 'local_to_gcs_task', 'scheduled__2022-08-02T06:00:00+00:00', '--job-id', '834', '--raw', '--subdir', 'DAGS_FOLDER/data_ingestion_gcs.py', '--cfg-path', '/tmp/tmpsbld1sfy', '--error-file', '/tmp/tmprre68f6u']
[2022-11-16 09:27:14,201] {standard_task_runner.py:77} INFO - Job 834: Subtask local_to_gcs_task
[2022-11-16 09:27:14,317] {logging_mixin.py:109} INFO - Running <TaskInstance: yellow_taxi_data_v2.local_to_gcs_task scheduled__2022-08-02T06:00:00+00:00 [running]> on host 75ceca4d9264
[2022-11-16 09:27:14,415] {warnings.py:110} WARNING - /home/***/.local/lib/python3.7/site-packages/***/utils/context.py:152: AirflowContextDeprecationWarning: Accessing 'execution_date' from the template is deprecated and will be removed in a future version. Please use 'data_interval_start' or 'logical_date' instead.
  warnings.warn(_create_deprecation_warning(key, self._deprecation_replacements[key]))

[2022-11-16 09:27:14,465] {taskinstance.py:1426} INFO - Exporting the following env vars:
AIRFLOW_CTX_DAG_OWNER=***
AIRFLOW_CTX_DAG_ID=yellow_taxi_data_v2
AIRFLOW_CTX_TASK_ID=local_to_gcs_task
AIRFLOW_CTX_EXECUTION_DATE=2022-08-02T06:00:00+00:00
AIRFLOW_CTX_DAG_RUN_ID=scheduled__2022-08-02T06:00:00+00:00
[2022-11-16 09:27:15,861] {python.py:175} INFO - Done. Returned value was: None
[2022-11-16 09:27:15,886] {taskinstance.py:1277} INFO - Marking task as SUCCESS. dag_id=yellow_taxi_data_v2, task_id=local_to_gcs_task, execution_date=20220802T060000, start_date=20221116T092714, end_date=20221116T092715
[2022-11-16 09:27:15,954] {local_task_job.py:154} INFO - Task exited with return code 0
[2022-11-16 09:27:16,032] {local_task_job.py:264} INFO - 1 downstream tasks scheduled from follow-on schedule check
