[2022-11-14 17:16:58,169] {taskinstance.py:1032} INFO - Dependencies all met for <TaskInstance: zones_data_v1.local_to_gcs_task scheduled__2022-11-13T00:00:00+00:00 [queued]>
[2022-11-14 17:16:58,181] {taskinstance.py:1032} INFO - Dependencies all met for <TaskInstance: zones_data_v1.local_to_gcs_task scheduled__2022-11-13T00:00:00+00:00 [queued]>
[2022-11-14 17:16:58,181] {taskinstance.py:1238} INFO - 
--------------------------------------------------------------------------------
[2022-11-14 17:16:58,182] {taskinstance.py:1239} INFO - Starting attempt 1 of 2
[2022-11-14 17:16:58,182] {taskinstance.py:1240} INFO - 
--------------------------------------------------------------------------------
[2022-11-14 17:16:58,196] {taskinstance.py:1259} INFO - Executing <Task(PythonOperator): local_to_gcs_task> on 2022-11-13 00:00:00+00:00
[2022-11-14 17:16:58,204] {standard_task_runner.py:52} INFO - Started process 450 to run task
[2022-11-14 17:16:58,210] {standard_task_runner.py:76} INFO - Running: ['***', 'tasks', 'run', 'zones_data_v1', 'local_to_gcs_task', 'scheduled__2022-11-13T00:00:00+00:00', '--job-id', '694', '--raw', '--subdir', 'DAGS_FOLDER/zones_data_ingestion.py', '--cfg-path', '/tmp/tmpcz1r_4qe', '--error-file', '/tmp/tmpxzg5l6_l']
[2022-11-14 17:16:58,211] {standard_task_runner.py:77} INFO - Job 694: Subtask local_to_gcs_task
[2022-11-14 17:16:58,282] {logging_mixin.py:109} INFO - Running <TaskInstance: zones_data_v1.local_to_gcs_task scheduled__2022-11-13T00:00:00+00:00 [running]> on host 05f7eec7716f
[2022-11-14 17:16:58,355] {taskinstance.py:1426} INFO - Exporting the following env vars:
AIRFLOW_CTX_DAG_OWNER=***
AIRFLOW_CTX_DAG_ID=zones_data_v1
AIRFLOW_CTX_TASK_ID=local_to_gcs_task
AIRFLOW_CTX_EXECUTION_DATE=2022-11-13T00:00:00+00:00
AIRFLOW_CTX_DAG_RUN_ID=scheduled__2022-11-13T00:00:00+00:00
[2022-11-14 17:16:58,559] {python.py:175} INFO - Done. Returned value was: None
[2022-11-14 17:16:58,574] {taskinstance.py:1277} INFO - Marking task as SUCCESS. dag_id=zones_data_v1, task_id=local_to_gcs_task, execution_date=20221113T000000, start_date=20221114T171658, end_date=20221114T171658
[2022-11-14 17:16:58,624] {local_task_job.py:154} INFO - Task exited with return code 0
[2022-11-14 17:16:58,681] {local_task_job.py:264} INFO - 1 downstream tasks scheduled from follow-on schedule check
