[2022-11-14 17:17:00,335] {taskinstance.py:1032} INFO - Dependencies all met for <TaskInstance: zones_data_v1.rm_task scheduled__2022-11-13T00:00:00+00:00 [queued]>
[2022-11-14 17:17:00,348] {taskinstance.py:1032} INFO - Dependencies all met for <TaskInstance: zones_data_v1.rm_task scheduled__2022-11-13T00:00:00+00:00 [queued]>
[2022-11-14 17:17:00,349] {taskinstance.py:1238} INFO - 
--------------------------------------------------------------------------------
[2022-11-14 17:17:00,349] {taskinstance.py:1239} INFO - Starting attempt 1 of 2
[2022-11-14 17:17:00,349] {taskinstance.py:1240} INFO - 
--------------------------------------------------------------------------------
[2022-11-14 17:17:00,367] {taskinstance.py:1259} INFO - Executing <Task(BashOperator): rm_task> on 2022-11-13 00:00:00+00:00
[2022-11-14 17:17:00,376] {standard_task_runner.py:52} INFO - Started process 460 to run task
[2022-11-14 17:17:00,384] {standard_task_runner.py:76} INFO - Running: ['***', 'tasks', 'run', 'zones_data_v1', 'rm_task', 'scheduled__2022-11-13T00:00:00+00:00', '--job-id', '695', '--raw', '--subdir', 'DAGS_FOLDER/zones_data_ingestion.py', '--cfg-path', '/tmp/tmptmbaa2lf', '--error-file', '/tmp/tmpvruj5jnq']
[2022-11-14 17:17:00,385] {standard_task_runner.py:77} INFO - Job 695: Subtask rm_task
[2022-11-14 17:17:00,459] {logging_mixin.py:109} INFO - Running <TaskInstance: zones_data_v1.rm_task scheduled__2022-11-13T00:00:00+00:00 [running]> on host 05f7eec7716f
[2022-11-14 17:17:00,534] {taskinstance.py:1426} INFO - Exporting the following env vars:
AIRFLOW_CTX_DAG_OWNER=***
AIRFLOW_CTX_DAG_ID=zones_data_v1
AIRFLOW_CTX_TASK_ID=rm_task
AIRFLOW_CTX_EXECUTION_DATE=2022-11-13T00:00:00+00:00
AIRFLOW_CTX_DAG_RUN_ID=scheduled__2022-11-13T00:00:00+00:00
[2022-11-14 17:17:00,537] {subprocess.py:62} INFO - Tmp dir root location: 
 /tmp
[2022-11-14 17:17:00,538] {subprocess.py:74} INFO - Running command: ['bash', '-c', 'rm /opt/***/taxi_zone_lookup.csv /opt/***/taxi_zone_lookup.parquet']
[2022-11-14 17:17:00,556] {subprocess.py:85} INFO - Output:
[2022-11-14 17:17:00,564] {subprocess.py:93} INFO - Command exited with return code 0
[2022-11-14 17:17:00,619] {taskinstance.py:1277} INFO - Marking task as SUCCESS. dag_id=zones_data_v1, task_id=rm_task, execution_date=20221113T000000, start_date=20221114T171700, end_date=20221114T171700
[2022-11-14 17:17:00,676] {local_task_job.py:154} INFO - Task exited with return code 0
[2022-11-14 17:17:00,719] {local_task_job.py:264} INFO - 0 downstream tasks scheduled from follow-on schedule check
