[2022-11-14 15:54:30,371] {taskinstance.py:1032} INFO - Dependencies all met for <TaskInstance: yellow_taxi_data_v2.rm_task scheduled__2019-11-02T06:00:00+00:00 [queued]>
[2022-11-14 15:54:30,391] {taskinstance.py:1032} INFO - Dependencies all met for <TaskInstance: yellow_taxi_data_v2.rm_task scheduled__2019-11-02T06:00:00+00:00 [queued]>
[2022-11-14 15:54:30,392] {taskinstance.py:1238} INFO - 
--------------------------------------------------------------------------------
[2022-11-14 15:54:30,392] {taskinstance.py:1239} INFO - Starting attempt 1 of 2
[2022-11-14 15:54:30,392] {taskinstance.py:1240} INFO - 
--------------------------------------------------------------------------------
[2022-11-14 15:54:30,414] {taskinstance.py:1259} INFO - Executing <Task(BashOperator): rm_task> on 2019-11-02 06:00:00+00:00
[2022-11-14 15:54:30,424] {standard_task_runner.py:52} INFO - Started process 1049 to run task
[2022-11-14 15:54:30,440] {standard_task_runner.py:76} INFO - Running: ['***', 'tasks', 'run', 'yellow_taxi_data_v2', 'rm_task', 'scheduled__2019-11-02T06:00:00+00:00', '--job-id', '203', '--raw', '--subdir', 'DAGS_FOLDER/data_ingestion_gcs.py', '--cfg-path', '/tmp/tmpl3ardmnj', '--error-file', '/tmp/tmphbtreagi']
[2022-11-14 15:54:30,442] {standard_task_runner.py:77} INFO - Job 203: Subtask rm_task
[2022-11-14 15:54:30,594] {logging_mixin.py:109} INFO - Running <TaskInstance: yellow_taxi_data_v2.rm_task scheduled__2019-11-02T06:00:00+00:00 [running]> on host e030bae48f83
[2022-11-14 15:54:30,687] {warnings.py:110} WARNING - /home/***/.local/lib/python3.7/site-packages/***/utils/context.py:152: AirflowContextDeprecationWarning: Accessing 'execution_date' from the template is deprecated and will be removed in a future version. Please use 'data_interval_start' or 'logical_date' instead.
  warnings.warn(_create_deprecation_warning(key, self._deprecation_replacements[key]))

[2022-11-14 15:54:30,727] {taskinstance.py:1426} INFO - Exporting the following env vars:
AIRFLOW_CTX_DAG_OWNER=***
AIRFLOW_CTX_DAG_ID=yellow_taxi_data_v2
AIRFLOW_CTX_TASK_ID=rm_task
AIRFLOW_CTX_EXECUTION_DATE=2019-11-02T06:00:00+00:00
AIRFLOW_CTX_DAG_RUN_ID=scheduled__2019-11-02T06:00:00+00:00
[2022-11-14 15:54:30,729] {subprocess.py:62} INFO - Tmp dir root location: 
 /tmp
[2022-11-14 15:54:30,730] {subprocess.py:74} INFO - Running command: ['bash', '-c', 'rm /opt/***/yellow_tripdata_2019-11.parquet']
[2022-11-14 15:54:30,754] {subprocess.py:85} INFO - Output:
[2022-11-14 15:54:30,787] {subprocess.py:93} INFO - Command exited with return code 0
[2022-11-14 15:54:30,839] {taskinstance.py:1277} INFO - Marking task as SUCCESS. dag_id=yellow_taxi_data_v2, task_id=rm_task, execution_date=20191102T060000, start_date=20221114T155430, end_date=20221114T155430
[2022-11-14 15:54:30,898] {local_task_job.py:154} INFO - Task exited with return code 0
[2022-11-14 15:54:30,964] {local_task_job.py:264} INFO - 0 downstream tasks scheduled from follow-on schedule check
[2022-11-16 09:22:32,836] {taskinstance.py:1032} INFO - Dependencies all met for <TaskInstance: yellow_taxi_data_v2.rm_task scheduled__2019-11-02T06:00:00+00:00 [queued]>
[2022-11-16 09:22:32,850] {taskinstance.py:1032} INFO - Dependencies all met for <TaskInstance: yellow_taxi_data_v2.rm_task scheduled__2019-11-02T06:00:00+00:00 [queued]>
[2022-11-16 09:22:32,851] {taskinstance.py:1238} INFO - 
--------------------------------------------------------------------------------
[2022-11-16 09:22:32,851] {taskinstance.py:1239} INFO - Starting attempt 1 of 2
[2022-11-16 09:22:32,851] {taskinstance.py:1240} INFO - 
--------------------------------------------------------------------------------
[2022-11-16 09:22:32,865] {taskinstance.py:1259} INFO - Executing <Task(BashOperator): rm_task> on 2019-11-02 06:00:00+00:00
[2022-11-16 09:22:32,874] {standard_task_runner.py:52} INFO - Started process 400 to run task
[2022-11-16 09:22:32,882] {standard_task_runner.py:76} INFO - Running: ['***', 'tasks', 'run', 'yellow_taxi_data_v2', 'rm_task', 'scheduled__2019-11-02T06:00:00+00:00', '--job-id', '739', '--raw', '--subdir', 'DAGS_FOLDER/data_ingestion_gcs.py', '--cfg-path', '/tmp/tmpdoomyv70', '--error-file', '/tmp/tmp0e_dw1vr']
[2022-11-16 09:22:32,883] {standard_task_runner.py:77} INFO - Job 739: Subtask rm_task
[2022-11-16 09:22:32,972] {logging_mixin.py:109} INFO - Running <TaskInstance: yellow_taxi_data_v2.rm_task scheduled__2019-11-02T06:00:00+00:00 [running]> on host 75ceca4d9264
[2022-11-16 09:22:33,027] {warnings.py:110} WARNING - /home/***/.local/lib/python3.7/site-packages/***/utils/context.py:152: AirflowContextDeprecationWarning: Accessing 'execution_date' from the template is deprecated and will be removed in a future version. Please use 'data_interval_start' or 'logical_date' instead.
  warnings.warn(_create_deprecation_warning(key, self._deprecation_replacements[key]))

[2022-11-16 09:22:33,057] {taskinstance.py:1426} INFO - Exporting the following env vars:
AIRFLOW_CTX_DAG_OWNER=***
AIRFLOW_CTX_DAG_ID=yellow_taxi_data_v2
AIRFLOW_CTX_TASK_ID=rm_task
AIRFLOW_CTX_EXECUTION_DATE=2019-11-02T06:00:00+00:00
AIRFLOW_CTX_DAG_RUN_ID=scheduled__2019-11-02T06:00:00+00:00
[2022-11-16 09:22:33,059] {subprocess.py:62} INFO - Tmp dir root location: 
 /tmp
[2022-11-16 09:22:33,060] {subprocess.py:74} INFO - Running command: ['bash', '-c', 'rm /opt/***/yellow_tripdata_2019-11.parquet']
[2022-11-16 09:22:33,078] {subprocess.py:85} INFO - Output:
[2022-11-16 09:22:33,106] {subprocess.py:93} INFO - Command exited with return code 0
[2022-11-16 09:22:33,202] {taskinstance.py:1277} INFO - Marking task as SUCCESS. dag_id=yellow_taxi_data_v2, task_id=rm_task, execution_date=20191102T060000, start_date=20221116T092232, end_date=20221116T092233
[2022-11-16 09:22:33,256] {local_task_job.py:154} INFO - Task exited with return code 0
[2022-11-16 09:22:33,301] {local_task_job.py:264} INFO - 0 downstream tasks scheduled from follow-on schedule check
