[2022-11-14 15:57:29,747] {taskinstance.py:1032} INFO - Dependencies all met for <TaskInstance: yellow_taxi_data_v2.download_dataset_task scheduled__2022-02-02T06:00:00+00:00 [queued]>
[2022-11-14 15:57:29,768] {taskinstance.py:1032} INFO - Dependencies all met for <TaskInstance: yellow_taxi_data_v2.download_dataset_task scheduled__2022-02-02T06:00:00+00:00 [queued]>
[2022-11-14 15:57:29,769] {taskinstance.py:1238} INFO - 
--------------------------------------------------------------------------------
[2022-11-14 15:57:29,769] {taskinstance.py:1239} INFO - Starting attempt 1 of 2
[2022-11-14 15:57:29,769] {taskinstance.py:1240} INFO - 
--------------------------------------------------------------------------------
[2022-11-14 15:57:29,791] {taskinstance.py:1259} INFO - Executing <Task(BashOperator): download_dataset_task> on 2022-02-02 06:00:00+00:00
[2022-11-14 15:57:29,802] {standard_task_runner.py:52} INFO - Started process 1482 to run task
[2022-11-14 15:57:29,828] {standard_task_runner.py:76} INFO - Running: ['***', 'tasks', 'run', 'yellow_taxi_data_v2', 'download_dataset_task', 'scheduled__2022-02-02T06:00:00+00:00', '--job-id', '277', '--raw', '--subdir', 'DAGS_FOLDER/data_ingestion_gcs.py', '--cfg-path', '/tmp/tmpelue04pz', '--error-file', '/tmp/tmpgyd_73uc']
[2022-11-14 15:57:29,830] {standard_task_runner.py:77} INFO - Job 277: Subtask download_dataset_task
[2022-11-14 15:57:29,991] {logging_mixin.py:109} INFO - Running <TaskInstance: yellow_taxi_data_v2.download_dataset_task scheduled__2022-02-02T06:00:00+00:00 [running]> on host e030bae48f83
[2022-11-14 15:57:30,073] {warnings.py:110} WARNING - /home/***/.local/lib/python3.7/site-packages/***/utils/context.py:152: AirflowContextDeprecationWarning: Accessing 'execution_date' from the template is deprecated and will be removed in a future version. Please use 'data_interval_start' or 'logical_date' instead.
  warnings.warn(_create_deprecation_warning(key, self._deprecation_replacements[key]))

[2022-11-14 15:57:30,118] {taskinstance.py:1426} INFO - Exporting the following env vars:
AIRFLOW_CTX_DAG_OWNER=***
AIRFLOW_CTX_DAG_ID=yellow_taxi_data_v2
AIRFLOW_CTX_TASK_ID=download_dataset_task
AIRFLOW_CTX_EXECUTION_DATE=2022-02-02T06:00:00+00:00
AIRFLOW_CTX_DAG_RUN_ID=scheduled__2022-02-02T06:00:00+00:00
[2022-11-14 15:57:30,120] {subprocess.py:62} INFO - Tmp dir root location: 
 /tmp
[2022-11-14 15:57:30,122] {subprocess.py:74} INFO - Running command: ['bash', '-c', 'curl -sSLf https://d37ci6vzurychx.cloudfront.net/trip-data/yellow_tripdata_2022-02.parquet > /opt/***/yellow_tripdata_2022-02.parquet']
[2022-11-14 15:57:30,144] {subprocess.py:85} INFO - Output:
[2022-11-14 15:57:31,854] {subprocess.py:93} INFO - Command exited with return code 0
[2022-11-14 15:57:31,891] {taskinstance.py:1277} INFO - Marking task as SUCCESS. dag_id=yellow_taxi_data_v2, task_id=download_dataset_task, execution_date=20220202T060000, start_date=20221114T155729, end_date=20221114T155731
[2022-11-14 15:57:31,937] {local_task_job.py:154} INFO - Task exited with return code 0
[2022-11-14 15:57:31,995] {local_task_job.py:264} INFO - 1 downstream tasks scheduled from follow-on schedule check
[2022-11-16 09:26:37,092] {taskinstance.py:1032} INFO - Dependencies all met for <TaskInstance: yellow_taxi_data_v2.download_dataset_task scheduled__2022-02-02T06:00:00+00:00 [queued]>
[2022-11-16 09:26:37,120] {taskinstance.py:1032} INFO - Dependencies all met for <TaskInstance: yellow_taxi_data_v2.download_dataset_task scheduled__2022-02-02T06:00:00+00:00 [queued]>
[2022-11-16 09:26:37,121] {taskinstance.py:1238} INFO - 
--------------------------------------------------------------------------------
[2022-11-16 09:26:37,121] {taskinstance.py:1239} INFO - Starting attempt 1 of 2
[2022-11-16 09:26:37,122] {taskinstance.py:1240} INFO - 
--------------------------------------------------------------------------------
[2022-11-16 09:26:37,151] {taskinstance.py:1259} INFO - Executing <Task(BashOperator): download_dataset_task> on 2022-02-02 06:00:00+00:00
[2022-11-16 09:26:37,161] {standard_task_runner.py:52} INFO - Started process 884 to run task
[2022-11-16 09:26:37,177] {standard_task_runner.py:76} INFO - Running: ['***', 'tasks', 'run', 'yellow_taxi_data_v2', 'download_dataset_task', 'scheduled__2022-02-02T06:00:00+00:00', '--job-id', '813', '--raw', '--subdir', 'DAGS_FOLDER/data_ingestion_gcs.py', '--cfg-path', '/tmp/tmpiezveh0l', '--error-file', '/tmp/tmp4gt1emd6']
[2022-11-16 09:26:37,179] {standard_task_runner.py:77} INFO - Job 813: Subtask download_dataset_task
[2022-11-16 09:26:37,296] {logging_mixin.py:109} INFO - Running <TaskInstance: yellow_taxi_data_v2.download_dataset_task scheduled__2022-02-02T06:00:00+00:00 [running]> on host 75ceca4d9264
[2022-11-16 09:26:37,372] {warnings.py:110} WARNING - /home/***/.local/lib/python3.7/site-packages/***/utils/context.py:152: AirflowContextDeprecationWarning: Accessing 'execution_date' from the template is deprecated and will be removed in a future version. Please use 'data_interval_start' or 'logical_date' instead.
  warnings.warn(_create_deprecation_warning(key, self._deprecation_replacements[key]))

[2022-11-16 09:26:37,404] {taskinstance.py:1426} INFO - Exporting the following env vars:
AIRFLOW_CTX_DAG_OWNER=***
AIRFLOW_CTX_DAG_ID=yellow_taxi_data_v2
AIRFLOW_CTX_TASK_ID=download_dataset_task
AIRFLOW_CTX_EXECUTION_DATE=2022-02-02T06:00:00+00:00
AIRFLOW_CTX_DAG_RUN_ID=scheduled__2022-02-02T06:00:00+00:00
[2022-11-16 09:26:37,406] {subprocess.py:62} INFO - Tmp dir root location: 
 /tmp
[2022-11-16 09:26:37,407] {subprocess.py:74} INFO - Running command: ['bash', '-c', 'curl -sSLf https://d37ci6vzurychx.cloudfront.net/trip-data/yellow_tripdata_2022-02.parquet > /opt/***/yellow_tripdata_2022-02.parquet']
[2022-11-16 09:26:37,431] {subprocess.py:85} INFO - Output:
[2022-11-16 09:26:37,645] {subprocess.py:93} INFO - Command exited with return code 0
[2022-11-16 09:26:37,692] {taskinstance.py:1277} INFO - Marking task as SUCCESS. dag_id=yellow_taxi_data_v2, task_id=download_dataset_task, execution_date=20220202T060000, start_date=20221116T092637, end_date=20221116T092637
[2022-11-16 09:26:37,759] {local_task_job.py:154} INFO - Task exited with return code 0
[2022-11-16 09:26:37,816] {local_task_job.py:264} INFO - 1 downstream tasks scheduled from follow-on schedule check
