[2022-11-14 15:56:43,120] {taskinstance.py:1032} INFO - Dependencies all met for <TaskInstance: yellow_taxi_data_v2.local_to_gcs_task scheduled__2021-06-02T06:00:00+00:00 [queued]>
[2022-11-14 15:56:43,136] {taskinstance.py:1032} INFO - Dependencies all met for <TaskInstance: yellow_taxi_data_v2.local_to_gcs_task scheduled__2021-06-02T06:00:00+00:00 [queued]>
[2022-11-14 15:56:43,136] {taskinstance.py:1238} INFO - 
--------------------------------------------------------------------------------
[2022-11-14 15:56:43,136] {taskinstance.py:1239} INFO - Starting attempt 1 of 2
[2022-11-14 15:56:43,136] {taskinstance.py:1240} INFO - 
--------------------------------------------------------------------------------
[2022-11-14 15:56:43,151] {taskinstance.py:1259} INFO - Executing <Task(PythonOperator): local_to_gcs_task> on 2021-06-02 06:00:00+00:00
[2022-11-14 15:56:43,159] {standard_task_runner.py:52} INFO - Started process 1356 to run task
[2022-11-14 15:56:43,167] {standard_task_runner.py:76} INFO - Running: ['***', 'tasks', 'run', 'yellow_taxi_data_v2', 'local_to_gcs_task', 'scheduled__2021-06-02T06:00:00+00:00', '--job-id', '254', '--raw', '--subdir', 'DAGS_FOLDER/data_ingestion_gcs.py', '--cfg-path', '/tmp/tmp2ipzk0gw', '--error-file', '/tmp/tmpk96_q13g']
[2022-11-14 15:56:43,168] {standard_task_runner.py:77} INFO - Job 254: Subtask local_to_gcs_task
[2022-11-14 15:56:43,275] {logging_mixin.py:109} INFO - Running <TaskInstance: yellow_taxi_data_v2.local_to_gcs_task scheduled__2021-06-02T06:00:00+00:00 [running]> on host e030bae48f83
[2022-11-14 15:56:43,359] {warnings.py:110} WARNING - /home/***/.local/lib/python3.7/site-packages/***/utils/context.py:152: AirflowContextDeprecationWarning: Accessing 'execution_date' from the template is deprecated and will be removed in a future version. Please use 'data_interval_start' or 'logical_date' instead.
  warnings.warn(_create_deprecation_warning(key, self._deprecation_replacements[key]))

[2022-11-14 15:56:43,395] {taskinstance.py:1426} INFO - Exporting the following env vars:
AIRFLOW_CTX_DAG_OWNER=***
AIRFLOW_CTX_DAG_ID=yellow_taxi_data_v2
AIRFLOW_CTX_TASK_ID=local_to_gcs_task
AIRFLOW_CTX_EXECUTION_DATE=2021-06-02T06:00:00+00:00
AIRFLOW_CTX_DAG_RUN_ID=scheduled__2021-06-02T06:00:00+00:00
[2022-11-14 15:56:44,337] {python.py:175} INFO - Done. Returned value was: None
[2022-11-14 15:56:44,422] {taskinstance.py:1277} INFO - Marking task as SUCCESS. dag_id=yellow_taxi_data_v2, task_id=local_to_gcs_task, execution_date=20210602T060000, start_date=20221114T155643, end_date=20221114T155644
[2022-11-14 15:56:44,466] {local_task_job.py:154} INFO - Task exited with return code 0
[2022-11-14 15:56:44,537] {local_task_job.py:264} INFO - 1 downstream tasks scheduled from follow-on schedule check
[2022-11-16 09:25:24,997] {taskinstance.py:1032} INFO - Dependencies all met for <TaskInstance: yellow_taxi_data_v2.local_to_gcs_task scheduled__2021-06-02T06:00:00+00:00 [queued]>
[2022-11-16 09:25:25,010] {taskinstance.py:1032} INFO - Dependencies all met for <TaskInstance: yellow_taxi_data_v2.local_to_gcs_task scheduled__2021-06-02T06:00:00+00:00 [queued]>
[2022-11-16 09:25:25,010] {taskinstance.py:1238} INFO - 
--------------------------------------------------------------------------------
[2022-11-16 09:25:25,010] {taskinstance.py:1239} INFO - Starting attempt 1 of 2
[2022-11-16 09:25:25,011] {taskinstance.py:1240} INFO - 
--------------------------------------------------------------------------------
[2022-11-16 09:25:25,024] {taskinstance.py:1259} INFO - Executing <Task(PythonOperator): local_to_gcs_task> on 2021-06-02 06:00:00+00:00
[2022-11-16 09:25:25,032] {standard_task_runner.py:52} INFO - Started process 738 to run task
[2022-11-16 09:25:25,040] {standard_task_runner.py:76} INFO - Running: ['***', 'tasks', 'run', 'yellow_taxi_data_v2', 'local_to_gcs_task', 'scheduled__2021-06-02T06:00:00+00:00', '--job-id', '791', '--raw', '--subdir', 'DAGS_FOLDER/data_ingestion_gcs.py', '--cfg-path', '/tmp/tmpx6i8vb2j', '--error-file', '/tmp/tmpvaycstnx']
[2022-11-16 09:25:25,041] {standard_task_runner.py:77} INFO - Job 791: Subtask local_to_gcs_task
[2022-11-16 09:25:25,124] {logging_mixin.py:109} INFO - Running <TaskInstance: yellow_taxi_data_v2.local_to_gcs_task scheduled__2021-06-02T06:00:00+00:00 [running]> on host 75ceca4d9264
[2022-11-16 09:25:25,184] {warnings.py:110} WARNING - /home/***/.local/lib/python3.7/site-packages/***/utils/context.py:152: AirflowContextDeprecationWarning: Accessing 'execution_date' from the template is deprecated and will be removed in a future version. Please use 'data_interval_start' or 'logical_date' instead.
  warnings.warn(_create_deprecation_warning(key, self._deprecation_replacements[key]))

[2022-11-16 09:25:25,217] {taskinstance.py:1426} INFO - Exporting the following env vars:
AIRFLOW_CTX_DAG_OWNER=***
AIRFLOW_CTX_DAG_ID=yellow_taxi_data_v2
AIRFLOW_CTX_TASK_ID=local_to_gcs_task
AIRFLOW_CTX_EXECUTION_DATE=2021-06-02T06:00:00+00:00
AIRFLOW_CTX_DAG_RUN_ID=scheduled__2021-06-02T06:00:00+00:00
[2022-11-16 09:25:26,064] {python.py:175} INFO - Done. Returned value was: None
[2022-11-16 09:25:26,090] {taskinstance.py:1277} INFO - Marking task as SUCCESS. dag_id=yellow_taxi_data_v2, task_id=local_to_gcs_task, execution_date=20210602T060000, start_date=20221116T092524, end_date=20221116T092526
[2022-11-16 09:25:26,136] {local_task_job.py:154} INFO - Task exited with return code 0
[2022-11-16 09:25:26,183] {local_task_job.py:264} INFO - 1 downstream tasks scheduled from follow-on schedule check
