[2022-11-14 16:37:39,670] {taskinstance.py:1032} INFO - Dependencies all met for <TaskInstance: fhv_taxi_data_v1.local_to_gcs_task scheduled__2020-03-02T08:00:00+00:00 [queued]>
[2022-11-14 16:37:39,700] {taskinstance.py:1032} INFO - Dependencies all met for <TaskInstance: fhv_taxi_data_v1.local_to_gcs_task scheduled__2020-03-02T08:00:00+00:00 [queued]>
[2022-11-14 16:37:39,701] {taskinstance.py:1238} INFO - 
--------------------------------------------------------------------------------
[2022-11-14 16:37:39,701] {taskinstance.py:1239} INFO - Starting attempt 1 of 2
[2022-11-14 16:37:39,701] {taskinstance.py:1240} INFO - 
--------------------------------------------------------------------------------
[2022-11-14 16:37:39,741] {taskinstance.py:1259} INFO - Executing <Task(PythonOperator): local_to_gcs_task> on 2020-03-02 08:00:00+00:00
[2022-11-14 16:37:39,763] {standard_task_runner.py:52} INFO - Started process 4455 to run task
[2022-11-14 16:37:39,786] {standard_task_runner.py:76} INFO - Running: ['***', 'tasks', 'run', 'fhv_taxi_data_v1', 'local_to_gcs_task', 'scheduled__2020-03-02T08:00:00+00:00', '--job-id', '593', '--raw', '--subdir', 'DAGS_FOLDER/data_ingestion_gcs.py', '--cfg-path', '/tmp/tmp6l1b2jjj', '--error-file', '/tmp/tmpnd8ciy1l']
[2022-11-14 16:37:39,788] {standard_task_runner.py:77} INFO - Job 593: Subtask local_to_gcs_task
[2022-11-14 16:37:40,001] {logging_mixin.py:109} INFO - Running <TaskInstance: fhv_taxi_data_v1.local_to_gcs_task scheduled__2020-03-02T08:00:00+00:00 [running]> on host e030bae48f83
[2022-11-14 16:37:40,095] {warnings.py:110} WARNING - /home/***/.local/lib/python3.7/site-packages/***/utils/context.py:152: AirflowContextDeprecationWarning: Accessing 'execution_date' from the template is deprecated and will be removed in a future version. Please use 'data_interval_start' or 'logical_date' instead.
  warnings.warn(_create_deprecation_warning(key, self._deprecation_replacements[key]))

[2022-11-14 16:37:40,149] {taskinstance.py:1426} INFO - Exporting the following env vars:
AIRFLOW_CTX_DAG_OWNER=***
AIRFLOW_CTX_DAG_ID=fhv_taxi_data_v1
AIRFLOW_CTX_TASK_ID=local_to_gcs_task
AIRFLOW_CTX_EXECUTION_DATE=2020-03-02T08:00:00+00:00
AIRFLOW_CTX_DAG_RUN_ID=scheduled__2020-03-02T08:00:00+00:00
[2022-11-14 16:37:40,925] {python.py:175} INFO - Done. Returned value was: None
[2022-11-14 16:37:40,953] {taskinstance.py:1277} INFO - Marking task as SUCCESS. dag_id=fhv_taxi_data_v1, task_id=local_to_gcs_task, execution_date=20200302T080000, start_date=20221114T163739, end_date=20221114T163740
[2022-11-14 16:37:41,033] {local_task_job.py:154} INFO - Task exited with return code 0
[2022-11-14 16:37:41,119] {local_task_job.py:264} INFO - 1 downstream tasks scheduled from follow-on schedule check
