[2022-11-10 08:34:41,218] {taskinstance.py:1032} INFO - Dependencies all met for <TaskInstance: yellow_taxi_data.download_dataset_task scheduled__2019-02-02T06:00:00+00:00 [queued]>
[2022-11-10 08:34:41,234] {taskinstance.py:1032} INFO - Dependencies all met for <TaskInstance: yellow_taxi_data.download_dataset_task scheduled__2019-02-02T06:00:00+00:00 [queued]>
[2022-11-10 08:34:41,234] {taskinstance.py:1238} INFO - 
--------------------------------------------------------------------------------
[2022-11-10 08:34:41,234] {taskinstance.py:1239} INFO - Starting attempt 1 of 2
[2022-11-10 08:34:41,234] {taskinstance.py:1240} INFO - 
--------------------------------------------------------------------------------
[2022-11-10 08:34:41,254] {taskinstance.py:1259} INFO - Executing <Task(BashOperator): download_dataset_task> on 2019-02-02 06:00:00+00:00
[2022-11-10 08:34:41,263] {standard_task_runner.py:52} INFO - Started process 3015 to run task
[2022-11-10 08:34:41,278] {standard_task_runner.py:76} INFO - Running: ['***', 'tasks', 'run', 'yellow_taxi_data', 'download_dataset_task', 'scheduled__2019-02-02T06:00:00+00:00', '--job-id', '8', '--pool', 'default_pool', '--raw', '--subdir', 'DAGS_FOLDER/data_ingestion_gcs_dag.py', '--cfg-path', '/tmp/tmp4l9unj1z', '--error-file', '/tmp/tmplvp9ux39']
[2022-11-10 08:34:41,280] {standard_task_runner.py:77} INFO - Job 8: Subtask download_dataset_task
[2022-11-10 08:34:41,391] {logging_mixin.py:109} INFO - Running <TaskInstance: yellow_taxi_data.download_dataset_task scheduled__2019-02-02T06:00:00+00:00 [running]> on host e2ff445f4993
[2022-11-10 08:34:41,451] {warnings.py:110} WARNING - /home/***/.local/lib/python3.7/site-packages/***/utils/context.py:152: AirflowContextDeprecationWarning: Accessing 'execution_date' from the template is deprecated and will be removed in a future version. Please use 'data_interval_start' or 'logical_date' instead.
  warnings.warn(_create_deprecation_warning(key, self._deprecation_replacements[key]))

[2022-11-10 08:34:41,489] {taskinstance.py:1426} INFO - Exporting the following env vars:
AIRFLOW_CTX_DAG_OWNER=***
AIRFLOW_CTX_DAG_ID=yellow_taxi_data
AIRFLOW_CTX_TASK_ID=download_dataset_task
AIRFLOW_CTX_EXECUTION_DATE=2019-02-02T06:00:00+00:00
AIRFLOW_CTX_DAG_RUN_ID=scheduled__2019-02-02T06:00:00+00:00
[2022-11-10 08:34:41,490] {subprocess.py:62} INFO - Tmp dir root location: 
 /tmp
[2022-11-10 08:34:41,491] {subprocess.py:74} INFO - Running command: ['bash', '-c', 'curl  -sSLf https://d37ci6vzurychx.cloudfront.net/trip-data/yellow_tripdata_2019-02.parquet > /opt/***/yellow_tripdata_2019-02.parquet']
[2022-11-10 08:34:41,510] {subprocess.py:85} INFO - Output:
[2022-11-10 08:34:42,203] {subprocess.py:93} INFO - Command exited with return code 0
[2022-11-10 08:34:42,243] {taskinstance.py:1277} INFO - Marking task as SUCCESS. dag_id=yellow_taxi_data, task_id=download_dataset_task, execution_date=20190202T060000, start_date=20221110T083441, end_date=20221110T083442
[2022-11-10 08:34:42,288] {local_task_job.py:154} INFO - Task exited with return code 0
[2022-11-10 08:34:42,336] {local_task_job.py:264} INFO - 0 downstream tasks scheduled from follow-on schedule check
