[2022-11-14 15:53:55,459] {taskinstance.py:1032} INFO - Dependencies all met for <TaskInstance: yellow_taxi_data_v2.local_to_gcs_task scheduled__2019-09-02T06:00:00+00:00 [queued]>
[2022-11-14 15:53:55,493] {taskinstance.py:1032} INFO - Dependencies all met for <TaskInstance: yellow_taxi_data_v2.local_to_gcs_task scheduled__2019-09-02T06:00:00+00:00 [queued]>
[2022-11-14 15:53:55,496] {taskinstance.py:1238} INFO - 
--------------------------------------------------------------------------------
[2022-11-14 15:53:55,497] {taskinstance.py:1239} INFO - Starting attempt 1 of 2
[2022-11-14 15:53:55,497] {taskinstance.py:1240} INFO - 
--------------------------------------------------------------------------------
[2022-11-14 15:53:55,537] {taskinstance.py:1259} INFO - Executing <Task(PythonOperator): local_to_gcs_task> on 2019-09-02 06:00:00+00:00
[2022-11-14 15:53:55,550] {standard_task_runner.py:52} INFO - Started process 972 to run task
[2022-11-14 15:53:55,586] {standard_task_runner.py:76} INFO - Running: ['***', 'tasks', 'run', 'yellow_taxi_data_v2', 'local_to_gcs_task', 'scheduled__2019-09-02T06:00:00+00:00', '--job-id', '190', '--raw', '--subdir', 'DAGS_FOLDER/data_ingestion_gcs.py', '--cfg-path', '/tmp/tmp8se33k97', '--error-file', '/tmp/tmpxmmi3708']
[2022-11-14 15:53:55,593] {standard_task_runner.py:77} INFO - Job 190: Subtask local_to_gcs_task
[2022-11-14 15:53:55,752] {logging_mixin.py:109} INFO - Running <TaskInstance: yellow_taxi_data_v2.local_to_gcs_task scheduled__2019-09-02T06:00:00+00:00 [running]> on host e030bae48f83
[2022-11-14 15:53:55,853] {warnings.py:110} WARNING - /home/***/.local/lib/python3.7/site-packages/***/utils/context.py:152: AirflowContextDeprecationWarning: Accessing 'execution_date' from the template is deprecated and will be removed in a future version. Please use 'data_interval_start' or 'logical_date' instead.
  warnings.warn(_create_deprecation_warning(key, self._deprecation_replacements[key]))

[2022-11-14 15:53:55,902] {taskinstance.py:1426} INFO - Exporting the following env vars:
AIRFLOW_CTX_DAG_OWNER=***
AIRFLOW_CTX_DAG_ID=yellow_taxi_data_v2
AIRFLOW_CTX_TASK_ID=local_to_gcs_task
AIRFLOW_CTX_EXECUTION_DATE=2019-09-02T06:00:00+00:00
AIRFLOW_CTX_DAG_RUN_ID=scheduled__2019-09-02T06:00:00+00:00
[2022-11-14 15:53:57,416] {python.py:175} INFO - Done. Returned value was: None
[2022-11-14 15:53:57,434] {taskinstance.py:1277} INFO - Marking task as SUCCESS. dag_id=yellow_taxi_data_v2, task_id=local_to_gcs_task, execution_date=20190902T060000, start_date=20221114T155355, end_date=20221114T155357
[2022-11-14 15:53:57,496] {local_task_job.py:154} INFO - Task exited with return code 0
[2022-11-14 15:53:57,556] {local_task_job.py:264} INFO - 1 downstream tasks scheduled from follow-on schedule check
[2022-11-16 09:22:18,830] {taskinstance.py:1032} INFO - Dependencies all met for <TaskInstance: yellow_taxi_data_v2.local_to_gcs_task scheduled__2019-09-02T06:00:00+00:00 [queued]>
[2022-11-16 09:22:18,851] {taskinstance.py:1032} INFO - Dependencies all met for <TaskInstance: yellow_taxi_data_v2.local_to_gcs_task scheduled__2019-09-02T06:00:00+00:00 [queued]>
[2022-11-16 09:22:18,851] {taskinstance.py:1238} INFO - 
--------------------------------------------------------------------------------
[2022-11-16 09:22:18,851] {taskinstance.py:1239} INFO - Starting attempt 1 of 2
[2022-11-16 09:22:18,852] {taskinstance.py:1240} INFO - 
--------------------------------------------------------------------------------
[2022-11-16 09:22:18,872] {taskinstance.py:1259} INFO - Executing <Task(PythonOperator): local_to_gcs_task> on 2019-09-02 06:00:00+00:00
[2022-11-16 09:22:18,881] {standard_task_runner.py:52} INFO - Started process 360 to run task
[2022-11-16 09:22:18,889] {standard_task_runner.py:76} INFO - Running: ['***', 'tasks', 'run', 'yellow_taxi_data_v2', 'local_to_gcs_task', 'scheduled__2019-09-02T06:00:00+00:00', '--job-id', '731', '--raw', '--subdir', 'DAGS_FOLDER/data_ingestion_gcs.py', '--cfg-path', '/tmp/tmpwxi4apkn', '--error-file', '/tmp/tmppc5xwkuw']
[2022-11-16 09:22:18,891] {standard_task_runner.py:77} INFO - Job 731: Subtask local_to_gcs_task
[2022-11-16 09:22:18,975] {logging_mixin.py:109} INFO - Running <TaskInstance: yellow_taxi_data_v2.local_to_gcs_task scheduled__2019-09-02T06:00:00+00:00 [running]> on host 75ceca4d9264
[2022-11-16 09:22:19,038] {warnings.py:110} WARNING - /home/***/.local/lib/python3.7/site-packages/***/utils/context.py:152: AirflowContextDeprecationWarning: Accessing 'execution_date' from the template is deprecated and will be removed in a future version. Please use 'data_interval_start' or 'logical_date' instead.
  warnings.warn(_create_deprecation_warning(key, self._deprecation_replacements[key]))

[2022-11-16 09:22:19,067] {taskinstance.py:1426} INFO - Exporting the following env vars:
AIRFLOW_CTX_DAG_OWNER=***
AIRFLOW_CTX_DAG_ID=yellow_taxi_data_v2
AIRFLOW_CTX_TASK_ID=local_to_gcs_task
AIRFLOW_CTX_EXECUTION_DATE=2019-09-02T06:00:00+00:00
AIRFLOW_CTX_DAG_RUN_ID=scheduled__2019-09-02T06:00:00+00:00
[2022-11-16 09:22:20,262] {python.py:175} INFO - Done. Returned value was: None
[2022-11-16 09:22:20,279] {taskinstance.py:1277} INFO - Marking task as SUCCESS. dag_id=yellow_taxi_data_v2, task_id=local_to_gcs_task, execution_date=20190902T060000, start_date=20221116T092218, end_date=20221116T092220
[2022-11-16 09:22:20,308] {local_task_job.py:154} INFO - Task exited with return code 0
[2022-11-16 09:22:20,360] {local_task_job.py:264} INFO - 1 downstream tasks scheduled from follow-on schedule check
