[2022-11-14 16:26:55,663] {taskinstance.py:1032} INFO - Dependencies all met for <TaskInstance: green_taxi_data_v1.rm_task scheduled__2021-11-02T07:00:00+00:00 [queued]>
[2022-11-14 16:26:55,699] {taskinstance.py:1032} INFO - Dependencies all met for <TaskInstance: green_taxi_data_v1.rm_task scheduled__2021-11-02T07:00:00+00:00 [queued]>
[2022-11-14 16:26:55,699] {taskinstance.py:1238} INFO - 
--------------------------------------------------------------------------------
[2022-11-14 16:26:55,700] {taskinstance.py:1239} INFO - Starting attempt 1 of 2
[2022-11-14 16:26:55,700] {taskinstance.py:1240} INFO - 
--------------------------------------------------------------------------------
[2022-11-14 16:26:55,728] {taskinstance.py:1259} INFO - Executing <Task(BashOperator): rm_task> on 2021-11-02 07:00:00+00:00
[2022-11-14 16:26:55,738] {standard_task_runner.py:52} INFO - Started process 3242 to run task
[2022-11-14 16:26:55,751] {standard_task_runner.py:76} INFO - Running: ['***', 'tasks', 'run', 'green_taxi_data_v1', 'rm_task', 'scheduled__2021-11-02T07:00:00+00:00', '--job-id', '411', '--raw', '--subdir', 'DAGS_FOLDER/data_ingestion_gcs.py', '--cfg-path', '/tmp/tmpkvbpauot', '--error-file', '/tmp/tmp94o_198a']
[2022-11-14 16:26:55,753] {standard_task_runner.py:77} INFO - Job 411: Subtask rm_task
[2022-11-14 16:26:55,873] {logging_mixin.py:109} INFO - Running <TaskInstance: green_taxi_data_v1.rm_task scheduled__2021-11-02T07:00:00+00:00 [running]> on host e030bae48f83
[2022-11-14 16:26:55,960] {warnings.py:110} WARNING - /home/***/.local/lib/python3.7/site-packages/***/utils/context.py:152: AirflowContextDeprecationWarning: Accessing 'execution_date' from the template is deprecated and will be removed in a future version. Please use 'data_interval_start' or 'logical_date' instead.
  warnings.warn(_create_deprecation_warning(key, self._deprecation_replacements[key]))

[2022-11-14 16:26:56,003] {taskinstance.py:1426} INFO - Exporting the following env vars:
AIRFLOW_CTX_DAG_OWNER=***
AIRFLOW_CTX_DAG_ID=green_taxi_data_v1
AIRFLOW_CTX_TASK_ID=rm_task
AIRFLOW_CTX_EXECUTION_DATE=2021-11-02T07:00:00+00:00
AIRFLOW_CTX_DAG_RUN_ID=scheduled__2021-11-02T07:00:00+00:00
[2022-11-14 16:26:56,005] {subprocess.py:62} INFO - Tmp dir root location: 
 /tmp
[2022-11-14 16:26:56,006] {subprocess.py:74} INFO - Running command: ['bash', '-c', 'rm /opt/***/green_tripdata_2021-11.parquet']
[2022-11-14 16:26:56,036] {subprocess.py:85} INFO - Output:
[2022-11-14 16:26:56,046] {subprocess.py:93} INFO - Command exited with return code 0
[2022-11-14 16:26:56,100] {taskinstance.py:1277} INFO - Marking task as SUCCESS. dag_id=green_taxi_data_v1, task_id=rm_task, execution_date=20211102T070000, start_date=20221114T162655, end_date=20221114T162656
[2022-11-14 16:26:56,169] {local_task_job.py:154} INFO - Task exited with return code 0
[2022-11-14 16:26:56,224] {local_task_job.py:264} INFO - 0 downstream tasks scheduled from follow-on schedule check
