[2022-11-14 15:57:34,045] {taskinstance.py:1032} INFO - Dependencies all met for <TaskInstance: yellow_taxi_data_v2.local_to_gcs_task scheduled__2022-01-02T06:00:00+00:00 [queued]>
[2022-11-14 15:57:34,063] {taskinstance.py:1032} INFO - Dependencies all met for <TaskInstance: yellow_taxi_data_v2.local_to_gcs_task scheduled__2022-01-02T06:00:00+00:00 [queued]>
[2022-11-14 15:57:34,063] {taskinstance.py:1238} INFO - 
--------------------------------------------------------------------------------
[2022-11-14 15:57:34,063] {taskinstance.py:1239} INFO - Starting attempt 1 of 2
[2022-11-14 15:57:34,063] {taskinstance.py:1240} INFO - 
--------------------------------------------------------------------------------
[2022-11-14 15:57:34,082] {taskinstance.py:1259} INFO - Executing <Task(PythonOperator): local_to_gcs_task> on 2022-01-02 06:00:00+00:00
[2022-11-14 15:57:34,092] {standard_task_runner.py:52} INFO - Started process 1500 to run task
[2022-11-14 15:57:34,099] {standard_task_runner.py:76} INFO - Running: ['***', 'tasks', 'run', 'yellow_taxi_data_v2', 'local_to_gcs_task', 'scheduled__2022-01-02T06:00:00+00:00', '--job-id', '280', '--raw', '--subdir', 'DAGS_FOLDER/data_ingestion_gcs.py', '--cfg-path', '/tmp/tmpiroporyl', '--error-file', '/tmp/tmp9ebq4q81']
[2022-11-14 15:57:34,101] {standard_task_runner.py:77} INFO - Job 280: Subtask local_to_gcs_task
[2022-11-14 15:57:34,203] {logging_mixin.py:109} INFO - Running <TaskInstance: yellow_taxi_data_v2.local_to_gcs_task scheduled__2022-01-02T06:00:00+00:00 [running]> on host e030bae48f83
[2022-11-14 15:57:34,300] {warnings.py:110} WARNING - /home/***/.local/lib/python3.7/site-packages/***/utils/context.py:152: AirflowContextDeprecationWarning: Accessing 'execution_date' from the template is deprecated and will be removed in a future version. Please use 'data_interval_start' or 'logical_date' instead.
  warnings.warn(_create_deprecation_warning(key, self._deprecation_replacements[key]))

[2022-11-14 15:57:34,354] {taskinstance.py:1426} INFO - Exporting the following env vars:
AIRFLOW_CTX_DAG_OWNER=***
AIRFLOW_CTX_DAG_ID=yellow_taxi_data_v2
AIRFLOW_CTX_TASK_ID=local_to_gcs_task
AIRFLOW_CTX_EXECUTION_DATE=2022-01-02T06:00:00+00:00
AIRFLOW_CTX_DAG_RUN_ID=scheduled__2022-01-02T06:00:00+00:00
[2022-11-14 15:57:35,240] {python.py:175} INFO - Done. Returned value was: None
[2022-11-14 15:57:35,275] {taskinstance.py:1277} INFO - Marking task as SUCCESS. dag_id=yellow_taxi_data_v2, task_id=local_to_gcs_task, execution_date=20220102T060000, start_date=20221114T155734, end_date=20221114T155735
[2022-11-14 15:57:35,320] {local_task_job.py:154} INFO - Task exited with return code 0
[2022-11-14 15:57:35,385] {local_task_job.py:264} INFO - 1 downstream tasks scheduled from follow-on schedule check
[2022-11-16 09:26:40,677] {taskinstance.py:1032} INFO - Dependencies all met for <TaskInstance: yellow_taxi_data_v2.local_to_gcs_task scheduled__2022-01-02T06:00:00+00:00 [queued]>
[2022-11-16 09:26:40,724] {taskinstance.py:1032} INFO - Dependencies all met for <TaskInstance: yellow_taxi_data_v2.local_to_gcs_task scheduled__2022-01-02T06:00:00+00:00 [queued]>
[2022-11-16 09:26:40,724] {taskinstance.py:1238} INFO - 
--------------------------------------------------------------------------------
[2022-11-16 09:26:40,724] {taskinstance.py:1239} INFO - Starting attempt 1 of 2
[2022-11-16 09:26:40,725] {taskinstance.py:1240} INFO - 
--------------------------------------------------------------------------------
[2022-11-16 09:26:40,767] {taskinstance.py:1259} INFO - Executing <Task(PythonOperator): local_to_gcs_task> on 2022-01-02 06:00:00+00:00
[2022-11-16 09:26:40,785] {standard_task_runner.py:52} INFO - Started process 901 to run task
[2022-11-16 09:26:40,829] {standard_task_runner.py:76} INFO - Running: ['***', 'tasks', 'run', 'yellow_taxi_data_v2', 'local_to_gcs_task', 'scheduled__2022-01-02T06:00:00+00:00', '--job-id', '816', '--raw', '--subdir', 'DAGS_FOLDER/data_ingestion_gcs.py', '--cfg-path', '/tmp/tmploec4usf', '--error-file', '/tmp/tmp43q7lxg3']
[2022-11-16 09:26:40,831] {standard_task_runner.py:77} INFO - Job 816: Subtask local_to_gcs_task
[2022-11-16 09:26:41,047] {logging_mixin.py:109} INFO - Running <TaskInstance: yellow_taxi_data_v2.local_to_gcs_task scheduled__2022-01-02T06:00:00+00:00 [running]> on host 75ceca4d9264
[2022-11-16 09:26:41,213] {warnings.py:110} WARNING - /home/***/.local/lib/python3.7/site-packages/***/utils/context.py:152: AirflowContextDeprecationWarning: Accessing 'execution_date' from the template is deprecated and will be removed in a future version. Please use 'data_interval_start' or 'logical_date' instead.
  warnings.warn(_create_deprecation_warning(key, self._deprecation_replacements[key]))

[2022-11-16 09:26:41,317] {taskinstance.py:1426} INFO - Exporting the following env vars:
AIRFLOW_CTX_DAG_OWNER=***
AIRFLOW_CTX_DAG_ID=yellow_taxi_data_v2
AIRFLOW_CTX_TASK_ID=local_to_gcs_task
AIRFLOW_CTX_EXECUTION_DATE=2022-01-02T06:00:00+00:00
AIRFLOW_CTX_DAG_RUN_ID=scheduled__2022-01-02T06:00:00+00:00
[2022-11-16 09:26:42,215] {python.py:175} INFO - Done. Returned value was: None
[2022-11-16 09:26:42,256] {taskinstance.py:1277} INFO - Marking task as SUCCESS. dag_id=yellow_taxi_data_v2, task_id=local_to_gcs_task, execution_date=20220102T060000, start_date=20221116T092640, end_date=20221116T092642
[2022-11-16 09:26:42,365] {local_task_job.py:154} INFO - Task exited with return code 0
[2022-11-16 09:26:42,475] {local_task_job.py:264} INFO - 1 downstream tasks scheduled from follow-on schedule check
