[2022-11-14 15:53:28,902] {taskinstance.py:1032} INFO - Dependencies all met for <TaskInstance: yellow_taxi_data_v2.rm_task scheduled__2019-05-02T06:00:00+00:00 [queued]>
[2022-11-14 15:53:28,923] {taskinstance.py:1032} INFO - Dependencies all met for <TaskInstance: yellow_taxi_data_v2.rm_task scheduled__2019-05-02T06:00:00+00:00 [queued]>
[2022-11-14 15:53:28,923] {taskinstance.py:1238} INFO - 
--------------------------------------------------------------------------------
[2022-11-14 15:53:28,923] {taskinstance.py:1239} INFO - Starting attempt 1 of 2
[2022-11-14 15:53:28,924] {taskinstance.py:1240} INFO - 
--------------------------------------------------------------------------------
[2022-11-14 15:53:28,949] {taskinstance.py:1259} INFO - Executing <Task(BashOperator): rm_task> on 2019-05-02 06:00:00+00:00
[2022-11-14 15:53:28,968] {standard_task_runner.py:52} INFO - Started process 922 to run task
[2022-11-14 15:53:28,994] {standard_task_runner.py:76} INFO - Running: ['***', 'tasks', 'run', 'yellow_taxi_data_v2', 'rm_task', 'scheduled__2019-05-02T06:00:00+00:00', '--job-id', '183', '--raw', '--subdir', 'DAGS_FOLDER/data_ingestion_gcs.py', '--cfg-path', '/tmp/tmppqzfmchc', '--error-file', '/tmp/tmppj8u2x8s']
[2022-11-14 15:53:29,008] {standard_task_runner.py:77} INFO - Job 183: Subtask rm_task
[2022-11-14 15:53:29,176] {logging_mixin.py:109} INFO - Running <TaskInstance: yellow_taxi_data_v2.rm_task scheduled__2019-05-02T06:00:00+00:00 [running]> on host e030bae48f83
[2022-11-14 15:53:29,266] {warnings.py:110} WARNING - /home/***/.local/lib/python3.7/site-packages/***/utils/context.py:152: AirflowContextDeprecationWarning: Accessing 'execution_date' from the template is deprecated and will be removed in a future version. Please use 'data_interval_start' or 'logical_date' instead.
  warnings.warn(_create_deprecation_warning(key, self._deprecation_replacements[key]))

[2022-11-14 15:53:29,314] {taskinstance.py:1426} INFO - Exporting the following env vars:
AIRFLOW_CTX_DAG_OWNER=***
AIRFLOW_CTX_DAG_ID=yellow_taxi_data_v2
AIRFLOW_CTX_TASK_ID=rm_task
AIRFLOW_CTX_EXECUTION_DATE=2019-05-02T06:00:00+00:00
AIRFLOW_CTX_DAG_RUN_ID=scheduled__2019-05-02T06:00:00+00:00
[2022-11-14 15:53:29,316] {subprocess.py:62} INFO - Tmp dir root location: 
 /tmp
[2022-11-14 15:53:29,317] {subprocess.py:74} INFO - Running command: ['bash', '-c', 'rm /opt/***/yellow_tripdata_2019-05.parquet']
[2022-11-14 15:53:29,340] {subprocess.py:85} INFO - Output:
[2022-11-14 15:53:29,376] {subprocess.py:93} INFO - Command exited with return code 0
[2022-11-14 15:53:29,433] {taskinstance.py:1277} INFO - Marking task as SUCCESS. dag_id=yellow_taxi_data_v2, task_id=rm_task, execution_date=20190502T060000, start_date=20221114T155328, end_date=20221114T155329
[2022-11-14 15:53:29,497] {local_task_job.py:154} INFO - Task exited with return code 0
[2022-11-14 15:53:29,559] {local_task_job.py:264} INFO - 0 downstream tasks scheduled from follow-on schedule check
[2022-11-16 09:21:32,413] {taskinstance.py:1032} INFO - Dependencies all met for <TaskInstance: yellow_taxi_data_v2.rm_task scheduled__2019-05-02T06:00:00+00:00 [queued]>
[2022-11-16 09:21:32,442] {taskinstance.py:1032} INFO - Dependencies all met for <TaskInstance: yellow_taxi_data_v2.rm_task scheduled__2019-05-02T06:00:00+00:00 [queued]>
[2022-11-16 09:21:32,443] {taskinstance.py:1238} INFO - 
--------------------------------------------------------------------------------
[2022-11-16 09:21:32,443] {taskinstance.py:1239} INFO - Starting attempt 1 of 2
[2022-11-16 09:21:32,443] {taskinstance.py:1240} INFO - 
--------------------------------------------------------------------------------
[2022-11-16 09:21:32,468] {taskinstance.py:1259} INFO - Executing <Task(BashOperator): rm_task> on 2019-05-02 06:00:00+00:00
[2022-11-16 09:21:32,477] {standard_task_runner.py:52} INFO - Started process 284 to run task
[2022-11-16 09:21:32,493] {standard_task_runner.py:76} INFO - Running: ['***', 'tasks', 'run', 'yellow_taxi_data_v2', 'rm_task', 'scheduled__2019-05-02T06:00:00+00:00', '--job-id', '721', '--raw', '--subdir', 'DAGS_FOLDER/data_ingestion_gcs.py', '--cfg-path', '/tmp/tmpnotwdh6j', '--error-file', '/tmp/tmp4z9fdwib']
[2022-11-16 09:21:32,495] {standard_task_runner.py:77} INFO - Job 721: Subtask rm_task
[2022-11-16 09:21:32,624] {logging_mixin.py:109} INFO - Running <TaskInstance: yellow_taxi_data_v2.rm_task scheduled__2019-05-02T06:00:00+00:00 [running]> on host 75ceca4d9264
[2022-11-16 09:21:32,783] {warnings.py:110} WARNING - /home/***/.local/lib/python3.7/site-packages/***/utils/context.py:152: AirflowContextDeprecationWarning: Accessing 'execution_date' from the template is deprecated and will be removed in a future version. Please use 'data_interval_start' or 'logical_date' instead.
  warnings.warn(_create_deprecation_warning(key, self._deprecation_replacements[key]))

[2022-11-16 09:21:32,886] {taskinstance.py:1426} INFO - Exporting the following env vars:
AIRFLOW_CTX_DAG_OWNER=***
AIRFLOW_CTX_DAG_ID=yellow_taxi_data_v2
AIRFLOW_CTX_TASK_ID=rm_task
AIRFLOW_CTX_EXECUTION_DATE=2019-05-02T06:00:00+00:00
AIRFLOW_CTX_DAG_RUN_ID=scheduled__2019-05-02T06:00:00+00:00
[2022-11-16 09:21:32,888] {subprocess.py:62} INFO - Tmp dir root location: 
 /tmp
[2022-11-16 09:21:32,889] {subprocess.py:74} INFO - Running command: ['bash', '-c', 'rm /opt/***/yellow_tripdata_2019-05.parquet']
[2022-11-16 09:21:32,912] {subprocess.py:85} INFO - Output:
[2022-11-16 09:21:32,967] {subprocess.py:93} INFO - Command exited with return code 0
[2022-11-16 09:21:33,032] {taskinstance.py:1277} INFO - Marking task as SUCCESS. dag_id=yellow_taxi_data_v2, task_id=rm_task, execution_date=20190502T060000, start_date=20221116T092132, end_date=20221116T092133
[2022-11-16 09:21:33,111] {local_task_job.py:154} INFO - Task exited with return code 0
[2022-11-16 09:21:33,175] {local_task_job.py:264} INFO - 0 downstream tasks scheduled from follow-on schedule check
