[2022-11-14 16:23:18,841] {taskinstance.py:1032} INFO - Dependencies all met for <TaskInstance: green_taxi_data_v1.rm_task scheduled__2019-04-02T07:00:00+00:00 [queued]>
[2022-11-14 16:23:18,863] {taskinstance.py:1032} INFO - Dependencies all met for <TaskInstance: green_taxi_data_v1.rm_task scheduled__2019-04-02T07:00:00+00:00 [queued]>
[2022-11-14 16:23:18,863] {taskinstance.py:1238} INFO - 
--------------------------------------------------------------------------------
[2022-11-14 16:23:18,863] {taskinstance.py:1239} INFO - Starting attempt 1 of 2
[2022-11-14 16:23:18,864] {taskinstance.py:1240} INFO - 
--------------------------------------------------------------------------------
[2022-11-14 16:23:18,888] {taskinstance.py:1259} INFO - Executing <Task(BashOperator): rm_task> on 2019-04-02 07:00:00+00:00
[2022-11-14 16:23:18,898] {standard_task_runner.py:52} INFO - Started process 2718 to run task
[2022-11-14 16:23:18,914] {standard_task_runner.py:76} INFO - Running: ['***', 'tasks', 'run', 'green_taxi_data_v1', 'rm_task', 'scheduled__2019-04-02T07:00:00+00:00', '--job-id', '321', '--raw', '--subdir', 'DAGS_FOLDER/data_ingestion_gcs.py', '--cfg-path', '/tmp/tmpn74ijxi3', '--error-file', '/tmp/tmpczuxnori']
[2022-11-14 16:23:18,917] {standard_task_runner.py:77} INFO - Job 321: Subtask rm_task
[2022-11-14 16:23:19,078] {logging_mixin.py:109} INFO - Running <TaskInstance: green_taxi_data_v1.rm_task scheduled__2019-04-02T07:00:00+00:00 [running]> on host e030bae48f83
[2022-11-14 16:23:19,185] {warnings.py:110} WARNING - /home/***/.local/lib/python3.7/site-packages/***/utils/context.py:152: AirflowContextDeprecationWarning: Accessing 'execution_date' from the template is deprecated and will be removed in a future version. Please use 'data_interval_start' or 'logical_date' instead.
  warnings.warn(_create_deprecation_warning(key, self._deprecation_replacements[key]))

[2022-11-14 16:23:19,228] {taskinstance.py:1426} INFO - Exporting the following env vars:
AIRFLOW_CTX_DAG_OWNER=***
AIRFLOW_CTX_DAG_ID=green_taxi_data_v1
AIRFLOW_CTX_TASK_ID=rm_task
AIRFLOW_CTX_EXECUTION_DATE=2019-04-02T07:00:00+00:00
AIRFLOW_CTX_DAG_RUN_ID=scheduled__2019-04-02T07:00:00+00:00
[2022-11-14 16:23:19,230] {subprocess.py:62} INFO - Tmp dir root location: 
 /tmp
[2022-11-14 16:23:19,231] {subprocess.py:74} INFO - Running command: ['bash', '-c', 'rm /opt/***/green_tripdata_2019-04.parquet']
[2022-11-14 16:23:19,253] {subprocess.py:85} INFO - Output:
[2022-11-14 16:23:19,262] {subprocess.py:93} INFO - Command exited with return code 0
[2022-11-14 16:23:19,319] {taskinstance.py:1277} INFO - Marking task as SUCCESS. dag_id=green_taxi_data_v1, task_id=rm_task, execution_date=20190402T070000, start_date=20221114T162318, end_date=20221114T162319
[2022-11-14 16:23:19,372] {local_task_job.py:154} INFO - Task exited with return code 0
[2022-11-14 16:23:19,420] {local_task_job.py:264} INFO - 0 downstream tasks scheduled from follow-on schedule check
