[2022-11-14 15:54:25,827] {taskinstance.py:1032} INFO - Dependencies all met for <TaskInstance: yellow_taxi_data_v2.local_to_gcs_task scheduled__2019-12-02T06:00:00+00:00 [queued]>
[2022-11-14 15:54:25,847] {taskinstance.py:1032} INFO - Dependencies all met for <TaskInstance: yellow_taxi_data_v2.local_to_gcs_task scheduled__2019-12-02T06:00:00+00:00 [queued]>
[2022-11-14 15:54:25,847] {taskinstance.py:1238} INFO - 
--------------------------------------------------------------------------------
[2022-11-14 15:54:25,848] {taskinstance.py:1239} INFO - Starting attempt 1 of 2
[2022-11-14 15:54:25,848] {taskinstance.py:1240} INFO - 
--------------------------------------------------------------------------------
[2022-11-14 15:54:25,863] {taskinstance.py:1259} INFO - Executing <Task(PythonOperator): local_to_gcs_task> on 2019-12-02 06:00:00+00:00
[2022-11-14 15:54:25,872] {standard_task_runner.py:52} INFO - Started process 1031 to run task
[2022-11-14 15:54:25,882] {standard_task_runner.py:76} INFO - Running: ['***', 'tasks', 'run', 'yellow_taxi_data_v2', 'local_to_gcs_task', 'scheduled__2019-12-02T06:00:00+00:00', '--job-id', '200', '--raw', '--subdir', 'DAGS_FOLDER/data_ingestion_gcs.py', '--cfg-path', '/tmp/tmpi6laxr1g', '--error-file', '/tmp/tmpwtdzcd53']
[2022-11-14 15:54:25,884] {standard_task_runner.py:77} INFO - Job 200: Subtask local_to_gcs_task
[2022-11-14 15:54:25,982] {logging_mixin.py:109} INFO - Running <TaskInstance: yellow_taxi_data_v2.local_to_gcs_task scheduled__2019-12-02T06:00:00+00:00 [running]> on host e030bae48f83
[2022-11-14 15:54:26,055] {warnings.py:110} WARNING - /home/***/.local/lib/python3.7/site-packages/***/utils/context.py:152: AirflowContextDeprecationWarning: Accessing 'execution_date' from the template is deprecated and will be removed in a future version. Please use 'data_interval_start' or 'logical_date' instead.
  warnings.warn(_create_deprecation_warning(key, self._deprecation_replacements[key]))

[2022-11-14 15:54:26,084] {taskinstance.py:1426} INFO - Exporting the following env vars:
AIRFLOW_CTX_DAG_OWNER=***
AIRFLOW_CTX_DAG_ID=yellow_taxi_data_v2
AIRFLOW_CTX_TASK_ID=local_to_gcs_task
AIRFLOW_CTX_EXECUTION_DATE=2019-12-02T06:00:00+00:00
AIRFLOW_CTX_DAG_RUN_ID=scheduled__2019-12-02T06:00:00+00:00
[2022-11-14 15:54:27,601] {python.py:175} INFO - Done. Returned value was: None
[2022-11-14 15:54:27,625] {taskinstance.py:1277} INFO - Marking task as SUCCESS. dag_id=yellow_taxi_data_v2, task_id=local_to_gcs_task, execution_date=20191202T060000, start_date=20221114T155425, end_date=20221114T155427
[2022-11-14 15:54:27,667] {local_task_job.py:154} INFO - Task exited with return code 0
[2022-11-14 15:54:27,737] {local_task_job.py:264} INFO - 1 downstream tasks scheduled from follow-on schedule check
[2022-11-16 09:22:29,350] {taskinstance.py:1032} INFO - Dependencies all met for <TaskInstance: yellow_taxi_data_v2.local_to_gcs_task scheduled__2019-12-02T06:00:00+00:00 [queued]>
[2022-11-16 09:22:29,374] {taskinstance.py:1032} INFO - Dependencies all met for <TaskInstance: yellow_taxi_data_v2.local_to_gcs_task scheduled__2019-12-02T06:00:00+00:00 [queued]>
[2022-11-16 09:22:29,374] {taskinstance.py:1238} INFO - 
--------------------------------------------------------------------------------
[2022-11-16 09:22:29,375] {taskinstance.py:1239} INFO - Starting attempt 1 of 2
[2022-11-16 09:22:29,375] {taskinstance.py:1240} INFO - 
--------------------------------------------------------------------------------
[2022-11-16 09:22:29,397] {taskinstance.py:1259} INFO - Executing <Task(PythonOperator): local_to_gcs_task> on 2019-12-02 06:00:00+00:00
[2022-11-16 09:22:29,406] {standard_task_runner.py:52} INFO - Started process 395 to run task
[2022-11-16 09:22:29,420] {standard_task_runner.py:76} INFO - Running: ['***', 'tasks', 'run', 'yellow_taxi_data_v2', 'local_to_gcs_task', 'scheduled__2019-12-02T06:00:00+00:00', '--job-id', '737', '--raw', '--subdir', 'DAGS_FOLDER/data_ingestion_gcs.py', '--cfg-path', '/tmp/tmp41sx3_a0', '--error-file', '/tmp/tmpkmgyby08']
[2022-11-16 09:22:29,421] {standard_task_runner.py:77} INFO - Job 737: Subtask local_to_gcs_task
[2022-11-16 09:22:29,531] {logging_mixin.py:109} INFO - Running <TaskInstance: yellow_taxi_data_v2.local_to_gcs_task scheduled__2019-12-02T06:00:00+00:00 [running]> on host 75ceca4d9264
[2022-11-16 09:22:29,677] {warnings.py:110} WARNING - /home/***/.local/lib/python3.7/site-packages/***/utils/context.py:152: AirflowContextDeprecationWarning: Accessing 'execution_date' from the template is deprecated and will be removed in a future version. Please use 'data_interval_start' or 'logical_date' instead.
  warnings.warn(_create_deprecation_warning(key, self._deprecation_replacements[key]))

[2022-11-16 09:22:29,733] {taskinstance.py:1426} INFO - Exporting the following env vars:
AIRFLOW_CTX_DAG_OWNER=***
AIRFLOW_CTX_DAG_ID=yellow_taxi_data_v2
AIRFLOW_CTX_TASK_ID=local_to_gcs_task
AIRFLOW_CTX_EXECUTION_DATE=2019-12-02T06:00:00+00:00
AIRFLOW_CTX_DAG_RUN_ID=scheduled__2019-12-02T06:00:00+00:00
[2022-11-16 09:22:31,221] {python.py:175} INFO - Done. Returned value was: None
[2022-11-16 09:22:31,236] {taskinstance.py:1277} INFO - Marking task as SUCCESS. dag_id=yellow_taxi_data_v2, task_id=local_to_gcs_task, execution_date=20191202T060000, start_date=20221116T092229, end_date=20221116T092231
[2022-11-16 09:22:31,263] {local_task_job.py:154} INFO - Task exited with return code 0
[2022-11-16 09:22:31,321] {local_task_job.py:264} INFO - 1 downstream tasks scheduled from follow-on schedule check
