[2022-11-14 15:55:01,247] {taskinstance.py:1032} INFO - Dependencies all met for <TaskInstance: yellow_taxi_data_v2.rm_task scheduled__2020-02-02T06:00:00+00:00 [queued]>
[2022-11-14 15:55:01,283] {taskinstance.py:1032} INFO - Dependencies all met for <TaskInstance: yellow_taxi_data_v2.rm_task scheduled__2020-02-02T06:00:00+00:00 [queued]>
[2022-11-14 15:55:01,283] {taskinstance.py:1238} INFO - 
--------------------------------------------------------------------------------
[2022-11-14 15:55:01,284] {taskinstance.py:1239} INFO - Starting attempt 1 of 2
[2022-11-14 15:55:01,284] {taskinstance.py:1240} INFO - 
--------------------------------------------------------------------------------
[2022-11-14 15:55:01,326] {taskinstance.py:1259} INFO - Executing <Task(BashOperator): rm_task> on 2020-02-02 06:00:00+00:00
[2022-11-14 15:55:01,337] {standard_task_runner.py:52} INFO - Started process 1106 to run task
[2022-11-14 15:55:01,351] {standard_task_runner.py:76} INFO - Running: ['***', 'tasks', 'run', 'yellow_taxi_data_v2', 'rm_task', 'scheduled__2020-02-02T06:00:00+00:00', '--job-id', '212', '--raw', '--subdir', 'DAGS_FOLDER/data_ingestion_gcs.py', '--cfg-path', '/tmp/tmpune7auuv', '--error-file', '/tmp/tmpd20mktan']
[2022-11-14 15:55:01,353] {standard_task_runner.py:77} INFO - Job 212: Subtask rm_task
[2022-11-14 15:55:01,479] {logging_mixin.py:109} INFO - Running <TaskInstance: yellow_taxi_data_v2.rm_task scheduled__2020-02-02T06:00:00+00:00 [running]> on host e030bae48f83
[2022-11-14 15:55:01,574] {warnings.py:110} WARNING - /home/***/.local/lib/python3.7/site-packages/***/utils/context.py:152: AirflowContextDeprecationWarning: Accessing 'execution_date' from the template is deprecated and will be removed in a future version. Please use 'data_interval_start' or 'logical_date' instead.
  warnings.warn(_create_deprecation_warning(key, self._deprecation_replacements[key]))

[2022-11-14 15:55:01,613] {taskinstance.py:1426} INFO - Exporting the following env vars:
AIRFLOW_CTX_DAG_OWNER=***
AIRFLOW_CTX_DAG_ID=yellow_taxi_data_v2
AIRFLOW_CTX_TASK_ID=rm_task
AIRFLOW_CTX_EXECUTION_DATE=2020-02-02T06:00:00+00:00
AIRFLOW_CTX_DAG_RUN_ID=scheduled__2020-02-02T06:00:00+00:00
[2022-11-14 15:55:01,615] {subprocess.py:62} INFO - Tmp dir root location: 
 /tmp
[2022-11-14 15:55:01,616] {subprocess.py:74} INFO - Running command: ['bash', '-c', 'rm /opt/***/yellow_tripdata_2020-02.parquet']
[2022-11-14 15:55:01,643] {subprocess.py:85} INFO - Output:
[2022-11-14 15:55:01,677] {subprocess.py:93} INFO - Command exited with return code 0
[2022-11-14 15:55:01,735] {taskinstance.py:1277} INFO - Marking task as SUCCESS. dag_id=yellow_taxi_data_v2, task_id=rm_task, execution_date=20200202T060000, start_date=20221114T155501, end_date=20221114T155501
[2022-11-14 15:55:01,788] {local_task_job.py:154} INFO - Task exited with return code 0
[2022-11-14 15:55:01,850] {local_task_job.py:264} INFO - 0 downstream tasks scheduled from follow-on schedule check
