[2022-11-14 16:40:10,019] {taskinstance.py:1032} INFO - Dependencies all met for <TaskInstance: fhv_taxi_data_v1.download_dataset_task scheduled__2022-01-02T08:00:00+00:00 [queued]>
[2022-11-14 16:40:10,042] {taskinstance.py:1032} INFO - Dependencies all met for <TaskInstance: fhv_taxi_data_v1.download_dataset_task scheduled__2022-01-02T08:00:00+00:00 [queued]>
[2022-11-14 16:40:10,042] {taskinstance.py:1238} INFO - 
--------------------------------------------------------------------------------
[2022-11-14 16:40:10,043] {taskinstance.py:1239} INFO - Starting attempt 1 of 2
[2022-11-14 16:40:10,043] {taskinstance.py:1240} INFO - 
--------------------------------------------------------------------------------
[2022-11-14 16:40:10,069] {taskinstance.py:1259} INFO - Executing <Task(BashOperator): download_dataset_task> on 2022-01-02 08:00:00+00:00
[2022-11-14 16:40:10,081] {standard_task_runner.py:52} INFO - Started process 4840 to run task
[2022-11-14 16:40:10,104] {standard_task_runner.py:76} INFO - Running: ['***', 'tasks', 'run', 'fhv_taxi_data_v1', 'download_dataset_task', 'scheduled__2022-01-02T08:00:00+00:00', '--job-id', '662', '--raw', '--subdir', 'DAGS_FOLDER/data_ingestion_gcs.py', '--cfg-path', '/tmp/tmptmt4b82s', '--error-file', '/tmp/tmpyx221yl2']
[2022-11-14 16:40:10,110] {standard_task_runner.py:77} INFO - Job 662: Subtask download_dataset_task
[2022-11-14 16:40:10,224] {logging_mixin.py:109} INFO - Running <TaskInstance: fhv_taxi_data_v1.download_dataset_task scheduled__2022-01-02T08:00:00+00:00 [running]> on host e030bae48f83
[2022-11-14 16:40:10,303] {warnings.py:110} WARNING - /home/***/.local/lib/python3.7/site-packages/***/utils/context.py:152: AirflowContextDeprecationWarning: Accessing 'execution_date' from the template is deprecated and will be removed in a future version. Please use 'data_interval_start' or 'logical_date' instead.
  warnings.warn(_create_deprecation_warning(key, self._deprecation_replacements[key]))

[2022-11-14 16:40:10,337] {taskinstance.py:1426} INFO - Exporting the following env vars:
AIRFLOW_CTX_DAG_OWNER=***
AIRFLOW_CTX_DAG_ID=fhv_taxi_data_v1
AIRFLOW_CTX_TASK_ID=download_dataset_task
AIRFLOW_CTX_EXECUTION_DATE=2022-01-02T08:00:00+00:00
AIRFLOW_CTX_DAG_RUN_ID=scheduled__2022-01-02T08:00:00+00:00
[2022-11-14 16:40:10,339] {subprocess.py:62} INFO - Tmp dir root location: 
 /tmp
[2022-11-14 16:40:10,340] {subprocess.py:74} INFO - Running command: ['bash', '-c', 'curl -sSLf https://d37ci6vzurychx.cloudfront.net/trip-data/fhv_tripdata_2022-01.parquet > /opt/***/fhv_tripdata_2022-01.parquet']
[2022-11-14 16:40:10,364] {subprocess.py:85} INFO - Output:
[2022-11-14 16:40:10,902] {subprocess.py:93} INFO - Command exited with return code 0
[2022-11-14 16:40:10,941] {taskinstance.py:1277} INFO - Marking task as SUCCESS. dag_id=fhv_taxi_data_v1, task_id=download_dataset_task, execution_date=20220102T080000, start_date=20221114T164010, end_date=20221114T164010
[2022-11-14 16:40:10,970] {local_task_job.py:154} INFO - Task exited with return code 0
[2022-11-14 16:40:11,021] {local_task_job.py:264} INFO - 1 downstream tasks scheduled from follow-on schedule check
