[2022-11-14 15:54:30,368] {taskinstance.py:1032} INFO - Dependencies all met for <TaskInstance: yellow_taxi_data_v2.rm_task scheduled__2019-12-02T06:00:00+00:00 [queued]>
[2022-11-14 15:54:30,388] {taskinstance.py:1032} INFO - Dependencies all met for <TaskInstance: yellow_taxi_data_v2.rm_task scheduled__2019-12-02T06:00:00+00:00 [queued]>
[2022-11-14 15:54:30,388] {taskinstance.py:1238} INFO - 
--------------------------------------------------------------------------------
[2022-11-14 15:54:30,389] {taskinstance.py:1239} INFO - Starting attempt 1 of 2
[2022-11-14 15:54:30,389] {taskinstance.py:1240} INFO - 
--------------------------------------------------------------------------------
[2022-11-14 15:54:30,412] {taskinstance.py:1259} INFO - Executing <Task(BashOperator): rm_task> on 2019-12-02 06:00:00+00:00
[2022-11-14 15:54:30,421] {standard_task_runner.py:52} INFO - Started process 1048 to run task
[2022-11-14 15:54:30,438] {standard_task_runner.py:76} INFO - Running: ['***', 'tasks', 'run', 'yellow_taxi_data_v2', 'rm_task', 'scheduled__2019-12-02T06:00:00+00:00', '--job-id', '202', '--raw', '--subdir', 'DAGS_FOLDER/data_ingestion_gcs.py', '--cfg-path', '/tmp/tmpt8n1buj5', '--error-file', '/tmp/tmpfgeup_oo']
[2022-11-14 15:54:30,440] {standard_task_runner.py:77} INFO - Job 202: Subtask rm_task
[2022-11-14 15:54:30,584] {logging_mixin.py:109} INFO - Running <TaskInstance: yellow_taxi_data_v2.rm_task scheduled__2019-12-02T06:00:00+00:00 [running]> on host e030bae48f83
[2022-11-14 15:54:30,680] {warnings.py:110} WARNING - /home/***/.local/lib/python3.7/site-packages/***/utils/context.py:152: AirflowContextDeprecationWarning: Accessing 'execution_date' from the template is deprecated and will be removed in a future version. Please use 'data_interval_start' or 'logical_date' instead.
  warnings.warn(_create_deprecation_warning(key, self._deprecation_replacements[key]))

[2022-11-14 15:54:30,722] {taskinstance.py:1426} INFO - Exporting the following env vars:
AIRFLOW_CTX_DAG_OWNER=***
AIRFLOW_CTX_DAG_ID=yellow_taxi_data_v2
AIRFLOW_CTX_TASK_ID=rm_task
AIRFLOW_CTX_EXECUTION_DATE=2019-12-02T06:00:00+00:00
AIRFLOW_CTX_DAG_RUN_ID=scheduled__2019-12-02T06:00:00+00:00
[2022-11-14 15:54:30,724] {subprocess.py:62} INFO - Tmp dir root location: 
 /tmp
[2022-11-14 15:54:30,725] {subprocess.py:74} INFO - Running command: ['bash', '-c', 'rm /opt/***/yellow_tripdata_2019-12.parquet']
[2022-11-14 15:54:30,752] {subprocess.py:85} INFO - Output:
[2022-11-14 15:54:30,793] {subprocess.py:93} INFO - Command exited with return code 0
[2022-11-14 15:54:30,846] {taskinstance.py:1277} INFO - Marking task as SUCCESS. dag_id=yellow_taxi_data_v2, task_id=rm_task, execution_date=20191202T060000, start_date=20221114T155430, end_date=20221114T155430
[2022-11-14 15:54:30,900] {local_task_job.py:154} INFO - Task exited with return code 0
[2022-11-14 15:54:30,956] {local_task_job.py:264} INFO - 0 downstream tasks scheduled from follow-on schedule check
[2022-11-16 09:22:33,009] {taskinstance.py:1032} INFO - Dependencies all met for <TaskInstance: yellow_taxi_data_v2.rm_task scheduled__2019-12-02T06:00:00+00:00 [queued]>
[2022-11-16 09:22:33,023] {taskinstance.py:1032} INFO - Dependencies all met for <TaskInstance: yellow_taxi_data_v2.rm_task scheduled__2019-12-02T06:00:00+00:00 [queued]>
[2022-11-16 09:22:33,023] {taskinstance.py:1238} INFO - 
--------------------------------------------------------------------------------
[2022-11-16 09:22:33,023] {taskinstance.py:1239} INFO - Starting attempt 1 of 2
[2022-11-16 09:22:33,024] {taskinstance.py:1240} INFO - 
--------------------------------------------------------------------------------
[2022-11-16 09:22:33,038] {taskinstance.py:1259} INFO - Executing <Task(BashOperator): rm_task> on 2019-12-02 06:00:00+00:00
[2022-11-16 09:22:33,046] {standard_task_runner.py:52} INFO - Started process 401 to run task
[2022-11-16 09:22:33,055] {standard_task_runner.py:76} INFO - Running: ['***', 'tasks', 'run', 'yellow_taxi_data_v2', 'rm_task', 'scheduled__2019-12-02T06:00:00+00:00', '--job-id', '740', '--raw', '--subdir', 'DAGS_FOLDER/data_ingestion_gcs.py', '--cfg-path', '/tmp/tmpdwnh2ys4', '--error-file', '/tmp/tmpu3kscjph']
[2022-11-16 09:22:33,056] {standard_task_runner.py:77} INFO - Job 740: Subtask rm_task
[2022-11-16 09:22:33,148] {logging_mixin.py:109} INFO - Running <TaskInstance: yellow_taxi_data_v2.rm_task scheduled__2019-12-02T06:00:00+00:00 [running]> on host 75ceca4d9264
[2022-11-16 09:22:33,203] {warnings.py:110} WARNING - /home/***/.local/lib/python3.7/site-packages/***/utils/context.py:152: AirflowContextDeprecationWarning: Accessing 'execution_date' from the template is deprecated and will be removed in a future version. Please use 'data_interval_start' or 'logical_date' instead.
  warnings.warn(_create_deprecation_warning(key, self._deprecation_replacements[key]))

[2022-11-16 09:22:33,235] {taskinstance.py:1426} INFO - Exporting the following env vars:
AIRFLOW_CTX_DAG_OWNER=***
AIRFLOW_CTX_DAG_ID=yellow_taxi_data_v2
AIRFLOW_CTX_TASK_ID=rm_task
AIRFLOW_CTX_EXECUTION_DATE=2019-12-02T06:00:00+00:00
AIRFLOW_CTX_DAG_RUN_ID=scheduled__2019-12-02T06:00:00+00:00
[2022-11-16 09:22:33,237] {subprocess.py:62} INFO - Tmp dir root location: 
 /tmp
[2022-11-16 09:22:33,238] {subprocess.py:74} INFO - Running command: ['bash', '-c', 'rm /opt/***/yellow_tripdata_2019-12.parquet']
[2022-11-16 09:22:33,256] {subprocess.py:85} INFO - Output:
[2022-11-16 09:22:33,287] {subprocess.py:93} INFO - Command exited with return code 0
[2022-11-16 09:22:33,325] {taskinstance.py:1277} INFO - Marking task as SUCCESS. dag_id=yellow_taxi_data_v2, task_id=rm_task, execution_date=20191202T060000, start_date=20221116T092233, end_date=20221116T092233
[2022-11-16 09:22:33,388] {local_task_job.py:154} INFO - Task exited with return code 0
[2022-11-16 09:22:33,428] {local_task_job.py:264} INFO - 0 downstream tasks scheduled from follow-on schedule check
