[2022-11-14 15:54:56,096] {taskinstance.py:1032} INFO - Dependencies all met for <TaskInstance: yellow_taxi_data_v2.local_to_gcs_task scheduled__2020-02-02T06:00:00+00:00 [queued]>
[2022-11-14 15:54:56,122] {taskinstance.py:1032} INFO - Dependencies all met for <TaskInstance: yellow_taxi_data_v2.local_to_gcs_task scheduled__2020-02-02T06:00:00+00:00 [queued]>
[2022-11-14 15:54:56,136] {taskinstance.py:1238} INFO - 
--------------------------------------------------------------------------------
[2022-11-14 15:54:56,137] {taskinstance.py:1239} INFO - Starting attempt 1 of 2
[2022-11-14 15:54:56,137] {taskinstance.py:1240} INFO - 
--------------------------------------------------------------------------------
[2022-11-14 15:54:56,180] {taskinstance.py:1259} INFO - Executing <Task(PythonOperator): local_to_gcs_task> on 2020-02-02 06:00:00+00:00
[2022-11-14 15:54:56,190] {standard_task_runner.py:52} INFO - Started process 1094 to run task
[2022-11-14 15:54:56,209] {standard_task_runner.py:76} INFO - Running: ['***', 'tasks', 'run', 'yellow_taxi_data_v2', 'local_to_gcs_task', 'scheduled__2020-02-02T06:00:00+00:00', '--job-id', '207', '--raw', '--subdir', 'DAGS_FOLDER/data_ingestion_gcs.py', '--cfg-path', '/tmp/tmpe89z1vxg', '--error-file', '/tmp/tmp_k7oc1h0']
[2022-11-14 15:54:56,212] {standard_task_runner.py:77} INFO - Job 207: Subtask local_to_gcs_task
[2022-11-14 15:54:56,341] {logging_mixin.py:109} INFO - Running <TaskInstance: yellow_taxi_data_v2.local_to_gcs_task scheduled__2020-02-02T06:00:00+00:00 [running]> on host e030bae48f83
[2022-11-14 15:54:56,420] {warnings.py:110} WARNING - /home/***/.local/lib/python3.7/site-packages/***/utils/context.py:152: AirflowContextDeprecationWarning: Accessing 'execution_date' from the template is deprecated and will be removed in a future version. Please use 'data_interval_start' or 'logical_date' instead.
  warnings.warn(_create_deprecation_warning(key, self._deprecation_replacements[key]))

[2022-11-14 15:54:56,459] {taskinstance.py:1426} INFO - Exporting the following env vars:
AIRFLOW_CTX_DAG_OWNER=***
AIRFLOW_CTX_DAG_ID=yellow_taxi_data_v2
AIRFLOW_CTX_TASK_ID=local_to_gcs_task
AIRFLOW_CTX_EXECUTION_DATE=2020-02-02T06:00:00+00:00
AIRFLOW_CTX_DAG_RUN_ID=scheduled__2020-02-02T06:00:00+00:00
[2022-11-14 15:54:57,989] {python.py:175} INFO - Done. Returned value was: None
[2022-11-14 15:54:58,123] {taskinstance.py:1277} INFO - Marking task as SUCCESS. dag_id=yellow_taxi_data_v2, task_id=local_to_gcs_task, execution_date=20200202T060000, start_date=20221114T155456, end_date=20221114T155458
[2022-11-14 15:54:58,196] {local_task_job.py:154} INFO - Task exited with return code 0
[2022-11-14 15:54:58,285] {local_task_job.py:264} INFO - 1 downstream tasks scheduled from follow-on schedule check
[2022-11-16 09:22:48,578] {taskinstance.py:1032} INFO - Dependencies all met for <TaskInstance: yellow_taxi_data_v2.local_to_gcs_task scheduled__2020-02-02T06:00:00+00:00 [queued]>
[2022-11-16 09:22:48,591] {taskinstance.py:1032} INFO - Dependencies all met for <TaskInstance: yellow_taxi_data_v2.local_to_gcs_task scheduled__2020-02-02T06:00:00+00:00 [queued]>
[2022-11-16 09:22:48,591] {taskinstance.py:1238} INFO - 
--------------------------------------------------------------------------------
[2022-11-16 09:22:48,591] {taskinstance.py:1239} INFO - Starting attempt 1 of 2
[2022-11-16 09:22:48,592] {taskinstance.py:1240} INFO - 
--------------------------------------------------------------------------------
[2022-11-16 09:22:48,611] {taskinstance.py:1259} INFO - Executing <Task(PythonOperator): local_to_gcs_task> on 2020-02-02 06:00:00+00:00
[2022-11-16 09:22:48,622] {standard_task_runner.py:52} INFO - Started process 430 to run task
[2022-11-16 09:22:48,628] {standard_task_runner.py:76} INFO - Running: ['***', 'tasks', 'run', 'yellow_taxi_data_v2', 'local_to_gcs_task', 'scheduled__2020-02-02T06:00:00+00:00', '--job-id', '744', '--raw', '--subdir', 'DAGS_FOLDER/data_ingestion_gcs.py', '--cfg-path', '/tmp/tmpvolrg5o6', '--error-file', '/tmp/tmph5iljde6']
[2022-11-16 09:22:48,630] {standard_task_runner.py:77} INFO - Job 744: Subtask local_to_gcs_task
[2022-11-16 09:22:48,715] {logging_mixin.py:109} INFO - Running <TaskInstance: yellow_taxi_data_v2.local_to_gcs_task scheduled__2020-02-02T06:00:00+00:00 [running]> on host 75ceca4d9264
[2022-11-16 09:22:48,766] {warnings.py:110} WARNING - /home/***/.local/lib/python3.7/site-packages/***/utils/context.py:152: AirflowContextDeprecationWarning: Accessing 'execution_date' from the template is deprecated and will be removed in a future version. Please use 'data_interval_start' or 'logical_date' instead.
  warnings.warn(_create_deprecation_warning(key, self._deprecation_replacements[key]))

[2022-11-16 09:22:48,804] {taskinstance.py:1426} INFO - Exporting the following env vars:
AIRFLOW_CTX_DAG_OWNER=***
AIRFLOW_CTX_DAG_ID=yellow_taxi_data_v2
AIRFLOW_CTX_TASK_ID=local_to_gcs_task
AIRFLOW_CTX_EXECUTION_DATE=2020-02-02T06:00:00+00:00
AIRFLOW_CTX_DAG_RUN_ID=scheduled__2020-02-02T06:00:00+00:00
[2022-11-16 09:22:50,190] {python.py:175} INFO - Done. Returned value was: None
[2022-11-16 09:22:50,210] {taskinstance.py:1277} INFO - Marking task as SUCCESS. dag_id=yellow_taxi_data_v2, task_id=local_to_gcs_task, execution_date=20200202T060000, start_date=20221116T092248, end_date=20221116T092250
[2022-11-16 09:22:50,251] {local_task_job.py:154} INFO - Task exited with return code 0
[2022-11-16 09:22:50,303] {local_task_job.py:264} INFO - 1 downstream tasks scheduled from follow-on schedule check
