[2022-11-14 15:55:21,457] {taskinstance.py:1032} INFO - Dependencies all met for <TaskInstance: yellow_taxi_data_v2.local_to_gcs_task scheduled__2020-09-02T06:00:00+00:00 [queued]>
[2022-11-14 15:55:21,477] {taskinstance.py:1032} INFO - Dependencies all met for <TaskInstance: yellow_taxi_data_v2.local_to_gcs_task scheduled__2020-09-02T06:00:00+00:00 [queued]>
[2022-11-14 15:55:21,477] {taskinstance.py:1238} INFO - 
--------------------------------------------------------------------------------
[2022-11-14 15:55:21,478] {taskinstance.py:1239} INFO - Starting attempt 1 of 2
[2022-11-14 15:55:21,478] {taskinstance.py:1240} INFO - 
--------------------------------------------------------------------------------
[2022-11-14 15:55:21,509] {taskinstance.py:1259} INFO - Executing <Task(PythonOperator): local_to_gcs_task> on 2020-09-02 06:00:00+00:00
[2022-11-14 15:55:21,523] {standard_task_runner.py:52} INFO - Started process 1182 to run task
[2022-11-14 15:55:21,537] {standard_task_runner.py:76} INFO - Running: ['***', 'tasks', 'run', 'yellow_taxi_data_v2', 'local_to_gcs_task', 'scheduled__2020-09-02T06:00:00+00:00', '--job-id', '226', '--raw', '--subdir', 'DAGS_FOLDER/data_ingestion_gcs.py', '--cfg-path', '/tmp/tmpeiot5wcm', '--error-file', '/tmp/tmp98vcjom3']
[2022-11-14 15:55:21,539] {standard_task_runner.py:77} INFO - Job 226: Subtask local_to_gcs_task
[2022-11-14 15:55:21,685] {logging_mixin.py:109} INFO - Running <TaskInstance: yellow_taxi_data_v2.local_to_gcs_task scheduled__2020-09-02T06:00:00+00:00 [running]> on host e030bae48f83
[2022-11-14 15:55:21,786] {warnings.py:110} WARNING - /home/***/.local/lib/python3.7/site-packages/***/utils/context.py:152: AirflowContextDeprecationWarning: Accessing 'execution_date' from the template is deprecated and will be removed in a future version. Please use 'data_interval_start' or 'logical_date' instead.
  warnings.warn(_create_deprecation_warning(key, self._deprecation_replacements[key]))

[2022-11-14 15:55:21,839] {taskinstance.py:1426} INFO - Exporting the following env vars:
AIRFLOW_CTX_DAG_OWNER=***
AIRFLOW_CTX_DAG_ID=yellow_taxi_data_v2
AIRFLOW_CTX_TASK_ID=local_to_gcs_task
AIRFLOW_CTX_EXECUTION_DATE=2020-09-02T06:00:00+00:00
AIRFLOW_CTX_DAG_RUN_ID=scheduled__2020-09-02T06:00:00+00:00
[2022-11-14 15:55:22,568] {python.py:175} INFO - Done. Returned value was: None
[2022-11-14 15:55:22,594] {taskinstance.py:1277} INFO - Marking task as SUCCESS. dag_id=yellow_taxi_data_v2, task_id=local_to_gcs_task, execution_date=20200902T060000, start_date=20221114T155521, end_date=20221114T155522
[2022-11-14 15:55:22,630] {local_task_job.py:154} INFO - Task exited with return code 0
[2022-11-14 15:55:22,691] {local_task_job.py:264} INFO - 1 downstream tasks scheduled from follow-on schedule check
