[2022-11-14 15:55:18,242] {taskinstance.py:1032} INFO - Dependencies all met for <TaskInstance: yellow_taxi_data_v2.download_dataset_task scheduled__2020-08-02T06:00:00+00:00 [queued]>
[2022-11-14 15:55:18,256] {taskinstance.py:1032} INFO - Dependencies all met for <TaskInstance: yellow_taxi_data_v2.download_dataset_task scheduled__2020-08-02T06:00:00+00:00 [queued]>
[2022-11-14 15:55:18,256] {taskinstance.py:1238} INFO - 
--------------------------------------------------------------------------------
[2022-11-14 15:55:18,256] {taskinstance.py:1239} INFO - Starting attempt 1 of 2
[2022-11-14 15:55:18,256] {taskinstance.py:1240} INFO - 
--------------------------------------------------------------------------------
[2022-11-14 15:55:18,270] {taskinstance.py:1259} INFO - Executing <Task(BashOperator): download_dataset_task> on 2020-08-02 06:00:00+00:00
[2022-11-14 15:55:18,279] {standard_task_runner.py:52} INFO - Started process 1164 to run task
[2022-11-14 15:55:18,288] {standard_task_runner.py:76} INFO - Running: ['***', 'tasks', 'run', 'yellow_taxi_data_v2', 'download_dataset_task', 'scheduled__2020-08-02T06:00:00+00:00', '--job-id', '223', '--raw', '--subdir', 'DAGS_FOLDER/data_ingestion_gcs.py', '--cfg-path', '/tmp/tmpj492b4rr', '--error-file', '/tmp/tmpad46om4p']
[2022-11-14 15:55:18,290] {standard_task_runner.py:77} INFO - Job 223: Subtask download_dataset_task
[2022-11-14 15:55:18,405] {logging_mixin.py:109} INFO - Running <TaskInstance: yellow_taxi_data_v2.download_dataset_task scheduled__2020-08-02T06:00:00+00:00 [running]> on host e030bae48f83
[2022-11-14 15:55:18,469] {warnings.py:110} WARNING - /home/***/.local/lib/python3.7/site-packages/***/utils/context.py:152: AirflowContextDeprecationWarning: Accessing 'execution_date' from the template is deprecated and will be removed in a future version. Please use 'data_interval_start' or 'logical_date' instead.
  warnings.warn(_create_deprecation_warning(key, self._deprecation_replacements[key]))

[2022-11-14 15:55:18,498] {taskinstance.py:1426} INFO - Exporting the following env vars:
AIRFLOW_CTX_DAG_OWNER=***
AIRFLOW_CTX_DAG_ID=yellow_taxi_data_v2
AIRFLOW_CTX_TASK_ID=download_dataset_task
AIRFLOW_CTX_EXECUTION_DATE=2020-08-02T06:00:00+00:00
AIRFLOW_CTX_DAG_RUN_ID=scheduled__2020-08-02T06:00:00+00:00
[2022-11-14 15:55:18,501] {subprocess.py:62} INFO - Tmp dir root location: 
 /tmp
[2022-11-14 15:55:18,502] {subprocess.py:74} INFO - Running command: ['bash', '-c', 'curl -sSLf https://d37ci6vzurychx.cloudfront.net/trip-data/yellow_tripdata_2020-08.parquet > /opt/***/yellow_tripdata_2020-08.parquet']
[2022-11-14 15:55:18,520] {subprocess.py:85} INFO - Output:
[2022-11-14 15:55:18,669] {subprocess.py:93} INFO - Command exited with return code 0
[2022-11-14 15:55:18,715] {taskinstance.py:1277} INFO - Marking task as SUCCESS. dag_id=yellow_taxi_data_v2, task_id=download_dataset_task, execution_date=20200802T060000, start_date=20221114T155518, end_date=20221114T155518
[2022-11-14 15:55:18,783] {local_task_job.py:154} INFO - Task exited with return code 0
[2022-11-14 15:55:18,835] {local_task_job.py:264} INFO - 1 downstream tasks scheduled from follow-on schedule check
[2022-11-16 09:23:47,979] {taskinstance.py:1032} INFO - Dependencies all met for <TaskInstance: yellow_taxi_data_v2.download_dataset_task scheduled__2020-08-02T06:00:00+00:00 [queued]>
[2022-11-16 09:23:47,994] {taskinstance.py:1032} INFO - Dependencies all met for <TaskInstance: yellow_taxi_data_v2.download_dataset_task scheduled__2020-08-02T06:00:00+00:00 [queued]>
[2022-11-16 09:23:47,994] {taskinstance.py:1238} INFO - 
--------------------------------------------------------------------------------
[2022-11-16 09:23:47,994] {taskinstance.py:1239} INFO - Starting attempt 1 of 2
[2022-11-16 09:23:47,994] {taskinstance.py:1240} INFO - 
--------------------------------------------------------------------------------
[2022-11-16 09:23:48,013] {taskinstance.py:1259} INFO - Executing <Task(BashOperator): download_dataset_task> on 2020-08-02 06:00:00+00:00
[2022-11-16 09:23:48,023] {standard_task_runner.py:52} INFO - Started process 534 to run task
[2022-11-16 09:23:48,030] {standard_task_runner.py:76} INFO - Running: ['***', 'tasks', 'run', 'yellow_taxi_data_v2', 'download_dataset_task', 'scheduled__2020-08-02T06:00:00+00:00', '--job-id', '760', '--raw', '--subdir', 'DAGS_FOLDER/data_ingestion_gcs.py', '--cfg-path', '/tmp/tmpuw3w425p', '--error-file', '/tmp/tmpur7rnbzc']
[2022-11-16 09:23:48,032] {standard_task_runner.py:77} INFO - Job 760: Subtask download_dataset_task
[2022-11-16 09:23:48,119] {logging_mixin.py:109} INFO - Running <TaskInstance: yellow_taxi_data_v2.download_dataset_task scheduled__2020-08-02T06:00:00+00:00 [running]> on host 75ceca4d9264
[2022-11-16 09:23:48,173] {warnings.py:110} WARNING - /home/***/.local/lib/python3.7/site-packages/***/utils/context.py:152: AirflowContextDeprecationWarning: Accessing 'execution_date' from the template is deprecated and will be removed in a future version. Please use 'data_interval_start' or 'logical_date' instead.
  warnings.warn(_create_deprecation_warning(key, self._deprecation_replacements[key]))

[2022-11-16 09:23:48,211] {taskinstance.py:1426} INFO - Exporting the following env vars:
AIRFLOW_CTX_DAG_OWNER=***
AIRFLOW_CTX_DAG_ID=yellow_taxi_data_v2
AIRFLOW_CTX_TASK_ID=download_dataset_task
AIRFLOW_CTX_EXECUTION_DATE=2020-08-02T06:00:00+00:00
AIRFLOW_CTX_DAG_RUN_ID=scheduled__2020-08-02T06:00:00+00:00
[2022-11-16 09:23:48,213] {subprocess.py:62} INFO - Tmp dir root location: 
 /tmp
[2022-11-16 09:23:48,214] {subprocess.py:74} INFO - Running command: ['bash', '-c', 'curl -sSLf https://d37ci6vzurychx.cloudfront.net/trip-data/yellow_tripdata_2020-08.parquet > /opt/***/yellow_tripdata_2020-08.parquet']
[2022-11-16 09:23:48,237] {subprocess.py:85} INFO - Output:
[2022-11-16 09:23:48,519] {subprocess.py:93} INFO - Command exited with return code 0
[2022-11-16 09:23:48,557] {taskinstance.py:1277} INFO - Marking task as SUCCESS. dag_id=yellow_taxi_data_v2, task_id=download_dataset_task, execution_date=20200802T060000, start_date=20221116T092347, end_date=20221116T092348
[2022-11-16 09:23:48,614] {local_task_job.py:154} INFO - Task exited with return code 0
[2022-11-16 09:23:48,672] {local_task_job.py:264} INFO - 1 downstream tasks scheduled from follow-on schedule check
