[2022-11-14 16:33:21,697] {taskinstance.py:1032} INFO - Dependencies all met for <TaskInstance: fhv_taxi_data_v1.rm_task scheduled__2021-06-02T07:00:00+00:00 [queued]>
[2022-11-14 16:33:21,717] {taskinstance.py:1032} INFO - Dependencies all met for <TaskInstance: fhv_taxi_data_v1.rm_task scheduled__2021-06-02T07:00:00+00:00 [queued]>
[2022-11-14 16:33:21,718] {taskinstance.py:1238} INFO - 
--------------------------------------------------------------------------------
[2022-11-14 16:33:21,718] {taskinstance.py:1239} INFO - Starting attempt 1 of 2
[2022-11-14 16:33:21,718] {taskinstance.py:1240} INFO - 
--------------------------------------------------------------------------------
[2022-11-14 16:33:21,736] {taskinstance.py:1259} INFO - Executing <Task(BashOperator): rm_task> on 2021-06-02 07:00:00+00:00
[2022-11-14 16:33:21,746] {standard_task_runner.py:52} INFO - Started process 4002 to run task
[2022-11-14 16:33:21,755] {standard_task_runner.py:76} INFO - Running: ['***', 'tasks', 'run', 'fhv_taxi_data_v1', 'rm_task', 'scheduled__2021-06-02T07:00:00+00:00', '--job-id', '529', '--raw', '--subdir', 'DAGS_FOLDER/data_ingestion_gcs.py', '--cfg-path', '/tmp/tmpadd4qih7', '--error-file', '/tmp/tmpa9b9fnxq']
[2022-11-14 16:33:21,757] {standard_task_runner.py:77} INFO - Job 529: Subtask rm_task
[2022-11-14 16:33:21,845] {logging_mixin.py:109} INFO - Running <TaskInstance: fhv_taxi_data_v1.rm_task scheduled__2021-06-02T07:00:00+00:00 [running]> on host e030bae48f83
[2022-11-14 16:33:21,902] {warnings.py:110} WARNING - /home/***/.local/lib/python3.7/site-packages/***/utils/context.py:152: AirflowContextDeprecationWarning: Accessing 'execution_date' from the template is deprecated and will be removed in a future version. Please use 'data_interval_start' or 'logical_date' instead.
  warnings.warn(_create_deprecation_warning(key, self._deprecation_replacements[key]))

[2022-11-14 16:33:21,940] {taskinstance.py:1426} INFO - Exporting the following env vars:
AIRFLOW_CTX_DAG_OWNER=***
AIRFLOW_CTX_DAG_ID=fhv_taxi_data_v1
AIRFLOW_CTX_TASK_ID=rm_task
AIRFLOW_CTX_EXECUTION_DATE=2021-06-02T07:00:00+00:00
AIRFLOW_CTX_DAG_RUN_ID=scheduled__2021-06-02T07:00:00+00:00
[2022-11-14 16:33:21,942] {subprocess.py:62} INFO - Tmp dir root location: 
 /tmp
[2022-11-14 16:33:21,943] {subprocess.py:74} INFO - Running command: ['bash', '-c', 'rm /opt/***/fhv_tripdata_2021-06.parquet']
[2022-11-14 16:33:21,967] {subprocess.py:85} INFO - Output:
[2022-11-14 16:33:21,979] {subprocess.py:93} INFO - Command exited with return code 0
[2022-11-14 16:33:22,029] {taskinstance.py:1277} INFO - Marking task as SUCCESS. dag_id=fhv_taxi_data_v1, task_id=rm_task, execution_date=20210602T070000, start_date=20221114T163321, end_date=20221114T163322
[2022-11-14 16:33:22,088] {local_task_job.py:154} INFO - Task exited with return code 0
[2022-11-14 16:33:22,130] {local_task_job.py:264} INFO - 0 downstream tasks scheduled from follow-on schedule check
