[2022-11-14 15:55:21,493] {taskinstance.py:1032} INFO - Dependencies all met for <TaskInstance: yellow_taxi_data_v2.local_to_gcs_task scheduled__2020-07-02T06:00:00+00:00 [queued]>
[2022-11-14 15:55:21,511] {taskinstance.py:1032} INFO - Dependencies all met for <TaskInstance: yellow_taxi_data_v2.local_to_gcs_task scheduled__2020-07-02T06:00:00+00:00 [queued]>
[2022-11-14 15:55:21,512] {taskinstance.py:1238} INFO - 
--------------------------------------------------------------------------------
[2022-11-14 15:55:21,512] {taskinstance.py:1239} INFO - Starting attempt 1 of 2
[2022-11-14 15:55:21,513] {taskinstance.py:1240} INFO - 
--------------------------------------------------------------------------------
[2022-11-14 15:55:21,538] {taskinstance.py:1259} INFO - Executing <Task(PythonOperator): local_to_gcs_task> on 2020-07-02 06:00:00+00:00
[2022-11-14 15:55:21,549] {standard_task_runner.py:52} INFO - Started process 1183 to run task
[2022-11-14 15:55:21,564] {standard_task_runner.py:76} INFO - Running: ['***', 'tasks', 'run', 'yellow_taxi_data_v2', 'local_to_gcs_task', 'scheduled__2020-07-02T06:00:00+00:00', '--job-id', '227', '--raw', '--subdir', 'DAGS_FOLDER/data_ingestion_gcs.py', '--cfg-path', '/tmp/tmpnloh085z', '--error-file', '/tmp/tmp02a2orom']
[2022-11-14 15:55:21,567] {standard_task_runner.py:77} INFO - Job 227: Subtask local_to_gcs_task
[2022-11-14 15:55:21,710] {logging_mixin.py:109} INFO - Running <TaskInstance: yellow_taxi_data_v2.local_to_gcs_task scheduled__2020-07-02T06:00:00+00:00 [running]> on host e030bae48f83
[2022-11-14 15:55:21,824] {warnings.py:110} WARNING - /home/***/.local/lib/python3.7/site-packages/***/utils/context.py:152: AirflowContextDeprecationWarning: Accessing 'execution_date' from the template is deprecated and will be removed in a future version. Please use 'data_interval_start' or 'logical_date' instead.
  warnings.warn(_create_deprecation_warning(key, self._deprecation_replacements[key]))

[2022-11-14 15:55:21,876] {taskinstance.py:1426} INFO - Exporting the following env vars:
AIRFLOW_CTX_DAG_OWNER=***
AIRFLOW_CTX_DAG_ID=yellow_taxi_data_v2
AIRFLOW_CTX_TASK_ID=local_to_gcs_task
AIRFLOW_CTX_EXECUTION_DATE=2020-07-02T06:00:00+00:00
AIRFLOW_CTX_DAG_RUN_ID=scheduled__2020-07-02T06:00:00+00:00
[2022-11-14 15:55:22,624] {python.py:175} INFO - Done. Returned value was: None
[2022-11-14 15:55:22,645] {taskinstance.py:1277} INFO - Marking task as SUCCESS. dag_id=yellow_taxi_data_v2, task_id=local_to_gcs_task, execution_date=20200702T060000, start_date=20221114T155521, end_date=20221114T155522
[2022-11-14 15:55:22,710] {local_task_job.py:154} INFO - Task exited with return code 0
[2022-11-14 15:55:22,756] {local_task_job.py:264} INFO - 1 downstream tasks scheduled from follow-on schedule check
[2022-11-16 09:23:50,588] {taskinstance.py:1032} INFO - Dependencies all met for <TaskInstance: yellow_taxi_data_v2.local_to_gcs_task scheduled__2020-07-02T06:00:00+00:00 [queued]>
[2022-11-16 09:23:50,602] {taskinstance.py:1032} INFO - Dependencies all met for <TaskInstance: yellow_taxi_data_v2.local_to_gcs_task scheduled__2020-07-02T06:00:00+00:00 [queued]>
[2022-11-16 09:23:50,602] {taskinstance.py:1238} INFO - 
--------------------------------------------------------------------------------
[2022-11-16 09:23:50,602] {taskinstance.py:1239} INFO - Starting attempt 1 of 2
[2022-11-16 09:23:50,602] {taskinstance.py:1240} INFO - 
--------------------------------------------------------------------------------
[2022-11-16 09:23:50,617] {taskinstance.py:1259} INFO - Executing <Task(PythonOperator): local_to_gcs_task> on 2020-07-02 06:00:00+00:00
[2022-11-16 09:23:50,627] {standard_task_runner.py:52} INFO - Started process 551 to run task
[2022-11-16 09:23:50,635] {standard_task_runner.py:76} INFO - Running: ['***', 'tasks', 'run', 'yellow_taxi_data_v2', 'local_to_gcs_task', 'scheduled__2020-07-02T06:00:00+00:00', '--job-id', '761', '--raw', '--subdir', 'DAGS_FOLDER/data_ingestion_gcs.py', '--cfg-path', '/tmp/tmp8enq16am', '--error-file', '/tmp/tmp3e0y6dyr']
[2022-11-16 09:23:50,636] {standard_task_runner.py:77} INFO - Job 761: Subtask local_to_gcs_task
[2022-11-16 09:23:50,742] {logging_mixin.py:109} INFO - Running <TaskInstance: yellow_taxi_data_v2.local_to_gcs_task scheduled__2020-07-02T06:00:00+00:00 [running]> on host 75ceca4d9264
[2022-11-16 09:23:50,831] {warnings.py:110} WARNING - /home/***/.local/lib/python3.7/site-packages/***/utils/context.py:152: AirflowContextDeprecationWarning: Accessing 'execution_date' from the template is deprecated and will be removed in a future version. Please use 'data_interval_start' or 'logical_date' instead.
  warnings.warn(_create_deprecation_warning(key, self._deprecation_replacements[key]))

[2022-11-16 09:23:50,876] {taskinstance.py:1426} INFO - Exporting the following env vars:
AIRFLOW_CTX_DAG_OWNER=***
AIRFLOW_CTX_DAG_ID=yellow_taxi_data_v2
AIRFLOW_CTX_TASK_ID=local_to_gcs_task
AIRFLOW_CTX_EXECUTION_DATE=2020-07-02T06:00:00+00:00
AIRFLOW_CTX_DAG_RUN_ID=scheduled__2020-07-02T06:00:00+00:00
[2022-11-16 09:23:51,511] {python.py:175} INFO - Done. Returned value was: None
[2022-11-16 09:23:51,527] {taskinstance.py:1277} INFO - Marking task as SUCCESS. dag_id=yellow_taxi_data_v2, task_id=local_to_gcs_task, execution_date=20200702T060000, start_date=20221116T092350, end_date=20221116T092351
[2022-11-16 09:23:51,576] {local_task_job.py:154} INFO - Task exited with return code 0
[2022-11-16 09:23:51,629] {local_task_job.py:264} INFO - 1 downstream tasks scheduled from follow-on schedule check
