[2022-11-14 15:55:13,260] {taskinstance.py:1032} INFO - Dependencies all met for <TaskInstance: yellow_taxi_data_v2.rm_task scheduled__2020-06-02T06:00:00+00:00 [queued]>
[2022-11-14 15:55:13,295] {taskinstance.py:1032} INFO - Dependencies all met for <TaskInstance: yellow_taxi_data_v2.rm_task scheduled__2020-06-02T06:00:00+00:00 [queued]>
[2022-11-14 15:55:13,295] {taskinstance.py:1238} INFO - 
--------------------------------------------------------------------------------
[2022-11-14 15:55:13,296] {taskinstance.py:1239} INFO - Starting attempt 1 of 2
[2022-11-14 15:55:13,296] {taskinstance.py:1240} INFO - 
--------------------------------------------------------------------------------
[2022-11-14 15:55:13,322] {taskinstance.py:1259} INFO - Executing <Task(BashOperator): rm_task> on 2020-06-02 06:00:00+00:00
[2022-11-14 15:55:13,332] {standard_task_runner.py:52} INFO - Started process 1153 to run task
[2022-11-14 15:55:13,347] {standard_task_runner.py:76} INFO - Running: ['***', 'tasks', 'run', 'yellow_taxi_data_v2', 'rm_task', 'scheduled__2020-06-02T06:00:00+00:00', '--job-id', '220', '--raw', '--subdir', 'DAGS_FOLDER/data_ingestion_gcs.py', '--cfg-path', '/tmp/tmpuos6d04r', '--error-file', '/tmp/tmpi9w3iijw']
[2022-11-14 15:55:13,349] {standard_task_runner.py:77} INFO - Job 220: Subtask rm_task
[2022-11-14 15:55:13,471] {logging_mixin.py:109} INFO - Running <TaskInstance: yellow_taxi_data_v2.rm_task scheduled__2020-06-02T06:00:00+00:00 [running]> on host e030bae48f83
[2022-11-14 15:55:13,557] {warnings.py:110} WARNING - /home/***/.local/lib/python3.7/site-packages/***/utils/context.py:152: AirflowContextDeprecationWarning: Accessing 'execution_date' from the template is deprecated and will be removed in a future version. Please use 'data_interval_start' or 'logical_date' instead.
  warnings.warn(_create_deprecation_warning(key, self._deprecation_replacements[key]))

[2022-11-14 15:55:13,601] {taskinstance.py:1426} INFO - Exporting the following env vars:
AIRFLOW_CTX_DAG_OWNER=***
AIRFLOW_CTX_DAG_ID=yellow_taxi_data_v2
AIRFLOW_CTX_TASK_ID=rm_task
AIRFLOW_CTX_EXECUTION_DATE=2020-06-02T06:00:00+00:00
AIRFLOW_CTX_DAG_RUN_ID=scheduled__2020-06-02T06:00:00+00:00
[2022-11-14 15:55:13,603] {subprocess.py:62} INFO - Tmp dir root location: 
 /tmp
[2022-11-14 15:55:13,604] {subprocess.py:74} INFO - Running command: ['bash', '-c', 'rm /opt/***/yellow_tripdata_2020-06.parquet']
[2022-11-14 15:55:13,629] {subprocess.py:85} INFO - Output:
[2022-11-14 15:55:13,640] {subprocess.py:93} INFO - Command exited with return code 0
[2022-11-14 15:55:13,696] {taskinstance.py:1277} INFO - Marking task as SUCCESS. dag_id=yellow_taxi_data_v2, task_id=rm_task, execution_date=20200602T060000, start_date=20221114T155513, end_date=20221114T155513
[2022-11-14 15:55:13,762] {local_task_job.py:154} INFO - Task exited with return code 0
[2022-11-14 15:55:13,820] {local_task_job.py:264} INFO - 0 downstream tasks scheduled from follow-on schedule check
[2022-11-16 09:23:32,160] {taskinstance.py:1032} INFO - Dependencies all met for <TaskInstance: yellow_taxi_data_v2.rm_task scheduled__2020-06-02T06:00:00+00:00 [queued]>
[2022-11-16 09:23:32,176] {taskinstance.py:1032} INFO - Dependencies all met for <TaskInstance: yellow_taxi_data_v2.rm_task scheduled__2020-06-02T06:00:00+00:00 [queued]>
[2022-11-16 09:23:32,177] {taskinstance.py:1238} INFO - 
--------------------------------------------------------------------------------
[2022-11-16 09:23:32,177] {taskinstance.py:1239} INFO - Starting attempt 1 of 2
[2022-11-16 09:23:32,177] {taskinstance.py:1240} INFO - 
--------------------------------------------------------------------------------
[2022-11-16 09:23:32,190] {taskinstance.py:1259} INFO - Executing <Task(BashOperator): rm_task> on 2020-06-02 06:00:00+00:00
[2022-11-16 09:23:32,199] {standard_task_runner.py:52} INFO - Started process 514 to run task
[2022-11-16 09:23:32,207] {standard_task_runner.py:76} INFO - Running: ['***', 'tasks', 'run', 'yellow_taxi_data_v2', 'rm_task', 'scheduled__2020-06-02T06:00:00+00:00', '--job-id', '757', '--raw', '--subdir', 'DAGS_FOLDER/data_ingestion_gcs.py', '--cfg-path', '/tmp/tmp9fi17l00', '--error-file', '/tmp/tmp72ljd2yy']
[2022-11-16 09:23:32,209] {standard_task_runner.py:77} INFO - Job 757: Subtask rm_task
[2022-11-16 09:23:32,311] {logging_mixin.py:109} INFO - Running <TaskInstance: yellow_taxi_data_v2.rm_task scheduled__2020-06-02T06:00:00+00:00 [running]> on host 75ceca4d9264
[2022-11-16 09:23:32,386] {warnings.py:110} WARNING - /home/***/.local/lib/python3.7/site-packages/***/utils/context.py:152: AirflowContextDeprecationWarning: Accessing 'execution_date' from the template is deprecated and will be removed in a future version. Please use 'data_interval_start' or 'logical_date' instead.
  warnings.warn(_create_deprecation_warning(key, self._deprecation_replacements[key]))

[2022-11-16 09:23:32,421] {taskinstance.py:1426} INFO - Exporting the following env vars:
AIRFLOW_CTX_DAG_OWNER=***
AIRFLOW_CTX_DAG_ID=yellow_taxi_data_v2
AIRFLOW_CTX_TASK_ID=rm_task
AIRFLOW_CTX_EXECUTION_DATE=2020-06-02T06:00:00+00:00
AIRFLOW_CTX_DAG_RUN_ID=scheduled__2020-06-02T06:00:00+00:00
[2022-11-16 09:23:32,422] {subprocess.py:62} INFO - Tmp dir root location: 
 /tmp
[2022-11-16 09:23:32,423] {subprocess.py:74} INFO - Running command: ['bash', '-c', 'rm /opt/***/yellow_tripdata_2020-06.parquet']
[2022-11-16 09:23:32,450] {subprocess.py:85} INFO - Output:
[2022-11-16 09:23:32,462] {subprocess.py:93} INFO - Command exited with return code 0
[2022-11-16 09:23:32,512] {taskinstance.py:1277} INFO - Marking task as SUCCESS. dag_id=yellow_taxi_data_v2, task_id=rm_task, execution_date=20200602T060000, start_date=20221116T092332, end_date=20221116T092332
[2022-11-16 09:23:32,584] {local_task_job.py:154} INFO - Task exited with return code 0
[2022-11-16 09:23:32,639] {local_task_job.py:264} INFO - 0 downstream tasks scheduled from follow-on schedule check
