[2022-11-14 16:39:33,941] {taskinstance.py:1032} INFO - Dependencies all met for <TaskInstance: fhv_taxi_data_v1.rm_task scheduled__2021-09-02T08:00:00+00:00 [queued]>
[2022-11-14 16:39:33,963] {taskinstance.py:1032} INFO - Dependencies all met for <TaskInstance: fhv_taxi_data_v1.rm_task scheduled__2021-09-02T08:00:00+00:00 [queued]>
[2022-11-14 16:39:33,963] {taskinstance.py:1238} INFO - 
--------------------------------------------------------------------------------
[2022-11-14 16:39:33,963] {taskinstance.py:1239} INFO - Starting attempt 1 of 2
[2022-11-14 16:39:33,964] {taskinstance.py:1240} INFO - 
--------------------------------------------------------------------------------
[2022-11-14 16:39:33,984] {taskinstance.py:1259} INFO - Executing <Task(BashOperator): rm_task> on 2021-09-02 08:00:00+00:00
[2022-11-14 16:39:33,994] {standard_task_runner.py:52} INFO - Started process 4762 to run task
[2022-11-14 16:39:34,001] {standard_task_runner.py:76} INFO - Running: ['***', 'tasks', 'run', 'fhv_taxi_data_v1', 'rm_task', 'scheduled__2021-09-02T08:00:00+00:00', '--job-id', '650', '--raw', '--subdir', 'DAGS_FOLDER/data_ingestion_gcs.py', '--cfg-path', '/tmp/tmp53vm_hzu', '--error-file', '/tmp/tmpqj7k0iur']
[2022-11-14 16:39:34,008] {standard_task_runner.py:77} INFO - Job 650: Subtask rm_task
[2022-11-14 16:39:34,123] {logging_mixin.py:109} INFO - Running <TaskInstance: fhv_taxi_data_v1.rm_task scheduled__2021-09-02T08:00:00+00:00 [running]> on host e030bae48f83
[2022-11-14 16:39:34,215] {warnings.py:110} WARNING - /home/***/.local/lib/python3.7/site-packages/***/utils/context.py:152: AirflowContextDeprecationWarning: Accessing 'execution_date' from the template is deprecated and will be removed in a future version. Please use 'data_interval_start' or 'logical_date' instead.
  warnings.warn(_create_deprecation_warning(key, self._deprecation_replacements[key]))

[2022-11-14 16:39:34,253] {taskinstance.py:1426} INFO - Exporting the following env vars:
AIRFLOW_CTX_DAG_OWNER=***
AIRFLOW_CTX_DAG_ID=fhv_taxi_data_v1
AIRFLOW_CTX_TASK_ID=rm_task
AIRFLOW_CTX_EXECUTION_DATE=2021-09-02T08:00:00+00:00
AIRFLOW_CTX_DAG_RUN_ID=scheduled__2021-09-02T08:00:00+00:00
[2022-11-14 16:39:34,255] {subprocess.py:62} INFO - Tmp dir root location: 
 /tmp
[2022-11-14 16:39:34,257] {subprocess.py:74} INFO - Running command: ['bash', '-c', 'rm /opt/***/fhv_tripdata_2021-09.parquet']
[2022-11-14 16:39:34,283] {subprocess.py:85} INFO - Output:
[2022-11-14 16:39:34,292] {subprocess.py:93} INFO - Command exited with return code 0
[2022-11-14 16:39:34,338] {taskinstance.py:1277} INFO - Marking task as SUCCESS. dag_id=fhv_taxi_data_v1, task_id=rm_task, execution_date=20210902T080000, start_date=20221114T163933, end_date=20221114T163934
[2022-11-14 16:39:34,387] {local_task_job.py:154} INFO - Task exited with return code 0
[2022-11-14 16:39:34,459] {local_task_job.py:264} INFO - 0 downstream tasks scheduled from follow-on schedule check
