[2022-11-14 15:54:56,133] {taskinstance.py:1032} INFO - Dependencies all met for <TaskInstance: yellow_taxi_data_v2.local_to_gcs_task scheduled__2020-03-02T06:00:00+00:00 [queued]>
[2022-11-14 15:54:56,153] {taskinstance.py:1032} INFO - Dependencies all met for <TaskInstance: yellow_taxi_data_v2.local_to_gcs_task scheduled__2020-03-02T06:00:00+00:00 [queued]>
[2022-11-14 15:54:56,153] {taskinstance.py:1238} INFO - 
--------------------------------------------------------------------------------
[2022-11-14 15:54:56,153] {taskinstance.py:1239} INFO - Starting attempt 1 of 2
[2022-11-14 15:54:56,154] {taskinstance.py:1240} INFO - 
--------------------------------------------------------------------------------
[2022-11-14 15:54:56,183] {taskinstance.py:1259} INFO - Executing <Task(PythonOperator): local_to_gcs_task> on 2020-03-02 06:00:00+00:00
[2022-11-14 15:54:56,196] {standard_task_runner.py:52} INFO - Started process 1095 to run task
[2022-11-14 15:54:56,207] {standard_task_runner.py:76} INFO - Running: ['***', 'tasks', 'run', 'yellow_taxi_data_v2', 'local_to_gcs_task', 'scheduled__2020-03-02T06:00:00+00:00', '--job-id', '208', '--raw', '--subdir', 'DAGS_FOLDER/data_ingestion_gcs.py', '--cfg-path', '/tmp/tmplf2omj1r', '--error-file', '/tmp/tmpffzi1nwj']
[2022-11-14 15:54:56,209] {standard_task_runner.py:77} INFO - Job 208: Subtask local_to_gcs_task
[2022-11-14 15:54:56,331] {logging_mixin.py:109} INFO - Running <TaskInstance: yellow_taxi_data_v2.local_to_gcs_task scheduled__2020-03-02T06:00:00+00:00 [running]> on host e030bae48f83
[2022-11-14 15:54:56,420] {warnings.py:110} WARNING - /home/***/.local/lib/python3.7/site-packages/***/utils/context.py:152: AirflowContextDeprecationWarning: Accessing 'execution_date' from the template is deprecated and will be removed in a future version. Please use 'data_interval_start' or 'logical_date' instead.
  warnings.warn(_create_deprecation_warning(key, self._deprecation_replacements[key]))

[2022-11-14 15:54:56,470] {taskinstance.py:1426} INFO - Exporting the following env vars:
AIRFLOW_CTX_DAG_OWNER=***
AIRFLOW_CTX_DAG_ID=yellow_taxi_data_v2
AIRFLOW_CTX_TASK_ID=local_to_gcs_task
AIRFLOW_CTX_EXECUTION_DATE=2020-03-02T06:00:00+00:00
AIRFLOW_CTX_DAG_RUN_ID=scheduled__2020-03-02T06:00:00+00:00
[2022-11-14 15:54:57,412] {python.py:175} INFO - Done. Returned value was: None
[2022-11-14 15:54:57,434] {taskinstance.py:1277} INFO - Marking task as SUCCESS. dag_id=yellow_taxi_data_v2, task_id=local_to_gcs_task, execution_date=20200302T060000, start_date=20221114T155456, end_date=20221114T155457
[2022-11-14 15:54:57,475] {local_task_job.py:154} INFO - Task exited with return code 0
[2022-11-14 15:54:57,540] {local_task_job.py:264} INFO - 1 downstream tasks scheduled from follow-on schedule check
[2022-11-16 09:23:19,444] {taskinstance.py:1032} INFO - Dependencies all met for <TaskInstance: yellow_taxi_data_v2.local_to_gcs_task scheduled__2020-03-02T06:00:00+00:00 [queued]>
[2022-11-16 09:23:19,462] {taskinstance.py:1032} INFO - Dependencies all met for <TaskInstance: yellow_taxi_data_v2.local_to_gcs_task scheduled__2020-03-02T06:00:00+00:00 [queued]>
[2022-11-16 09:23:19,462] {taskinstance.py:1238} INFO - 
--------------------------------------------------------------------------------
[2022-11-16 09:23:19,463] {taskinstance.py:1239} INFO - Starting attempt 1 of 2
[2022-11-16 09:23:19,463] {taskinstance.py:1240} INFO - 
--------------------------------------------------------------------------------
[2022-11-16 09:23:19,483] {taskinstance.py:1259} INFO - Executing <Task(PythonOperator): local_to_gcs_task> on 2020-03-02 06:00:00+00:00
[2022-11-16 09:23:19,491] {standard_task_runner.py:52} INFO - Started process 473 to run task
[2022-11-16 09:23:19,498] {standard_task_runner.py:76} INFO - Running: ['***', 'tasks', 'run', 'yellow_taxi_data_v2', 'local_to_gcs_task', 'scheduled__2020-03-02T06:00:00+00:00', '--job-id', '749', '--raw', '--subdir', 'DAGS_FOLDER/data_ingestion_gcs.py', '--cfg-path', '/tmp/tmp4wd49k7f', '--error-file', '/tmp/tmp0noxbjup']
[2022-11-16 09:23:19,500] {standard_task_runner.py:77} INFO - Job 749: Subtask local_to_gcs_task
[2022-11-16 09:23:19,602] {logging_mixin.py:109} INFO - Running <TaskInstance: yellow_taxi_data_v2.local_to_gcs_task scheduled__2020-03-02T06:00:00+00:00 [running]> on host 75ceca4d9264
[2022-11-16 09:23:19,734] {warnings.py:110} WARNING - /home/***/.local/lib/python3.7/site-packages/***/utils/context.py:152: AirflowContextDeprecationWarning: Accessing 'execution_date' from the template is deprecated and will be removed in a future version. Please use 'data_interval_start' or 'logical_date' instead.
  warnings.warn(_create_deprecation_warning(key, self._deprecation_replacements[key]))

[2022-11-16 09:23:19,824] {taskinstance.py:1426} INFO - Exporting the following env vars:
AIRFLOW_CTX_DAG_OWNER=***
AIRFLOW_CTX_DAG_ID=yellow_taxi_data_v2
AIRFLOW_CTX_TASK_ID=local_to_gcs_task
AIRFLOW_CTX_EXECUTION_DATE=2020-03-02T06:00:00+00:00
AIRFLOW_CTX_DAG_RUN_ID=scheduled__2020-03-02T06:00:00+00:00
[2022-11-16 09:23:20,888] {python.py:175} INFO - Done. Returned value was: None
[2022-11-16 09:23:20,911] {taskinstance.py:1277} INFO - Marking task as SUCCESS. dag_id=yellow_taxi_data_v2, task_id=local_to_gcs_task, execution_date=20200302T060000, start_date=20221116T092319, end_date=20221116T092320
[2022-11-16 09:23:20,953] {local_task_job.py:154} INFO - Task exited with return code 0
[2022-11-16 09:23:21,015] {local_task_job.py:264} INFO - 1 downstream tasks scheduled from follow-on schedule check
