[2022-11-14 15:54:22,975] {taskinstance.py:1032} INFO - Dependencies all met for <TaskInstance: yellow_taxi_data_v2.download_dataset_task scheduled__2019-12-02T06:00:00+00:00 [queued]>
[2022-11-14 15:54:22,999] {taskinstance.py:1032} INFO - Dependencies all met for <TaskInstance: yellow_taxi_data_v2.download_dataset_task scheduled__2019-12-02T06:00:00+00:00 [queued]>
[2022-11-14 15:54:23,000] {taskinstance.py:1238} INFO - 
--------------------------------------------------------------------------------
[2022-11-14 15:54:23,000] {taskinstance.py:1239} INFO - Starting attempt 1 of 2
[2022-11-14 15:54:23,000] {taskinstance.py:1240} INFO - 
--------------------------------------------------------------------------------
[2022-11-14 15:54:23,020] {taskinstance.py:1259} INFO - Executing <Task(BashOperator): download_dataset_task> on 2019-12-02 06:00:00+00:00
[2022-11-14 15:54:23,028] {standard_task_runner.py:52} INFO - Started process 1019 to run task
[2022-11-14 15:54:23,037] {standard_task_runner.py:76} INFO - Running: ['***', 'tasks', 'run', 'yellow_taxi_data_v2', 'download_dataset_task', 'scheduled__2019-12-02T06:00:00+00:00', '--job-id', '197', '--raw', '--subdir', 'DAGS_FOLDER/data_ingestion_gcs.py', '--cfg-path', '/tmp/tmpy1009frj', '--error-file', '/tmp/tmprh5sfi7s']
[2022-11-14 15:54:23,039] {standard_task_runner.py:77} INFO - Job 197: Subtask download_dataset_task
[2022-11-14 15:54:23,140] {logging_mixin.py:109} INFO - Running <TaskInstance: yellow_taxi_data_v2.download_dataset_task scheduled__2019-12-02T06:00:00+00:00 [running]> on host e030bae48f83
[2022-11-14 15:54:23,243] {warnings.py:110} WARNING - /home/***/.local/lib/python3.7/site-packages/***/utils/context.py:152: AirflowContextDeprecationWarning: Accessing 'execution_date' from the template is deprecated and will be removed in a future version. Please use 'data_interval_start' or 'logical_date' instead.
  warnings.warn(_create_deprecation_warning(key, self._deprecation_replacements[key]))

[2022-11-14 15:54:23,303] {taskinstance.py:1426} INFO - Exporting the following env vars:
AIRFLOW_CTX_DAG_OWNER=***
AIRFLOW_CTX_DAG_ID=yellow_taxi_data_v2
AIRFLOW_CTX_TASK_ID=download_dataset_task
AIRFLOW_CTX_EXECUTION_DATE=2019-12-02T06:00:00+00:00
AIRFLOW_CTX_DAG_RUN_ID=scheduled__2019-12-02T06:00:00+00:00
[2022-11-14 15:54:23,305] {subprocess.py:62} INFO - Tmp dir root location: 
 /tmp
[2022-11-14 15:54:23,306] {subprocess.py:74} INFO - Running command: ['bash', '-c', 'curl -sSLf https://d37ci6vzurychx.cloudfront.net/trip-data/yellow_tripdata_2019-12.parquet > /opt/***/yellow_tripdata_2019-12.parquet']
[2022-11-14 15:54:23,335] {subprocess.py:85} INFO - Output:
[2022-11-14 15:54:23,892] {subprocess.py:93} INFO - Command exited with return code 0
[2022-11-14 15:54:23,985] {taskinstance.py:1277} INFO - Marking task as SUCCESS. dag_id=yellow_taxi_data_v2, task_id=download_dataset_task, execution_date=20191202T060000, start_date=20221114T155422, end_date=20221114T155423
[2022-11-14 15:54:24,075] {local_task_job.py:154} INFO - Task exited with return code 0
[2022-11-14 15:54:24,155] {local_task_job.py:264} INFO - 1 downstream tasks scheduled from follow-on schedule check
