[2022-11-11 13:08:25,430] {taskinstance.py:1032} INFO - Dependencies all met for <TaskInstance: yellow_taxi_data_V2.download_dataset_task manual__2022-11-11T13:08:23.079329+00:00 [queued]>
[2022-11-11 13:08:25,454] {taskinstance.py:1032} INFO - Dependencies all met for <TaskInstance: yellow_taxi_data_V2.download_dataset_task manual__2022-11-11T13:08:23.079329+00:00 [queued]>
[2022-11-11 13:08:25,455] {taskinstance.py:1238} INFO - 
--------------------------------------------------------------------------------
[2022-11-11 13:08:25,455] {taskinstance.py:1239} INFO - Starting attempt 1 of 2
[2022-11-11 13:08:25,455] {taskinstance.py:1240} INFO - 
--------------------------------------------------------------------------------
[2022-11-11 13:08:25,484] {taskinstance.py:1259} INFO - Executing <Task(BashOperator): download_dataset_task> on 2022-11-11 13:08:23.079329+00:00
[2022-11-11 13:08:25,498] {standard_task_runner.py:52} INFO - Started process 975 to run task
[2022-11-11 13:08:25,546] {standard_task_runner.py:76} INFO - Running: ['***', 'tasks', 'run', 'yellow_taxi_data_V2', 'download_dataset_task', 'manual__2022-11-11T13:08:23.079329+00:00', '--job-id', '131', '--raw', '--subdir', 'DAGS_FOLDER/data_ingestion_gcs_dag.py', '--cfg-path', '/tmp/tmp3k0ie0tc', '--error-file', '/tmp/tmpap2wa5wu']
[2022-11-11 13:08:25,554] {standard_task_runner.py:77} INFO - Job 131: Subtask download_dataset_task
[2022-11-11 13:08:25,717] {logging_mixin.py:109} INFO - Running <TaskInstance: yellow_taxi_data_V2.download_dataset_task manual__2022-11-11T13:08:23.079329+00:00 [running]> on host 606bd4865cc6
[2022-11-11 13:08:25,879] {warnings.py:110} WARNING - /home/***/.local/lib/python3.7/site-packages/***/utils/context.py:152: AirflowContextDeprecationWarning: Accessing 'execution_date' from the template is deprecated and will be removed in a future version. Please use 'data_interval_start' or 'logical_date' instead.
  warnings.warn(_create_deprecation_warning(key, self._deprecation_replacements[key]))

[2022-11-11 13:08:25,951] {taskinstance.py:1426} INFO - Exporting the following env vars:
AIRFLOW_CTX_DAG_OWNER=***
AIRFLOW_CTX_DAG_ID=yellow_taxi_data_V2
AIRFLOW_CTX_TASK_ID=download_dataset_task
AIRFLOW_CTX_EXECUTION_DATE=2022-11-11T13:08:23.079329+00:00
AIRFLOW_CTX_DAG_RUN_ID=manual__2022-11-11T13:08:23.079329+00:00
[2022-11-11 13:08:25,953] {subprocess.py:62} INFO - Tmp dir root location: 
 /tmp
[2022-11-11 13:08:25,954] {subprocess.py:74} INFO - Running command: ['bash', '-c', 'curl -sSL https://d37ci6vzurychx.cloudfront.net/trip-data/yellow_tripdata_2022-11.parquet > /opt/***/yellow_tripdata_2022-11.parquet']
[2022-11-11 13:08:26,004] {subprocess.py:85} INFO - Output:
[2022-11-11 13:08:26,500] {subprocess.py:93} INFO - Command exited with return code 0
[2022-11-11 13:08:26,546] {taskinstance.py:1277} INFO - Marking task as SUCCESS. dag_id=yellow_taxi_data_V2, task_id=download_dataset_task, execution_date=20221111T130823, start_date=20221111T130825, end_date=20221111T130826
[2022-11-11 13:08:26,615] {local_task_job.py:154} INFO - Task exited with return code 0
[2022-11-11 13:08:26,673] {local_task_job.py:264} INFO - 0 downstream tasks scheduled from follow-on schedule check
