[2022-11-14 17:16:56,230] {taskinstance.py:1032} INFO - Dependencies all met for <TaskInstance: zones_data_v1.format_to_parquet_task scheduled__2022-11-13T00:00:00+00:00 [queued]>
[2022-11-14 17:16:56,243] {taskinstance.py:1032} INFO - Dependencies all met for <TaskInstance: zones_data_v1.format_to_parquet_task scheduled__2022-11-13T00:00:00+00:00 [queued]>
[2022-11-14 17:16:56,243] {taskinstance.py:1238} INFO - 
--------------------------------------------------------------------------------
[2022-11-14 17:16:56,243] {taskinstance.py:1239} INFO - Starting attempt 1 of 2
[2022-11-14 17:16:56,243] {taskinstance.py:1240} INFO - 
--------------------------------------------------------------------------------
[2022-11-14 17:16:56,256] {taskinstance.py:1259} INFO - Executing <Task(PythonOperator): format_to_parquet_task> on 2022-11-13 00:00:00+00:00
[2022-11-14 17:16:56,265] {standard_task_runner.py:52} INFO - Started process 442 to run task
[2022-11-14 17:16:56,271] {standard_task_runner.py:76} INFO - Running: ['***', 'tasks', 'run', 'zones_data_v1', 'format_to_parquet_task', 'scheduled__2022-11-13T00:00:00+00:00', '--job-id', '693', '--raw', '--subdir', 'DAGS_FOLDER/zones_data_ingestion.py', '--cfg-path', '/tmp/tmpaz_zp7sf', '--error-file', '/tmp/tmpkgdhmon6']
[2022-11-14 17:16:56,272] {standard_task_runner.py:77} INFO - Job 693: Subtask format_to_parquet_task
[2022-11-14 17:16:56,349] {logging_mixin.py:109} INFO - Running <TaskInstance: zones_data_v1.format_to_parquet_task scheduled__2022-11-13T00:00:00+00:00 [running]> on host 05f7eec7716f
[2022-11-14 17:16:56,418] {taskinstance.py:1426} INFO - Exporting the following env vars:
AIRFLOW_CTX_DAG_OWNER=***
AIRFLOW_CTX_DAG_ID=zones_data_v1
AIRFLOW_CTX_TASK_ID=format_to_parquet_task
AIRFLOW_CTX_EXECUTION_DATE=2022-11-13T00:00:00+00:00
AIRFLOW_CTX_DAG_RUN_ID=scheduled__2022-11-13T00:00:00+00:00
[2022-11-14 17:16:56,593] {python.py:175} INFO - Done. Returned value was: None
[2022-11-14 17:16:56,608] {taskinstance.py:1277} INFO - Marking task as SUCCESS. dag_id=zones_data_v1, task_id=format_to_parquet_task, execution_date=20221113T000000, start_date=20221114T171656, end_date=20221114T171656
[2022-11-14 17:16:56,648] {local_task_job.py:154} INFO - Task exited with return code 0
[2022-11-14 17:16:56,725] {local_task_job.py:264} INFO - 1 downstream tasks scheduled from follow-on schedule check
