[2022-11-14 16:25:28,709] {taskinstance.py:1032} INFO - Dependencies all met for <TaskInstance: green_taxi_data_v1.download_dataset_task scheduled__2020-11-02T07:00:00+00:00 [queued]>
[2022-11-14 16:25:28,722] {taskinstance.py:1032} INFO - Dependencies all met for <TaskInstance: green_taxi_data_v1.download_dataset_task scheduled__2020-11-02T07:00:00+00:00 [queued]>
[2022-11-14 16:25:28,723] {taskinstance.py:1238} INFO - 
--------------------------------------------------------------------------------
[2022-11-14 16:25:28,723] {taskinstance.py:1239} INFO - Starting attempt 1 of 2
[2022-11-14 16:25:28,723] {taskinstance.py:1240} INFO - 
--------------------------------------------------------------------------------
[2022-11-14 16:25:28,741] {taskinstance.py:1259} INFO - Executing <Task(BashOperator): download_dataset_task> on 2020-11-02 07:00:00+00:00
[2022-11-14 16:25:28,750] {standard_task_runner.py:52} INFO - Started process 3008 to run task
[2022-11-14 16:25:28,758] {standard_task_runner.py:76} INFO - Running: ['***', 'tasks', 'run', 'green_taxi_data_v1', 'download_dataset_task', 'scheduled__2020-11-02T07:00:00+00:00', '--job-id', '368', '--raw', '--subdir', 'DAGS_FOLDER/data_ingestion_gcs.py', '--cfg-path', '/tmp/tmp3e3sj9zn', '--error-file', '/tmp/tmpzruvi82_']
[2022-11-14 16:25:28,760] {standard_task_runner.py:77} INFO - Job 368: Subtask download_dataset_task
[2022-11-14 16:25:28,859] {logging_mixin.py:109} INFO - Running <TaskInstance: green_taxi_data_v1.download_dataset_task scheduled__2020-11-02T07:00:00+00:00 [running]> on host e030bae48f83
[2022-11-14 16:25:28,919] {warnings.py:110} WARNING - /home/***/.local/lib/python3.7/site-packages/***/utils/context.py:152: AirflowContextDeprecationWarning: Accessing 'execution_date' from the template is deprecated and will be removed in a future version. Please use 'data_interval_start' or 'logical_date' instead.
  warnings.warn(_create_deprecation_warning(key, self._deprecation_replacements[key]))

[2022-11-14 16:25:28,953] {taskinstance.py:1426} INFO - Exporting the following env vars:
AIRFLOW_CTX_DAG_OWNER=***
AIRFLOW_CTX_DAG_ID=green_taxi_data_v1
AIRFLOW_CTX_TASK_ID=download_dataset_task
AIRFLOW_CTX_EXECUTION_DATE=2020-11-02T07:00:00+00:00
AIRFLOW_CTX_DAG_RUN_ID=scheduled__2020-11-02T07:00:00+00:00
[2022-11-14 16:25:28,957] {subprocess.py:62} INFO - Tmp dir root location: 
 /tmp
[2022-11-14 16:25:28,958] {subprocess.py:74} INFO - Running command: ['bash', '-c', 'curl -sSLf https://d37ci6vzurychx.cloudfront.net/trip-data/green_tripdata_2020-11.parquet > /opt/***/green_tripdata_2020-11.parquet']
[2022-11-14 16:25:28,976] {subprocess.py:85} INFO - Output:
[2022-11-14 16:25:29,053] {subprocess.py:93} INFO - Command exited with return code 0
[2022-11-14 16:25:29,102] {taskinstance.py:1277} INFO - Marking task as SUCCESS. dag_id=green_taxi_data_v1, task_id=download_dataset_task, execution_date=20201102T070000, start_date=20221114T162528, end_date=20221114T162529
[2022-11-14 16:25:29,172] {local_task_job.py:154} INFO - Task exited with return code 0
[2022-11-14 16:25:29,251] {local_task_job.py:264} INFO - 1 downstream tasks scheduled from follow-on schedule check
