[2022-11-14 15:54:22,385] {taskinstance.py:1032} INFO - Dependencies all met for <TaskInstance: yellow_taxi_data_v2.download_dataset_task scheduled__2019-11-02T06:00:00+00:00 [queued]>
[2022-11-14 15:54:22,403] {taskinstance.py:1032} INFO - Dependencies all met for <TaskInstance: yellow_taxi_data_v2.download_dataset_task scheduled__2019-11-02T06:00:00+00:00 [queued]>
[2022-11-14 15:54:22,414] {taskinstance.py:1238} INFO - 
--------------------------------------------------------------------------------
[2022-11-14 15:54:22,416] {taskinstance.py:1239} INFO - Starting attempt 1 of 2
[2022-11-14 15:54:22,416] {taskinstance.py:1240} INFO - 
--------------------------------------------------------------------------------
[2022-11-14 15:54:22,446] {taskinstance.py:1259} INFO - Executing <Task(BashOperator): download_dataset_task> on 2019-11-02 06:00:00+00:00
[2022-11-14 15:54:22,456] {standard_task_runner.py:52} INFO - Started process 1015 to run task
[2022-11-14 15:54:22,469] {standard_task_runner.py:76} INFO - Running: ['***', 'tasks', 'run', 'yellow_taxi_data_v2', 'download_dataset_task', 'scheduled__2019-11-02T06:00:00+00:00', '--job-id', '196', '--raw', '--subdir', 'DAGS_FOLDER/data_ingestion_gcs.py', '--cfg-path', '/tmp/tmpsthg5f4c', '--error-file', '/tmp/tmps8z5ucxl']
[2022-11-14 15:54:22,472] {standard_task_runner.py:77} INFO - Job 196: Subtask download_dataset_task
[2022-11-14 15:54:22,680] {logging_mixin.py:109} INFO - Running <TaskInstance: yellow_taxi_data_v2.download_dataset_task scheduled__2019-11-02T06:00:00+00:00 [running]> on host e030bae48f83
[2022-11-14 15:54:22,856] {warnings.py:110} WARNING - /home/***/.local/lib/python3.7/site-packages/***/utils/context.py:152: AirflowContextDeprecationWarning: Accessing 'execution_date' from the template is deprecated and will be removed in a future version. Please use 'data_interval_start' or 'logical_date' instead.
  warnings.warn(_create_deprecation_warning(key, self._deprecation_replacements[key]))

[2022-11-14 15:54:22,914] {taskinstance.py:1426} INFO - Exporting the following env vars:
AIRFLOW_CTX_DAG_OWNER=***
AIRFLOW_CTX_DAG_ID=yellow_taxi_data_v2
AIRFLOW_CTX_TASK_ID=download_dataset_task
AIRFLOW_CTX_EXECUTION_DATE=2019-11-02T06:00:00+00:00
AIRFLOW_CTX_DAG_RUN_ID=scheduled__2019-11-02T06:00:00+00:00
[2022-11-14 15:54:22,916] {subprocess.py:62} INFO - Tmp dir root location: 
 /tmp
[2022-11-14 15:54:22,922] {subprocess.py:74} INFO - Running command: ['bash', '-c', 'curl -sSLf https://d37ci6vzurychx.cloudfront.net/trip-data/yellow_tripdata_2019-11.parquet > /opt/***/yellow_tripdata_2019-11.parquet']
[2022-11-14 15:54:22,952] {subprocess.py:85} INFO - Output:
[2022-11-14 15:54:23,461] {subprocess.py:93} INFO - Command exited with return code 0
[2022-11-14 15:54:23,601] {taskinstance.py:1277} INFO - Marking task as SUCCESS. dag_id=yellow_taxi_data_v2, task_id=download_dataset_task, execution_date=20191102T060000, start_date=20221114T155422, end_date=20221114T155423
[2022-11-14 15:54:23,733] {local_task_job.py:154} INFO - Task exited with return code 0
[2022-11-14 15:54:23,900] {local_task_job.py:264} INFO - 1 downstream tasks scheduled from follow-on schedule check
[2022-11-16 09:22:25,243] {taskinstance.py:1032} INFO - Dependencies all met for <TaskInstance: yellow_taxi_data_v2.download_dataset_task scheduled__2019-11-02T06:00:00+00:00 [queued]>
[2022-11-16 09:22:25,265] {taskinstance.py:1032} INFO - Dependencies all met for <TaskInstance: yellow_taxi_data_v2.download_dataset_task scheduled__2019-11-02T06:00:00+00:00 [queued]>
[2022-11-16 09:22:25,265] {taskinstance.py:1238} INFO - 
--------------------------------------------------------------------------------
[2022-11-16 09:22:25,265] {taskinstance.py:1239} INFO - Starting attempt 1 of 2
[2022-11-16 09:22:25,266] {taskinstance.py:1240} INFO - 
--------------------------------------------------------------------------------
[2022-11-16 09:22:25,287] {taskinstance.py:1259} INFO - Executing <Task(BashOperator): download_dataset_task> on 2019-11-02 06:00:00+00:00
[2022-11-16 09:22:25,297] {standard_task_runner.py:52} INFO - Started process 373 to run task
[2022-11-16 09:22:25,305] {standard_task_runner.py:76} INFO - Running: ['***', 'tasks', 'run', 'yellow_taxi_data_v2', 'download_dataset_task', 'scheduled__2019-11-02T06:00:00+00:00', '--job-id', '735', '--raw', '--subdir', 'DAGS_FOLDER/data_ingestion_gcs.py', '--cfg-path', '/tmp/tmpef00swa_', '--error-file', '/tmp/tmpt0edhsjc']
[2022-11-16 09:22:25,307] {standard_task_runner.py:77} INFO - Job 735: Subtask download_dataset_task
[2022-11-16 09:22:25,410] {logging_mixin.py:109} INFO - Running <TaskInstance: yellow_taxi_data_v2.download_dataset_task scheduled__2019-11-02T06:00:00+00:00 [running]> on host 75ceca4d9264
[2022-11-16 09:22:25,484] {warnings.py:110} WARNING - /home/***/.local/lib/python3.7/site-packages/***/utils/context.py:152: AirflowContextDeprecationWarning: Accessing 'execution_date' from the template is deprecated and will be removed in a future version. Please use 'data_interval_start' or 'logical_date' instead.
  warnings.warn(_create_deprecation_warning(key, self._deprecation_replacements[key]))

[2022-11-16 09:22:25,525] {taskinstance.py:1426} INFO - Exporting the following env vars:
AIRFLOW_CTX_DAG_OWNER=***
AIRFLOW_CTX_DAG_ID=yellow_taxi_data_v2
AIRFLOW_CTX_TASK_ID=download_dataset_task
AIRFLOW_CTX_EXECUTION_DATE=2019-11-02T06:00:00+00:00
AIRFLOW_CTX_DAG_RUN_ID=scheduled__2019-11-02T06:00:00+00:00
[2022-11-16 09:22:25,527] {subprocess.py:62} INFO - Tmp dir root location: 
 /tmp
[2022-11-16 09:22:25,528] {subprocess.py:74} INFO - Running command: ['bash', '-c', 'curl -sSLf https://d37ci6vzurychx.cloudfront.net/trip-data/yellow_tripdata_2019-11.parquet > /opt/***/yellow_tripdata_2019-11.parquet']
[2022-11-16 09:22:25,552] {subprocess.py:85} INFO - Output:
[2022-11-16 09:22:26,078] {subprocess.py:93} INFO - Command exited with return code 0
[2022-11-16 09:22:26,191] {taskinstance.py:1277} INFO - Marking task as SUCCESS. dag_id=yellow_taxi_data_v2, task_id=download_dataset_task, execution_date=20191102T060000, start_date=20221116T092225, end_date=20221116T092226
[2022-11-16 09:22:26,241] {local_task_job.py:154} INFO - Task exited with return code 0
[2022-11-16 09:22:26,305] {local_task_job.py:264} INFO - 1 downstream tasks scheduled from follow-on schedule check
