[2022-11-14 16:41:00,289] {taskinstance.py:1032} INFO - Dependencies all met for <TaskInstance: fhv_taxi_data_v1.download_dataset_task scheduled__2022-07-02T08:00:00+00:00 [queued]>
[2022-11-14 16:41:00,307] {taskinstance.py:1032} INFO - Dependencies all met for <TaskInstance: fhv_taxi_data_v1.download_dataset_task scheduled__2022-07-02T08:00:00+00:00 [queued]>
[2022-11-14 16:41:00,307] {taskinstance.py:1238} INFO - 
--------------------------------------------------------------------------------
[2022-11-14 16:41:00,307] {taskinstance.py:1239} INFO - Starting attempt 1 of 2
[2022-11-14 16:41:00,307] {taskinstance.py:1240} INFO - 
--------------------------------------------------------------------------------
[2022-11-14 16:41:00,330] {taskinstance.py:1259} INFO - Executing <Task(BashOperator): download_dataset_task> on 2022-07-02 08:00:00+00:00
[2022-11-14 16:41:00,340] {standard_task_runner.py:52} INFO - Started process 4946 to run task
[2022-11-14 16:41:00,356] {standard_task_runner.py:76} INFO - Running: ['***', 'tasks', 'run', 'fhv_taxi_data_v1', 'download_dataset_task', 'scheduled__2022-07-02T08:00:00+00:00', '--job-id', '680', '--raw', '--subdir', 'DAGS_FOLDER/data_ingestion_gcs.py', '--cfg-path', '/tmp/tmp6bsr2ig5', '--error-file', '/tmp/tmpi0c1gmt5']
[2022-11-14 16:41:00,358] {standard_task_runner.py:77} INFO - Job 680: Subtask download_dataset_task
[2022-11-14 16:41:00,475] {logging_mixin.py:109} INFO - Running <TaskInstance: fhv_taxi_data_v1.download_dataset_task scheduled__2022-07-02T08:00:00+00:00 [running]> on host e030bae48f83
[2022-11-14 16:41:00,559] {warnings.py:110} WARNING - /home/***/.local/lib/python3.7/site-packages/***/utils/context.py:152: AirflowContextDeprecationWarning: Accessing 'execution_date' from the template is deprecated and will be removed in a future version. Please use 'data_interval_start' or 'logical_date' instead.
  warnings.warn(_create_deprecation_warning(key, self._deprecation_replacements[key]))

[2022-11-14 16:41:00,607] {taskinstance.py:1426} INFO - Exporting the following env vars:
AIRFLOW_CTX_DAG_OWNER=***
AIRFLOW_CTX_DAG_ID=fhv_taxi_data_v1
AIRFLOW_CTX_TASK_ID=download_dataset_task
AIRFLOW_CTX_EXECUTION_DATE=2022-07-02T08:00:00+00:00
AIRFLOW_CTX_DAG_RUN_ID=scheduled__2022-07-02T08:00:00+00:00
[2022-11-14 16:41:00,609] {subprocess.py:62} INFO - Tmp dir root location: 
 /tmp
[2022-11-14 16:41:00,610] {subprocess.py:74} INFO - Running command: ['bash', '-c', 'curl -sSLf https://d37ci6vzurychx.cloudfront.net/trip-data/fhv_tripdata_2022-07.parquet > /opt/***/fhv_tripdata_2022-07.parquet']
[2022-11-14 16:41:00,652] {subprocess.py:85} INFO - Output:
[2022-11-14 16:41:01,844] {subprocess.py:93} INFO - Command exited with return code 0
[2022-11-14 16:41:01,902] {taskinstance.py:1277} INFO - Marking task as SUCCESS. dag_id=fhv_taxi_data_v1, task_id=download_dataset_task, execution_date=20220702T080000, start_date=20221114T164100, end_date=20221114T164101
[2022-11-14 16:41:01,988] {local_task_job.py:154} INFO - Task exited with return code 0
[2022-11-14 16:41:02,069] {local_task_job.py:264} INFO - 1 downstream tasks scheduled from follow-on schedule check
