[2022-11-14 15:55:57,225] {taskinstance.py:1032} INFO - Dependencies all met for <TaskInstance: yellow_taxi_data_v2.download_dataset_task scheduled__2020-11-02T06:00:00+00:00 [queued]>
[2022-11-14 15:55:57,253] {taskinstance.py:1032} INFO - Dependencies all met for <TaskInstance: yellow_taxi_data_v2.download_dataset_task scheduled__2020-11-02T06:00:00+00:00 [queued]>
[2022-11-14 15:55:57,254] {taskinstance.py:1238} INFO - 
--------------------------------------------------------------------------------
[2022-11-14 15:55:57,254] {taskinstance.py:1239} INFO - Starting attempt 1 of 2
[2022-11-14 15:55:57,254] {taskinstance.py:1240} INFO - 
--------------------------------------------------------------------------------
[2022-11-14 15:55:57,285] {taskinstance.py:1259} INFO - Executing <Task(BashOperator): download_dataset_task> on 2020-11-02 06:00:00+00:00
[2022-11-14 15:55:57,306] {standard_task_runner.py:52} INFO - Started process 1232 to run task
[2022-11-14 15:55:57,330] {standard_task_runner.py:76} INFO - Running: ['***', 'tasks', 'run', 'yellow_taxi_data_v2', 'download_dataset_task', 'scheduled__2020-11-02T06:00:00+00:00', '--job-id', '232', '--raw', '--subdir', 'DAGS_FOLDER/data_ingestion_gcs.py', '--cfg-path', '/tmp/tmpp98gcmxr', '--error-file', '/tmp/tmp9m8fhxvp']
[2022-11-14 15:55:57,341] {standard_task_runner.py:77} INFO - Job 232: Subtask download_dataset_task
[2022-11-14 15:55:57,549] {logging_mixin.py:109} INFO - Running <TaskInstance: yellow_taxi_data_v2.download_dataset_task scheduled__2020-11-02T06:00:00+00:00 [running]> on host e030bae48f83
[2022-11-14 15:55:57,752] {warnings.py:110} WARNING - /home/***/.local/lib/python3.7/site-packages/***/utils/context.py:152: AirflowContextDeprecationWarning: Accessing 'execution_date' from the template is deprecated and will be removed in a future version. Please use 'data_interval_start' or 'logical_date' instead.
  warnings.warn(_create_deprecation_warning(key, self._deprecation_replacements[key]))

[2022-11-14 15:55:57,796] {taskinstance.py:1426} INFO - Exporting the following env vars:
AIRFLOW_CTX_DAG_OWNER=***
AIRFLOW_CTX_DAG_ID=yellow_taxi_data_v2
AIRFLOW_CTX_TASK_ID=download_dataset_task
AIRFLOW_CTX_EXECUTION_DATE=2020-11-02T06:00:00+00:00
AIRFLOW_CTX_DAG_RUN_ID=scheduled__2020-11-02T06:00:00+00:00
[2022-11-14 15:55:57,797] {subprocess.py:62} INFO - Tmp dir root location: 
 /tmp
[2022-11-14 15:55:57,799] {subprocess.py:74} INFO - Running command: ['bash', '-c', 'curl -sSLf https://d37ci6vzurychx.cloudfront.net/trip-data/yellow_tripdata_2020-11.parquet > /opt/***/yellow_tripdata_2020-11.parquet']
[2022-11-14 15:55:57,823] {subprocess.py:85} INFO - Output:
[2022-11-14 15:55:59,226] {subprocess.py:93} INFO - Command exited with return code 0
[2022-11-14 15:55:59,264] {taskinstance.py:1277} INFO - Marking task as SUCCESS. dag_id=yellow_taxi_data_v2, task_id=download_dataset_task, execution_date=20201102T060000, start_date=20221114T155557, end_date=20221114T155559
[2022-11-14 15:55:59,310] {local_task_job.py:154} INFO - Task exited with return code 0
[2022-11-14 15:55:59,360] {local_task_job.py:264} INFO - 1 downstream tasks scheduled from follow-on schedule check
[2022-11-16 09:24:18,851] {taskinstance.py:1032} INFO - Dependencies all met for <TaskInstance: yellow_taxi_data_v2.download_dataset_task scheduled__2020-11-02T06:00:00+00:00 [queued]>
[2022-11-16 09:24:18,872] {taskinstance.py:1032} INFO - Dependencies all met for <TaskInstance: yellow_taxi_data_v2.download_dataset_task scheduled__2020-11-02T06:00:00+00:00 [queued]>
[2022-11-16 09:24:18,872] {taskinstance.py:1238} INFO - 
--------------------------------------------------------------------------------
[2022-11-16 09:24:18,872] {taskinstance.py:1239} INFO - Starting attempt 1 of 2
[2022-11-16 09:24:18,873] {taskinstance.py:1240} INFO - 
--------------------------------------------------------------------------------
[2022-11-16 09:24:18,896] {taskinstance.py:1259} INFO - Executing <Task(BashOperator): download_dataset_task> on 2020-11-02 06:00:00+00:00
[2022-11-16 09:24:18,905] {standard_task_runner.py:52} INFO - Started process 611 to run task
[2022-11-16 09:24:18,912] {standard_task_runner.py:76} INFO - Running: ['***', 'tasks', 'run', 'yellow_taxi_data_v2', 'download_dataset_task', 'scheduled__2020-11-02T06:00:00+00:00', '--job-id', '771', '--raw', '--subdir', 'DAGS_FOLDER/data_ingestion_gcs.py', '--cfg-path', '/tmp/tmpmggjudhm', '--error-file', '/tmp/tmpw3ijnu4x']
[2022-11-16 09:24:18,914] {standard_task_runner.py:77} INFO - Job 771: Subtask download_dataset_task
[2022-11-16 09:24:19,022] {logging_mixin.py:109} INFO - Running <TaskInstance: yellow_taxi_data_v2.download_dataset_task scheduled__2020-11-02T06:00:00+00:00 [running]> on host 75ceca4d9264
[2022-11-16 09:24:19,077] {warnings.py:110} WARNING - /home/***/.local/lib/python3.7/site-packages/***/utils/context.py:152: AirflowContextDeprecationWarning: Accessing 'execution_date' from the template is deprecated and will be removed in a future version. Please use 'data_interval_start' or 'logical_date' instead.
  warnings.warn(_create_deprecation_warning(key, self._deprecation_replacements[key]))

[2022-11-16 09:24:19,114] {taskinstance.py:1426} INFO - Exporting the following env vars:
AIRFLOW_CTX_DAG_OWNER=***
AIRFLOW_CTX_DAG_ID=yellow_taxi_data_v2
AIRFLOW_CTX_TASK_ID=download_dataset_task
AIRFLOW_CTX_EXECUTION_DATE=2020-11-02T06:00:00+00:00
AIRFLOW_CTX_DAG_RUN_ID=scheduled__2020-11-02T06:00:00+00:00
[2022-11-16 09:24:19,116] {subprocess.py:62} INFO - Tmp dir root location: 
 /tmp
[2022-11-16 09:24:19,117] {subprocess.py:74} INFO - Running command: ['bash', '-c', 'curl -sSLf https://d37ci6vzurychx.cloudfront.net/trip-data/yellow_tripdata_2020-11.parquet > /opt/***/yellow_tripdata_2020-11.parquet']
[2022-11-16 09:24:19,150] {subprocess.py:85} INFO - Output:
[2022-11-16 09:24:19,375] {subprocess.py:93} INFO - Command exited with return code 0
[2022-11-16 09:24:19,424] {taskinstance.py:1277} INFO - Marking task as SUCCESS. dag_id=yellow_taxi_data_v2, task_id=download_dataset_task, execution_date=20201102T060000, start_date=20221116T092418, end_date=20221116T092419
[2022-11-16 09:24:19,490] {local_task_job.py:154} INFO - Task exited with return code 0
[2022-11-16 09:24:19,549] {local_task_job.py:264} INFO - 1 downstream tasks scheduled from follow-on schedule check
