[2022-11-16 09:19:43,204] {taskinstance.py:1032} INFO - Dependencies all met for <TaskInstance: yellow_taxi_data_v2.download_dataset_task scheduled__2020-11-02T06:00:00+00:00 [queued]>
[2022-11-16 09:19:43,216] {taskinstance.py:1032} INFO - Dependencies all met for <TaskInstance: yellow_taxi_data_v2.download_dataset_task scheduled__2020-11-02T06:00:00+00:00 [queued]>
[2022-11-16 09:19:43,216] {taskinstance.py:1238} INFO - 
--------------------------------------------------------------------------------
[2022-11-16 09:19:43,217] {taskinstance.py:1239} INFO - Starting attempt 2 of 3
[2022-11-16 09:19:43,217] {taskinstance.py:1240} INFO - 
--------------------------------------------------------------------------------
[2022-11-16 09:19:43,238] {taskinstance.py:1259} INFO - Executing <Task(BashOperator): download_dataset_task> on 2020-11-02 06:00:00+00:00
[2022-11-16 09:19:43,246] {standard_task_runner.py:52} INFO - Started process 121 to run task
[2022-11-16 09:19:43,256] {standard_task_runner.py:76} INFO - Running: ['***', 'tasks', 'run', 'yellow_taxi_data_v2', 'download_dataset_task', 'scheduled__2020-11-02T06:00:00+00:00', '--job-id', '701', '--raw', '--subdir', 'DAGS_FOLDER/data_ingestion_gcs.py', '--cfg-path', '/tmp/tmpfyiqk4xx', '--error-file', '/tmp/tmpqscaw7ze']
[2022-11-16 09:19:43,258] {standard_task_runner.py:77} INFO - Job 701: Subtask download_dataset_task
[2022-11-16 09:19:43,352] {logging_mixin.py:109} INFO - Running <TaskInstance: yellow_taxi_data_v2.download_dataset_task scheduled__2020-11-02T06:00:00+00:00 [running]> on host 75ceca4d9264
[2022-11-16 09:19:43,404] {warnings.py:110} WARNING - /home/***/.local/lib/python3.7/site-packages/***/utils/context.py:152: AirflowContextDeprecationWarning: Accessing 'execution_date' from the template is deprecated and will be removed in a future version. Please use 'data_interval_start' or 'logical_date' instead.
  warnings.warn(_create_deprecation_warning(key, self._deprecation_replacements[key]))

[2022-11-16 09:19:43,427] {taskinstance.py:1426} INFO - Exporting the following env vars:
AIRFLOW_CTX_DAG_OWNER=***
AIRFLOW_CTX_DAG_ID=yellow_taxi_data_v2
AIRFLOW_CTX_TASK_ID=download_dataset_task
AIRFLOW_CTX_EXECUTION_DATE=2020-11-02T06:00:00+00:00
AIRFLOW_CTX_DAG_RUN_ID=scheduled__2020-11-02T06:00:00+00:00
[2022-11-16 09:19:43,429] {subprocess.py:62} INFO - Tmp dir root location: 
 /tmp
[2022-11-16 09:19:43,430] {subprocess.py:74} INFO - Running command: ['bash', '-c', 'curl -sSLf https://d37ci6vzurychx.cloudfront.net/trip-data/yellow_tripdata_2020-11.parquet > /opt/***/yellow_tripdata_2020-11.parquet']
[2022-11-16 09:19:43,446] {subprocess.py:85} INFO - Output:
[2022-11-16 09:19:43,608] {subprocess.py:93} INFO - Command exited with return code 0
[2022-11-16 09:19:43,643] {taskinstance.py:1277} INFO - Marking task as SUCCESS. dag_id=yellow_taxi_data_v2, task_id=download_dataset_task, execution_date=20201102T060000, start_date=20221116T091943, end_date=20221116T091943
[2022-11-16 09:19:43,670] {local_task_job.py:154} INFO - Task exited with return code 0
[2022-11-16 09:19:43,716] {local_task_job.py:264} INFO - 1 downstream tasks scheduled from follow-on schedule check
