[2022-11-14 15:56:39,107] {taskinstance.py:1032} INFO - Dependencies all met for <TaskInstance: yellow_taxi_data_v2.download_dataset_task scheduled__2021-04-02T06:00:00+00:00 [queued]>
[2022-11-14 15:56:39,133] {taskinstance.py:1032} INFO - Dependencies all met for <TaskInstance: yellow_taxi_data_v2.download_dataset_task scheduled__2021-04-02T06:00:00+00:00 [queued]>
[2022-11-14 15:56:39,133] {taskinstance.py:1238} INFO - 
--------------------------------------------------------------------------------
[2022-11-14 15:56:39,133] {taskinstance.py:1239} INFO - Starting attempt 1 of 2
[2022-11-14 15:56:39,133] {taskinstance.py:1240} INFO - 
--------------------------------------------------------------------------------
[2022-11-14 15:56:39,155] {taskinstance.py:1259} INFO - Executing <Task(BashOperator): download_dataset_task> on 2021-04-02 06:00:00+00:00
[2022-11-14 15:56:39,169] {standard_task_runner.py:52} INFO - Started process 1336 to run task
[2022-11-14 15:56:39,181] {standard_task_runner.py:76} INFO - Running: ['***', 'tasks', 'run', 'yellow_taxi_data_v2', 'download_dataset_task', 'scheduled__2021-04-02T06:00:00+00:00', '--job-id', '249', '--raw', '--subdir', 'DAGS_FOLDER/data_ingestion_gcs.py', '--cfg-path', '/tmp/tmp76dhtm0d', '--error-file', '/tmp/tmp_4pbsy3i']
[2022-11-14 15:56:39,183] {standard_task_runner.py:77} INFO - Job 249: Subtask download_dataset_task
[2022-11-14 15:56:39,306] {logging_mixin.py:109} INFO - Running <TaskInstance: yellow_taxi_data_v2.download_dataset_task scheduled__2021-04-02T06:00:00+00:00 [running]> on host e030bae48f83
[2022-11-14 15:56:39,403] {warnings.py:110} WARNING - /home/***/.local/lib/python3.7/site-packages/***/utils/context.py:152: AirflowContextDeprecationWarning: Accessing 'execution_date' from the template is deprecated and will be removed in a future version. Please use 'data_interval_start' or 'logical_date' instead.
  warnings.warn(_create_deprecation_warning(key, self._deprecation_replacements[key]))

[2022-11-14 15:56:39,443] {taskinstance.py:1426} INFO - Exporting the following env vars:
AIRFLOW_CTX_DAG_OWNER=***
AIRFLOW_CTX_DAG_ID=yellow_taxi_data_v2
AIRFLOW_CTX_TASK_ID=download_dataset_task
AIRFLOW_CTX_EXECUTION_DATE=2021-04-02T06:00:00+00:00
AIRFLOW_CTX_DAG_RUN_ID=scheduled__2021-04-02T06:00:00+00:00
[2022-11-14 15:56:39,447] {subprocess.py:62} INFO - Tmp dir root location: 
 /tmp
[2022-11-14 15:56:39,448] {subprocess.py:74} INFO - Running command: ['bash', '-c', 'curl -sSLf https://d37ci6vzurychx.cloudfront.net/trip-data/yellow_tripdata_2021-04.parquet > /opt/***/yellow_tripdata_2021-04.parquet']
[2022-11-14 15:56:39,470] {subprocess.py:85} INFO - Output:
[2022-11-14 15:56:40,986] {subprocess.py:93} INFO - Command exited with return code 0
[2022-11-14 15:56:41,027] {taskinstance.py:1277} INFO - Marking task as SUCCESS. dag_id=yellow_taxi_data_v2, task_id=download_dataset_task, execution_date=20210402T060000, start_date=20221114T155639, end_date=20221114T155641
[2022-11-14 15:56:41,090] {local_task_job.py:154} INFO - Task exited with return code 0
[2022-11-14 15:56:41,147] {local_task_job.py:264} INFO - 1 downstream tasks scheduled from follow-on schedule check
