[2022-11-14 16:37:35,668] {taskinstance.py:1032} INFO - Dependencies all met for <TaskInstance: fhv_taxi_data_v1.download_dataset_task scheduled__2020-02-02T08:00:00+00:00 [queued]>
[2022-11-14 16:37:35,687] {taskinstance.py:1032} INFO - Dependencies all met for <TaskInstance: fhv_taxi_data_v1.download_dataset_task scheduled__2020-02-02T08:00:00+00:00 [queued]>
[2022-11-14 16:37:35,687] {taskinstance.py:1238} INFO - 
--------------------------------------------------------------------------------
[2022-11-14 16:37:35,687] {taskinstance.py:1239} INFO - Starting attempt 1 of 2
[2022-11-14 16:37:35,687] {taskinstance.py:1240} INFO - 
--------------------------------------------------------------------------------
[2022-11-14 16:37:35,708] {taskinstance.py:1259} INFO - Executing <Task(BashOperator): download_dataset_task> on 2020-02-02 08:00:00+00:00
[2022-11-14 16:37:35,718] {standard_task_runner.py:52} INFO - Started process 4432 to run task
[2022-11-14 16:37:35,725] {standard_task_runner.py:76} INFO - Running: ['***', 'tasks', 'run', 'fhv_taxi_data_v1', 'download_dataset_task', 'scheduled__2020-02-02T08:00:00+00:00', '--job-id', '591', '--raw', '--subdir', 'DAGS_FOLDER/data_ingestion_gcs.py', '--cfg-path', '/tmp/tmpqajx565k', '--error-file', '/tmp/tmp18rmj8xe']
[2022-11-14 16:37:35,727] {standard_task_runner.py:77} INFO - Job 591: Subtask download_dataset_task
[2022-11-14 16:37:35,831] {logging_mixin.py:109} INFO - Running <TaskInstance: fhv_taxi_data_v1.download_dataset_task scheduled__2020-02-02T08:00:00+00:00 [running]> on host e030bae48f83
[2022-11-14 16:37:35,905] {warnings.py:110} WARNING - /home/***/.local/lib/python3.7/site-packages/***/utils/context.py:152: AirflowContextDeprecationWarning: Accessing 'execution_date' from the template is deprecated and will be removed in a future version. Please use 'data_interval_start' or 'logical_date' instead.
  warnings.warn(_create_deprecation_warning(key, self._deprecation_replacements[key]))

[2022-11-14 16:37:35,939] {taskinstance.py:1426} INFO - Exporting the following env vars:
AIRFLOW_CTX_DAG_OWNER=***
AIRFLOW_CTX_DAG_ID=fhv_taxi_data_v1
AIRFLOW_CTX_TASK_ID=download_dataset_task
AIRFLOW_CTX_EXECUTION_DATE=2020-02-02T08:00:00+00:00
AIRFLOW_CTX_DAG_RUN_ID=scheduled__2020-02-02T08:00:00+00:00
[2022-11-14 16:37:35,941] {subprocess.py:62} INFO - Tmp dir root location: 
 /tmp
[2022-11-14 16:37:35,942] {subprocess.py:74} INFO - Running command: ['bash', '-c', 'curl -sSLf https://d37ci6vzurychx.cloudfront.net/trip-data/fhv_tripdata_2020-02.parquet > /opt/***/fhv_tripdata_2020-02.parquet']
[2022-11-14 16:37:35,968] {subprocess.py:85} INFO - Output:
[2022-11-14 16:37:37,242] {subprocess.py:93} INFO - Command exited with return code 0
[2022-11-14 16:37:37,298] {taskinstance.py:1277} INFO - Marking task as SUCCESS. dag_id=fhv_taxi_data_v1, task_id=download_dataset_task, execution_date=20200202T080000, start_date=20221114T163735, end_date=20221114T163737
[2022-11-14 16:37:37,346] {local_task_job.py:154} INFO - Task exited with return code 0
[2022-11-14 16:37:37,447] {local_task_job.py:264} INFO - 1 downstream tasks scheduled from follow-on schedule check
