[2022-11-14 15:53:29,105] {taskinstance.py:1032} INFO - Dependencies all met for <TaskInstance: yellow_taxi_data_v2.rm_task scheduled__2019-04-02T06:00:00+00:00 [queued]>
[2022-11-14 15:53:29,149] {taskinstance.py:1032} INFO - Dependencies all met for <TaskInstance: yellow_taxi_data_v2.rm_task scheduled__2019-04-02T06:00:00+00:00 [queued]>
[2022-11-14 15:53:29,149] {taskinstance.py:1238} INFO - 
--------------------------------------------------------------------------------
[2022-11-14 15:53:29,149] {taskinstance.py:1239} INFO - Starting attempt 1 of 2
[2022-11-14 15:53:29,150] {taskinstance.py:1240} INFO - 
--------------------------------------------------------------------------------
[2022-11-14 15:53:29,179] {taskinstance.py:1259} INFO - Executing <Task(BashOperator): rm_task> on 2019-04-02 06:00:00+00:00
[2022-11-14 15:53:29,189] {standard_task_runner.py:52} INFO - Started process 924 to run task
[2022-11-14 15:53:29,206] {standard_task_runner.py:76} INFO - Running: ['***', 'tasks', 'run', 'yellow_taxi_data_v2', 'rm_task', 'scheduled__2019-04-02T06:00:00+00:00', '--job-id', '185', '--raw', '--subdir', 'DAGS_FOLDER/data_ingestion_gcs.py', '--cfg-path', '/tmp/tmpv0m6_zf8', '--error-file', '/tmp/tmpt63h1_fj']
[2022-11-14 15:53:29,208] {standard_task_runner.py:77} INFO - Job 185: Subtask rm_task
[2022-11-14 15:53:29,354] {logging_mixin.py:109} INFO - Running <TaskInstance: yellow_taxi_data_v2.rm_task scheduled__2019-04-02T06:00:00+00:00 [running]> on host e030bae48f83
[2022-11-14 15:53:29,442] {warnings.py:110} WARNING - /home/***/.local/lib/python3.7/site-packages/***/utils/context.py:152: AirflowContextDeprecationWarning: Accessing 'execution_date' from the template is deprecated and will be removed in a future version. Please use 'data_interval_start' or 'logical_date' instead.
  warnings.warn(_create_deprecation_warning(key, self._deprecation_replacements[key]))

[2022-11-14 15:53:29,483] {taskinstance.py:1426} INFO - Exporting the following env vars:
AIRFLOW_CTX_DAG_OWNER=***
AIRFLOW_CTX_DAG_ID=yellow_taxi_data_v2
AIRFLOW_CTX_TASK_ID=rm_task
AIRFLOW_CTX_EXECUTION_DATE=2019-04-02T06:00:00+00:00
AIRFLOW_CTX_DAG_RUN_ID=scheduled__2019-04-02T06:00:00+00:00
[2022-11-14 15:53:29,485] {subprocess.py:62} INFO - Tmp dir root location: 
 /tmp
[2022-11-14 15:53:29,486] {subprocess.py:74} INFO - Running command: ['bash', '-c', 'rm /opt/***/yellow_tripdata_2019-04.parquet']
[2022-11-14 15:53:29,511] {subprocess.py:85} INFO - Output:
[2022-11-14 15:53:29,549] {subprocess.py:93} INFO - Command exited with return code 0
[2022-11-14 15:53:29,618] {taskinstance.py:1277} INFO - Marking task as SUCCESS. dag_id=yellow_taxi_data_v2, task_id=rm_task, execution_date=20190402T060000, start_date=20221114T155329, end_date=20221114T155329
[2022-11-14 15:53:29,660] {local_task_job.py:154} INFO - Task exited with return code 0
[2022-11-14 15:53:29,719] {local_task_job.py:264} INFO - 0 downstream tasks scheduled from follow-on schedule check
[2022-11-16 09:21:20,277] {taskinstance.py:1032} INFO - Dependencies all met for <TaskInstance: yellow_taxi_data_v2.rm_task scheduled__2019-04-02T06:00:00+00:00 [queued]>
[2022-11-16 09:21:20,291] {taskinstance.py:1032} INFO - Dependencies all met for <TaskInstance: yellow_taxi_data_v2.rm_task scheduled__2019-04-02T06:00:00+00:00 [queued]>
[2022-11-16 09:21:20,291] {taskinstance.py:1238} INFO - 
--------------------------------------------------------------------------------
[2022-11-16 09:21:20,291] {taskinstance.py:1239} INFO - Starting attempt 1 of 2
[2022-11-16 09:21:20,291] {taskinstance.py:1240} INFO - 
--------------------------------------------------------------------------------
[2022-11-16 09:21:20,306] {taskinstance.py:1259} INFO - Executing <Task(BashOperator): rm_task> on 2019-04-02 06:00:00+00:00
[2022-11-16 09:21:20,314] {standard_task_runner.py:52} INFO - Started process 251 to run task
[2022-11-16 09:21:20,322] {standard_task_runner.py:76} INFO - Running: ['***', 'tasks', 'run', 'yellow_taxi_data_v2', 'rm_task', 'scheduled__2019-04-02T06:00:00+00:00', '--job-id', '716', '--raw', '--subdir', 'DAGS_FOLDER/data_ingestion_gcs.py', '--cfg-path', '/tmp/tmp5gcci7sd', '--error-file', '/tmp/tmp_prpqx82']
[2022-11-16 09:21:20,324] {standard_task_runner.py:77} INFO - Job 716: Subtask rm_task
[2022-11-16 09:21:20,404] {logging_mixin.py:109} INFO - Running <TaskInstance: yellow_taxi_data_v2.rm_task scheduled__2019-04-02T06:00:00+00:00 [running]> on host 75ceca4d9264
[2022-11-16 09:21:20,470] {warnings.py:110} WARNING - /home/***/.local/lib/python3.7/site-packages/***/utils/context.py:152: AirflowContextDeprecationWarning: Accessing 'execution_date' from the template is deprecated and will be removed in a future version. Please use 'data_interval_start' or 'logical_date' instead.
  warnings.warn(_create_deprecation_warning(key, self._deprecation_replacements[key]))

[2022-11-16 09:21:20,510] {taskinstance.py:1426} INFO - Exporting the following env vars:
AIRFLOW_CTX_DAG_OWNER=***
AIRFLOW_CTX_DAG_ID=yellow_taxi_data_v2
AIRFLOW_CTX_TASK_ID=rm_task
AIRFLOW_CTX_EXECUTION_DATE=2019-04-02T06:00:00+00:00
AIRFLOW_CTX_DAG_RUN_ID=scheduled__2019-04-02T06:00:00+00:00
[2022-11-16 09:21:20,512] {subprocess.py:62} INFO - Tmp dir root location: 
 /tmp
[2022-11-16 09:21:20,513] {subprocess.py:74} INFO - Running command: ['bash', '-c', 'rm /opt/***/yellow_tripdata_2019-04.parquet']
[2022-11-16 09:21:20,535] {subprocess.py:85} INFO - Output:
[2022-11-16 09:21:20,574] {subprocess.py:93} INFO - Command exited with return code 0
[2022-11-16 09:21:20,610] {taskinstance.py:1277} INFO - Marking task as SUCCESS. dag_id=yellow_taxi_data_v2, task_id=rm_task, execution_date=20190402T060000, start_date=20221116T092120, end_date=20221116T092120
[2022-11-16 09:21:20,656] {local_task_job.py:154} INFO - Task exited with return code 0
[2022-11-16 09:21:20,699] {local_task_job.py:264} INFO - 0 downstream tasks scheduled from follow-on schedule check
