[2022-11-14 16:34:36,897] {taskinstance.py:1032} INFO - Dependencies all met for <TaskInstance: fhv_taxi_data_v1.download_dataset_task scheduled__2022-03-02T07:00:00+00:00 [queued]>
[2022-11-14 16:34:36,917] {taskinstance.py:1032} INFO - Dependencies all met for <TaskInstance: fhv_taxi_data_v1.download_dataset_task scheduled__2022-03-02T07:00:00+00:00 [queued]>
[2022-11-14 16:34:36,918] {taskinstance.py:1238} INFO - 
--------------------------------------------------------------------------------
[2022-11-14 16:34:36,918] {taskinstance.py:1239} INFO - Starting attempt 1 of 2
[2022-11-14 16:34:36,918] {taskinstance.py:1240} INFO - 
--------------------------------------------------------------------------------
[2022-11-14 16:34:36,943] {taskinstance.py:1259} INFO - Executing <Task(BashOperator): download_dataset_task> on 2022-03-02 07:00:00+00:00
[2022-11-14 16:34:36,952] {standard_task_runner.py:52} INFO - Started process 4141 to run task
[2022-11-14 16:34:36,968] {standard_task_runner.py:76} INFO - Running: ['***', 'tasks', 'run', 'fhv_taxi_data_v1', 'download_dataset_task', 'scheduled__2022-03-02T07:00:00+00:00', '--job-id', '550', '--raw', '--subdir', 'DAGS_FOLDER/data_ingestion_gcs.py', '--cfg-path', '/tmp/tmpj04kf2z3', '--error-file', '/tmp/tmpxyz1hc3e']
[2022-11-14 16:34:36,974] {standard_task_runner.py:77} INFO - Job 550: Subtask download_dataset_task
[2022-11-14 16:34:37,125] {logging_mixin.py:109} INFO - Running <TaskInstance: fhv_taxi_data_v1.download_dataset_task scheduled__2022-03-02T07:00:00+00:00 [running]> on host e030bae48f83
[2022-11-14 16:34:37,217] {warnings.py:110} WARNING - /home/***/.local/lib/python3.7/site-packages/***/utils/context.py:152: AirflowContextDeprecationWarning: Accessing 'execution_date' from the template is deprecated and will be removed in a future version. Please use 'data_interval_start' or 'logical_date' instead.
  warnings.warn(_create_deprecation_warning(key, self._deprecation_replacements[key]))

[2022-11-14 16:34:37,260] {taskinstance.py:1426} INFO - Exporting the following env vars:
AIRFLOW_CTX_DAG_OWNER=***
AIRFLOW_CTX_DAG_ID=fhv_taxi_data_v1
AIRFLOW_CTX_TASK_ID=download_dataset_task
AIRFLOW_CTX_EXECUTION_DATE=2022-03-02T07:00:00+00:00
AIRFLOW_CTX_DAG_RUN_ID=scheduled__2022-03-02T07:00:00+00:00
[2022-11-14 16:34:37,265] {subprocess.py:62} INFO - Tmp dir root location: 
 /tmp
[2022-11-14 16:34:37,266] {subprocess.py:74} INFO - Running command: ['bash', '-c', 'curl -sSLf https://d37ci6vzurychx.cloudfront.net/trip-data/fhv_tripdata_2022-03.parquet > /opt/***/fhv_tripdata_2022-03.parquet']
[2022-11-14 16:34:37,290] {subprocess.py:85} INFO - Output:
[2022-11-14 16:34:37,950] {subprocess.py:93} INFO - Command exited with return code 0
[2022-11-14 16:34:37,987] {taskinstance.py:1277} INFO - Marking task as SUCCESS. dag_id=fhv_taxi_data_v1, task_id=download_dataset_task, execution_date=20220302T070000, start_date=20221114T163436, end_date=20221114T163437
[2022-11-14 16:34:38,032] {local_task_job.py:154} INFO - Task exited with return code 0
[2022-11-14 16:34:38,096] {local_task_job.py:264} INFO - 1 downstream tasks scheduled from follow-on schedule check
