[2022-11-14 16:38:52,603] {taskinstance.py:1032} INFO - Dependencies all met for <TaskInstance: fhv_taxi_data_v1.rm_task scheduled__2021-05-02T08:00:00+00:00 [queued]>
[2022-11-14 16:38:52,624] {taskinstance.py:1032} INFO - Dependencies all met for <TaskInstance: fhv_taxi_data_v1.rm_task scheduled__2021-05-02T08:00:00+00:00 [queued]>
[2022-11-14 16:38:52,624] {taskinstance.py:1238} INFO - 
--------------------------------------------------------------------------------
[2022-11-14 16:38:52,624] {taskinstance.py:1239} INFO - Starting attempt 1 of 2
[2022-11-14 16:38:52,625] {taskinstance.py:1240} INFO - 
--------------------------------------------------------------------------------
[2022-11-14 16:38:52,647] {taskinstance.py:1259} INFO - Executing <Task(BashOperator): rm_task> on 2021-05-02 08:00:00+00:00
[2022-11-14 16:38:52,665] {standard_task_runner.py:52} INFO - Started process 4697 to run task
[2022-11-14 16:38:52,680] {standard_task_runner.py:76} INFO - Running: ['***', 'tasks', 'run', 'fhv_taxi_data_v1', 'rm_task', 'scheduled__2021-05-02T08:00:00+00:00', '--job-id', '642', '--raw', '--subdir', 'DAGS_FOLDER/data_ingestion_gcs.py', '--cfg-path', '/tmp/tmpu3u8ltvj', '--error-file', '/tmp/tmp2bcrhvsy']
[2022-11-14 16:38:52,682] {standard_task_runner.py:77} INFO - Job 642: Subtask rm_task
[2022-11-14 16:38:52,818] {logging_mixin.py:109} INFO - Running <TaskInstance: fhv_taxi_data_v1.rm_task scheduled__2021-05-02T08:00:00+00:00 [running]> on host e030bae48f83
[2022-11-14 16:38:52,900] {warnings.py:110} WARNING - /home/***/.local/lib/python3.7/site-packages/***/utils/context.py:152: AirflowContextDeprecationWarning: Accessing 'execution_date' from the template is deprecated and will be removed in a future version. Please use 'data_interval_start' or 'logical_date' instead.
  warnings.warn(_create_deprecation_warning(key, self._deprecation_replacements[key]))

[2022-11-14 16:38:52,952] {taskinstance.py:1426} INFO - Exporting the following env vars:
AIRFLOW_CTX_DAG_OWNER=***
AIRFLOW_CTX_DAG_ID=fhv_taxi_data_v1
AIRFLOW_CTX_TASK_ID=rm_task
AIRFLOW_CTX_EXECUTION_DATE=2021-05-02T08:00:00+00:00
AIRFLOW_CTX_DAG_RUN_ID=scheduled__2021-05-02T08:00:00+00:00
[2022-11-14 16:38:52,954] {subprocess.py:62} INFO - Tmp dir root location: 
 /tmp
[2022-11-14 16:38:52,955] {subprocess.py:74} INFO - Running command: ['bash', '-c', 'rm /opt/***/fhv_tripdata_2021-05.parquet']
[2022-11-14 16:38:52,978] {subprocess.py:85} INFO - Output:
[2022-11-14 16:38:52,988] {subprocess.py:93} INFO - Command exited with return code 0
[2022-11-14 16:38:53,035] {taskinstance.py:1277} INFO - Marking task as SUCCESS. dag_id=fhv_taxi_data_v1, task_id=rm_task, execution_date=20210502T080000, start_date=20221114T163852, end_date=20221114T163853
[2022-11-14 16:38:53,095] {local_task_job.py:154} INFO - Task exited with return code 0
[2022-11-14 16:38:53,139] {local_task_job.py:264} INFO - 0 downstream tasks scheduled from follow-on schedule check
