[2022-11-14 15:54:56,229] {taskinstance.py:1032} INFO - Dependencies all met for <TaskInstance: yellow_taxi_data_v2.local_to_gcs_task scheduled__2020-01-02T06:00:00+00:00 [queued]>
[2022-11-14 15:54:56,253] {taskinstance.py:1032} INFO - Dependencies all met for <TaskInstance: yellow_taxi_data_v2.local_to_gcs_task scheduled__2020-01-02T06:00:00+00:00 [queued]>
[2022-11-14 15:54:56,253] {taskinstance.py:1238} INFO - 
--------------------------------------------------------------------------------
[2022-11-14 15:54:56,253] {taskinstance.py:1239} INFO - Starting attempt 1 of 2
[2022-11-14 15:54:56,254] {taskinstance.py:1240} INFO - 
--------------------------------------------------------------------------------
[2022-11-14 15:54:56,279] {taskinstance.py:1259} INFO - Executing <Task(PythonOperator): local_to_gcs_task> on 2020-01-02 06:00:00+00:00
[2022-11-14 15:54:56,289] {standard_task_runner.py:52} INFO - Started process 1096 to run task
[2022-11-14 15:54:56,301] {standard_task_runner.py:76} INFO - Running: ['***', 'tasks', 'run', 'yellow_taxi_data_v2', 'local_to_gcs_task', 'scheduled__2020-01-02T06:00:00+00:00', '--job-id', '209', '--raw', '--subdir', 'DAGS_FOLDER/data_ingestion_gcs.py', '--cfg-path', '/tmp/tmppcn6gpei', '--error-file', '/tmp/tmp7z__2ypf']
[2022-11-14 15:54:56,304] {standard_task_runner.py:77} INFO - Job 209: Subtask local_to_gcs_task
[2022-11-14 15:54:56,416] {logging_mixin.py:109} INFO - Running <TaskInstance: yellow_taxi_data_v2.local_to_gcs_task scheduled__2020-01-02T06:00:00+00:00 [running]> on host e030bae48f83
[2022-11-14 15:54:56,543] {warnings.py:110} WARNING - /home/***/.local/lib/python3.7/site-packages/***/utils/context.py:152: AirflowContextDeprecationWarning: Accessing 'execution_date' from the template is deprecated and will be removed in a future version. Please use 'data_interval_start' or 'logical_date' instead.
  warnings.warn(_create_deprecation_warning(key, self._deprecation_replacements[key]))

[2022-11-14 15:54:56,597] {taskinstance.py:1426} INFO - Exporting the following env vars:
AIRFLOW_CTX_DAG_OWNER=***
AIRFLOW_CTX_DAG_ID=yellow_taxi_data_v2
AIRFLOW_CTX_TASK_ID=local_to_gcs_task
AIRFLOW_CTX_EXECUTION_DATE=2020-01-02T06:00:00+00:00
AIRFLOW_CTX_DAG_RUN_ID=scheduled__2020-01-02T06:00:00+00:00
[2022-11-14 15:54:58,060] {python.py:175} INFO - Done. Returned value was: None
[2022-11-14 15:54:58,123] {taskinstance.py:1277} INFO - Marking task as SUCCESS. dag_id=yellow_taxi_data_v2, task_id=local_to_gcs_task, execution_date=20200102T060000, start_date=20221114T155456, end_date=20221114T155458
[2022-11-14 15:54:58,197] {local_task_job.py:154} INFO - Task exited with return code 0
[2022-11-14 15:54:58,322] {local_task_job.py:264} INFO - 1 downstream tasks scheduled from follow-on schedule check
