[2022-11-14 16:26:01,183] {taskinstance.py:1032} INFO - Dependencies all met for <TaskInstance: green_taxi_data_v1.local_to_gcs_task scheduled__2021-04-02T07:00:00+00:00 [queued]>
[2022-11-14 16:26:01,206] {taskinstance.py:1032} INFO - Dependencies all met for <TaskInstance: green_taxi_data_v1.local_to_gcs_task scheduled__2021-04-02T07:00:00+00:00 [queued]>
[2022-11-14 16:26:01,207] {taskinstance.py:1238} INFO - 
--------------------------------------------------------------------------------
[2022-11-14 16:26:01,207] {taskinstance.py:1239} INFO - Starting attempt 1 of 2
[2022-11-14 16:26:01,207] {taskinstance.py:1240} INFO - 
--------------------------------------------------------------------------------
[2022-11-14 16:26:01,233] {taskinstance.py:1259} INFO - Executing <Task(PythonOperator): local_to_gcs_task> on 2021-04-02 07:00:00+00:00
[2022-11-14 16:26:01,243] {standard_task_runner.py:52} INFO - Started process 3118 to run task
[2022-11-14 16:26:01,260] {standard_task_runner.py:76} INFO - Running: ['***', 'tasks', 'run', 'green_taxi_data_v1', 'local_to_gcs_task', 'scheduled__2021-04-02T07:00:00+00:00', '--job-id', '389', '--raw', '--subdir', 'DAGS_FOLDER/data_ingestion_gcs.py', '--cfg-path', '/tmp/tmptuzruqn0', '--error-file', '/tmp/tmpb86vikfz']
[2022-11-14 16:26:01,262] {standard_task_runner.py:77} INFO - Job 389: Subtask local_to_gcs_task
[2022-11-14 16:26:01,388] {logging_mixin.py:109} INFO - Running <TaskInstance: green_taxi_data_v1.local_to_gcs_task scheduled__2021-04-02T07:00:00+00:00 [running]> on host e030bae48f83
[2022-11-14 16:26:01,486] {warnings.py:110} WARNING - /home/***/.local/lib/python3.7/site-packages/***/utils/context.py:152: AirflowContextDeprecationWarning: Accessing 'execution_date' from the template is deprecated and will be removed in a future version. Please use 'data_interval_start' or 'logical_date' instead.
  warnings.warn(_create_deprecation_warning(key, self._deprecation_replacements[key]))

[2022-11-14 16:26:01,539] {taskinstance.py:1426} INFO - Exporting the following env vars:
AIRFLOW_CTX_DAG_OWNER=***
AIRFLOW_CTX_DAG_ID=green_taxi_data_v1
AIRFLOW_CTX_TASK_ID=local_to_gcs_task
AIRFLOW_CTX_EXECUTION_DATE=2021-04-02T07:00:00+00:00
AIRFLOW_CTX_DAG_RUN_ID=scheduled__2021-04-02T07:00:00+00:00
[2022-11-14 16:26:01,918] {python.py:175} INFO - Done. Returned value was: None
[2022-11-14 16:26:01,935] {taskinstance.py:1277} INFO - Marking task as SUCCESS. dag_id=green_taxi_data_v1, task_id=local_to_gcs_task, execution_date=20210402T070000, start_date=20221114T162601, end_date=20221114T162601
[2022-11-14 16:26:02,007] {local_task_job.py:154} INFO - Task exited with return code 0
[2022-11-14 16:26:02,066] {local_task_job.py:264} INFO - 1 downstream tasks scheduled from follow-on schedule check
