[2022-11-14 15:55:24,518] {taskinstance.py:1032} INFO - Dependencies all met for <TaskInstance: yellow_taxi_data_v2.rm_task scheduled__2020-09-02T06:00:00+00:00 [queued]>
[2022-11-14 15:55:24,537] {taskinstance.py:1032} INFO - Dependencies all met for <TaskInstance: yellow_taxi_data_v2.rm_task scheduled__2020-09-02T06:00:00+00:00 [queued]>
[2022-11-14 15:55:24,537] {taskinstance.py:1238} INFO - 
--------------------------------------------------------------------------------
[2022-11-14 15:55:24,537] {taskinstance.py:1239} INFO - Starting attempt 1 of 2
[2022-11-14 15:55:24,537] {taskinstance.py:1240} INFO - 
--------------------------------------------------------------------------------
[2022-11-14 15:55:24,560] {taskinstance.py:1259} INFO - Executing <Task(BashOperator): rm_task> on 2020-09-02 06:00:00+00:00
[2022-11-14 15:55:24,571] {standard_task_runner.py:52} INFO - Started process 1191 to run task
[2022-11-14 15:55:24,581] {standard_task_runner.py:76} INFO - Running: ['***', 'tasks', 'run', 'yellow_taxi_data_v2', 'rm_task', 'scheduled__2020-09-02T06:00:00+00:00', '--job-id', '229', '--raw', '--subdir', 'DAGS_FOLDER/data_ingestion_gcs.py', '--cfg-path', '/tmp/tmpsoyh2vtv', '--error-file', '/tmp/tmpzms2tzfr']
[2022-11-14 15:55:24,583] {standard_task_runner.py:77} INFO - Job 229: Subtask rm_task
[2022-11-14 15:55:24,708] {logging_mixin.py:109} INFO - Running <TaskInstance: yellow_taxi_data_v2.rm_task scheduled__2020-09-02T06:00:00+00:00 [running]> on host e030bae48f83
[2022-11-14 15:55:24,781] {warnings.py:110} WARNING - /home/***/.local/lib/python3.7/site-packages/***/utils/context.py:152: AirflowContextDeprecationWarning: Accessing 'execution_date' from the template is deprecated and will be removed in a future version. Please use 'data_interval_start' or 'logical_date' instead.
  warnings.warn(_create_deprecation_warning(key, self._deprecation_replacements[key]))

[2022-11-14 15:55:24,816] {taskinstance.py:1426} INFO - Exporting the following env vars:
AIRFLOW_CTX_DAG_OWNER=***
AIRFLOW_CTX_DAG_ID=yellow_taxi_data_v2
AIRFLOW_CTX_TASK_ID=rm_task
AIRFLOW_CTX_EXECUTION_DATE=2020-09-02T06:00:00+00:00
AIRFLOW_CTX_DAG_RUN_ID=scheduled__2020-09-02T06:00:00+00:00
[2022-11-14 15:55:24,818] {subprocess.py:62} INFO - Tmp dir root location: 
 /tmp
[2022-11-14 15:55:24,819] {subprocess.py:74} INFO - Running command: ['bash', '-c', 'rm /opt/***/yellow_tripdata_2020-09.parquet']
[2022-11-14 15:55:24,846] {subprocess.py:85} INFO - Output:
[2022-11-14 15:55:24,861] {subprocess.py:93} INFO - Command exited with return code 0
[2022-11-14 15:55:24,903] {taskinstance.py:1277} INFO - Marking task as SUCCESS. dag_id=yellow_taxi_data_v2, task_id=rm_task, execution_date=20200902T060000, start_date=20221114T155524, end_date=20221114T155524
[2022-11-14 15:55:24,961] {local_task_job.py:154} INFO - Task exited with return code 0
[2022-11-14 15:55:24,999] {local_task_job.py:264} INFO - 0 downstream tasks scheduled from follow-on schedule check
[2022-11-16 09:24:02,515] {taskinstance.py:1032} INFO - Dependencies all met for <TaskInstance: yellow_taxi_data_v2.rm_task scheduled__2020-09-02T06:00:00+00:00 [queued]>
[2022-11-16 09:24:02,534] {taskinstance.py:1032} INFO - Dependencies all met for <TaskInstance: yellow_taxi_data_v2.rm_task scheduled__2020-09-02T06:00:00+00:00 [queued]>
[2022-11-16 09:24:02,535] {taskinstance.py:1238} INFO - 
--------------------------------------------------------------------------------
[2022-11-16 09:24:02,535] {taskinstance.py:1239} INFO - Starting attempt 1 of 2
[2022-11-16 09:24:02,535] {taskinstance.py:1240} INFO - 
--------------------------------------------------------------------------------
[2022-11-16 09:24:02,556] {taskinstance.py:1259} INFO - Executing <Task(BashOperator): rm_task> on 2020-09-02 06:00:00+00:00
[2022-11-16 09:24:02,571] {standard_task_runner.py:52} INFO - Started process 586 to run task
[2022-11-16 09:24:02,576] {standard_task_runner.py:76} INFO - Running: ['***', 'tasks', 'run', 'yellow_taxi_data_v2', 'rm_task', 'scheduled__2020-09-02T06:00:00+00:00', '--job-id', '770', '--raw', '--subdir', 'DAGS_FOLDER/data_ingestion_gcs.py', '--cfg-path', '/tmp/tmpr8zh24bt', '--error-file', '/tmp/tmplg0gu2qt']
[2022-11-16 09:24:02,578] {standard_task_runner.py:77} INFO - Job 770: Subtask rm_task
[2022-11-16 09:24:02,676] {logging_mixin.py:109} INFO - Running <TaskInstance: yellow_taxi_data_v2.rm_task scheduled__2020-09-02T06:00:00+00:00 [running]> on host 75ceca4d9264
[2022-11-16 09:24:02,751] {warnings.py:110} WARNING - /home/***/.local/lib/python3.7/site-packages/***/utils/context.py:152: AirflowContextDeprecationWarning: Accessing 'execution_date' from the template is deprecated and will be removed in a future version. Please use 'data_interval_start' or 'logical_date' instead.
  warnings.warn(_create_deprecation_warning(key, self._deprecation_replacements[key]))

[2022-11-16 09:24:02,788] {taskinstance.py:1426} INFO - Exporting the following env vars:
AIRFLOW_CTX_DAG_OWNER=***
AIRFLOW_CTX_DAG_ID=yellow_taxi_data_v2
AIRFLOW_CTX_TASK_ID=rm_task
AIRFLOW_CTX_EXECUTION_DATE=2020-09-02T06:00:00+00:00
AIRFLOW_CTX_DAG_RUN_ID=scheduled__2020-09-02T06:00:00+00:00
[2022-11-16 09:24:02,790] {subprocess.py:62} INFO - Tmp dir root location: 
 /tmp
[2022-11-16 09:24:02,791] {subprocess.py:74} INFO - Running command: ['bash', '-c', 'rm /opt/***/yellow_tripdata_2020-09.parquet']
[2022-11-16 09:24:02,813] {subprocess.py:85} INFO - Output:
[2022-11-16 09:24:02,825] {subprocess.py:93} INFO - Command exited with return code 0
[2022-11-16 09:24:02,866] {taskinstance.py:1277} INFO - Marking task as SUCCESS. dag_id=yellow_taxi_data_v2, task_id=rm_task, execution_date=20200902T060000, start_date=20221116T092402, end_date=20221116T092402
[2022-11-16 09:24:02,913] {local_task_job.py:154} INFO - Task exited with return code 0
[2022-11-16 09:24:02,969] {local_task_job.py:264} INFO - 0 downstream tasks scheduled from follow-on schedule check
