[2022-11-14 15:54:21,872] {taskinstance.py:1032} INFO - Dependencies all met for <TaskInstance: yellow_taxi_data_v2.download_dataset_task scheduled__2019-10-02T06:00:00+00:00 [queued]>
[2022-11-14 15:54:21,909] {taskinstance.py:1032} INFO - Dependencies all met for <TaskInstance: yellow_taxi_data_v2.download_dataset_task scheduled__2019-10-02T06:00:00+00:00 [queued]>
[2022-11-14 15:54:21,910] {taskinstance.py:1238} INFO - 
--------------------------------------------------------------------------------
[2022-11-14 15:54:21,910] {taskinstance.py:1239} INFO - Starting attempt 1 of 2
[2022-11-14 15:54:21,910] {taskinstance.py:1240} INFO - 
--------------------------------------------------------------------------------
[2022-11-14 15:54:21,944] {taskinstance.py:1259} INFO - Executing <Task(BashOperator): download_dataset_task> on 2019-10-02 06:00:00+00:00
[2022-11-14 15:54:21,953] {standard_task_runner.py:52} INFO - Started process 1011 to run task
[2022-11-14 15:54:21,972] {standard_task_runner.py:76} INFO - Running: ['***', 'tasks', 'run', 'yellow_taxi_data_v2', 'download_dataset_task', 'scheduled__2019-10-02T06:00:00+00:00', '--job-id', '195', '--raw', '--subdir', 'DAGS_FOLDER/data_ingestion_gcs.py', '--cfg-path', '/tmp/tmp7fbdx751', '--error-file', '/tmp/tmppkb_dkxe']
[2022-11-14 15:54:21,984] {standard_task_runner.py:77} INFO - Job 195: Subtask download_dataset_task
[2022-11-14 15:54:22,146] {logging_mixin.py:109} INFO - Running <TaskInstance: yellow_taxi_data_v2.download_dataset_task scheduled__2019-10-02T06:00:00+00:00 [running]> on host e030bae48f83
[2022-11-14 15:54:22,311] {warnings.py:110} WARNING - /home/***/.local/lib/python3.7/site-packages/***/utils/context.py:152: AirflowContextDeprecationWarning: Accessing 'execution_date' from the template is deprecated and will be removed in a future version. Please use 'data_interval_start' or 'logical_date' instead.
  warnings.warn(_create_deprecation_warning(key, self._deprecation_replacements[key]))

[2022-11-14 15:54:22,354] {taskinstance.py:1426} INFO - Exporting the following env vars:
AIRFLOW_CTX_DAG_OWNER=***
AIRFLOW_CTX_DAG_ID=yellow_taxi_data_v2
AIRFLOW_CTX_TASK_ID=download_dataset_task
AIRFLOW_CTX_EXECUTION_DATE=2019-10-02T06:00:00+00:00
AIRFLOW_CTX_DAG_RUN_ID=scheduled__2019-10-02T06:00:00+00:00
[2022-11-14 15:54:22,356] {subprocess.py:62} INFO - Tmp dir root location: 
 /tmp
[2022-11-14 15:54:22,357] {subprocess.py:74} INFO - Running command: ['bash', '-c', 'curl -sSLf https://d37ci6vzurychx.cloudfront.net/trip-data/yellow_tripdata_2019-10.parquet > /opt/***/yellow_tripdata_2019-10.parquet']
[2022-11-14 15:54:22,386] {subprocess.py:85} INFO - Output:
[2022-11-14 15:54:22,988] {subprocess.py:93} INFO - Command exited with return code 0
[2022-11-14 15:54:23,039] {taskinstance.py:1277} INFO - Marking task as SUCCESS. dag_id=yellow_taxi_data_v2, task_id=download_dataset_task, execution_date=20191002T060000, start_date=20221114T155421, end_date=20221114T155423
[2022-11-14 15:54:23,116] {local_task_job.py:154} INFO - Task exited with return code 0
[2022-11-14 15:54:23,196] {local_task_job.py:264} INFO - 1 downstream tasks scheduled from follow-on schedule check
[2022-11-16 09:22:15,576] {taskinstance.py:1032} INFO - Dependencies all met for <TaskInstance: yellow_taxi_data_v2.download_dataset_task scheduled__2019-10-02T06:00:00+00:00 [queued]>
[2022-11-16 09:22:15,594] {taskinstance.py:1032} INFO - Dependencies all met for <TaskInstance: yellow_taxi_data_v2.download_dataset_task scheduled__2019-10-02T06:00:00+00:00 [queued]>
[2022-11-16 09:22:15,594] {taskinstance.py:1238} INFO - 
--------------------------------------------------------------------------------
[2022-11-16 09:22:15,594] {taskinstance.py:1239} INFO - Starting attempt 1 of 2
[2022-11-16 09:22:15,594] {taskinstance.py:1240} INFO - 
--------------------------------------------------------------------------------
[2022-11-16 09:22:15,613] {taskinstance.py:1259} INFO - Executing <Task(BashOperator): download_dataset_task> on 2019-10-02 06:00:00+00:00
[2022-11-16 09:22:15,622] {standard_task_runner.py:52} INFO - Started process 351 to run task
[2022-11-16 09:22:15,629] {standard_task_runner.py:76} INFO - Running: ['***', 'tasks', 'run', 'yellow_taxi_data_v2', 'download_dataset_task', 'scheduled__2019-10-02T06:00:00+00:00', '--job-id', '730', '--raw', '--subdir', 'DAGS_FOLDER/data_ingestion_gcs.py', '--cfg-path', '/tmp/tmpzjfcye59', '--error-file', '/tmp/tmpjwe7j_vo']
[2022-11-16 09:22:15,631] {standard_task_runner.py:77} INFO - Job 730: Subtask download_dataset_task
[2022-11-16 09:22:15,756] {logging_mixin.py:109} INFO - Running <TaskInstance: yellow_taxi_data_v2.download_dataset_task scheduled__2019-10-02T06:00:00+00:00 [running]> on host 75ceca4d9264
[2022-11-16 09:22:15,834] {warnings.py:110} WARNING - /home/***/.local/lib/python3.7/site-packages/***/utils/context.py:152: AirflowContextDeprecationWarning: Accessing 'execution_date' from the template is deprecated and will be removed in a future version. Please use 'data_interval_start' or 'logical_date' instead.
  warnings.warn(_create_deprecation_warning(key, self._deprecation_replacements[key]))

[2022-11-16 09:22:15,875] {taskinstance.py:1426} INFO - Exporting the following env vars:
AIRFLOW_CTX_DAG_OWNER=***
AIRFLOW_CTX_DAG_ID=yellow_taxi_data_v2
AIRFLOW_CTX_TASK_ID=download_dataset_task
AIRFLOW_CTX_EXECUTION_DATE=2019-10-02T06:00:00+00:00
AIRFLOW_CTX_DAG_RUN_ID=scheduled__2019-10-02T06:00:00+00:00
[2022-11-16 09:22:15,876] {subprocess.py:62} INFO - Tmp dir root location: 
 /tmp
[2022-11-16 09:22:15,877] {subprocess.py:74} INFO - Running command: ['bash', '-c', 'curl -sSLf https://d37ci6vzurychx.cloudfront.net/trip-data/yellow_tripdata_2019-10.parquet > /opt/***/yellow_tripdata_2019-10.parquet']
[2022-11-16 09:22:15,901] {subprocess.py:85} INFO - Output:
[2022-11-16 09:22:16,698] {subprocess.py:93} INFO - Command exited with return code 0
[2022-11-16 09:22:16,752] {taskinstance.py:1277} INFO - Marking task as SUCCESS. dag_id=yellow_taxi_data_v2, task_id=download_dataset_task, execution_date=20191002T060000, start_date=20221116T092215, end_date=20221116T092216
[2022-11-16 09:22:16,822] {local_task_job.py:154} INFO - Task exited with return code 0
[2022-11-16 09:22:16,891] {local_task_job.py:264} INFO - 1 downstream tasks scheduled from follow-on schedule check
