[2022-11-14 15:55:01,076] {taskinstance.py:1032} INFO - Dependencies all met for <TaskInstance: yellow_taxi_data_v2.rm_task scheduled__2020-01-02T06:00:00+00:00 [queued]>
[2022-11-14 15:55:01,111] {taskinstance.py:1032} INFO - Dependencies all met for <TaskInstance: yellow_taxi_data_v2.rm_task scheduled__2020-01-02T06:00:00+00:00 [queued]>
[2022-11-14 15:55:01,111] {taskinstance.py:1238} INFO - 
--------------------------------------------------------------------------------
[2022-11-14 15:55:01,111] {taskinstance.py:1239} INFO - Starting attempt 1 of 2
[2022-11-14 15:55:01,112] {taskinstance.py:1240} INFO - 
--------------------------------------------------------------------------------
[2022-11-14 15:55:01,138] {taskinstance.py:1259} INFO - Executing <Task(BashOperator): rm_task> on 2020-01-02 06:00:00+00:00
[2022-11-14 15:55:01,176] {standard_task_runner.py:52} INFO - Started process 1105 to run task
[2022-11-14 15:55:01,197] {standard_task_runner.py:76} INFO - Running: ['***', 'tasks', 'run', 'yellow_taxi_data_v2', 'rm_task', 'scheduled__2020-01-02T06:00:00+00:00', '--job-id', '211', '--raw', '--subdir', 'DAGS_FOLDER/data_ingestion_gcs.py', '--cfg-path', '/tmp/tmpntfy0lkv', '--error-file', '/tmp/tmpq8ohs5qf']
[2022-11-14 15:55:01,202] {standard_task_runner.py:77} INFO - Job 211: Subtask rm_task
[2022-11-14 15:55:01,370] {logging_mixin.py:109} INFO - Running <TaskInstance: yellow_taxi_data_v2.rm_task scheduled__2020-01-02T06:00:00+00:00 [running]> on host e030bae48f83
[2022-11-14 15:55:01,455] {warnings.py:110} WARNING - /home/***/.local/lib/python3.7/site-packages/***/utils/context.py:152: AirflowContextDeprecationWarning: Accessing 'execution_date' from the template is deprecated and will be removed in a future version. Please use 'data_interval_start' or 'logical_date' instead.
  warnings.warn(_create_deprecation_warning(key, self._deprecation_replacements[key]))

[2022-11-14 15:55:01,499] {taskinstance.py:1426} INFO - Exporting the following env vars:
AIRFLOW_CTX_DAG_OWNER=***
AIRFLOW_CTX_DAG_ID=yellow_taxi_data_v2
AIRFLOW_CTX_TASK_ID=rm_task
AIRFLOW_CTX_EXECUTION_DATE=2020-01-02T06:00:00+00:00
AIRFLOW_CTX_DAG_RUN_ID=scheduled__2020-01-02T06:00:00+00:00
[2022-11-14 15:55:01,504] {subprocess.py:62} INFO - Tmp dir root location: 
 /tmp
[2022-11-14 15:55:01,506] {subprocess.py:74} INFO - Running command: ['bash', '-c', 'rm /opt/***/yellow_tripdata_2020-01.parquet']
[2022-11-14 15:55:01,532] {subprocess.py:85} INFO - Output:
[2022-11-14 15:55:01,569] {subprocess.py:93} INFO - Command exited with return code 0
[2022-11-14 15:55:01,619] {taskinstance.py:1277} INFO - Marking task as SUCCESS. dag_id=yellow_taxi_data_v2, task_id=rm_task, execution_date=20200102T060000, start_date=20221114T155501, end_date=20221114T155501
[2022-11-14 15:55:01,673] {local_task_job.py:154} INFO - Task exited with return code 0
[2022-11-14 15:55:01,736] {local_task_job.py:264} INFO - 0 downstream tasks scheduled from follow-on schedule check
[2022-11-16 09:22:52,049] {taskinstance.py:1032} INFO - Dependencies all met for <TaskInstance: yellow_taxi_data_v2.rm_task scheduled__2020-01-02T06:00:00+00:00 [queued]>
[2022-11-16 09:22:52,070] {taskinstance.py:1032} INFO - Dependencies all met for <TaskInstance: yellow_taxi_data_v2.rm_task scheduled__2020-01-02T06:00:00+00:00 [queued]>
[2022-11-16 09:22:52,070] {taskinstance.py:1238} INFO - 
--------------------------------------------------------------------------------
[2022-11-16 09:22:52,071] {taskinstance.py:1239} INFO - Starting attempt 1 of 2
[2022-11-16 09:22:52,071] {taskinstance.py:1240} INFO - 
--------------------------------------------------------------------------------
[2022-11-16 09:22:52,092] {taskinstance.py:1259} INFO - Executing <Task(BashOperator): rm_task> on 2020-01-02 06:00:00+00:00
[2022-11-16 09:22:52,102] {standard_task_runner.py:52} INFO - Started process 435 to run task
[2022-11-16 09:22:52,109] {standard_task_runner.py:76} INFO - Running: ['***', 'tasks', 'run', 'yellow_taxi_data_v2', 'rm_task', 'scheduled__2020-01-02T06:00:00+00:00', '--job-id', '745', '--raw', '--subdir', 'DAGS_FOLDER/data_ingestion_gcs.py', '--cfg-path', '/tmp/tmpkqelopqk', '--error-file', '/tmp/tmpikhax76b']
[2022-11-16 09:22:52,110] {standard_task_runner.py:77} INFO - Job 745: Subtask rm_task
[2022-11-16 09:22:52,220] {logging_mixin.py:109} INFO - Running <TaskInstance: yellow_taxi_data_v2.rm_task scheduled__2020-01-02T06:00:00+00:00 [running]> on host 75ceca4d9264
[2022-11-16 09:22:52,287] {warnings.py:110} WARNING - /home/***/.local/lib/python3.7/site-packages/***/utils/context.py:152: AirflowContextDeprecationWarning: Accessing 'execution_date' from the template is deprecated and will be removed in a future version. Please use 'data_interval_start' or 'logical_date' instead.
  warnings.warn(_create_deprecation_warning(key, self._deprecation_replacements[key]))

[2022-11-16 09:22:52,322] {taskinstance.py:1426} INFO - Exporting the following env vars:
AIRFLOW_CTX_DAG_OWNER=***
AIRFLOW_CTX_DAG_ID=yellow_taxi_data_v2
AIRFLOW_CTX_TASK_ID=rm_task
AIRFLOW_CTX_EXECUTION_DATE=2020-01-02T06:00:00+00:00
AIRFLOW_CTX_DAG_RUN_ID=scheduled__2020-01-02T06:00:00+00:00
[2022-11-16 09:22:52,324] {subprocess.py:62} INFO - Tmp dir root location: 
 /tmp
[2022-11-16 09:22:52,325] {subprocess.py:74} INFO - Running command: ['bash', '-c', 'rm /opt/***/yellow_tripdata_2020-01.parquet']
[2022-11-16 09:22:52,347] {subprocess.py:85} INFO - Output:
[2022-11-16 09:22:52,373] {subprocess.py:93} INFO - Command exited with return code 0
[2022-11-16 09:22:52,480] {taskinstance.py:1277} INFO - Marking task as SUCCESS. dag_id=yellow_taxi_data_v2, task_id=rm_task, execution_date=20200102T060000, start_date=20221116T092252, end_date=20221116T092252
[2022-11-16 09:22:52,524] {local_task_job.py:154} INFO - Task exited with return code 0
[2022-11-16 09:22:52,575] {local_task_job.py:264} INFO - 0 downstream tasks scheduled from follow-on schedule check
