[2022-11-14 15:57:37,141] {taskinstance.py:1032} INFO - Dependencies all met for <TaskInstance: yellow_taxi_data_v2.rm_task scheduled__2022-03-02T06:00:00+00:00 [queued]>
[2022-11-14 15:57:37,167] {taskinstance.py:1032} INFO - Dependencies all met for <TaskInstance: yellow_taxi_data_v2.rm_task scheduled__2022-03-02T06:00:00+00:00 [queued]>
[2022-11-14 15:57:37,168] {taskinstance.py:1238} INFO - 
--------------------------------------------------------------------------------
[2022-11-14 15:57:37,168] {taskinstance.py:1239} INFO - Starting attempt 1 of 2
[2022-11-14 15:57:37,168] {taskinstance.py:1240} INFO - 
--------------------------------------------------------------------------------
[2022-11-14 15:57:37,192] {taskinstance.py:1259} INFO - Executing <Task(BashOperator): rm_task> on 2022-03-02 06:00:00+00:00
[2022-11-14 15:57:37,202] {standard_task_runner.py:52} INFO - Started process 1518 to run task
[2022-11-14 15:57:37,215] {standard_task_runner.py:76} INFO - Running: ['***', 'tasks', 'run', 'yellow_taxi_data_v2', 'rm_task', 'scheduled__2022-03-02T06:00:00+00:00', '--job-id', '283', '--raw', '--subdir', 'DAGS_FOLDER/data_ingestion_gcs.py', '--cfg-path', '/tmp/tmpfacr3626', '--error-file', '/tmp/tmpouwfqmw9']
[2022-11-14 15:57:37,225] {standard_task_runner.py:77} INFO - Job 283: Subtask rm_task
[2022-11-14 15:57:37,408] {logging_mixin.py:109} INFO - Running <TaskInstance: yellow_taxi_data_v2.rm_task scheduled__2022-03-02T06:00:00+00:00 [running]> on host e030bae48f83
[2022-11-14 15:57:37,493] {warnings.py:110} WARNING - /home/***/.local/lib/python3.7/site-packages/***/utils/context.py:152: AirflowContextDeprecationWarning: Accessing 'execution_date' from the template is deprecated and will be removed in a future version. Please use 'data_interval_start' or 'logical_date' instead.
  warnings.warn(_create_deprecation_warning(key, self._deprecation_replacements[key]))

[2022-11-14 15:57:37,551] {taskinstance.py:1426} INFO - Exporting the following env vars:
AIRFLOW_CTX_DAG_OWNER=***
AIRFLOW_CTX_DAG_ID=yellow_taxi_data_v2
AIRFLOW_CTX_TASK_ID=rm_task
AIRFLOW_CTX_EXECUTION_DATE=2022-03-02T06:00:00+00:00
AIRFLOW_CTX_DAG_RUN_ID=scheduled__2022-03-02T06:00:00+00:00
[2022-11-14 15:57:37,556] {subprocess.py:62} INFO - Tmp dir root location: 
 /tmp
[2022-11-14 15:57:37,558] {subprocess.py:74} INFO - Running command: ['bash', '-c', 'rm /opt/***/yellow_tripdata_2022-03.parquet']
[2022-11-14 15:57:37,584] {subprocess.py:85} INFO - Output:
[2022-11-14 15:57:37,613] {subprocess.py:93} INFO - Command exited with return code 0
[2022-11-14 15:57:37,661] {taskinstance.py:1277} INFO - Marking task as SUCCESS. dag_id=yellow_taxi_data_v2, task_id=rm_task, execution_date=20220302T060000, start_date=20221114T155737, end_date=20221114T155737
[2022-11-14 15:57:37,737] {local_task_job.py:154} INFO - Task exited with return code 0
[2022-11-14 15:57:37,813] {local_task_job.py:264} INFO - 0 downstream tasks scheduled from follow-on schedule check
[2022-11-16 09:27:03,827] {taskinstance.py:1032} INFO - Dependencies all met for <TaskInstance: yellow_taxi_data_v2.rm_task scheduled__2022-03-02T06:00:00+00:00 [queued]>
[2022-11-16 09:27:03,849] {taskinstance.py:1032} INFO - Dependencies all met for <TaskInstance: yellow_taxi_data_v2.rm_task scheduled__2022-03-02T06:00:00+00:00 [queued]>
[2022-11-16 09:27:03,849] {taskinstance.py:1238} INFO - 
--------------------------------------------------------------------------------
[2022-11-16 09:27:03,850] {taskinstance.py:1239} INFO - Starting attempt 1 of 2
[2022-11-16 09:27:03,850] {taskinstance.py:1240} INFO - 
--------------------------------------------------------------------------------
[2022-11-16 09:27:03,870] {taskinstance.py:1259} INFO - Executing <Task(BashOperator): rm_task> on 2022-03-02 06:00:00+00:00
[2022-11-16 09:27:03,882] {standard_task_runner.py:52} INFO - Started process 958 to run task
[2022-11-16 09:27:03,890] {standard_task_runner.py:76} INFO - Running: ['***', 'tasks', 'run', 'yellow_taxi_data_v2', 'rm_task', 'scheduled__2022-03-02T06:00:00+00:00', '--job-id', '827', '--raw', '--subdir', 'DAGS_FOLDER/data_ingestion_gcs.py', '--cfg-path', '/tmp/tmpghtiqy8o', '--error-file', '/tmp/tmp_zh01sot']
[2022-11-16 09:27:03,892] {standard_task_runner.py:77} INFO - Job 827: Subtask rm_task
[2022-11-16 09:27:03,996] {logging_mixin.py:109} INFO - Running <TaskInstance: yellow_taxi_data_v2.rm_task scheduled__2022-03-02T06:00:00+00:00 [running]> on host 75ceca4d9264
[2022-11-16 09:27:04,082] {warnings.py:110} WARNING - /home/***/.local/lib/python3.7/site-packages/***/utils/context.py:152: AirflowContextDeprecationWarning: Accessing 'execution_date' from the template is deprecated and will be removed in a future version. Please use 'data_interval_start' or 'logical_date' instead.
  warnings.warn(_create_deprecation_warning(key, self._deprecation_replacements[key]))

[2022-11-16 09:27:04,123] {taskinstance.py:1426} INFO - Exporting the following env vars:
AIRFLOW_CTX_DAG_OWNER=***
AIRFLOW_CTX_DAG_ID=yellow_taxi_data_v2
AIRFLOW_CTX_TASK_ID=rm_task
AIRFLOW_CTX_EXECUTION_DATE=2022-03-02T06:00:00+00:00
AIRFLOW_CTX_DAG_RUN_ID=scheduled__2022-03-02T06:00:00+00:00
[2022-11-16 09:27:04,125] {subprocess.py:62} INFO - Tmp dir root location: 
 /tmp
[2022-11-16 09:27:04,126] {subprocess.py:74} INFO - Running command: ['bash', '-c', 'rm /opt/***/yellow_tripdata_2022-03.parquet']
[2022-11-16 09:27:04,156] {subprocess.py:85} INFO - Output:
[2022-11-16 09:27:04,201] {subprocess.py:93} INFO - Command exited with return code 0
[2022-11-16 09:27:04,276] {taskinstance.py:1277} INFO - Marking task as SUCCESS. dag_id=yellow_taxi_data_v2, task_id=rm_task, execution_date=20220302T060000, start_date=20221116T092703, end_date=20221116T092704
[2022-11-16 09:27:04,349] {local_task_job.py:154} INFO - Task exited with return code 0
[2022-11-16 09:27:04,404] {local_task_job.py:264} INFO - 0 downstream tasks scheduled from follow-on schedule check
