[2022-11-14 15:56:32,466] {taskinstance.py:1032} INFO - Dependencies all met for <TaskInstance: yellow_taxi_data_v2.rm_task scheduled__2021-01-02T06:00:00+00:00 [queued]>
[2022-11-14 15:56:32,514] {taskinstance.py:1032} INFO - Dependencies all met for <TaskInstance: yellow_taxi_data_v2.rm_task scheduled__2021-01-02T06:00:00+00:00 [queued]>
[2022-11-14 15:56:32,516] {taskinstance.py:1238} INFO - 
--------------------------------------------------------------------------------
[2022-11-14 15:56:32,517] {taskinstance.py:1239} INFO - Starting attempt 1 of 2
[2022-11-14 15:56:32,517] {taskinstance.py:1240} INFO - 
--------------------------------------------------------------------------------
[2022-11-14 15:56:32,561] {taskinstance.py:1259} INFO - Executing <Task(BashOperator): rm_task> on 2021-01-02 06:00:00+00:00
[2022-11-14 15:56:32,571] {standard_task_runner.py:52} INFO - Started process 1313 to run task
[2022-11-14 15:56:32,589] {standard_task_runner.py:76} INFO - Running: ['***', 'tasks', 'run', 'yellow_taxi_data_v2', 'rm_task', 'scheduled__2021-01-02T06:00:00+00:00', '--job-id', '246', '--raw', '--subdir', 'DAGS_FOLDER/data_ingestion_gcs.py', '--cfg-path', '/tmp/tmpk3yg0vdi', '--error-file', '/tmp/tmp0_qypjga']
[2022-11-14 15:56:32,597] {standard_task_runner.py:77} INFO - Job 246: Subtask rm_task
[2022-11-14 15:56:32,837] {logging_mixin.py:109} INFO - Running <TaskInstance: yellow_taxi_data_v2.rm_task scheduled__2021-01-02T06:00:00+00:00 [running]> on host e030bae48f83
[2022-11-14 15:56:32,988] {warnings.py:110} WARNING - /home/***/.local/lib/python3.7/site-packages/***/utils/context.py:152: AirflowContextDeprecationWarning: Accessing 'execution_date' from the template is deprecated and will be removed in a future version. Please use 'data_interval_start' or 'logical_date' instead.
  warnings.warn(_create_deprecation_warning(key, self._deprecation_replacements[key]))

[2022-11-14 15:56:33,037] {taskinstance.py:1426} INFO - Exporting the following env vars:
AIRFLOW_CTX_DAG_OWNER=***
AIRFLOW_CTX_DAG_ID=yellow_taxi_data_v2
AIRFLOW_CTX_TASK_ID=rm_task
AIRFLOW_CTX_EXECUTION_DATE=2021-01-02T06:00:00+00:00
AIRFLOW_CTX_DAG_RUN_ID=scheduled__2021-01-02T06:00:00+00:00
[2022-11-14 15:56:33,039] {subprocess.py:62} INFO - Tmp dir root location: 
 /tmp
[2022-11-14 15:56:33,040] {subprocess.py:74} INFO - Running command: ['bash', '-c', 'rm /opt/***/yellow_tripdata_2021-01.parquet']
[2022-11-14 15:56:33,064] {subprocess.py:85} INFO - Output:
[2022-11-14 15:56:33,080] {subprocess.py:93} INFO - Command exited with return code 0
[2022-11-14 15:56:33,170] {taskinstance.py:1277} INFO - Marking task as SUCCESS. dag_id=yellow_taxi_data_v2, task_id=rm_task, execution_date=20210102T060000, start_date=20221114T155632, end_date=20221114T155633
[2022-11-14 15:56:33,237] {local_task_job.py:154} INFO - Task exited with return code 0
[2022-11-14 15:56:33,299] {local_task_job.py:264} INFO - 0 downstream tasks scheduled from follow-on schedule check
