[2022-11-14 15:57:30,067] {taskinstance.py:1032} INFO - Dependencies all met for <TaskInstance: yellow_taxi_data_v2.download_dataset_task scheduled__2022-03-02T06:00:00+00:00 [queued]>
[2022-11-14 15:57:30,090] {taskinstance.py:1032} INFO - Dependencies all met for <TaskInstance: yellow_taxi_data_v2.download_dataset_task scheduled__2022-03-02T06:00:00+00:00 [queued]>
[2022-11-14 15:57:30,091] {taskinstance.py:1238} INFO - 
--------------------------------------------------------------------------------
[2022-11-14 15:57:30,091] {taskinstance.py:1239} INFO - Starting attempt 1 of 2
[2022-11-14 15:57:30,092] {taskinstance.py:1240} INFO - 
--------------------------------------------------------------------------------
[2022-11-14 15:57:30,109] {taskinstance.py:1259} INFO - Executing <Task(BashOperator): download_dataset_task> on 2022-03-02 06:00:00+00:00
[2022-11-14 15:57:30,118] {standard_task_runner.py:52} INFO - Started process 1486 to run task
[2022-11-14 15:57:30,129] {standard_task_runner.py:76} INFO - Running: ['***', 'tasks', 'run', 'yellow_taxi_data_v2', 'download_dataset_task', 'scheduled__2022-03-02T06:00:00+00:00', '--job-id', '278', '--raw', '--subdir', 'DAGS_FOLDER/data_ingestion_gcs.py', '--cfg-path', '/tmp/tmp_g9bklf7', '--error-file', '/tmp/tmpf5x0q0pn']
[2022-11-14 15:57:30,131] {standard_task_runner.py:77} INFO - Job 278: Subtask download_dataset_task
[2022-11-14 15:57:30,259] {logging_mixin.py:109} INFO - Running <TaskInstance: yellow_taxi_data_v2.download_dataset_task scheduled__2022-03-02T06:00:00+00:00 [running]> on host e030bae48f83
[2022-11-14 15:57:30,341] {warnings.py:110} WARNING - /home/***/.local/lib/python3.7/site-packages/***/utils/context.py:152: AirflowContextDeprecationWarning: Accessing 'execution_date' from the template is deprecated and will be removed in a future version. Please use 'data_interval_start' or 'logical_date' instead.
  warnings.warn(_create_deprecation_warning(key, self._deprecation_replacements[key]))

[2022-11-14 15:57:30,375] {taskinstance.py:1426} INFO - Exporting the following env vars:
AIRFLOW_CTX_DAG_OWNER=***
AIRFLOW_CTX_DAG_ID=yellow_taxi_data_v2
AIRFLOW_CTX_TASK_ID=download_dataset_task
AIRFLOW_CTX_EXECUTION_DATE=2022-03-02T06:00:00+00:00
AIRFLOW_CTX_DAG_RUN_ID=scheduled__2022-03-02T06:00:00+00:00
[2022-11-14 15:57:30,376] {subprocess.py:62} INFO - Tmp dir root location: 
 /tmp
[2022-11-14 15:57:30,377] {subprocess.py:74} INFO - Running command: ['bash', '-c', 'curl -sSLf https://d37ci6vzurychx.cloudfront.net/trip-data/yellow_tripdata_2022-03.parquet > /opt/***/yellow_tripdata_2022-03.parquet']
[2022-11-14 15:57:30,396] {subprocess.py:85} INFO - Output:
[2022-11-14 15:57:32,295] {subprocess.py:93} INFO - Command exited with return code 0
[2022-11-14 15:57:32,333] {taskinstance.py:1277} INFO - Marking task as SUCCESS. dag_id=yellow_taxi_data_v2, task_id=download_dataset_task, execution_date=20220302T060000, start_date=20221114T155730, end_date=20221114T155732
[2022-11-14 15:57:32,360] {local_task_job.py:154} INFO - Task exited with return code 0
[2022-11-14 15:57:32,410] {local_task_job.py:264} INFO - 1 downstream tasks scheduled from follow-on schedule check
[2022-11-16 09:26:57,890] {taskinstance.py:1032} INFO - Dependencies all met for <TaskInstance: yellow_taxi_data_v2.download_dataset_task scheduled__2022-03-02T06:00:00+00:00 [queued]>
[2022-11-16 09:26:57,932] {taskinstance.py:1032} INFO - Dependencies all met for <TaskInstance: yellow_taxi_data_v2.download_dataset_task scheduled__2022-03-02T06:00:00+00:00 [queued]>
[2022-11-16 09:26:57,933] {taskinstance.py:1238} INFO - 
--------------------------------------------------------------------------------
[2022-11-16 09:26:57,933] {taskinstance.py:1239} INFO - Starting attempt 1 of 2
[2022-11-16 09:26:57,933] {taskinstance.py:1240} INFO - 
--------------------------------------------------------------------------------
[2022-11-16 09:26:57,959] {taskinstance.py:1259} INFO - Executing <Task(BashOperator): download_dataset_task> on 2022-03-02 06:00:00+00:00
[2022-11-16 09:26:57,986] {standard_task_runner.py:76} INFO - Running: ['***', 'tasks', 'run', 'yellow_taxi_data_v2', 'download_dataset_task', 'scheduled__2022-03-02T06:00:00+00:00', '--job-id', '820', '--raw', '--subdir', 'DAGS_FOLDER/data_ingestion_gcs.py', '--cfg-path', '/tmp/tmpuz6macdc', '--error-file', '/tmp/tmptmsavigt']
[2022-11-16 09:26:57,989] {standard_task_runner.py:77} INFO - Job 820: Subtask download_dataset_task
[2022-11-16 09:26:57,979] {standard_task_runner.py:52} INFO - Started process 930 to run task
[2022-11-16 09:26:58,136] {logging_mixin.py:109} INFO - Running <TaskInstance: yellow_taxi_data_v2.download_dataset_task scheduled__2022-03-02T06:00:00+00:00 [running]> on host 75ceca4d9264
[2022-11-16 09:26:58,241] {warnings.py:110} WARNING - /home/***/.local/lib/python3.7/site-packages/***/utils/context.py:152: AirflowContextDeprecationWarning: Accessing 'execution_date' from the template is deprecated and will be removed in a future version. Please use 'data_interval_start' or 'logical_date' instead.
  warnings.warn(_create_deprecation_warning(key, self._deprecation_replacements[key]))

[2022-11-16 09:26:58,299] {taskinstance.py:1426} INFO - Exporting the following env vars:
AIRFLOW_CTX_DAG_OWNER=***
AIRFLOW_CTX_DAG_ID=yellow_taxi_data_v2
AIRFLOW_CTX_TASK_ID=download_dataset_task
AIRFLOW_CTX_EXECUTION_DATE=2022-03-02T06:00:00+00:00
AIRFLOW_CTX_DAG_RUN_ID=scheduled__2022-03-02T06:00:00+00:00
[2022-11-16 09:26:58,301] {subprocess.py:62} INFO - Tmp dir root location: 
 /tmp
[2022-11-16 09:26:58,302] {subprocess.py:74} INFO - Running command: ['bash', '-c', 'curl -sSLf https://d37ci6vzurychx.cloudfront.net/trip-data/yellow_tripdata_2022-03.parquet > /opt/***/yellow_tripdata_2022-03.parquet']
[2022-11-16 09:26:58,384] {subprocess.py:85} INFO - Output:
[2022-11-16 09:26:58,787] {subprocess.py:93} INFO - Command exited with return code 0
[2022-11-16 09:26:58,867] {taskinstance.py:1277} INFO - Marking task as SUCCESS. dag_id=yellow_taxi_data_v2, task_id=download_dataset_task, execution_date=20220302T060000, start_date=20221116T092657, end_date=20221116T092658
[2022-11-16 09:26:58,922] {local_task_job.py:154} INFO - Task exited with return code 0
[2022-11-16 09:26:59,044] {local_task_job.py:264} INFO - 1 downstream tasks scheduled from follow-on schedule check
