[2022-11-14 15:54:25,555] {taskinstance.py:1032} INFO - Dependencies all met for <TaskInstance: yellow_taxi_data_v2.local_to_gcs_task scheduled__2019-10-02T06:00:00+00:00 [queued]>
[2022-11-14 15:54:25,573] {taskinstance.py:1032} INFO - Dependencies all met for <TaskInstance: yellow_taxi_data_v2.local_to_gcs_task scheduled__2019-10-02T06:00:00+00:00 [queued]>
[2022-11-14 15:54:25,573] {taskinstance.py:1238} INFO - 
--------------------------------------------------------------------------------
[2022-11-14 15:54:25,573] {taskinstance.py:1239} INFO - Starting attempt 1 of 2
[2022-11-14 15:54:25,574] {taskinstance.py:1240} INFO - 
--------------------------------------------------------------------------------
[2022-11-14 15:54:25,592] {taskinstance.py:1259} INFO - Executing <Task(PythonOperator): local_to_gcs_task> on 2019-10-02 06:00:00+00:00
[2022-11-14 15:54:25,601] {standard_task_runner.py:52} INFO - Started process 1029 to run task
[2022-11-14 15:54:25,608] {standard_task_runner.py:76} INFO - Running: ['***', 'tasks', 'run', 'yellow_taxi_data_v2', 'local_to_gcs_task', 'scheduled__2019-10-02T06:00:00+00:00', '--job-id', '198', '--raw', '--subdir', 'DAGS_FOLDER/data_ingestion_gcs.py', '--cfg-path', '/tmp/tmpa795nt5t', '--error-file', '/tmp/tmpvt_tvve7']
[2022-11-14 15:54:25,610] {standard_task_runner.py:77} INFO - Job 198: Subtask local_to_gcs_task
[2022-11-14 15:54:25,715] {logging_mixin.py:109} INFO - Running <TaskInstance: yellow_taxi_data_v2.local_to_gcs_task scheduled__2019-10-02T06:00:00+00:00 [running]> on host e030bae48f83
[2022-11-14 15:54:25,789] {warnings.py:110} WARNING - /home/***/.local/lib/python3.7/site-packages/***/utils/context.py:152: AirflowContextDeprecationWarning: Accessing 'execution_date' from the template is deprecated and will be removed in a future version. Please use 'data_interval_start' or 'logical_date' instead.
  warnings.warn(_create_deprecation_warning(key, self._deprecation_replacements[key]))

[2022-11-14 15:54:25,828] {taskinstance.py:1426} INFO - Exporting the following env vars:
AIRFLOW_CTX_DAG_OWNER=***
AIRFLOW_CTX_DAG_ID=yellow_taxi_data_v2
AIRFLOW_CTX_TASK_ID=local_to_gcs_task
AIRFLOW_CTX_EXECUTION_DATE=2019-10-02T06:00:00+00:00
AIRFLOW_CTX_DAG_RUN_ID=scheduled__2019-10-02T06:00:00+00:00
[2022-11-14 15:54:27,723] {python.py:175} INFO - Done. Returned value was: None
[2022-11-14 15:54:27,746] {taskinstance.py:1277} INFO - Marking task as SUCCESS. dag_id=yellow_taxi_data_v2, task_id=local_to_gcs_task, execution_date=20191002T060000, start_date=20221114T155425, end_date=20221114T155427
[2022-11-14 15:54:27,803] {local_task_job.py:154} INFO - Task exited with return code 0
[2022-11-14 15:54:27,851] {local_task_job.py:264} INFO - 1 downstream tasks scheduled from follow-on schedule check
[2022-11-16 09:22:18,826] {taskinstance.py:1032} INFO - Dependencies all met for <TaskInstance: yellow_taxi_data_v2.local_to_gcs_task scheduled__2019-10-02T06:00:00+00:00 [queued]>
[2022-11-16 09:22:18,841] {taskinstance.py:1032} INFO - Dependencies all met for <TaskInstance: yellow_taxi_data_v2.local_to_gcs_task scheduled__2019-10-02T06:00:00+00:00 [queued]>
[2022-11-16 09:22:18,842] {taskinstance.py:1238} INFO - 
--------------------------------------------------------------------------------
[2022-11-16 09:22:18,842] {taskinstance.py:1239} INFO - Starting attempt 1 of 2
[2022-11-16 09:22:18,842] {taskinstance.py:1240} INFO - 
--------------------------------------------------------------------------------
[2022-11-16 09:22:18,859] {taskinstance.py:1259} INFO - Executing <Task(PythonOperator): local_to_gcs_task> on 2019-10-02 06:00:00+00:00
[2022-11-16 09:22:18,868] {standard_task_runner.py:52} INFO - Started process 359 to run task
[2022-11-16 09:22:18,876] {standard_task_runner.py:76} INFO - Running: ['***', 'tasks', 'run', 'yellow_taxi_data_v2', 'local_to_gcs_task', 'scheduled__2019-10-02T06:00:00+00:00', '--job-id', '732', '--raw', '--subdir', 'DAGS_FOLDER/data_ingestion_gcs.py', '--cfg-path', '/tmp/tmp9br3_kh_', '--error-file', '/tmp/tmpsmo5dx8k']
[2022-11-16 09:22:18,878] {standard_task_runner.py:77} INFO - Job 732: Subtask local_to_gcs_task
[2022-11-16 09:22:18,966] {logging_mixin.py:109} INFO - Running <TaskInstance: yellow_taxi_data_v2.local_to_gcs_task scheduled__2019-10-02T06:00:00+00:00 [running]> on host 75ceca4d9264
[2022-11-16 09:22:19,018] {warnings.py:110} WARNING - /home/***/.local/lib/python3.7/site-packages/***/utils/context.py:152: AirflowContextDeprecationWarning: Accessing 'execution_date' from the template is deprecated and will be removed in a future version. Please use 'data_interval_start' or 'logical_date' instead.
  warnings.warn(_create_deprecation_warning(key, self._deprecation_replacements[key]))

[2022-11-16 09:22:19,051] {taskinstance.py:1426} INFO - Exporting the following env vars:
AIRFLOW_CTX_DAG_OWNER=***
AIRFLOW_CTX_DAG_ID=yellow_taxi_data_v2
AIRFLOW_CTX_TASK_ID=local_to_gcs_task
AIRFLOW_CTX_EXECUTION_DATE=2019-10-02T06:00:00+00:00
AIRFLOW_CTX_DAG_RUN_ID=scheduled__2019-10-02T06:00:00+00:00
[2022-11-16 09:22:21,097] {python.py:175} INFO - Done. Returned value was: None
[2022-11-16 09:22:21,137] {taskinstance.py:1277} INFO - Marking task as SUCCESS. dag_id=yellow_taxi_data_v2, task_id=local_to_gcs_task, execution_date=20191002T060000, start_date=20221116T092218, end_date=20221116T092221
[2022-11-16 09:22:21,186] {local_task_job.py:154} INFO - Task exited with return code 0
[2022-11-16 09:22:21,246] {local_task_job.py:264} INFO - 1 downstream tasks scheduled from follow-on schedule check
