[2022-11-14 15:55:09,872] {taskinstance.py:1032} INFO - Dependencies all met for <TaskInstance: yellow_taxi_data_v2.local_to_gcs_task scheduled__2020-06-02T06:00:00+00:00 [queued]>
[2022-11-14 15:55:09,887] {taskinstance.py:1032} INFO - Dependencies all met for <TaskInstance: yellow_taxi_data_v2.local_to_gcs_task scheduled__2020-06-02T06:00:00+00:00 [queued]>
[2022-11-14 15:55:09,888] {taskinstance.py:1238} INFO - 
--------------------------------------------------------------------------------
[2022-11-14 15:55:09,888] {taskinstance.py:1239} INFO - Starting attempt 1 of 2
[2022-11-14 15:55:09,888] {taskinstance.py:1240} INFO - 
--------------------------------------------------------------------------------
[2022-11-14 15:55:09,906] {taskinstance.py:1259} INFO - Executing <Task(PythonOperator): local_to_gcs_task> on 2020-06-02 06:00:00+00:00
[2022-11-14 15:55:09,915] {standard_task_runner.py:52} INFO - Started process 1135 to run task
[2022-11-14 15:55:09,923] {standard_task_runner.py:76} INFO - Running: ['***', 'tasks', 'run', 'yellow_taxi_data_v2', 'local_to_gcs_task', 'scheduled__2020-06-02T06:00:00+00:00', '--job-id', '218', '--raw', '--subdir', 'DAGS_FOLDER/data_ingestion_gcs.py', '--cfg-path', '/tmp/tmpv8tqj1dn', '--error-file', '/tmp/tmpb9ipdnim']
[2022-11-14 15:55:09,925] {standard_task_runner.py:77} INFO - Job 218: Subtask local_to_gcs_task
[2022-11-14 15:55:10,010] {logging_mixin.py:109} INFO - Running <TaskInstance: yellow_taxi_data_v2.local_to_gcs_task scheduled__2020-06-02T06:00:00+00:00 [running]> on host e030bae48f83
[2022-11-14 15:55:10,085] {warnings.py:110} WARNING - /home/***/.local/lib/python3.7/site-packages/***/utils/context.py:152: AirflowContextDeprecationWarning: Accessing 'execution_date' from the template is deprecated and will be removed in a future version. Please use 'data_interval_start' or 'logical_date' instead.
  warnings.warn(_create_deprecation_warning(key, self._deprecation_replacements[key]))

[2022-11-14 15:55:10,131] {taskinstance.py:1426} INFO - Exporting the following env vars:
AIRFLOW_CTX_DAG_OWNER=***
AIRFLOW_CTX_DAG_ID=yellow_taxi_data_v2
AIRFLOW_CTX_TASK_ID=local_to_gcs_task
AIRFLOW_CTX_EXECUTION_DATE=2020-06-02T06:00:00+00:00
AIRFLOW_CTX_DAG_RUN_ID=scheduled__2020-06-02T06:00:00+00:00
[2022-11-14 15:55:10,744] {python.py:175} INFO - Done. Returned value was: None
[2022-11-14 15:55:10,771] {taskinstance.py:1277} INFO - Marking task as SUCCESS. dag_id=yellow_taxi_data_v2, task_id=local_to_gcs_task, execution_date=20200602T060000, start_date=20221114T155509, end_date=20221114T155510
[2022-11-14 15:55:10,825] {local_task_job.py:154} INFO - Task exited with return code 0
[2022-11-14 15:55:10,886] {local_task_job.py:264} INFO - 1 downstream tasks scheduled from follow-on schedule check
