[2022-11-14 15:56:54,785] {taskinstance.py:1032} INFO - Dependencies all met for <TaskInstance: yellow_taxi_data_v2.local_to_gcs_task scheduled__2021-08-02T06:00:00+00:00 [queued]>
[2022-11-14 15:56:54,803] {taskinstance.py:1032} INFO - Dependencies all met for <TaskInstance: yellow_taxi_data_v2.local_to_gcs_task scheduled__2021-08-02T06:00:00+00:00 [queued]>
[2022-11-14 15:56:54,803] {taskinstance.py:1238} INFO - 
--------------------------------------------------------------------------------
[2022-11-14 15:56:54,803] {taskinstance.py:1239} INFO - Starting attempt 1 of 2
[2022-11-14 15:56:54,804] {taskinstance.py:1240} INFO - 
--------------------------------------------------------------------------------
[2022-11-14 15:56:54,827] {taskinstance.py:1259} INFO - Executing <Task(PythonOperator): local_to_gcs_task> on 2021-08-02 06:00:00+00:00
[2022-11-14 15:56:54,839] {standard_task_runner.py:52} INFO - Started process 1405 to run task
[2022-11-14 15:56:54,852] {standard_task_runner.py:76} INFO - Running: ['***', 'tasks', 'run', 'yellow_taxi_data_v2', 'local_to_gcs_task', 'scheduled__2021-08-02T06:00:00+00:00', '--job-id', '263', '--raw', '--subdir', 'DAGS_FOLDER/data_ingestion_gcs.py', '--cfg-path', '/tmp/tmpn6dhidt7', '--error-file', '/tmp/tmpbor77sv0']
[2022-11-14 15:56:54,854] {standard_task_runner.py:77} INFO - Job 263: Subtask local_to_gcs_task
[2022-11-14 15:56:54,991] {logging_mixin.py:109} INFO - Running <TaskInstance: yellow_taxi_data_v2.local_to_gcs_task scheduled__2021-08-02T06:00:00+00:00 [running]> on host e030bae48f83
[2022-11-14 15:56:55,081] {warnings.py:110} WARNING - /home/***/.local/lib/python3.7/site-packages/***/utils/context.py:152: AirflowContextDeprecationWarning: Accessing 'execution_date' from the template is deprecated and will be removed in a future version. Please use 'data_interval_start' or 'logical_date' instead.
  warnings.warn(_create_deprecation_warning(key, self._deprecation_replacements[key]))

[2022-11-14 15:56:55,129] {taskinstance.py:1426} INFO - Exporting the following env vars:
AIRFLOW_CTX_DAG_OWNER=***
AIRFLOW_CTX_DAG_ID=yellow_taxi_data_v2
AIRFLOW_CTX_TASK_ID=local_to_gcs_task
AIRFLOW_CTX_EXECUTION_DATE=2021-08-02T06:00:00+00:00
AIRFLOW_CTX_DAG_RUN_ID=scheduled__2021-08-02T06:00:00+00:00
[2022-11-14 15:56:56,064] {python.py:175} INFO - Done. Returned value was: None
[2022-11-14 15:56:56,172] {taskinstance.py:1277} INFO - Marking task as SUCCESS. dag_id=yellow_taxi_data_v2, task_id=local_to_gcs_task, execution_date=20210802T060000, start_date=20221114T155654, end_date=20221114T155656
[2022-11-14 15:56:56,228] {local_task_job.py:154} INFO - Task exited with return code 0
[2022-11-14 15:56:56,317] {local_task_job.py:264} INFO - 1 downstream tasks scheduled from follow-on schedule check
[2022-11-16 09:25:56,594] {taskinstance.py:1032} INFO - Dependencies all met for <TaskInstance: yellow_taxi_data_v2.local_to_gcs_task scheduled__2021-08-02T06:00:00+00:00 [queued]>
[2022-11-16 09:25:56,616] {taskinstance.py:1032} INFO - Dependencies all met for <TaskInstance: yellow_taxi_data_v2.local_to_gcs_task scheduled__2021-08-02T06:00:00+00:00 [queued]>
[2022-11-16 09:25:56,616] {taskinstance.py:1238} INFO - 
--------------------------------------------------------------------------------
[2022-11-16 09:25:56,617] {taskinstance.py:1239} INFO - Starting attempt 1 of 2
[2022-11-16 09:25:56,617] {taskinstance.py:1240} INFO - 
--------------------------------------------------------------------------------
[2022-11-16 09:25:56,634] {taskinstance.py:1259} INFO - Executing <Task(PythonOperator): local_to_gcs_task> on 2021-08-02 06:00:00+00:00
[2022-11-16 09:25:56,643] {standard_task_runner.py:52} INFO - Started process 794 to run task
[2022-11-16 09:25:56,650] {standard_task_runner.py:76} INFO - Running: ['***', 'tasks', 'run', 'yellow_taxi_data_v2', 'local_to_gcs_task', 'scheduled__2021-08-02T06:00:00+00:00', '--job-id', '798', '--raw', '--subdir', 'DAGS_FOLDER/data_ingestion_gcs.py', '--cfg-path', '/tmp/tmpcyie2x1p', '--error-file', '/tmp/tmpigc0z3zr']
[2022-11-16 09:25:56,652] {standard_task_runner.py:77} INFO - Job 798: Subtask local_to_gcs_task
[2022-11-16 09:25:56,755] {logging_mixin.py:109} INFO - Running <TaskInstance: yellow_taxi_data_v2.local_to_gcs_task scheduled__2021-08-02T06:00:00+00:00 [running]> on host 75ceca4d9264
[2022-11-16 09:25:56,827] {warnings.py:110} WARNING - /home/***/.local/lib/python3.7/site-packages/***/utils/context.py:152: AirflowContextDeprecationWarning: Accessing 'execution_date' from the template is deprecated and will be removed in a future version. Please use 'data_interval_start' or 'logical_date' instead.
  warnings.warn(_create_deprecation_warning(key, self._deprecation_replacements[key]))

[2022-11-16 09:25:56,863] {taskinstance.py:1426} INFO - Exporting the following env vars:
AIRFLOW_CTX_DAG_OWNER=***
AIRFLOW_CTX_DAG_ID=yellow_taxi_data_v2
AIRFLOW_CTX_TASK_ID=local_to_gcs_task
AIRFLOW_CTX_EXECUTION_DATE=2021-08-02T06:00:00+00:00
AIRFLOW_CTX_DAG_RUN_ID=scheduled__2021-08-02T06:00:00+00:00
[2022-11-16 09:25:57,888] {python.py:175} INFO - Done. Returned value was: None
[2022-11-16 09:25:57,916] {taskinstance.py:1277} INFO - Marking task as SUCCESS. dag_id=yellow_taxi_data_v2, task_id=local_to_gcs_task, execution_date=20210802T060000, start_date=20221116T092556, end_date=20221116T092557
[2022-11-16 09:25:57,993] {local_task_job.py:154} INFO - Task exited with return code 0
[2022-11-16 09:25:58,079] {local_task_job.py:264} INFO - 1 downstream tasks scheduled from follow-on schedule check
