[2022-11-14 15:56:39,724] {taskinstance.py:1032} INFO - Dependencies all met for <TaskInstance: yellow_taxi_data_v2.download_dataset_task scheduled__2021-06-02T06:00:00+00:00 [queued]>
[2022-11-14 15:56:39,737] {taskinstance.py:1032} INFO - Dependencies all met for <TaskInstance: yellow_taxi_data_v2.download_dataset_task scheduled__2021-06-02T06:00:00+00:00 [queued]>
[2022-11-14 15:56:39,738] {taskinstance.py:1238} INFO - 
--------------------------------------------------------------------------------
[2022-11-14 15:56:39,738] {taskinstance.py:1239} INFO - Starting attempt 1 of 2
[2022-11-14 15:56:39,738] {taskinstance.py:1240} INFO - 
--------------------------------------------------------------------------------
[2022-11-14 15:56:39,757] {taskinstance.py:1259} INFO - Executing <Task(BashOperator): download_dataset_task> on 2021-06-02 06:00:00+00:00
[2022-11-14 15:56:39,766] {standard_task_runner.py:52} INFO - Started process 1344 to run task
[2022-11-14 15:56:39,771] {standard_task_runner.py:76} INFO - Running: ['***', 'tasks', 'run', 'yellow_taxi_data_v2', 'download_dataset_task', 'scheduled__2021-06-02T06:00:00+00:00', '--job-id', '251', '--raw', '--subdir', 'DAGS_FOLDER/data_ingestion_gcs.py', '--cfg-path', '/tmp/tmpl39pb4h3', '--error-file', '/tmp/tmppai12vwq']
[2022-11-14 15:56:39,773] {standard_task_runner.py:77} INFO - Job 251: Subtask download_dataset_task
[2022-11-14 15:56:39,861] {logging_mixin.py:109} INFO - Running <TaskInstance: yellow_taxi_data_v2.download_dataset_task scheduled__2021-06-02T06:00:00+00:00 [running]> on host e030bae48f83
[2022-11-14 15:56:39,919] {warnings.py:110} WARNING - /home/***/.local/lib/python3.7/site-packages/***/utils/context.py:152: AirflowContextDeprecationWarning: Accessing 'execution_date' from the template is deprecated and will be removed in a future version. Please use 'data_interval_start' or 'logical_date' instead.
  warnings.warn(_create_deprecation_warning(key, self._deprecation_replacements[key]))

[2022-11-14 15:56:39,949] {taskinstance.py:1426} INFO - Exporting the following env vars:
AIRFLOW_CTX_DAG_OWNER=***
AIRFLOW_CTX_DAG_ID=yellow_taxi_data_v2
AIRFLOW_CTX_TASK_ID=download_dataset_task
AIRFLOW_CTX_EXECUTION_DATE=2021-06-02T06:00:00+00:00
AIRFLOW_CTX_DAG_RUN_ID=scheduled__2021-06-02T06:00:00+00:00
[2022-11-14 15:56:39,950] {subprocess.py:62} INFO - Tmp dir root location: 
 /tmp
[2022-11-14 15:56:39,951] {subprocess.py:74} INFO - Running command: ['bash', '-c', 'curl -sSLf https://d37ci6vzurychx.cloudfront.net/trip-data/yellow_tripdata_2021-06.parquet > /opt/***/yellow_tripdata_2021-06.parquet']
[2022-11-14 15:56:39,970] {subprocess.py:85} INFO - Output:
[2022-11-14 15:56:41,582] {subprocess.py:93} INFO - Command exited with return code 0
[2022-11-14 15:56:41,645] {taskinstance.py:1277} INFO - Marking task as SUCCESS. dag_id=yellow_taxi_data_v2, task_id=download_dataset_task, execution_date=20210602T060000, start_date=20221114T155639, end_date=20221114T155641
[2022-11-14 15:56:41,717] {local_task_job.py:154} INFO - Task exited with return code 0
[2022-11-14 15:56:41,842] {local_task_job.py:264} INFO - 0 downstream tasks scheduled from follow-on schedule check
[2022-11-16 09:25:22,416] {taskinstance.py:1032} INFO - Dependencies all met for <TaskInstance: yellow_taxi_data_v2.download_dataset_task scheduled__2021-06-02T06:00:00+00:00 [queued]>
[2022-11-16 09:25:22,435] {taskinstance.py:1032} INFO - Dependencies all met for <TaskInstance: yellow_taxi_data_v2.download_dataset_task scheduled__2021-06-02T06:00:00+00:00 [queued]>
[2022-11-16 09:25:22,435] {taskinstance.py:1238} INFO - 
--------------------------------------------------------------------------------
[2022-11-16 09:25:22,435] {taskinstance.py:1239} INFO - Starting attempt 1 of 2
[2022-11-16 09:25:22,435] {taskinstance.py:1240} INFO - 
--------------------------------------------------------------------------------
[2022-11-16 09:25:22,459] {taskinstance.py:1259} INFO - Executing <Task(BashOperator): download_dataset_task> on 2021-06-02 06:00:00+00:00
[2022-11-16 09:25:22,470] {standard_task_runner.py:52} INFO - Started process 727 to run task
[2022-11-16 09:25:22,479] {standard_task_runner.py:76} INFO - Running: ['***', 'tasks', 'run', 'yellow_taxi_data_v2', 'download_dataset_task', 'scheduled__2021-06-02T06:00:00+00:00', '--job-id', '790', '--raw', '--subdir', 'DAGS_FOLDER/data_ingestion_gcs.py', '--cfg-path', '/tmp/tmpxxxy2o_y', '--error-file', '/tmp/tmpr33eyyj3']
[2022-11-16 09:25:22,480] {standard_task_runner.py:77} INFO - Job 790: Subtask download_dataset_task
[2022-11-16 09:25:22,614] {logging_mixin.py:109} INFO - Running <TaskInstance: yellow_taxi_data_v2.download_dataset_task scheduled__2021-06-02T06:00:00+00:00 [running]> on host 75ceca4d9264
[2022-11-16 09:25:22,724] {warnings.py:110} WARNING - /home/***/.local/lib/python3.7/site-packages/***/utils/context.py:152: AirflowContextDeprecationWarning: Accessing 'execution_date' from the template is deprecated and will be removed in a future version. Please use 'data_interval_start' or 'logical_date' instead.
  warnings.warn(_create_deprecation_warning(key, self._deprecation_replacements[key]))

[2022-11-16 09:25:22,779] {taskinstance.py:1426} INFO - Exporting the following env vars:
AIRFLOW_CTX_DAG_OWNER=***
AIRFLOW_CTX_DAG_ID=yellow_taxi_data_v2
AIRFLOW_CTX_TASK_ID=download_dataset_task
AIRFLOW_CTX_EXECUTION_DATE=2021-06-02T06:00:00+00:00
AIRFLOW_CTX_DAG_RUN_ID=scheduled__2021-06-02T06:00:00+00:00
[2022-11-16 09:25:22,781] {subprocess.py:62} INFO - Tmp dir root location: 
 /tmp
[2022-11-16 09:25:22,782] {subprocess.py:74} INFO - Running command: ['bash', '-c', 'curl -sSLf https://d37ci6vzurychx.cloudfront.net/trip-data/yellow_tripdata_2021-06.parquet > /opt/***/yellow_tripdata_2021-06.parquet']
[2022-11-16 09:25:22,805] {subprocess.py:85} INFO - Output:
[2022-11-16 09:25:23,023] {subprocess.py:93} INFO - Command exited with return code 0
[2022-11-16 09:25:23,064] {taskinstance.py:1277} INFO - Marking task as SUCCESS. dag_id=yellow_taxi_data_v2, task_id=download_dataset_task, execution_date=20210602T060000, start_date=20221116T092522, end_date=20221116T092523
[2022-11-16 09:25:23,112] {local_task_job.py:154} INFO - Task exited with return code 0
[2022-11-16 09:25:23,168] {local_task_job.py:264} INFO - 1 downstream tasks scheduled from follow-on schedule check
