[2022-11-14 15:56:01,378] {taskinstance.py:1032} INFO - Dependencies all met for <TaskInstance: yellow_taxi_data_v2.local_to_gcs_task scheduled__2020-12-02T06:00:00+00:00 [queued]>
[2022-11-14 15:56:01,396] {taskinstance.py:1032} INFO - Dependencies all met for <TaskInstance: yellow_taxi_data_v2.local_to_gcs_task scheduled__2020-12-02T06:00:00+00:00 [queued]>
[2022-11-14 15:56:01,396] {taskinstance.py:1238} INFO - 
--------------------------------------------------------------------------------
[2022-11-14 15:56:01,396] {taskinstance.py:1239} INFO - Starting attempt 1 of 2
[2022-11-14 15:56:01,397] {taskinstance.py:1240} INFO - 
--------------------------------------------------------------------------------
[2022-11-14 15:56:01,412] {taskinstance.py:1259} INFO - Executing <Task(PythonOperator): local_to_gcs_task> on 2020-12-02 06:00:00+00:00
[2022-11-14 15:56:01,423] {standard_task_runner.py:52} INFO - Started process 1250 to run task
[2022-11-14 15:56:01,430] {standard_task_runner.py:76} INFO - Running: ['***', 'tasks', 'run', 'yellow_taxi_data_v2', 'local_to_gcs_task', 'scheduled__2020-12-02T06:00:00+00:00', '--job-id', '235', '--raw', '--subdir', 'DAGS_FOLDER/data_ingestion_gcs.py', '--cfg-path', '/tmp/tmps28hlw23', '--error-file', '/tmp/tmpwu9ayq1w']
[2022-11-14 15:56:01,432] {standard_task_runner.py:77} INFO - Job 235: Subtask local_to_gcs_task
[2022-11-14 15:56:01,535] {logging_mixin.py:109} INFO - Running <TaskInstance: yellow_taxi_data_v2.local_to_gcs_task scheduled__2020-12-02T06:00:00+00:00 [running]> on host e030bae48f83
[2022-11-14 15:56:01,621] {warnings.py:110} WARNING - /home/***/.local/lib/python3.7/site-packages/***/utils/context.py:152: AirflowContextDeprecationWarning: Accessing 'execution_date' from the template is deprecated and will be removed in a future version. Please use 'data_interval_start' or 'logical_date' instead.
  warnings.warn(_create_deprecation_warning(key, self._deprecation_replacements[key]))

[2022-11-14 15:56:01,662] {taskinstance.py:1426} INFO - Exporting the following env vars:
AIRFLOW_CTX_DAG_OWNER=***
AIRFLOW_CTX_DAG_ID=yellow_taxi_data_v2
AIRFLOW_CTX_TASK_ID=local_to_gcs_task
AIRFLOW_CTX_EXECUTION_DATE=2020-12-02T06:00:00+00:00
AIRFLOW_CTX_DAG_RUN_ID=scheduled__2020-12-02T06:00:00+00:00
[2022-11-14 15:56:02,285] {python.py:175} INFO - Done. Returned value was: None
[2022-11-14 15:56:02,302] {taskinstance.py:1277} INFO - Marking task as SUCCESS. dag_id=yellow_taxi_data_v2, task_id=local_to_gcs_task, execution_date=20201202T060000, start_date=20221114T155601, end_date=20221114T155602
[2022-11-14 15:56:02,345] {local_task_job.py:154} INFO - Task exited with return code 0
[2022-11-14 15:56:02,400] {local_task_job.py:264} INFO - 1 downstream tasks scheduled from follow-on schedule check
[2022-11-16 09:24:21,771] {taskinstance.py:1032} INFO - Dependencies all met for <TaskInstance: yellow_taxi_data_v2.local_to_gcs_task scheduled__2020-12-02T06:00:00+00:00 [queued]>
[2022-11-16 09:24:21,793] {taskinstance.py:1032} INFO - Dependencies all met for <TaskInstance: yellow_taxi_data_v2.local_to_gcs_task scheduled__2020-12-02T06:00:00+00:00 [queued]>
[2022-11-16 09:24:21,794] {taskinstance.py:1238} INFO - 
--------------------------------------------------------------------------------
[2022-11-16 09:24:21,794] {taskinstance.py:1239} INFO - Starting attempt 1 of 2
[2022-11-16 09:24:21,794] {taskinstance.py:1240} INFO - 
--------------------------------------------------------------------------------
[2022-11-16 09:24:21,816] {taskinstance.py:1259} INFO - Executing <Task(PythonOperator): local_to_gcs_task> on 2020-12-02 06:00:00+00:00
[2022-11-16 09:24:21,825] {standard_task_runner.py:52} INFO - Started process 623 to run task
[2022-11-16 09:24:21,833] {standard_task_runner.py:76} INFO - Running: ['***', 'tasks', 'run', 'yellow_taxi_data_v2', 'local_to_gcs_task', 'scheduled__2020-12-02T06:00:00+00:00', '--job-id', '773', '--raw', '--subdir', 'DAGS_FOLDER/data_ingestion_gcs.py', '--cfg-path', '/tmp/tmpcdo8l992', '--error-file', '/tmp/tmp6bh2onvv']
[2022-11-16 09:24:21,836] {standard_task_runner.py:77} INFO - Job 773: Subtask local_to_gcs_task
[2022-11-16 09:24:21,995] {logging_mixin.py:109} INFO - Running <TaskInstance: yellow_taxi_data_v2.local_to_gcs_task scheduled__2020-12-02T06:00:00+00:00 [running]> on host 75ceca4d9264
[2022-11-16 09:24:22,068] {warnings.py:110} WARNING - /home/***/.local/lib/python3.7/site-packages/***/utils/context.py:152: AirflowContextDeprecationWarning: Accessing 'execution_date' from the template is deprecated and will be removed in a future version. Please use 'data_interval_start' or 'logical_date' instead.
  warnings.warn(_create_deprecation_warning(key, self._deprecation_replacements[key]))

[2022-11-16 09:24:22,102] {taskinstance.py:1426} INFO - Exporting the following env vars:
AIRFLOW_CTX_DAG_OWNER=***
AIRFLOW_CTX_DAG_ID=yellow_taxi_data_v2
AIRFLOW_CTX_TASK_ID=local_to_gcs_task
AIRFLOW_CTX_EXECUTION_DATE=2020-12-02T06:00:00+00:00
AIRFLOW_CTX_DAG_RUN_ID=scheduled__2020-12-02T06:00:00+00:00
[2022-11-16 09:24:22,870] {python.py:175} INFO - Done. Returned value was: None
[2022-11-16 09:24:22,895] {taskinstance.py:1277} INFO - Marking task as SUCCESS. dag_id=yellow_taxi_data_v2, task_id=local_to_gcs_task, execution_date=20201202T060000, start_date=20221116T092421, end_date=20221116T092422
[2022-11-16 09:24:22,928] {local_task_job.py:154} INFO - Task exited with return code 0
[2022-11-16 09:24:22,982] {local_task_job.py:264} INFO - 1 downstream tasks scheduled from follow-on schedule check
