[2022-11-14 15:55:11,334] {taskinstance.py:1032} INFO - Dependencies all met for <TaskInstance: yellow_taxi_data_v2.rm_task scheduled__2020-04-02T06:00:00+00:00 [queued]>
[2022-11-14 15:55:11,348] {taskinstance.py:1032} INFO - Dependencies all met for <TaskInstance: yellow_taxi_data_v2.rm_task scheduled__2020-04-02T06:00:00+00:00 [queued]>
[2022-11-14 15:55:11,348] {taskinstance.py:1238} INFO - 
--------------------------------------------------------------------------------
[2022-11-14 15:55:11,348] {taskinstance.py:1239} INFO - Starting attempt 1 of 2
[2022-11-14 15:55:11,349] {taskinstance.py:1240} INFO - 
--------------------------------------------------------------------------------
[2022-11-14 15:55:11,361] {taskinstance.py:1259} INFO - Executing <Task(BashOperator): rm_task> on 2020-04-02 06:00:00+00:00
[2022-11-14 15:55:11,370] {standard_task_runner.py:52} INFO - Started process 1147 to run task
[2022-11-14 15:55:11,378] {standard_task_runner.py:76} INFO - Running: ['***', 'tasks', 'run', 'yellow_taxi_data_v2', 'rm_task', 'scheduled__2020-04-02T06:00:00+00:00', '--job-id', '219', '--raw', '--subdir', 'DAGS_FOLDER/data_ingestion_gcs.py', '--cfg-path', '/tmp/tmpy8kx6kon', '--error-file', '/tmp/tmp687znw9m']
[2022-11-14 15:55:11,380] {standard_task_runner.py:77} INFO - Job 219: Subtask rm_task
[2022-11-14 15:55:11,483] {logging_mixin.py:109} INFO - Running <TaskInstance: yellow_taxi_data_v2.rm_task scheduled__2020-04-02T06:00:00+00:00 [running]> on host e030bae48f83
[2022-11-14 15:55:11,549] {warnings.py:110} WARNING - /home/***/.local/lib/python3.7/site-packages/***/utils/context.py:152: AirflowContextDeprecationWarning: Accessing 'execution_date' from the template is deprecated and will be removed in a future version. Please use 'data_interval_start' or 'logical_date' instead.
  warnings.warn(_create_deprecation_warning(key, self._deprecation_replacements[key]))

[2022-11-14 15:55:11,586] {taskinstance.py:1426} INFO - Exporting the following env vars:
AIRFLOW_CTX_DAG_OWNER=***
AIRFLOW_CTX_DAG_ID=yellow_taxi_data_v2
AIRFLOW_CTX_TASK_ID=rm_task
AIRFLOW_CTX_EXECUTION_DATE=2020-04-02T06:00:00+00:00
AIRFLOW_CTX_DAG_RUN_ID=scheduled__2020-04-02T06:00:00+00:00
[2022-11-14 15:55:11,588] {subprocess.py:62} INFO - Tmp dir root location: 
 /tmp
[2022-11-14 15:55:11,589] {subprocess.py:74} INFO - Running command: ['bash', '-c', 'rm /opt/***/yellow_tripdata_2020-04.parquet']
[2022-11-14 15:55:11,607] {subprocess.py:85} INFO - Output:
[2022-11-14 15:55:11,614] {subprocess.py:93} INFO - Command exited with return code 0
[2022-11-14 15:55:11,663] {taskinstance.py:1277} INFO - Marking task as SUCCESS. dag_id=yellow_taxi_data_v2, task_id=rm_task, execution_date=20200402T060000, start_date=20221114T155511, end_date=20221114T155511
[2022-11-14 15:55:11,713] {local_task_job.py:154} INFO - Task exited with return code 0
[2022-11-14 15:55:11,786] {local_task_job.py:264} INFO - 0 downstream tasks scheduled from follow-on schedule check
[2022-11-16 09:23:21,585] {taskinstance.py:1032} INFO - Dependencies all met for <TaskInstance: yellow_taxi_data_v2.rm_task scheduled__2020-04-02T06:00:00+00:00 [queued]>
[2022-11-16 09:23:21,598] {taskinstance.py:1032} INFO - Dependencies all met for <TaskInstance: yellow_taxi_data_v2.rm_task scheduled__2020-04-02T06:00:00+00:00 [queued]>
[2022-11-16 09:23:21,599] {taskinstance.py:1238} INFO - 
--------------------------------------------------------------------------------
[2022-11-16 09:23:21,599] {taskinstance.py:1239} INFO - Starting attempt 1 of 2
[2022-11-16 09:23:21,599] {taskinstance.py:1240} INFO - 
--------------------------------------------------------------------------------
[2022-11-16 09:23:21,614] {taskinstance.py:1259} INFO - Executing <Task(BashOperator): rm_task> on 2020-04-02 06:00:00+00:00
[2022-11-16 09:23:21,623] {standard_task_runner.py:52} INFO - Started process 477 to run task
[2022-11-16 09:23:21,630] {standard_task_runner.py:76} INFO - Running: ['***', 'tasks', 'run', 'yellow_taxi_data_v2', 'rm_task', 'scheduled__2020-04-02T06:00:00+00:00', '--job-id', '751', '--raw', '--subdir', 'DAGS_FOLDER/data_ingestion_gcs.py', '--cfg-path', '/tmp/tmpb4b6c5yc', '--error-file', '/tmp/tmpd7et7jp3']
[2022-11-16 09:23:21,632] {standard_task_runner.py:77} INFO - Job 751: Subtask rm_task
[2022-11-16 09:23:21,711] {logging_mixin.py:109} INFO - Running <TaskInstance: yellow_taxi_data_v2.rm_task scheduled__2020-04-02T06:00:00+00:00 [running]> on host 75ceca4d9264
[2022-11-16 09:23:21,766] {warnings.py:110} WARNING - /home/***/.local/lib/python3.7/site-packages/***/utils/context.py:152: AirflowContextDeprecationWarning: Accessing 'execution_date' from the template is deprecated and will be removed in a future version. Please use 'data_interval_start' or 'logical_date' instead.
  warnings.warn(_create_deprecation_warning(key, self._deprecation_replacements[key]))

[2022-11-16 09:23:21,792] {taskinstance.py:1426} INFO - Exporting the following env vars:
AIRFLOW_CTX_DAG_OWNER=***
AIRFLOW_CTX_DAG_ID=yellow_taxi_data_v2
AIRFLOW_CTX_TASK_ID=rm_task
AIRFLOW_CTX_EXECUTION_DATE=2020-04-02T06:00:00+00:00
AIRFLOW_CTX_DAG_RUN_ID=scheduled__2020-04-02T06:00:00+00:00
[2022-11-16 09:23:21,794] {subprocess.py:62} INFO - Tmp dir root location: 
 /tmp
[2022-11-16 09:23:21,794] {subprocess.py:74} INFO - Running command: ['bash', '-c', 'rm /opt/***/yellow_tripdata_2020-04.parquet']
[2022-11-16 09:23:21,813] {subprocess.py:85} INFO - Output:
[2022-11-16 09:23:21,819] {subprocess.py:93} INFO - Command exited with return code 0
[2022-11-16 09:23:21,857] {taskinstance.py:1277} INFO - Marking task as SUCCESS. dag_id=yellow_taxi_data_v2, task_id=rm_task, execution_date=20200402T060000, start_date=20221116T092321, end_date=20221116T092321
[2022-11-16 09:23:21,924] {local_task_job.py:154} INFO - Task exited with return code 0
[2022-11-16 09:23:21,983] {local_task_job.py:264} INFO - 0 downstream tasks scheduled from follow-on schedule check
