[2022-11-14 15:53:59,587] {taskinstance.py:1032} INFO - Dependencies all met for <TaskInstance: yellow_taxi_data_v2.rm_task scheduled__2019-09-02T06:00:00+00:00 [queued]>
[2022-11-14 15:53:59,609] {taskinstance.py:1032} INFO - Dependencies all met for <TaskInstance: yellow_taxi_data_v2.rm_task scheduled__2019-09-02T06:00:00+00:00 [queued]>
[2022-11-14 15:53:59,609] {taskinstance.py:1238} INFO - 
--------------------------------------------------------------------------------
[2022-11-14 15:53:59,610] {taskinstance.py:1239} INFO - Starting attempt 1 of 2
[2022-11-14 15:53:59,610] {taskinstance.py:1240} INFO - 
--------------------------------------------------------------------------------
[2022-11-14 15:53:59,633] {taskinstance.py:1259} INFO - Executing <Task(BashOperator): rm_task> on 2019-09-02 06:00:00+00:00
[2022-11-14 15:53:59,643] {standard_task_runner.py:52} INFO - Started process 980 to run task
[2022-11-14 15:53:59,651] {standard_task_runner.py:76} INFO - Running: ['***', 'tasks', 'run', 'yellow_taxi_data_v2', 'rm_task', 'scheduled__2019-09-02T06:00:00+00:00', '--job-id', '192', '--raw', '--subdir', 'DAGS_FOLDER/data_ingestion_gcs.py', '--cfg-path', '/tmp/tmp5jez1k6n', '--error-file', '/tmp/tmpmaw3zcvg']
[2022-11-14 15:53:59,653] {standard_task_runner.py:77} INFO - Job 192: Subtask rm_task
[2022-11-14 15:53:59,761] {logging_mixin.py:109} INFO - Running <TaskInstance: yellow_taxi_data_v2.rm_task scheduled__2019-09-02T06:00:00+00:00 [running]> on host e030bae48f83
[2022-11-14 15:53:59,827] {warnings.py:110} WARNING - /home/***/.local/lib/python3.7/site-packages/***/utils/context.py:152: AirflowContextDeprecationWarning: Accessing 'execution_date' from the template is deprecated and will be removed in a future version. Please use 'data_interval_start' or 'logical_date' instead.
  warnings.warn(_create_deprecation_warning(key, self._deprecation_replacements[key]))

[2022-11-14 15:53:59,872] {taskinstance.py:1426} INFO - Exporting the following env vars:
AIRFLOW_CTX_DAG_OWNER=***
AIRFLOW_CTX_DAG_ID=yellow_taxi_data_v2
AIRFLOW_CTX_TASK_ID=rm_task
AIRFLOW_CTX_EXECUTION_DATE=2019-09-02T06:00:00+00:00
AIRFLOW_CTX_DAG_RUN_ID=scheduled__2019-09-02T06:00:00+00:00
[2022-11-14 15:53:59,874] {subprocess.py:62} INFO - Tmp dir root location: 
 /tmp
[2022-11-14 15:53:59,875] {subprocess.py:74} INFO - Running command: ['bash', '-c', 'rm /opt/***/yellow_tripdata_2019-09.parquet']
[2022-11-14 15:53:59,919] {subprocess.py:85} INFO - Output:
[2022-11-14 15:53:59,948] {subprocess.py:93} INFO - Command exited with return code 0
[2022-11-14 15:54:00,035] {taskinstance.py:1277} INFO - Marking task as SUCCESS. dag_id=yellow_taxi_data_v2, task_id=rm_task, execution_date=20190902T060000, start_date=20221114T155359, end_date=20221114T155400
[2022-11-14 15:54:00,114] {local_task_job.py:154} INFO - Task exited with return code 0
[2022-11-14 15:54:00,166] {local_task_job.py:264} INFO - 0 downstream tasks scheduled from follow-on schedule check
[2022-11-16 09:22:22,188] {taskinstance.py:1032} INFO - Dependencies all met for <TaskInstance: yellow_taxi_data_v2.rm_task scheduled__2019-09-02T06:00:00+00:00 [queued]>
[2022-11-16 09:22:22,203] {taskinstance.py:1032} INFO - Dependencies all met for <TaskInstance: yellow_taxi_data_v2.rm_task scheduled__2019-09-02T06:00:00+00:00 [queued]>
[2022-11-16 09:22:22,203] {taskinstance.py:1238} INFO - 
--------------------------------------------------------------------------------
[2022-11-16 09:22:22,203] {taskinstance.py:1239} INFO - Starting attempt 1 of 2
[2022-11-16 09:22:22,203] {taskinstance.py:1240} INFO - 
--------------------------------------------------------------------------------
[2022-11-16 09:22:22,217] {taskinstance.py:1259} INFO - Executing <Task(BashOperator): rm_task> on 2019-09-02 06:00:00+00:00
[2022-11-16 09:22:22,226] {standard_task_runner.py:52} INFO - Started process 365 to run task
[2022-11-16 09:22:22,234] {standard_task_runner.py:76} INFO - Running: ['***', 'tasks', 'run', 'yellow_taxi_data_v2', 'rm_task', 'scheduled__2019-09-02T06:00:00+00:00', '--job-id', '733', '--raw', '--subdir', 'DAGS_FOLDER/data_ingestion_gcs.py', '--cfg-path', '/tmp/tmpf82o8gzt', '--error-file', '/tmp/tmpkrrocc2t']
[2022-11-16 09:22:22,235] {standard_task_runner.py:77} INFO - Job 733: Subtask rm_task
[2022-11-16 09:22:22,320] {logging_mixin.py:109} INFO - Running <TaskInstance: yellow_taxi_data_v2.rm_task scheduled__2019-09-02T06:00:00+00:00 [running]> on host 75ceca4d9264
[2022-11-16 09:22:22,371] {warnings.py:110} WARNING - /home/***/.local/lib/python3.7/site-packages/***/utils/context.py:152: AirflowContextDeprecationWarning: Accessing 'execution_date' from the template is deprecated and will be removed in a future version. Please use 'data_interval_start' or 'logical_date' instead.
  warnings.warn(_create_deprecation_warning(key, self._deprecation_replacements[key]))

[2022-11-16 09:22:22,404] {taskinstance.py:1426} INFO - Exporting the following env vars:
AIRFLOW_CTX_DAG_OWNER=***
AIRFLOW_CTX_DAG_ID=yellow_taxi_data_v2
AIRFLOW_CTX_TASK_ID=rm_task
AIRFLOW_CTX_EXECUTION_DATE=2019-09-02T06:00:00+00:00
AIRFLOW_CTX_DAG_RUN_ID=scheduled__2019-09-02T06:00:00+00:00
[2022-11-16 09:22:22,406] {subprocess.py:62} INFO - Tmp dir root location: 
 /tmp
[2022-11-16 09:22:22,407] {subprocess.py:74} INFO - Running command: ['bash', '-c', 'rm /opt/***/yellow_tripdata_2019-09.parquet']
[2022-11-16 09:22:22,425] {subprocess.py:85} INFO - Output:
[2022-11-16 09:22:22,452] {subprocess.py:93} INFO - Command exited with return code 0
[2022-11-16 09:22:22,490] {taskinstance.py:1277} INFO - Marking task as SUCCESS. dag_id=yellow_taxi_data_v2, task_id=rm_task, execution_date=20190902T060000, start_date=20221116T092222, end_date=20221116T092222
[2022-11-16 09:22:22,527] {local_task_job.py:154} INFO - Task exited with return code 0
[2022-11-16 09:22:22,580] {local_task_job.py:264} INFO - 0 downstream tasks scheduled from follow-on schedule check
