[2022-11-14 15:57:06,054] {taskinstance.py:1032} INFO - Dependencies all met for <TaskInstance: yellow_taxi_data_v2.local_to_gcs_task scheduled__2021-11-02T06:00:00+00:00 [queued]>
[2022-11-14 15:57:06,077] {taskinstance.py:1032} INFO - Dependencies all met for <TaskInstance: yellow_taxi_data_v2.local_to_gcs_task scheduled__2021-11-02T06:00:00+00:00 [queued]>
[2022-11-14 15:57:06,078] {taskinstance.py:1238} INFO - 
--------------------------------------------------------------------------------
[2022-11-14 15:57:06,078] {taskinstance.py:1239} INFO - Starting attempt 1 of 2
[2022-11-14 15:57:06,078] {taskinstance.py:1240} INFO - 
--------------------------------------------------------------------------------
[2022-11-14 15:57:06,120] {taskinstance.py:1259} INFO - Executing <Task(PythonOperator): local_to_gcs_task> on 2021-11-02 06:00:00+00:00
[2022-11-14 15:57:06,137] {standard_task_runner.py:52} INFO - Started process 1445 to run task
[2022-11-14 15:57:06,151] {standard_task_runner.py:76} INFO - Running: ['***', 'tasks', 'run', 'yellow_taxi_data_v2', 'local_to_gcs_task', 'scheduled__2021-11-02T06:00:00+00:00', '--job-id', '271', '--raw', '--subdir', 'DAGS_FOLDER/data_ingestion_gcs.py', '--cfg-path', '/tmp/tmphb5mpay3', '--error-file', '/tmp/tmpdd212ody']
[2022-11-14 15:57:06,153] {standard_task_runner.py:77} INFO - Job 271: Subtask local_to_gcs_task
[2022-11-14 15:57:06,274] {logging_mixin.py:109} INFO - Running <TaskInstance: yellow_taxi_data_v2.local_to_gcs_task scheduled__2021-11-02T06:00:00+00:00 [running]> on host e030bae48f83
[2022-11-14 15:57:06,352] {warnings.py:110} WARNING - /home/***/.local/lib/python3.7/site-packages/***/utils/context.py:152: AirflowContextDeprecationWarning: Accessing 'execution_date' from the template is deprecated and will be removed in a future version. Please use 'data_interval_start' or 'logical_date' instead.
  warnings.warn(_create_deprecation_warning(key, self._deprecation_replacements[key]))

[2022-11-14 15:57:06,408] {taskinstance.py:1426} INFO - Exporting the following env vars:
AIRFLOW_CTX_DAG_OWNER=***
AIRFLOW_CTX_DAG_ID=yellow_taxi_data_v2
AIRFLOW_CTX_TASK_ID=local_to_gcs_task
AIRFLOW_CTX_EXECUTION_DATE=2021-11-02T06:00:00+00:00
AIRFLOW_CTX_DAG_RUN_ID=scheduled__2021-11-02T06:00:00+00:00
[2022-11-14 15:57:07,475] {python.py:175} INFO - Done. Returned value was: None
[2022-11-14 15:57:07,497] {taskinstance.py:1277} INFO - Marking task as SUCCESS. dag_id=yellow_taxi_data_v2, task_id=local_to_gcs_task, execution_date=20211102T060000, start_date=20221114T155706, end_date=20221114T155707
[2022-11-14 15:57:07,566] {local_task_job.py:154} INFO - Task exited with return code 0
[2022-11-14 15:57:07,632] {local_task_job.py:264} INFO - 1 downstream tasks scheduled from follow-on schedule check
[2022-11-16 09:26:29,476] {taskinstance.py:1032} INFO - Dependencies all met for <TaskInstance: yellow_taxi_data_v2.local_to_gcs_task scheduled__2021-11-02T06:00:00+00:00 [queued]>
[2022-11-16 09:26:29,498] {taskinstance.py:1032} INFO - Dependencies all met for <TaskInstance: yellow_taxi_data_v2.local_to_gcs_task scheduled__2021-11-02T06:00:00+00:00 [queued]>
[2022-11-16 09:26:29,498] {taskinstance.py:1238} INFO - 
--------------------------------------------------------------------------------
[2022-11-16 09:26:29,498] {taskinstance.py:1239} INFO - Starting attempt 1 of 2
[2022-11-16 09:26:29,498] {taskinstance.py:1240} INFO - 
--------------------------------------------------------------------------------
[2022-11-16 09:26:29,520] {taskinstance.py:1259} INFO - Executing <Task(PythonOperator): local_to_gcs_task> on 2021-11-02 06:00:00+00:00
[2022-11-16 09:26:29,530] {standard_task_runner.py:52} INFO - Started process 853 to run task
[2022-11-16 09:26:29,540] {standard_task_runner.py:76} INFO - Running: ['***', 'tasks', 'run', 'yellow_taxi_data_v2', 'local_to_gcs_task', 'scheduled__2021-11-02T06:00:00+00:00', '--job-id', '806', '--raw', '--subdir', 'DAGS_FOLDER/data_ingestion_gcs.py', '--cfg-path', '/tmp/tmp9vd83e5l', '--error-file', '/tmp/tmpkdtrvsvn']
[2022-11-16 09:26:29,541] {standard_task_runner.py:77} INFO - Job 806: Subtask local_to_gcs_task
[2022-11-16 09:26:29,644] {logging_mixin.py:109} INFO - Running <TaskInstance: yellow_taxi_data_v2.local_to_gcs_task scheduled__2021-11-02T06:00:00+00:00 [running]> on host 75ceca4d9264
[2022-11-16 09:26:29,727] {warnings.py:110} WARNING - /home/***/.local/lib/python3.7/site-packages/***/utils/context.py:152: AirflowContextDeprecationWarning: Accessing 'execution_date' from the template is deprecated and will be removed in a future version. Please use 'data_interval_start' or 'logical_date' instead.
  warnings.warn(_create_deprecation_warning(key, self._deprecation_replacements[key]))

[2022-11-16 09:26:29,768] {taskinstance.py:1426} INFO - Exporting the following env vars:
AIRFLOW_CTX_DAG_OWNER=***
AIRFLOW_CTX_DAG_ID=yellow_taxi_data_v2
AIRFLOW_CTX_TASK_ID=local_to_gcs_task
AIRFLOW_CTX_EXECUTION_DATE=2021-11-02T06:00:00+00:00
AIRFLOW_CTX_DAG_RUN_ID=scheduled__2021-11-02T06:00:00+00:00
[2022-11-16 09:26:30,919] {python.py:175} INFO - Done. Returned value was: None
[2022-11-16 09:26:30,941] {taskinstance.py:1277} INFO - Marking task as SUCCESS. dag_id=yellow_taxi_data_v2, task_id=local_to_gcs_task, execution_date=20211102T060000, start_date=20221116T092629, end_date=20221116T092630
[2022-11-16 09:26:31,015] {local_task_job.py:154} INFO - Task exited with return code 0
[2022-11-16 09:26:31,068] {local_task_job.py:264} INFO - 1 downstream tasks scheduled from follow-on schedule check
