[2022-11-11 11:47:10,384] {taskinstance.py:1032} INFO - Dependencies all met for <TaskInstance: yellow_taxi_data_V2.rm_task manual__2022-11-11T11:47:06.605093+00:00 [queued]>
[2022-11-11 11:47:10,417] {taskinstance.py:1032} INFO - Dependencies all met for <TaskInstance: yellow_taxi_data_V2.rm_task manual__2022-11-11T11:47:06.605093+00:00 [queued]>
[2022-11-11 11:47:10,419] {taskinstance.py:1238} INFO - 
--------------------------------------------------------------------------------
[2022-11-11 11:47:10,419] {taskinstance.py:1239} INFO - Starting attempt 1 of 2
[2022-11-11 11:47:10,420] {taskinstance.py:1240} INFO - 
--------------------------------------------------------------------------------
[2022-11-11 11:47:10,470] {taskinstance.py:1259} INFO - Executing <Task(BashOperator): rm_task> on 2022-11-11 11:47:06.605093+00:00
[2022-11-11 11:47:10,478] {standard_task_runner.py:52} INFO - Started process 549 to run task
[2022-11-11 11:47:10,494] {standard_task_runner.py:76} INFO - Running: ['***', 'tasks', 'run', 'yellow_taxi_data_V2', 'rm_task', 'manual__2022-11-11T11:47:06.605093+00:00', '--job-id', '118', '--raw', '--subdir', 'DAGS_FOLDER/data_ingestion_gcs_dag.py', '--cfg-path', '/tmp/tmpvvl1_ra3', '--error-file', '/tmp/tmpak329gca']
[2022-11-11 11:47:10,503] {standard_task_runner.py:77} INFO - Job 118: Subtask rm_task
[2022-11-11 11:47:10,693] {logging_mixin.py:109} INFO - Running <TaskInstance: yellow_taxi_data_V2.rm_task manual__2022-11-11T11:47:06.605093+00:00 [running]> on host 6cf38e3f75ba
[2022-11-11 11:47:10,810] {warnings.py:110} WARNING - /home/***/.local/lib/python3.7/site-packages/***/utils/context.py:152: AirflowContextDeprecationWarning: Accessing 'execution_date' from the template is deprecated and will be removed in a future version. Please use 'data_interval_start' or 'logical_date' instead.
  warnings.warn(_create_deprecation_warning(key, self._deprecation_replacements[key]))

[2022-11-11 11:47:10,903] {taskinstance.py:1426} INFO - Exporting the following env vars:
AIRFLOW_CTX_DAG_OWNER=***
AIRFLOW_CTX_DAG_ID=yellow_taxi_data_V2
AIRFLOW_CTX_TASK_ID=rm_task
AIRFLOW_CTX_EXECUTION_DATE=2022-11-11T11:47:06.605093+00:00
AIRFLOW_CTX_DAG_RUN_ID=manual__2022-11-11T11:47:06.605093+00:00
[2022-11-11 11:47:10,905] {subprocess.py:62} INFO - Tmp dir root location: 
 /tmp
[2022-11-11 11:47:10,906] {subprocess.py:74} INFO - Running command: ['bash', '-c', 'rm /opt/***/yellow_tripdata_2022-11.parquet']
[2022-11-11 11:47:10,929] {subprocess.py:85} INFO - Output:
[2022-11-11 11:47:10,939] {subprocess.py:93} INFO - Command exited with return code 0
[2022-11-11 11:47:10,996] {taskinstance.py:1277} INFO - Marking task as SUCCESS. dag_id=yellow_taxi_data_V2, task_id=rm_task, execution_date=20221111T114706, start_date=20221111T114710, end_date=20221111T114710
[2022-11-11 11:47:11,071] {local_task_job.py:154} INFO - Task exited with return code 0
[2022-11-11 11:47:11,150] {local_task_job.py:264} INFO - 0 downstream tasks scheduled from follow-on schedule check
