[2022-11-14 16:27:39,828] {taskinstance.py:1032} INFO - Dependencies all met for <TaskInstance: green_taxi_data_v1.rm_task scheduled__2022-06-02T07:00:00+00:00 [queued]>
[2022-11-14 16:27:39,863] {taskinstance.py:1032} INFO - Dependencies all met for <TaskInstance: green_taxi_data_v1.rm_task scheduled__2022-06-02T07:00:00+00:00 [queued]>
[2022-11-14 16:27:39,863] {taskinstance.py:1238} INFO - 
--------------------------------------------------------------------------------
[2022-11-14 16:27:39,864] {taskinstance.py:1239} INFO - Starting attempt 1 of 2
[2022-11-14 16:27:39,864] {taskinstance.py:1240} INFO - 
--------------------------------------------------------------------------------
[2022-11-14 16:27:39,888] {taskinstance.py:1259} INFO - Executing <Task(BashOperator): rm_task> on 2022-06-02 07:00:00+00:00
[2022-11-14 16:27:39,898] {standard_task_runner.py:52} INFO - Started process 3338 to run task
[2022-11-14 16:27:39,914] {standard_task_runner.py:76} INFO - Running: ['***', 'tasks', 'run', 'green_taxi_data_v1', 'rm_task', 'scheduled__2022-06-02T07:00:00+00:00', '--job-id', '428', '--raw', '--subdir', 'DAGS_FOLDER/data_ingestion_gcs.py', '--cfg-path', '/tmp/tmp7fn1r4ly', '--error-file', '/tmp/tmpwansykqp']
[2022-11-14 16:27:39,917] {standard_task_runner.py:77} INFO - Job 428: Subtask rm_task
[2022-11-14 16:27:40,081] {logging_mixin.py:109} INFO - Running <TaskInstance: green_taxi_data_v1.rm_task scheduled__2022-06-02T07:00:00+00:00 [running]> on host e030bae48f83
[2022-11-14 16:27:40,225] {warnings.py:110} WARNING - /home/***/.local/lib/python3.7/site-packages/***/utils/context.py:152: AirflowContextDeprecationWarning: Accessing 'execution_date' from the template is deprecated and will be removed in a future version. Please use 'data_interval_start' or 'logical_date' instead.
  warnings.warn(_create_deprecation_warning(key, self._deprecation_replacements[key]))

[2022-11-14 16:27:40,293] {taskinstance.py:1426} INFO - Exporting the following env vars:
AIRFLOW_CTX_DAG_OWNER=***
AIRFLOW_CTX_DAG_ID=green_taxi_data_v1
AIRFLOW_CTX_TASK_ID=rm_task
AIRFLOW_CTX_EXECUTION_DATE=2022-06-02T07:00:00+00:00
AIRFLOW_CTX_DAG_RUN_ID=scheduled__2022-06-02T07:00:00+00:00
[2022-11-14 16:27:40,294] {subprocess.py:62} INFO - Tmp dir root location: 
 /tmp
[2022-11-14 16:27:40,296] {subprocess.py:74} INFO - Running command: ['bash', '-c', 'rm /opt/***/green_tripdata_2022-06.parquet']
[2022-11-14 16:27:40,355] {subprocess.py:85} INFO - Output:
[2022-11-14 16:27:40,364] {subprocess.py:93} INFO - Command exited with return code 0
[2022-11-14 16:27:40,456] {taskinstance.py:1277} INFO - Marking task as SUCCESS. dag_id=green_taxi_data_v1, task_id=rm_task, execution_date=20220602T070000, start_date=20221114T162739, end_date=20221114T162740
[2022-11-14 16:27:40,501] {local_task_job.py:154} INFO - Task exited with return code 0
[2022-11-14 16:27:40,577] {local_task_job.py:264} INFO - 0 downstream tasks scheduled from follow-on schedule check
