[2022-11-14 16:26:14,697] {taskinstance.py:1032} INFO - Dependencies all met for <TaskInstance: green_taxi_data_v1.local_to_gcs_task scheduled__2021-09-02T07:00:00+00:00 [queued]>
[2022-11-14 16:26:14,724] {taskinstance.py:1032} INFO - Dependencies all met for <TaskInstance: green_taxi_data_v1.local_to_gcs_task scheduled__2021-09-02T07:00:00+00:00 [queued]>
[2022-11-14 16:26:14,724] {taskinstance.py:1238} INFO - 
--------------------------------------------------------------------------------
[2022-11-14 16:26:14,726] {taskinstance.py:1239} INFO - Starting attempt 1 of 2
[2022-11-14 16:26:14,726] {taskinstance.py:1240} INFO - 
--------------------------------------------------------------------------------
[2022-11-14 16:26:14,754] {taskinstance.py:1259} INFO - Executing <Task(PythonOperator): local_to_gcs_task> on 2021-09-02 07:00:00+00:00
[2022-11-14 16:26:14,777] {standard_task_runner.py:52} INFO - Started process 3166 to run task
[2022-11-14 16:26:14,796] {standard_task_runner.py:76} INFO - Running: ['***', 'tasks', 'run', 'green_taxi_data_v1', 'local_to_gcs_task', 'scheduled__2021-09-02T07:00:00+00:00', '--job-id', '398', '--raw', '--subdir', 'DAGS_FOLDER/data_ingestion_gcs.py', '--cfg-path', '/tmp/tmp4ql_sft2', '--error-file', '/tmp/tmpwp452pw0']
[2022-11-14 16:26:14,799] {standard_task_runner.py:77} INFO - Job 398: Subtask local_to_gcs_task
[2022-11-14 16:26:15,051] {logging_mixin.py:109} INFO - Running <TaskInstance: green_taxi_data_v1.local_to_gcs_task scheduled__2021-09-02T07:00:00+00:00 [running]> on host e030bae48f83
[2022-11-14 16:26:15,220] {warnings.py:110} WARNING - /home/***/.local/lib/python3.7/site-packages/***/utils/context.py:152: AirflowContextDeprecationWarning: Accessing 'execution_date' from the template is deprecated and will be removed in a future version. Please use 'data_interval_start' or 'logical_date' instead.
  warnings.warn(_create_deprecation_warning(key, self._deprecation_replacements[key]))

[2022-11-14 16:26:15,349] {taskinstance.py:1426} INFO - Exporting the following env vars:
AIRFLOW_CTX_DAG_OWNER=***
AIRFLOW_CTX_DAG_ID=green_taxi_data_v1
AIRFLOW_CTX_TASK_ID=local_to_gcs_task
AIRFLOW_CTX_EXECUTION_DATE=2021-09-02T07:00:00+00:00
AIRFLOW_CTX_DAG_RUN_ID=scheduled__2021-09-02T07:00:00+00:00
[2022-11-14 16:26:15,716] {python.py:175} INFO - Done. Returned value was: None
[2022-11-14 16:26:15,738] {taskinstance.py:1277} INFO - Marking task as SUCCESS. dag_id=green_taxi_data_v1, task_id=local_to_gcs_task, execution_date=20210902T070000, start_date=20221114T162614, end_date=20221114T162615
[2022-11-14 16:26:15,777] {local_task_job.py:154} INFO - Task exited with return code 0
[2022-11-14 16:26:15,872] {local_task_job.py:264} INFO - 1 downstream tasks scheduled from follow-on schedule check
