[2022-11-14 15:58:05,282] {taskinstance.py:1032} INFO - Dependencies all met for <TaskInstance: yellow_taxi_data_v2.local_to_gcs_task scheduled__2022-04-02T06:00:00+00:00 [queued]>
[2022-11-14 15:58:05,305] {taskinstance.py:1032} INFO - Dependencies all met for <TaskInstance: yellow_taxi_data_v2.local_to_gcs_task scheduled__2022-04-02T06:00:00+00:00 [queued]>
[2022-11-14 15:58:05,306] {taskinstance.py:1238} INFO - 
--------------------------------------------------------------------------------
[2022-11-14 15:58:05,306] {taskinstance.py:1239} INFO - Starting attempt 1 of 2
[2022-11-14 15:58:05,306] {taskinstance.py:1240} INFO - 
--------------------------------------------------------------------------------
[2022-11-14 15:58:05,333] {taskinstance.py:1259} INFO - Executing <Task(PythonOperator): local_to_gcs_task> on 2022-04-02 06:00:00+00:00
[2022-11-14 15:58:05,347] {standard_task_runner.py:52} INFO - Started process 1566 to run task
[2022-11-14 15:58:05,364] {standard_task_runner.py:76} INFO - Running: ['***', 'tasks', 'run', 'yellow_taxi_data_v2', 'local_to_gcs_task', 'scheduled__2022-04-02T06:00:00+00:00', '--job-id', '289', '--raw', '--subdir', 'DAGS_FOLDER/data_ingestion_gcs.py', '--cfg-path', '/tmp/tmp0dtv_413', '--error-file', '/tmp/tmp6ibe3v_j']
[2022-11-14 15:58:05,366] {standard_task_runner.py:77} INFO - Job 289: Subtask local_to_gcs_task
[2022-11-14 15:58:05,532] {logging_mixin.py:109} INFO - Running <TaskInstance: yellow_taxi_data_v2.local_to_gcs_task scheduled__2022-04-02T06:00:00+00:00 [running]> on host e030bae48f83
[2022-11-14 15:58:05,667] {warnings.py:110} WARNING - /home/***/.local/lib/python3.7/site-packages/***/utils/context.py:152: AirflowContextDeprecationWarning: Accessing 'execution_date' from the template is deprecated and will be removed in a future version. Please use 'data_interval_start' or 'logical_date' instead.
  warnings.warn(_create_deprecation_warning(key, self._deprecation_replacements[key]))

[2022-11-14 15:58:05,725] {taskinstance.py:1426} INFO - Exporting the following env vars:
AIRFLOW_CTX_DAG_OWNER=***
AIRFLOW_CTX_DAG_ID=yellow_taxi_data_v2
AIRFLOW_CTX_TASK_ID=local_to_gcs_task
AIRFLOW_CTX_EXECUTION_DATE=2022-04-02T06:00:00+00:00
AIRFLOW_CTX_DAG_RUN_ID=scheduled__2022-04-02T06:00:00+00:00
[2022-11-14 15:58:06,737] {python.py:175} INFO - Done. Returned value was: None
[2022-11-14 15:58:06,775] {taskinstance.py:1277} INFO - Marking task as SUCCESS. dag_id=yellow_taxi_data_v2, task_id=local_to_gcs_task, execution_date=20220402T060000, start_date=20221114T155805, end_date=20221114T155806
[2022-11-14 15:58:06,856] {local_task_job.py:154} INFO - Task exited with return code 0
[2022-11-14 15:58:06,966] {local_task_job.py:264} INFO - 1 downstream tasks scheduled from follow-on schedule check
[2022-11-16 09:27:00,871] {taskinstance.py:1032} INFO - Dependencies all met for <TaskInstance: yellow_taxi_data_v2.local_to_gcs_task scheduled__2022-04-02T06:00:00+00:00 [queued]>
[2022-11-16 09:27:00,886] {taskinstance.py:1032} INFO - Dependencies all met for <TaskInstance: yellow_taxi_data_v2.local_to_gcs_task scheduled__2022-04-02T06:00:00+00:00 [queued]>
[2022-11-16 09:27:00,886] {taskinstance.py:1238} INFO - 
--------------------------------------------------------------------------------
[2022-11-16 09:27:00,887] {taskinstance.py:1239} INFO - Starting attempt 1 of 2
[2022-11-16 09:27:00,887] {taskinstance.py:1240} INFO - 
--------------------------------------------------------------------------------
[2022-11-16 09:27:00,907] {taskinstance.py:1259} INFO - Executing <Task(PythonOperator): local_to_gcs_task> on 2022-04-02 06:00:00+00:00
[2022-11-16 09:27:00,917] {standard_task_runner.py:52} INFO - Started process 949 to run task
[2022-11-16 09:27:00,924] {standard_task_runner.py:76} INFO - Running: ['***', 'tasks', 'run', 'yellow_taxi_data_v2', 'local_to_gcs_task', 'scheduled__2022-04-02T06:00:00+00:00', '--job-id', '824', '--raw', '--subdir', 'DAGS_FOLDER/data_ingestion_gcs.py', '--cfg-path', '/tmp/tmpjotwsqer', '--error-file', '/tmp/tmpysdfbsho']
[2022-11-16 09:27:00,926] {standard_task_runner.py:77} INFO - Job 824: Subtask local_to_gcs_task
[2022-11-16 09:27:01,026] {logging_mixin.py:109} INFO - Running <TaskInstance: yellow_taxi_data_v2.local_to_gcs_task scheduled__2022-04-02T06:00:00+00:00 [running]> on host 75ceca4d9264
[2022-11-16 09:27:01,082] {warnings.py:110} WARNING - /home/***/.local/lib/python3.7/site-packages/***/utils/context.py:152: AirflowContextDeprecationWarning: Accessing 'execution_date' from the template is deprecated and will be removed in a future version. Please use 'data_interval_start' or 'logical_date' instead.
  warnings.warn(_create_deprecation_warning(key, self._deprecation_replacements[key]))

[2022-11-16 09:27:01,115] {taskinstance.py:1426} INFO - Exporting the following env vars:
AIRFLOW_CTX_DAG_OWNER=***
AIRFLOW_CTX_DAG_ID=yellow_taxi_data_v2
AIRFLOW_CTX_TASK_ID=local_to_gcs_task
AIRFLOW_CTX_EXECUTION_DATE=2022-04-02T06:00:00+00:00
AIRFLOW_CTX_DAG_RUN_ID=scheduled__2022-04-02T06:00:00+00:00
[2022-11-16 09:27:02,150] {python.py:175} INFO - Done. Returned value was: None
[2022-11-16 09:27:02,174] {taskinstance.py:1277} INFO - Marking task as SUCCESS. dag_id=yellow_taxi_data_v2, task_id=local_to_gcs_task, execution_date=20220402T060000, start_date=20221116T092700, end_date=20221116T092702
[2022-11-16 09:27:02,227] {local_task_job.py:154} INFO - Task exited with return code 0
[2022-11-16 09:27:02,285] {local_task_job.py:264} INFO - 1 downstream tasks scheduled from follow-on schedule check
