[2022-11-14 16:23:49,610] {taskinstance.py:1032} INFO - Dependencies all met for <TaskInstance: green_taxi_data_v1.rm_task scheduled__2019-07-02T07:00:00+00:00 [queued]>
[2022-11-14 16:23:49,644] {taskinstance.py:1032} INFO - Dependencies all met for <TaskInstance: green_taxi_data_v1.rm_task scheduled__2019-07-02T07:00:00+00:00 [queued]>
[2022-11-14 16:23:49,644] {taskinstance.py:1238} INFO - 
--------------------------------------------------------------------------------
[2022-11-14 16:23:49,644] {taskinstance.py:1239} INFO - Starting attempt 1 of 2
[2022-11-14 16:23:49,645] {taskinstance.py:1240} INFO - 
--------------------------------------------------------------------------------
[2022-11-14 16:23:49,674] {taskinstance.py:1259} INFO - Executing <Task(BashOperator): rm_task> on 2019-07-02 07:00:00+00:00
[2022-11-14 16:23:49,684] {standard_task_runner.py:52} INFO - Started process 2776 to run task
[2022-11-14 16:23:49,694] {standard_task_runner.py:76} INFO - Running: ['***', 'tasks', 'run', 'green_taxi_data_v1', 'rm_task', 'scheduled__2019-07-02T07:00:00+00:00', '--job-id', '330', '--raw', '--subdir', 'DAGS_FOLDER/data_ingestion_gcs.py', '--cfg-path', '/tmp/tmp18dnvvab', '--error-file', '/tmp/tmpza4itaxg']
[2022-11-14 16:23:49,696] {standard_task_runner.py:77} INFO - Job 330: Subtask rm_task
[2022-11-14 16:23:49,820] {logging_mixin.py:109} INFO - Running <TaskInstance: green_taxi_data_v1.rm_task scheduled__2019-07-02T07:00:00+00:00 [running]> on host e030bae48f83
[2022-11-14 16:23:49,903] {warnings.py:110} WARNING - /home/***/.local/lib/python3.7/site-packages/***/utils/context.py:152: AirflowContextDeprecationWarning: Accessing 'execution_date' from the template is deprecated and will be removed in a future version. Please use 'data_interval_start' or 'logical_date' instead.
  warnings.warn(_create_deprecation_warning(key, self._deprecation_replacements[key]))

[2022-11-14 16:23:49,937] {taskinstance.py:1426} INFO - Exporting the following env vars:
AIRFLOW_CTX_DAG_OWNER=***
AIRFLOW_CTX_DAG_ID=green_taxi_data_v1
AIRFLOW_CTX_TASK_ID=rm_task
AIRFLOW_CTX_EXECUTION_DATE=2019-07-02T07:00:00+00:00
AIRFLOW_CTX_DAG_RUN_ID=scheduled__2019-07-02T07:00:00+00:00
[2022-11-14 16:23:49,939] {subprocess.py:62} INFO - Tmp dir root location: 
 /tmp
[2022-11-14 16:23:49,940] {subprocess.py:74} INFO - Running command: ['bash', '-c', 'rm /opt/***/green_tripdata_2019-07.parquet']
[2022-11-14 16:23:49,958] {subprocess.py:85} INFO - Output:
[2022-11-14 16:23:49,965] {subprocess.py:93} INFO - Command exited with return code 0
[2022-11-14 16:23:50,003] {taskinstance.py:1277} INFO - Marking task as SUCCESS. dag_id=green_taxi_data_v1, task_id=rm_task, execution_date=20190702T070000, start_date=20221114T162349, end_date=20221114T162350
[2022-11-14 16:23:50,070] {local_task_job.py:154} INFO - Task exited with return code 0
[2022-11-14 16:23:50,123] {local_task_job.py:264} INFO - 0 downstream tasks scheduled from follow-on schedule check
