[2022-11-14 15:52:50,853] {taskinstance.py:1032} INFO - Dependencies all met for <TaskInstance: yellow_taxi_data_v2.rm_task scheduled__2019-03-02T06:00:00+00:00 [queued]>
[2022-11-14 15:52:50,874] {taskinstance.py:1032} INFO - Dependencies all met for <TaskInstance: yellow_taxi_data_v2.rm_task scheduled__2019-03-02T06:00:00+00:00 [queued]>
[2022-11-14 15:52:50,875] {taskinstance.py:1238} INFO - 
--------------------------------------------------------------------------------
[2022-11-14 15:52:50,875] {taskinstance.py:1239} INFO - Starting attempt 1 of 2
[2022-11-14 15:52:50,875] {taskinstance.py:1240} INFO - 
--------------------------------------------------------------------------------
[2022-11-14 15:52:50,901] {taskinstance.py:1259} INFO - Executing <Task(BashOperator): rm_task> on 2019-03-02 06:00:00+00:00
[2022-11-14 15:52:50,916] {standard_task_runner.py:52} INFO - Started process 857 to run task
[2022-11-14 15:52:50,964] {standard_task_runner.py:76} INFO - Running: ['***', 'tasks', 'run', 'yellow_taxi_data_v2', 'rm_task', 'scheduled__2019-03-02T06:00:00+00:00', '--job-id', '174', '--raw', '--subdir', 'DAGS_FOLDER/data_ingestion_gcs.py', '--cfg-path', '/tmp/tmp8h1yw0gd', '--error-file', '/tmp/tmpndot45dh']
[2022-11-14 15:52:50,966] {standard_task_runner.py:77} INFO - Job 174: Subtask rm_task
[2022-11-14 15:52:51,111] {logging_mixin.py:109} INFO - Running <TaskInstance: yellow_taxi_data_v2.rm_task scheduled__2019-03-02T06:00:00+00:00 [running]> on host e030bae48f83
[2022-11-14 15:52:51,186] {warnings.py:110} WARNING - /home/***/.local/lib/python3.7/site-packages/***/utils/context.py:152: AirflowContextDeprecationWarning: Accessing 'execution_date' from the template is deprecated and will be removed in a future version. Please use 'data_interval_start' or 'logical_date' instead.
  warnings.warn(_create_deprecation_warning(key, self._deprecation_replacements[key]))

[2022-11-14 15:52:51,231] {taskinstance.py:1426} INFO - Exporting the following env vars:
AIRFLOW_CTX_DAG_OWNER=***
AIRFLOW_CTX_DAG_ID=yellow_taxi_data_v2
AIRFLOW_CTX_TASK_ID=rm_task
AIRFLOW_CTX_EXECUTION_DATE=2019-03-02T06:00:00+00:00
AIRFLOW_CTX_DAG_RUN_ID=scheduled__2019-03-02T06:00:00+00:00
[2022-11-14 15:52:51,233] {subprocess.py:62} INFO - Tmp dir root location: 
 /tmp
[2022-11-14 15:52:51,238] {subprocess.py:74} INFO - Running command: ['bash', '-c', 'rm /opt/***/yellow_tripdata_2019-03.parquet']
[2022-11-14 15:52:51,263] {subprocess.py:85} INFO - Output:
[2022-11-14 15:52:51,305] {subprocess.py:93} INFO - Command exited with return code 0
[2022-11-14 15:52:51,354] {taskinstance.py:1277} INFO - Marking task as SUCCESS. dag_id=yellow_taxi_data_v2, task_id=rm_task, execution_date=20190302T060000, start_date=20221114T155250, end_date=20221114T155251
[2022-11-14 15:52:51,403] {local_task_job.py:154} INFO - Task exited with return code 0
[2022-11-14 15:52:51,468] {local_task_job.py:264} INFO - 0 downstream tasks scheduled from follow-on schedule check
