[2022-11-14 15:56:57,294] {taskinstance.py:1032} INFO - Dependencies all met for <TaskInstance: yellow_taxi_data_v2.rm_task scheduled__2021-07-02T06:00:00+00:00 [queued]>
[2022-11-14 15:56:57,315] {taskinstance.py:1032} INFO - Dependencies all met for <TaskInstance: yellow_taxi_data_v2.rm_task scheduled__2021-07-02T06:00:00+00:00 [queued]>
[2022-11-14 15:56:57,316] {taskinstance.py:1238} INFO - 
--------------------------------------------------------------------------------
[2022-11-14 15:56:57,316] {taskinstance.py:1239} INFO - Starting attempt 1 of 2
[2022-11-14 15:56:57,316] {taskinstance.py:1240} INFO - 
--------------------------------------------------------------------------------
[2022-11-14 15:56:57,336] {taskinstance.py:1259} INFO - Executing <Task(BashOperator): rm_task> on 2021-07-02 06:00:00+00:00
[2022-11-14 15:56:57,346] {standard_task_runner.py:52} INFO - Started process 1412 to run task
[2022-11-14 15:56:57,354] {standard_task_runner.py:76} INFO - Running: ['***', 'tasks', 'run', 'yellow_taxi_data_v2', 'rm_task', 'scheduled__2021-07-02T06:00:00+00:00', '--job-id', '264', '--raw', '--subdir', 'DAGS_FOLDER/data_ingestion_gcs.py', '--cfg-path', '/tmp/tmpex644u32', '--error-file', '/tmp/tmpe8vf2960']
[2022-11-14 15:56:57,355] {standard_task_runner.py:77} INFO - Job 264: Subtask rm_task
[2022-11-14 15:56:57,452] {logging_mixin.py:109} INFO - Running <TaskInstance: yellow_taxi_data_v2.rm_task scheduled__2021-07-02T06:00:00+00:00 [running]> on host e030bae48f83
[2022-11-14 15:56:57,516] {warnings.py:110} WARNING - /home/***/.local/lib/python3.7/site-packages/***/utils/context.py:152: AirflowContextDeprecationWarning: Accessing 'execution_date' from the template is deprecated and will be removed in a future version. Please use 'data_interval_start' or 'logical_date' instead.
  warnings.warn(_create_deprecation_warning(key, self._deprecation_replacements[key]))

[2022-11-14 15:56:57,548] {taskinstance.py:1426} INFO - Exporting the following env vars:
AIRFLOW_CTX_DAG_OWNER=***
AIRFLOW_CTX_DAG_ID=yellow_taxi_data_v2
AIRFLOW_CTX_TASK_ID=rm_task
AIRFLOW_CTX_EXECUTION_DATE=2021-07-02T06:00:00+00:00
AIRFLOW_CTX_DAG_RUN_ID=scheduled__2021-07-02T06:00:00+00:00
[2022-11-14 15:56:57,550] {subprocess.py:62} INFO - Tmp dir root location: 
 /tmp
[2022-11-14 15:56:57,552] {subprocess.py:74} INFO - Running command: ['bash', '-c', 'rm /opt/***/yellow_tripdata_2021-07.parquet']
[2022-11-14 15:56:57,576] {subprocess.py:85} INFO - Output:
[2022-11-14 15:56:57,595] {subprocess.py:93} INFO - Command exited with return code 0
[2022-11-14 15:56:57,640] {taskinstance.py:1277} INFO - Marking task as SUCCESS. dag_id=yellow_taxi_data_v2, task_id=rm_task, execution_date=20210702T060000, start_date=20221114T155657, end_date=20221114T155657
[2022-11-14 15:56:57,688] {local_task_job.py:154} INFO - Task exited with return code 0
[2022-11-14 15:56:57,749] {local_task_job.py:264} INFO - 0 downstream tasks scheduled from follow-on schedule check
[2022-11-16 09:25:59,364] {taskinstance.py:1032} INFO - Dependencies all met for <TaskInstance: yellow_taxi_data_v2.rm_task scheduled__2021-07-02T06:00:00+00:00 [queued]>
[2022-11-16 09:25:59,383] {taskinstance.py:1032} INFO - Dependencies all met for <TaskInstance: yellow_taxi_data_v2.rm_task scheduled__2021-07-02T06:00:00+00:00 [queued]>
[2022-11-16 09:25:59,384] {taskinstance.py:1238} INFO - 
--------------------------------------------------------------------------------
[2022-11-16 09:25:59,384] {taskinstance.py:1239} INFO - Starting attempt 1 of 2
[2022-11-16 09:25:59,384] {taskinstance.py:1240} INFO - 
--------------------------------------------------------------------------------
[2022-11-16 09:25:59,407] {taskinstance.py:1259} INFO - Executing <Task(BashOperator): rm_task> on 2021-07-02 06:00:00+00:00
[2022-11-16 09:25:59,417] {standard_task_runner.py:52} INFO - Started process 799 to run task
[2022-11-16 09:25:59,432] {standard_task_runner.py:76} INFO - Running: ['***', 'tasks', 'run', 'yellow_taxi_data_v2', 'rm_task', 'scheduled__2021-07-02T06:00:00+00:00', '--job-id', '799', '--raw', '--subdir', 'DAGS_FOLDER/data_ingestion_gcs.py', '--cfg-path', '/tmp/tmp47khy610', '--error-file', '/tmp/tmps0q86oi3']
[2022-11-16 09:25:59,434] {standard_task_runner.py:77} INFO - Job 799: Subtask rm_task
[2022-11-16 09:25:59,548] {logging_mixin.py:109} INFO - Running <TaskInstance: yellow_taxi_data_v2.rm_task scheduled__2021-07-02T06:00:00+00:00 [running]> on host 75ceca4d9264
[2022-11-16 09:25:59,629] {warnings.py:110} WARNING - /home/***/.local/lib/python3.7/site-packages/***/utils/context.py:152: AirflowContextDeprecationWarning: Accessing 'execution_date' from the template is deprecated and will be removed in a future version. Please use 'data_interval_start' or 'logical_date' instead.
  warnings.warn(_create_deprecation_warning(key, self._deprecation_replacements[key]))

[2022-11-16 09:25:59,682] {taskinstance.py:1426} INFO - Exporting the following env vars:
AIRFLOW_CTX_DAG_OWNER=***
AIRFLOW_CTX_DAG_ID=yellow_taxi_data_v2
AIRFLOW_CTX_TASK_ID=rm_task
AIRFLOW_CTX_EXECUTION_DATE=2021-07-02T06:00:00+00:00
AIRFLOW_CTX_DAG_RUN_ID=scheduled__2021-07-02T06:00:00+00:00
[2022-11-16 09:25:59,684] {subprocess.py:62} INFO - Tmp dir root location: 
 /tmp
[2022-11-16 09:25:59,684] {subprocess.py:74} INFO - Running command: ['bash', '-c', 'rm /opt/***/yellow_tripdata_2021-07.parquet']
[2022-11-16 09:25:59,711] {subprocess.py:85} INFO - Output:
[2022-11-16 09:25:59,734] {subprocess.py:93} INFO - Command exited with return code 0
[2022-11-16 09:25:59,784] {taskinstance.py:1277} INFO - Marking task as SUCCESS. dag_id=yellow_taxi_data_v2, task_id=rm_task, execution_date=20210702T060000, start_date=20221116T092559, end_date=20221116T092559
[2022-11-16 09:25:59,850] {local_task_job.py:154} INFO - Task exited with return code 0
[2022-11-16 09:25:59,945] {local_task_job.py:264} INFO - 0 downstream tasks scheduled from follow-on schedule check
