[2022-11-14 15:56:46,199] {taskinstance.py:1032} INFO - Dependencies all met for <TaskInstance: yellow_taxi_data_v2.rm_task scheduled__2021-06-02T06:00:00+00:00 [queued]>
[2022-11-14 15:56:46,217] {taskinstance.py:1032} INFO - Dependencies all met for <TaskInstance: yellow_taxi_data_v2.rm_task scheduled__2021-06-02T06:00:00+00:00 [queued]>
[2022-11-14 15:56:46,217] {taskinstance.py:1238} INFO - 
--------------------------------------------------------------------------------
[2022-11-14 15:56:46,217] {taskinstance.py:1239} INFO - Starting attempt 1 of 2
[2022-11-14 15:56:46,218] {taskinstance.py:1240} INFO - 
--------------------------------------------------------------------------------
[2022-11-14 15:56:46,237] {taskinstance.py:1259} INFO - Executing <Task(BashOperator): rm_task> on 2021-06-02 06:00:00+00:00
[2022-11-14 15:56:46,249] {standard_task_runner.py:52} INFO - Started process 1367 to run task
[2022-11-14 15:56:46,256] {standard_task_runner.py:76} INFO - Running: ['***', 'tasks', 'run', 'yellow_taxi_data_v2', 'rm_task', 'scheduled__2021-06-02T06:00:00+00:00', '--job-id', '257', '--raw', '--subdir', 'DAGS_FOLDER/data_ingestion_gcs.py', '--cfg-path', '/tmp/tmphcr748uv', '--error-file', '/tmp/tmphnu448nq']
[2022-11-14 15:56:46,258] {standard_task_runner.py:77} INFO - Job 257: Subtask rm_task
[2022-11-14 15:56:46,373] {logging_mixin.py:109} INFO - Running <TaskInstance: yellow_taxi_data_v2.rm_task scheduled__2021-06-02T06:00:00+00:00 [running]> on host e030bae48f83
[2022-11-14 15:56:46,451] {warnings.py:110} WARNING - /home/***/.local/lib/python3.7/site-packages/***/utils/context.py:152: AirflowContextDeprecationWarning: Accessing 'execution_date' from the template is deprecated and will be removed in a future version. Please use 'data_interval_start' or 'logical_date' instead.
  warnings.warn(_create_deprecation_warning(key, self._deprecation_replacements[key]))

[2022-11-14 15:56:46,479] {taskinstance.py:1426} INFO - Exporting the following env vars:
AIRFLOW_CTX_DAG_OWNER=***
AIRFLOW_CTX_DAG_ID=yellow_taxi_data_v2
AIRFLOW_CTX_TASK_ID=rm_task
AIRFLOW_CTX_EXECUTION_DATE=2021-06-02T06:00:00+00:00
AIRFLOW_CTX_DAG_RUN_ID=scheduled__2021-06-02T06:00:00+00:00
[2022-11-14 15:56:46,481] {subprocess.py:62} INFO - Tmp dir root location: 
 /tmp
[2022-11-14 15:56:46,482] {subprocess.py:74} INFO - Running command: ['bash', '-c', 'rm /opt/***/yellow_tripdata_2021-06.parquet']
[2022-11-14 15:56:46,500] {subprocess.py:85} INFO - Output:
[2022-11-14 15:56:46,517] {subprocess.py:93} INFO - Command exited with return code 0
[2022-11-14 15:56:46,556] {taskinstance.py:1277} INFO - Marking task as SUCCESS. dag_id=yellow_taxi_data_v2, task_id=rm_task, execution_date=20210602T060000, start_date=20221114T155646, end_date=20221114T155646
[2022-11-14 15:56:46,594] {local_task_job.py:154} INFO - Task exited with return code 0
[2022-11-14 15:56:46,637] {local_task_job.py:264} INFO - 0 downstream tasks scheduled from follow-on schedule check
[2022-11-16 09:25:27,783] {taskinstance.py:1032} INFO - Dependencies all met for <TaskInstance: yellow_taxi_data_v2.rm_task scheduled__2021-06-02T06:00:00+00:00 [queued]>
[2022-11-16 09:25:27,805] {taskinstance.py:1032} INFO - Dependencies all met for <TaskInstance: yellow_taxi_data_v2.rm_task scheduled__2021-06-02T06:00:00+00:00 [queued]>
[2022-11-16 09:25:27,806] {taskinstance.py:1238} INFO - 
--------------------------------------------------------------------------------
[2022-11-16 09:25:27,806] {taskinstance.py:1239} INFO - Starting attempt 1 of 2
[2022-11-16 09:25:27,806] {taskinstance.py:1240} INFO - 
--------------------------------------------------------------------------------
[2022-11-16 09:25:27,820] {taskinstance.py:1259} INFO - Executing <Task(BashOperator): rm_task> on 2021-06-02 06:00:00+00:00
[2022-11-16 09:25:27,830] {standard_task_runner.py:52} INFO - Started process 755 to run task
[2022-11-16 09:25:27,837] {standard_task_runner.py:76} INFO - Running: ['***', 'tasks', 'run', 'yellow_taxi_data_v2', 'rm_task', 'scheduled__2021-06-02T06:00:00+00:00', '--job-id', '794', '--raw', '--subdir', 'DAGS_FOLDER/data_ingestion_gcs.py', '--cfg-path', '/tmp/tmpy136ypea', '--error-file', '/tmp/tmppwi_6n_o']
[2022-11-16 09:25:27,838] {standard_task_runner.py:77} INFO - Job 794: Subtask rm_task
[2022-11-16 09:25:27,954] {logging_mixin.py:109} INFO - Running <TaskInstance: yellow_taxi_data_v2.rm_task scheduled__2021-06-02T06:00:00+00:00 [running]> on host 75ceca4d9264
[2022-11-16 09:25:28,033] {warnings.py:110} WARNING - /home/***/.local/lib/python3.7/site-packages/***/utils/context.py:152: AirflowContextDeprecationWarning: Accessing 'execution_date' from the template is deprecated and will be removed in a future version. Please use 'data_interval_start' or 'logical_date' instead.
  warnings.warn(_create_deprecation_warning(key, self._deprecation_replacements[key]))

[2022-11-16 09:25:28,060] {taskinstance.py:1426} INFO - Exporting the following env vars:
AIRFLOW_CTX_DAG_OWNER=***
AIRFLOW_CTX_DAG_ID=yellow_taxi_data_v2
AIRFLOW_CTX_TASK_ID=rm_task
AIRFLOW_CTX_EXECUTION_DATE=2021-06-02T06:00:00+00:00
AIRFLOW_CTX_DAG_RUN_ID=scheduled__2021-06-02T06:00:00+00:00
[2022-11-16 09:25:28,062] {subprocess.py:62} INFO - Tmp dir root location: 
 /tmp
[2022-11-16 09:25:28,063] {subprocess.py:74} INFO - Running command: ['bash', '-c', 'rm /opt/***/yellow_tripdata_2021-06.parquet']
[2022-11-16 09:25:28,080] {subprocess.py:85} INFO - Output:
[2022-11-16 09:25:28,095] {subprocess.py:93} INFO - Command exited with return code 0
[2022-11-16 09:25:28,132] {taskinstance.py:1277} INFO - Marking task as SUCCESS. dag_id=yellow_taxi_data_v2, task_id=rm_task, execution_date=20210602T060000, start_date=20221116T092527, end_date=20221116T092528
[2022-11-16 09:25:28,180] {local_task_job.py:154} INFO - Task exited with return code 0
[2022-11-16 09:25:28,222] {local_task_job.py:264} INFO - 0 downstream tasks scheduled from follow-on schedule check
