[2022-11-14 16:31:30,679] {taskinstance.py:1032} INFO - Dependencies all met for <TaskInstance: fhv_taxi_data_v1.local_to_gcs_task scheduled__2019-07-02T07:00:00+00:00 [queued]>
[2022-11-14 16:31:30,693] {taskinstance.py:1032} INFO - Dependencies all met for <TaskInstance: fhv_taxi_data_v1.local_to_gcs_task scheduled__2019-07-02T07:00:00+00:00 [queued]>
[2022-11-14 16:31:30,693] {taskinstance.py:1238} INFO - 
--------------------------------------------------------------------------------
[2022-11-14 16:31:30,693] {taskinstance.py:1239} INFO - Starting attempt 1 of 2
[2022-11-14 16:31:30,694] {taskinstance.py:1240} INFO - 
--------------------------------------------------------------------------------
[2022-11-14 16:31:30,709] {taskinstance.py:1259} INFO - Executing <Task(PythonOperator): local_to_gcs_task> on 2019-07-02 07:00:00+00:00
[2022-11-14 16:31:30,722] {standard_task_runner.py:52} INFO - Started process 3628 to run task
[2022-11-14 16:31:30,728] {standard_task_runner.py:76} INFO - Running: ['***', 'tasks', 'run', 'fhv_taxi_data_v1', 'local_to_gcs_task', 'scheduled__2019-07-02T07:00:00+00:00', '--job-id', '459', '--raw', '--subdir', 'DAGS_FOLDER/data_ingestion_gcs.py', '--cfg-path', '/tmp/tmpquf6jl86', '--error-file', '/tmp/tmpmf6bxsco']
[2022-11-14 16:31:30,730] {standard_task_runner.py:77} INFO - Job 459: Subtask local_to_gcs_task
[2022-11-14 16:31:30,815] {logging_mixin.py:109} INFO - Running <TaskInstance: fhv_taxi_data_v1.local_to_gcs_task scheduled__2019-07-02T07:00:00+00:00 [running]> on host e030bae48f83
[2022-11-14 16:31:30,878] {warnings.py:110} WARNING - /home/***/.local/lib/python3.7/site-packages/***/utils/context.py:152: AirflowContextDeprecationWarning: Accessing 'execution_date' from the template is deprecated and will be removed in a future version. Please use 'data_interval_start' or 'logical_date' instead.
  warnings.warn(_create_deprecation_warning(key, self._deprecation_replacements[key]))

[2022-11-14 16:31:30,910] {taskinstance.py:1426} INFO - Exporting the following env vars:
AIRFLOW_CTX_DAG_OWNER=***
AIRFLOW_CTX_DAG_ID=fhv_taxi_data_v1
AIRFLOW_CTX_TASK_ID=local_to_gcs_task
AIRFLOW_CTX_EXECUTION_DATE=2019-07-02T07:00:00+00:00
AIRFLOW_CTX_DAG_RUN_ID=scheduled__2019-07-02T07:00:00+00:00
[2022-11-14 16:31:31,523] {python.py:175} INFO - Done. Returned value was: None
[2022-11-14 16:31:31,547] {taskinstance.py:1277} INFO - Marking task as SUCCESS. dag_id=fhv_taxi_data_v1, task_id=local_to_gcs_task, execution_date=20190702T070000, start_date=20221114T163130, end_date=20221114T163131
[2022-11-14 16:31:31,589] {local_task_job.py:154} INFO - Task exited with return code 0
[2022-11-14 16:31:31,644] {local_task_job.py:264} INFO - 1 downstream tasks scheduled from follow-on schedule check
