[2022-11-14 15:56:04,220] {taskinstance.py:1032} INFO - Dependencies all met for <TaskInstance: yellow_taxi_data_v2.rm_task scheduled__2020-10-02T06:00:00+00:00 [queued]>
[2022-11-14 15:56:04,239] {taskinstance.py:1032} INFO - Dependencies all met for <TaskInstance: yellow_taxi_data_v2.rm_task scheduled__2020-10-02T06:00:00+00:00 [queued]>
[2022-11-14 15:56:04,239] {taskinstance.py:1238} INFO - 
--------------------------------------------------------------------------------
[2022-11-14 15:56:04,239] {taskinstance.py:1239} INFO - Starting attempt 1 of 2
[2022-11-14 15:56:04,240] {taskinstance.py:1240} INFO - 
--------------------------------------------------------------------------------
[2022-11-14 15:56:04,263] {taskinstance.py:1259} INFO - Executing <Task(BashOperator): rm_task> on 2020-10-02 06:00:00+00:00
[2022-11-14 15:56:04,273] {standard_task_runner.py:52} INFO - Started process 1260 to run task
[2022-11-14 15:56:04,285] {standard_task_runner.py:76} INFO - Running: ['***', 'tasks', 'run', 'yellow_taxi_data_v2', 'rm_task', 'scheduled__2020-10-02T06:00:00+00:00', '--job-id', '238', '--raw', '--subdir', 'DAGS_FOLDER/data_ingestion_gcs.py', '--cfg-path', '/tmp/tmp8r1_svxm', '--error-file', '/tmp/tmpu8__md48']
[2022-11-14 15:56:04,287] {standard_task_runner.py:77} INFO - Job 238: Subtask rm_task
[2022-11-14 15:56:04,399] {logging_mixin.py:109} INFO - Running <TaskInstance: yellow_taxi_data_v2.rm_task scheduled__2020-10-02T06:00:00+00:00 [running]> on host e030bae48f83
[2022-11-14 15:56:04,479] {warnings.py:110} WARNING - /home/***/.local/lib/python3.7/site-packages/***/utils/context.py:152: AirflowContextDeprecationWarning: Accessing 'execution_date' from the template is deprecated and will be removed in a future version. Please use 'data_interval_start' or 'logical_date' instead.
  warnings.warn(_create_deprecation_warning(key, self._deprecation_replacements[key]))

[2022-11-14 15:56:04,516] {taskinstance.py:1426} INFO - Exporting the following env vars:
AIRFLOW_CTX_DAG_OWNER=***
AIRFLOW_CTX_DAG_ID=yellow_taxi_data_v2
AIRFLOW_CTX_TASK_ID=rm_task
AIRFLOW_CTX_EXECUTION_DATE=2020-10-02T06:00:00+00:00
AIRFLOW_CTX_DAG_RUN_ID=scheduled__2020-10-02T06:00:00+00:00
[2022-11-14 15:56:04,518] {subprocess.py:62} INFO - Tmp dir root location: 
 /tmp
[2022-11-14 15:56:04,520] {subprocess.py:74} INFO - Running command: ['bash', '-c', 'rm /opt/***/yellow_tripdata_2020-10.parquet']
[2022-11-14 15:56:04,543] {subprocess.py:85} INFO - Output:
[2022-11-14 15:56:04,559] {subprocess.py:93} INFO - Command exited with return code 0
[2022-11-14 15:56:04,610] {taskinstance.py:1277} INFO - Marking task as SUCCESS. dag_id=yellow_taxi_data_v2, task_id=rm_task, execution_date=20201002T060000, start_date=20221114T155604, end_date=20221114T155604
[2022-11-14 15:56:04,669] {local_task_job.py:154} INFO - Task exited with return code 0
[2022-11-14 15:56:04,714] {local_task_job.py:264} INFO - 0 downstream tasks scheduled from follow-on schedule check
[2022-11-16 09:24:02,444] {taskinstance.py:1032} INFO - Dependencies all met for <TaskInstance: yellow_taxi_data_v2.rm_task scheduled__2020-10-02T06:00:00+00:00 [queued]>
[2022-11-16 09:24:02,460] {taskinstance.py:1032} INFO - Dependencies all met for <TaskInstance: yellow_taxi_data_v2.rm_task scheduled__2020-10-02T06:00:00+00:00 [queued]>
[2022-11-16 09:24:02,460] {taskinstance.py:1238} INFO - 
--------------------------------------------------------------------------------
[2022-11-16 09:24:02,460] {taskinstance.py:1239} INFO - Starting attempt 1 of 2
[2022-11-16 09:24:02,460] {taskinstance.py:1240} INFO - 
--------------------------------------------------------------------------------
[2022-11-16 09:24:02,477] {taskinstance.py:1259} INFO - Executing <Task(BashOperator): rm_task> on 2020-10-02 06:00:00+00:00
[2022-11-16 09:24:02,487] {standard_task_runner.py:52} INFO - Started process 585 to run task
[2022-11-16 09:24:02,494] {standard_task_runner.py:76} INFO - Running: ['***', 'tasks', 'run', 'yellow_taxi_data_v2', 'rm_task', 'scheduled__2020-10-02T06:00:00+00:00', '--job-id', '769', '--raw', '--subdir', 'DAGS_FOLDER/data_ingestion_gcs.py', '--cfg-path', '/tmp/tmpm42pyvyf', '--error-file', '/tmp/tmp6cqjbbg6']
[2022-11-16 09:24:02,496] {standard_task_runner.py:77} INFO - Job 769: Subtask rm_task
[2022-11-16 09:24:02,597] {logging_mixin.py:109} INFO - Running <TaskInstance: yellow_taxi_data_v2.rm_task scheduled__2020-10-02T06:00:00+00:00 [running]> on host 75ceca4d9264
[2022-11-16 09:24:02,663] {warnings.py:110} WARNING - /home/***/.local/lib/python3.7/site-packages/***/utils/context.py:152: AirflowContextDeprecationWarning: Accessing 'execution_date' from the template is deprecated and will be removed in a future version. Please use 'data_interval_start' or 'logical_date' instead.
  warnings.warn(_create_deprecation_warning(key, self._deprecation_replacements[key]))

[2022-11-16 09:24:02,695] {taskinstance.py:1426} INFO - Exporting the following env vars:
AIRFLOW_CTX_DAG_OWNER=***
AIRFLOW_CTX_DAG_ID=yellow_taxi_data_v2
AIRFLOW_CTX_TASK_ID=rm_task
AIRFLOW_CTX_EXECUTION_DATE=2020-10-02T06:00:00+00:00
AIRFLOW_CTX_DAG_RUN_ID=scheduled__2020-10-02T06:00:00+00:00
[2022-11-16 09:24:02,697] {subprocess.py:62} INFO - Tmp dir root location: 
 /tmp
[2022-11-16 09:24:02,698] {subprocess.py:74} INFO - Running command: ['bash', '-c', 'rm /opt/***/yellow_tripdata_2020-10.parquet']
[2022-11-16 09:24:02,722] {subprocess.py:85} INFO - Output:
[2022-11-16 09:24:02,736] {subprocess.py:93} INFO - Command exited with return code 0
[2022-11-16 09:24:02,782] {taskinstance.py:1277} INFO - Marking task as SUCCESS. dag_id=yellow_taxi_data_v2, task_id=rm_task, execution_date=20201002T060000, start_date=20221116T092402, end_date=20221116T092402
[2022-11-16 09:24:02,826] {local_task_job.py:154} INFO - Task exited with return code 0
[2022-11-16 09:24:02,887] {local_task_job.py:264} INFO - 0 downstream tasks scheduled from follow-on schedule check
