[2022-11-14 15:57:33,763] {taskinstance.py:1032} INFO - Dependencies all met for <TaskInstance: yellow_taxi_data_v2.local_to_gcs_task scheduled__2022-03-02T06:00:00+00:00 [queued]>
[2022-11-14 15:57:33,784] {taskinstance.py:1032} INFO - Dependencies all met for <TaskInstance: yellow_taxi_data_v2.local_to_gcs_task scheduled__2022-03-02T06:00:00+00:00 [queued]>
[2022-11-14 15:57:33,785] {taskinstance.py:1238} INFO - 
--------------------------------------------------------------------------------
[2022-11-14 15:57:33,785] {taskinstance.py:1239} INFO - Starting attempt 1 of 2
[2022-11-14 15:57:33,785] {taskinstance.py:1240} INFO - 
--------------------------------------------------------------------------------
[2022-11-14 15:57:33,809] {taskinstance.py:1259} INFO - Executing <Task(PythonOperator): local_to_gcs_task> on 2022-03-02 06:00:00+00:00
[2022-11-14 15:57:33,819] {standard_task_runner.py:52} INFO - Started process 1499 to run task
[2022-11-14 15:57:33,827] {standard_task_runner.py:76} INFO - Running: ['***', 'tasks', 'run', 'yellow_taxi_data_v2', 'local_to_gcs_task', 'scheduled__2022-03-02T06:00:00+00:00', '--job-id', '279', '--raw', '--subdir', 'DAGS_FOLDER/data_ingestion_gcs.py', '--cfg-path', '/tmp/tmphbnqv2m3', '--error-file', '/tmp/tmpevsb_up9']
[2022-11-14 15:57:33,829] {standard_task_runner.py:77} INFO - Job 279: Subtask local_to_gcs_task
[2022-11-14 15:57:33,940] {logging_mixin.py:109} INFO - Running <TaskInstance: yellow_taxi_data_v2.local_to_gcs_task scheduled__2022-03-02T06:00:00+00:00 [running]> on host e030bae48f83
[2022-11-14 15:57:34,011] {warnings.py:110} WARNING - /home/***/.local/lib/python3.7/site-packages/***/utils/context.py:152: AirflowContextDeprecationWarning: Accessing 'execution_date' from the template is deprecated and will be removed in a future version. Please use 'data_interval_start' or 'logical_date' instead.
  warnings.warn(_create_deprecation_warning(key, self._deprecation_replacements[key]))

[2022-11-14 15:57:34,053] {taskinstance.py:1426} INFO - Exporting the following env vars:
AIRFLOW_CTX_DAG_OWNER=***
AIRFLOW_CTX_DAG_ID=yellow_taxi_data_v2
AIRFLOW_CTX_TASK_ID=local_to_gcs_task
AIRFLOW_CTX_EXECUTION_DATE=2022-03-02T06:00:00+00:00
AIRFLOW_CTX_DAG_RUN_ID=scheduled__2022-03-02T06:00:00+00:00
[2022-11-14 15:57:35,078] {python.py:175} INFO - Done. Returned value was: None
[2022-11-14 15:57:35,109] {taskinstance.py:1277} INFO - Marking task as SUCCESS. dag_id=yellow_taxi_data_v2, task_id=local_to_gcs_task, execution_date=20220302T060000, start_date=20221114T155733, end_date=20221114T155735
[2022-11-14 15:57:35,185] {local_task_job.py:154} INFO - Task exited with return code 0
[2022-11-14 15:57:35,262] {local_task_job.py:264} INFO - 1 downstream tasks scheduled from follow-on schedule check
[2022-11-16 09:27:00,685] {taskinstance.py:1032} INFO - Dependencies all met for <TaskInstance: yellow_taxi_data_v2.local_to_gcs_task scheduled__2022-03-02T06:00:00+00:00 [queued]>
[2022-11-16 09:27:00,699] {taskinstance.py:1032} INFO - Dependencies all met for <TaskInstance: yellow_taxi_data_v2.local_to_gcs_task scheduled__2022-03-02T06:00:00+00:00 [queued]>
[2022-11-16 09:27:00,699] {taskinstance.py:1238} INFO - 
--------------------------------------------------------------------------------
[2022-11-16 09:27:00,700] {taskinstance.py:1239} INFO - Starting attempt 1 of 2
[2022-11-16 09:27:00,700] {taskinstance.py:1240} INFO - 
--------------------------------------------------------------------------------
[2022-11-16 09:27:00,714] {taskinstance.py:1259} INFO - Executing <Task(PythonOperator): local_to_gcs_task> on 2022-03-02 06:00:00+00:00
[2022-11-16 09:27:00,723] {standard_task_runner.py:52} INFO - Started process 948 to run task
[2022-11-16 09:27:00,731] {standard_task_runner.py:76} INFO - Running: ['***', 'tasks', 'run', 'yellow_taxi_data_v2', 'local_to_gcs_task', 'scheduled__2022-03-02T06:00:00+00:00', '--job-id', '823', '--raw', '--subdir', 'DAGS_FOLDER/data_ingestion_gcs.py', '--cfg-path', '/tmp/tmptjwj6fa4', '--error-file', '/tmp/tmplwa19uts']
[2022-11-16 09:27:00,733] {standard_task_runner.py:77} INFO - Job 823: Subtask local_to_gcs_task
[2022-11-16 09:27:00,821] {logging_mixin.py:109} INFO - Running <TaskInstance: yellow_taxi_data_v2.local_to_gcs_task scheduled__2022-03-02T06:00:00+00:00 [running]> on host 75ceca4d9264
[2022-11-16 09:27:00,909] {warnings.py:110} WARNING - /home/***/.local/lib/python3.7/site-packages/***/utils/context.py:152: AirflowContextDeprecationWarning: Accessing 'execution_date' from the template is deprecated and will be removed in a future version. Please use 'data_interval_start' or 'logical_date' instead.
  warnings.warn(_create_deprecation_warning(key, self._deprecation_replacements[key]))

[2022-11-16 09:27:00,949] {taskinstance.py:1426} INFO - Exporting the following env vars:
AIRFLOW_CTX_DAG_OWNER=***
AIRFLOW_CTX_DAG_ID=yellow_taxi_data_v2
AIRFLOW_CTX_TASK_ID=local_to_gcs_task
AIRFLOW_CTX_EXECUTION_DATE=2022-03-02T06:00:00+00:00
AIRFLOW_CTX_DAG_RUN_ID=scheduled__2022-03-02T06:00:00+00:00
[2022-11-16 09:27:01,869] {python.py:175} INFO - Done. Returned value was: None
[2022-11-16 09:27:01,887] {taskinstance.py:1277} INFO - Marking task as SUCCESS. dag_id=yellow_taxi_data_v2, task_id=local_to_gcs_task, execution_date=20220302T060000, start_date=20221116T092700, end_date=20221116T092701
[2022-11-16 09:27:01,949] {local_task_job.py:154} INFO - Task exited with return code 0
[2022-11-16 09:27:01,998] {local_task_job.py:264} INFO - 1 downstream tasks scheduled from follow-on schedule check
