[2022-11-14 15:56:26,599] {taskinstance.py:1032} INFO - Dependencies all met for <TaskInstance: yellow_taxi_data_v2.download_dataset_task scheduled__2021-01-02T06:00:00+00:00 [queued]>
[2022-11-14 15:56:26,619] {taskinstance.py:1032} INFO - Dependencies all met for <TaskInstance: yellow_taxi_data_v2.download_dataset_task scheduled__2021-01-02T06:00:00+00:00 [queued]>
[2022-11-14 15:56:26,619] {taskinstance.py:1238} INFO - 
--------------------------------------------------------------------------------
[2022-11-14 15:56:26,619] {taskinstance.py:1239} INFO - Starting attempt 1 of 2
[2022-11-14 15:56:26,620] {taskinstance.py:1240} INFO - 
--------------------------------------------------------------------------------
[2022-11-14 15:56:26,640] {taskinstance.py:1259} INFO - Executing <Task(BashOperator): download_dataset_task> on 2021-01-02 06:00:00+00:00
[2022-11-14 15:56:26,650] {standard_task_runner.py:52} INFO - Started process 1288 to run task
[2022-11-14 15:56:26,659] {standard_task_runner.py:76} INFO - Running: ['***', 'tasks', 'run', 'yellow_taxi_data_v2', 'download_dataset_task', 'scheduled__2021-01-02T06:00:00+00:00', '--job-id', '240', '--raw', '--subdir', 'DAGS_FOLDER/data_ingestion_gcs.py', '--cfg-path', '/tmp/tmpvv63br4t', '--error-file', '/tmp/tmpo2dkco0m']
[2022-11-14 15:56:26,661] {standard_task_runner.py:77} INFO - Job 240: Subtask download_dataset_task
[2022-11-14 15:56:26,770] {logging_mixin.py:109} INFO - Running <TaskInstance: yellow_taxi_data_v2.download_dataset_task scheduled__2021-01-02T06:00:00+00:00 [running]> on host e030bae48f83
[2022-11-14 15:56:26,847] {warnings.py:110} WARNING - /home/***/.local/lib/python3.7/site-packages/***/utils/context.py:152: AirflowContextDeprecationWarning: Accessing 'execution_date' from the template is deprecated and will be removed in a future version. Please use 'data_interval_start' or 'logical_date' instead.
  warnings.warn(_create_deprecation_warning(key, self._deprecation_replacements[key]))

[2022-11-14 15:56:26,882] {taskinstance.py:1426} INFO - Exporting the following env vars:
AIRFLOW_CTX_DAG_OWNER=***
AIRFLOW_CTX_DAG_ID=yellow_taxi_data_v2
AIRFLOW_CTX_TASK_ID=download_dataset_task
AIRFLOW_CTX_EXECUTION_DATE=2021-01-02T06:00:00+00:00
AIRFLOW_CTX_DAG_RUN_ID=scheduled__2021-01-02T06:00:00+00:00
[2022-11-14 15:56:26,884] {subprocess.py:62} INFO - Tmp dir root location: 
 /tmp
[2022-11-14 15:56:26,885] {subprocess.py:74} INFO - Running command: ['bash', '-c', 'curl -sSLf https://d37ci6vzurychx.cloudfront.net/trip-data/yellow_tripdata_2021-01.parquet > /opt/***/yellow_tripdata_2021-01.parquet']
[2022-11-14 15:56:26,907] {subprocess.py:85} INFO - Output:
[2022-11-14 15:56:27,721] {subprocess.py:93} INFO - Command exited with return code 0
[2022-11-14 15:56:27,756] {taskinstance.py:1277} INFO - Marking task as SUCCESS. dag_id=yellow_taxi_data_v2, task_id=download_dataset_task, execution_date=20210102T060000, start_date=20221114T155626, end_date=20221114T155627
[2022-11-14 15:56:27,816] {local_task_job.py:154} INFO - Task exited with return code 0
[2022-11-14 15:56:27,868] {local_task_job.py:264} INFO - 1 downstream tasks scheduled from follow-on schedule check
[2022-11-16 09:24:50,509] {taskinstance.py:1032} INFO - Dependencies all met for <TaskInstance: yellow_taxi_data_v2.download_dataset_task scheduled__2021-01-02T06:00:00+00:00 [queued]>
[2022-11-16 09:24:50,522] {taskinstance.py:1032} INFO - Dependencies all met for <TaskInstance: yellow_taxi_data_v2.download_dataset_task scheduled__2021-01-02T06:00:00+00:00 [queued]>
[2022-11-16 09:24:50,522] {taskinstance.py:1238} INFO - 
--------------------------------------------------------------------------------
[2022-11-16 09:24:50,522] {taskinstance.py:1239} INFO - Starting attempt 1 of 2
[2022-11-16 09:24:50,523] {taskinstance.py:1240} INFO - 
--------------------------------------------------------------------------------
[2022-11-16 09:24:50,536] {taskinstance.py:1259} INFO - Executing <Task(BashOperator): download_dataset_task> on 2021-01-02 06:00:00+00:00
[2022-11-16 09:24:50,544] {standard_task_runner.py:52} INFO - Started process 656 to run task
[2022-11-16 09:24:50,552] {standard_task_runner.py:76} INFO - Running: ['***', 'tasks', 'run', 'yellow_taxi_data_v2', 'download_dataset_task', 'scheduled__2021-01-02T06:00:00+00:00', '--job-id', '777', '--raw', '--subdir', 'DAGS_FOLDER/data_ingestion_gcs.py', '--cfg-path', '/tmp/tmp1n6a2yfw', '--error-file', '/tmp/tmp8gehngfe']
[2022-11-16 09:24:50,553] {standard_task_runner.py:77} INFO - Job 777: Subtask download_dataset_task
[2022-11-16 09:24:50,711] {logging_mixin.py:109} INFO - Running <TaskInstance: yellow_taxi_data_v2.download_dataset_task scheduled__2021-01-02T06:00:00+00:00 [running]> on host 75ceca4d9264
[2022-11-16 09:24:50,846] {warnings.py:110} WARNING - /home/***/.local/lib/python3.7/site-packages/***/utils/context.py:152: AirflowContextDeprecationWarning: Accessing 'execution_date' from the template is deprecated and will be removed in a future version. Please use 'data_interval_start' or 'logical_date' instead.
  warnings.warn(_create_deprecation_warning(key, self._deprecation_replacements[key]))

[2022-11-16 09:24:50,953] {taskinstance.py:1426} INFO - Exporting the following env vars:
AIRFLOW_CTX_DAG_OWNER=***
AIRFLOW_CTX_DAG_ID=yellow_taxi_data_v2
AIRFLOW_CTX_TASK_ID=download_dataset_task
AIRFLOW_CTX_EXECUTION_DATE=2021-01-02T06:00:00+00:00
AIRFLOW_CTX_DAG_RUN_ID=scheduled__2021-01-02T06:00:00+00:00
[2022-11-16 09:24:50,960] {subprocess.py:62} INFO - Tmp dir root location: 
 /tmp
[2022-11-16 09:24:50,966] {subprocess.py:74} INFO - Running command: ['bash', '-c', 'curl -sSLf https://d37ci6vzurychx.cloudfront.net/trip-data/yellow_tripdata_2021-01.parquet > /opt/***/yellow_tripdata_2021-01.parquet']
[2022-11-16 09:24:51,068] {subprocess.py:85} INFO - Output:
[2022-11-16 09:24:51,633] {subprocess.py:93} INFO - Command exited with return code 0
[2022-11-16 09:24:51,970] {taskinstance.py:1277} INFO - Marking task as SUCCESS. dag_id=yellow_taxi_data_v2, task_id=download_dataset_task, execution_date=20210102T060000, start_date=20221116T092450, end_date=20221116T092451
[2022-11-16 09:24:52,094] {local_task_job.py:154} INFO - Task exited with return code 0
[2022-11-16 09:24:52,340] {local_task_job.py:264} INFO - 1 downstream tasks scheduled from follow-on schedule check
