[2022-11-14 15:56:04,017] {taskinstance.py:1032} INFO - Dependencies all met for <TaskInstance: yellow_taxi_data_v2.rm_task scheduled__2020-12-02T06:00:00+00:00 [queued]>
[2022-11-14 15:56:04,037] {taskinstance.py:1032} INFO - Dependencies all met for <TaskInstance: yellow_taxi_data_v2.rm_task scheduled__2020-12-02T06:00:00+00:00 [queued]>
[2022-11-14 15:56:04,038] {taskinstance.py:1238} INFO - 
--------------------------------------------------------------------------------
[2022-11-14 15:56:04,038] {taskinstance.py:1239} INFO - Starting attempt 1 of 2
[2022-11-14 15:56:04,038] {taskinstance.py:1240} INFO - 
--------------------------------------------------------------------------------
[2022-11-14 15:56:04,058] {taskinstance.py:1259} INFO - Executing <Task(BashOperator): rm_task> on 2020-12-02 06:00:00+00:00
[2022-11-14 15:56:04,068] {standard_task_runner.py:52} INFO - Started process 1258 to run task
[2022-11-14 15:56:04,075] {standard_task_runner.py:76} INFO - Running: ['***', 'tasks', 'run', 'yellow_taxi_data_v2', 'rm_task', 'scheduled__2020-12-02T06:00:00+00:00', '--job-id', '237', '--raw', '--subdir', 'DAGS_FOLDER/data_ingestion_gcs.py', '--cfg-path', '/tmp/tmplk_0is2q', '--error-file', '/tmp/tmplhdh2g4k']
[2022-11-14 15:56:04,078] {standard_task_runner.py:77} INFO - Job 237: Subtask rm_task
[2022-11-14 15:56:04,184] {logging_mixin.py:109} INFO - Running <TaskInstance: yellow_taxi_data_v2.rm_task scheduled__2020-12-02T06:00:00+00:00 [running]> on host e030bae48f83
[2022-11-14 15:56:04,245] {warnings.py:110} WARNING - /home/***/.local/lib/python3.7/site-packages/***/utils/context.py:152: AirflowContextDeprecationWarning: Accessing 'execution_date' from the template is deprecated and will be removed in a future version. Please use 'data_interval_start' or 'logical_date' instead.
  warnings.warn(_create_deprecation_warning(key, self._deprecation_replacements[key]))

[2022-11-14 15:56:04,284] {taskinstance.py:1426} INFO - Exporting the following env vars:
AIRFLOW_CTX_DAG_OWNER=***
AIRFLOW_CTX_DAG_ID=yellow_taxi_data_v2
AIRFLOW_CTX_TASK_ID=rm_task
AIRFLOW_CTX_EXECUTION_DATE=2020-12-02T06:00:00+00:00
AIRFLOW_CTX_DAG_RUN_ID=scheduled__2020-12-02T06:00:00+00:00
[2022-11-14 15:56:04,286] {subprocess.py:62} INFO - Tmp dir root location: 
 /tmp
[2022-11-14 15:56:04,287] {subprocess.py:74} INFO - Running command: ['bash', '-c', 'rm /opt/***/yellow_tripdata_2020-12.parquet']
[2022-11-14 15:56:04,312] {subprocess.py:85} INFO - Output:
[2022-11-14 15:56:04,331] {subprocess.py:93} INFO - Command exited with return code 0
[2022-11-14 15:56:04,419] {taskinstance.py:1277} INFO - Marking task as SUCCESS. dag_id=yellow_taxi_data_v2, task_id=rm_task, execution_date=20201202T060000, start_date=20221114T155604, end_date=20221114T155604
[2022-11-14 15:56:04,493] {local_task_job.py:154} INFO - Task exited with return code 0
[2022-11-14 15:56:04,553] {local_task_job.py:264} INFO - 0 downstream tasks scheduled from follow-on schedule check
[2022-11-16 09:24:25,112] {taskinstance.py:1032} INFO - Dependencies all met for <TaskInstance: yellow_taxi_data_v2.rm_task scheduled__2020-12-02T06:00:00+00:00 [queued]>
[2022-11-16 09:24:25,124] {taskinstance.py:1032} INFO - Dependencies all met for <TaskInstance: yellow_taxi_data_v2.rm_task scheduled__2020-12-02T06:00:00+00:00 [queued]>
[2022-11-16 09:24:25,125] {taskinstance.py:1238} INFO - 
--------------------------------------------------------------------------------
[2022-11-16 09:24:25,125] {taskinstance.py:1239} INFO - Starting attempt 1 of 2
[2022-11-16 09:24:25,125] {taskinstance.py:1240} INFO - 
--------------------------------------------------------------------------------
[2022-11-16 09:24:25,143] {taskinstance.py:1259} INFO - Executing <Task(BashOperator): rm_task> on 2020-12-02 06:00:00+00:00
[2022-11-16 09:24:25,152] {standard_task_runner.py:52} INFO - Started process 629 to run task
[2022-11-16 09:24:25,162] {standard_task_runner.py:76} INFO - Running: ['***', 'tasks', 'run', 'yellow_taxi_data_v2', 'rm_task', 'scheduled__2020-12-02T06:00:00+00:00', '--job-id', '775', '--raw', '--subdir', 'DAGS_FOLDER/data_ingestion_gcs.py', '--cfg-path', '/tmp/tmphar1e4dn', '--error-file', '/tmp/tmpxx6yhp7n']
[2022-11-16 09:24:25,163] {standard_task_runner.py:77} INFO - Job 775: Subtask rm_task
[2022-11-16 09:24:25,259] {logging_mixin.py:109} INFO - Running <TaskInstance: yellow_taxi_data_v2.rm_task scheduled__2020-12-02T06:00:00+00:00 [running]> on host 75ceca4d9264
[2022-11-16 09:24:25,331] {warnings.py:110} WARNING - /home/***/.local/lib/python3.7/site-packages/***/utils/context.py:152: AirflowContextDeprecationWarning: Accessing 'execution_date' from the template is deprecated and will be removed in a future version. Please use 'data_interval_start' or 'logical_date' instead.
  warnings.warn(_create_deprecation_warning(key, self._deprecation_replacements[key]))

[2022-11-16 09:24:25,358] {taskinstance.py:1426} INFO - Exporting the following env vars:
AIRFLOW_CTX_DAG_OWNER=***
AIRFLOW_CTX_DAG_ID=yellow_taxi_data_v2
AIRFLOW_CTX_TASK_ID=rm_task
AIRFLOW_CTX_EXECUTION_DATE=2020-12-02T06:00:00+00:00
AIRFLOW_CTX_DAG_RUN_ID=scheduled__2020-12-02T06:00:00+00:00
[2022-11-16 09:24:25,360] {subprocess.py:62} INFO - Tmp dir root location: 
 /tmp
[2022-11-16 09:24:25,361] {subprocess.py:74} INFO - Running command: ['bash', '-c', 'rm /opt/***/yellow_tripdata_2020-12.parquet']
[2022-11-16 09:24:25,384] {subprocess.py:85} INFO - Output:
[2022-11-16 09:24:25,400] {subprocess.py:93} INFO - Command exited with return code 0
[2022-11-16 09:24:25,505] {taskinstance.py:1277} INFO - Marking task as SUCCESS. dag_id=yellow_taxi_data_v2, task_id=rm_task, execution_date=20201202T060000, start_date=20221116T092425, end_date=20221116T092425
[2022-11-16 09:24:25,580] {local_task_job.py:154} INFO - Task exited with return code 0
[2022-11-16 09:24:25,676] {local_task_job.py:264} INFO - 0 downstream tasks scheduled from follow-on schedule check
