[2022-11-14 15:54:25,742] {taskinstance.py:1032} INFO - Dependencies all met for <TaskInstance: yellow_taxi_data_v2.local_to_gcs_task scheduled__2019-11-02T06:00:00+00:00 [queued]>
[2022-11-14 15:54:25,763] {taskinstance.py:1032} INFO - Dependencies all met for <TaskInstance: yellow_taxi_data_v2.local_to_gcs_task scheduled__2019-11-02T06:00:00+00:00 [queued]>
[2022-11-14 15:54:25,763] {taskinstance.py:1238} INFO - 
--------------------------------------------------------------------------------
[2022-11-14 15:54:25,763] {taskinstance.py:1239} INFO - Starting attempt 1 of 2
[2022-11-14 15:54:25,764] {taskinstance.py:1240} INFO - 
--------------------------------------------------------------------------------
[2022-11-14 15:54:25,783] {taskinstance.py:1259} INFO - Executing <Task(PythonOperator): local_to_gcs_task> on 2019-11-02 06:00:00+00:00
[2022-11-14 15:54:25,792] {standard_task_runner.py:52} INFO - Started process 1030 to run task
[2022-11-14 15:54:25,801] {standard_task_runner.py:76} INFO - Running: ['***', 'tasks', 'run', 'yellow_taxi_data_v2', 'local_to_gcs_task', 'scheduled__2019-11-02T06:00:00+00:00', '--job-id', '199', '--raw', '--subdir', 'DAGS_FOLDER/data_ingestion_gcs.py', '--cfg-path', '/tmp/tmpzr4n7nvs', '--error-file', '/tmp/tmpcw6g2ilk']
[2022-11-14 15:54:25,802] {standard_task_runner.py:77} INFO - Job 199: Subtask local_to_gcs_task
[2022-11-14 15:54:25,908] {logging_mixin.py:109} INFO - Running <TaskInstance: yellow_taxi_data_v2.local_to_gcs_task scheduled__2019-11-02T06:00:00+00:00 [running]> on host e030bae48f83
[2022-11-14 15:54:25,968] {warnings.py:110} WARNING - /home/***/.local/lib/python3.7/site-packages/***/utils/context.py:152: AirflowContextDeprecationWarning: Accessing 'execution_date' from the template is deprecated and will be removed in a future version. Please use 'data_interval_start' or 'logical_date' instead.
  warnings.warn(_create_deprecation_warning(key, self._deprecation_replacements[key]))

[2022-11-14 15:54:26,003] {taskinstance.py:1426} INFO - Exporting the following env vars:
AIRFLOW_CTX_DAG_OWNER=***
AIRFLOW_CTX_DAG_ID=yellow_taxi_data_v2
AIRFLOW_CTX_TASK_ID=local_to_gcs_task
AIRFLOW_CTX_EXECUTION_DATE=2019-11-02T06:00:00+00:00
AIRFLOW_CTX_DAG_RUN_ID=scheduled__2019-11-02T06:00:00+00:00
[2022-11-14 15:54:27,532] {python.py:175} INFO - Done. Returned value was: None
[2022-11-14 15:54:27,548] {taskinstance.py:1277} INFO - Marking task as SUCCESS. dag_id=yellow_taxi_data_v2, task_id=local_to_gcs_task, execution_date=20191102T060000, start_date=20221114T155425, end_date=20221114T155427
[2022-11-14 15:54:27,585] {local_task_job.py:154} INFO - Task exited with return code 0
[2022-11-14 15:54:27,640] {local_task_job.py:264} INFO - 1 downstream tasks scheduled from follow-on schedule check
