[2022-11-14 15:53:59,811] {taskinstance.py:1032} INFO - Dependencies all met for <TaskInstance: yellow_taxi_data_v2.rm_task scheduled__2019-07-02T06:00:00+00:00 [queued]>
[2022-11-14 15:53:59,828] {taskinstance.py:1032} INFO - Dependencies all met for <TaskInstance: yellow_taxi_data_v2.rm_task scheduled__2019-07-02T06:00:00+00:00 [queued]>
[2022-11-14 15:53:59,829] {taskinstance.py:1238} INFO - 
--------------------------------------------------------------------------------
[2022-11-14 15:53:59,829] {taskinstance.py:1239} INFO - Starting attempt 1 of 2
[2022-11-14 15:53:59,829] {taskinstance.py:1240} INFO - 
--------------------------------------------------------------------------------
[2022-11-14 15:53:59,861] {taskinstance.py:1259} INFO - Executing <Task(BashOperator): rm_task> on 2019-07-02 06:00:00+00:00
[2022-11-14 15:53:59,904] {standard_task_runner.py:52} INFO - Started process 982 to run task
[2022-11-14 15:53:59,921] {standard_task_runner.py:76} INFO - Running: ['***', 'tasks', 'run', 'yellow_taxi_data_v2', 'rm_task', 'scheduled__2019-07-02T06:00:00+00:00', '--job-id', '194', '--raw', '--subdir', 'DAGS_FOLDER/data_ingestion_gcs.py', '--cfg-path', '/tmp/tmpmu2zm7s9', '--error-file', '/tmp/tmp5t69ffsa']
[2022-11-14 15:53:59,923] {standard_task_runner.py:77} INFO - Job 194: Subtask rm_task
[2022-11-14 15:54:00,062] {logging_mixin.py:109} INFO - Running <TaskInstance: yellow_taxi_data_v2.rm_task scheduled__2019-07-02T06:00:00+00:00 [running]> on host e030bae48f83
[2022-11-14 15:54:00,132] {warnings.py:110} WARNING - /home/***/.local/lib/python3.7/site-packages/***/utils/context.py:152: AirflowContextDeprecationWarning: Accessing 'execution_date' from the template is deprecated and will be removed in a future version. Please use 'data_interval_start' or 'logical_date' instead.
  warnings.warn(_create_deprecation_warning(key, self._deprecation_replacements[key]))

[2022-11-14 15:54:00,169] {taskinstance.py:1426} INFO - Exporting the following env vars:
AIRFLOW_CTX_DAG_OWNER=***
AIRFLOW_CTX_DAG_ID=yellow_taxi_data_v2
AIRFLOW_CTX_TASK_ID=rm_task
AIRFLOW_CTX_EXECUTION_DATE=2019-07-02T06:00:00+00:00
AIRFLOW_CTX_DAG_RUN_ID=scheduled__2019-07-02T06:00:00+00:00
[2022-11-14 15:54:00,171] {subprocess.py:62} INFO - Tmp dir root location: 
 /tmp
[2022-11-14 15:54:00,172] {subprocess.py:74} INFO - Running command: ['bash', '-c', 'rm /opt/***/yellow_tripdata_2019-07.parquet']
[2022-11-14 15:54:00,194] {subprocess.py:85} INFO - Output:
[2022-11-14 15:54:00,227] {subprocess.py:93} INFO - Command exited with return code 0
[2022-11-14 15:54:00,268] {taskinstance.py:1277} INFO - Marking task as SUCCESS. dag_id=yellow_taxi_data_v2, task_id=rm_task, execution_date=20190702T060000, start_date=20221114T155359, end_date=20221114T155400
[2022-11-14 15:54:00,330] {local_task_job.py:154} INFO - Task exited with return code 0
[2022-11-14 15:54:00,376] {local_task_job.py:264} INFO - 0 downstream tasks scheduled from follow-on schedule check
[2022-11-16 09:21:51,336] {taskinstance.py:1032} INFO - Dependencies all met for <TaskInstance: yellow_taxi_data_v2.rm_task scheduled__2019-07-02T06:00:00+00:00 [queued]>
[2022-11-16 09:21:51,350] {taskinstance.py:1032} INFO - Dependencies all met for <TaskInstance: yellow_taxi_data_v2.rm_task scheduled__2019-07-02T06:00:00+00:00 [queued]>
[2022-11-16 09:21:51,350] {taskinstance.py:1238} INFO - 
--------------------------------------------------------------------------------
[2022-11-16 09:21:51,350] {taskinstance.py:1239} INFO - Starting attempt 1 of 2
[2022-11-16 09:21:51,351] {taskinstance.py:1240} INFO - 
--------------------------------------------------------------------------------
[2022-11-16 09:21:51,365] {taskinstance.py:1259} INFO - Executing <Task(BashOperator): rm_task> on 2019-07-02 06:00:00+00:00
[2022-11-16 09:21:51,373] {standard_task_runner.py:52} INFO - Started process 320 to run task
[2022-11-16 09:21:51,381] {standard_task_runner.py:76} INFO - Running: ['***', 'tasks', 'run', 'yellow_taxi_data_v2', 'rm_task', 'scheduled__2019-07-02T06:00:00+00:00', '--job-id', '727', '--raw', '--subdir', 'DAGS_FOLDER/data_ingestion_gcs.py', '--cfg-path', '/tmp/tmp62oilrwp', '--error-file', '/tmp/tmpq4pkrvvg']
[2022-11-16 09:21:51,382] {standard_task_runner.py:77} INFO - Job 727: Subtask rm_task
[2022-11-16 09:21:51,476] {logging_mixin.py:109} INFO - Running <TaskInstance: yellow_taxi_data_v2.rm_task scheduled__2019-07-02T06:00:00+00:00 [running]> on host 75ceca4d9264
[2022-11-16 09:21:51,529] {warnings.py:110} WARNING - /home/***/.local/lib/python3.7/site-packages/***/utils/context.py:152: AirflowContextDeprecationWarning: Accessing 'execution_date' from the template is deprecated and will be removed in a future version. Please use 'data_interval_start' or 'logical_date' instead.
  warnings.warn(_create_deprecation_warning(key, self._deprecation_replacements[key]))

[2022-11-16 09:21:51,554] {taskinstance.py:1426} INFO - Exporting the following env vars:
AIRFLOW_CTX_DAG_OWNER=***
AIRFLOW_CTX_DAG_ID=yellow_taxi_data_v2
AIRFLOW_CTX_TASK_ID=rm_task
AIRFLOW_CTX_EXECUTION_DATE=2019-07-02T06:00:00+00:00
AIRFLOW_CTX_DAG_RUN_ID=scheduled__2019-07-02T06:00:00+00:00
[2022-11-16 09:21:51,556] {subprocess.py:62} INFO - Tmp dir root location: 
 /tmp
[2022-11-16 09:21:51,557] {subprocess.py:74} INFO - Running command: ['bash', '-c', 'rm /opt/***/yellow_tripdata_2019-07.parquet']
[2022-11-16 09:21:51,576] {subprocess.py:85} INFO - Output:
[2022-11-16 09:21:51,603] {subprocess.py:93} INFO - Command exited with return code 0
[2022-11-16 09:21:51,644] {taskinstance.py:1277} INFO - Marking task as SUCCESS. dag_id=yellow_taxi_data_v2, task_id=rm_task, execution_date=20190702T060000, start_date=20221116T092151, end_date=20221116T092151
[2022-11-16 09:21:51,673] {local_task_job.py:154} INFO - Task exited with return code 0
[2022-11-16 09:21:51,714] {local_task_job.py:264} INFO - 0 downstream tasks scheduled from follow-on schedule check
