[2022-11-14 15:56:43,001] {taskinstance.py:1032} INFO - Dependencies all met for <TaskInstance: yellow_taxi_data_v2.local_to_gcs_task scheduled__2021-05-02T06:00:00+00:00 [queued]>
[2022-11-14 15:56:43,016] {taskinstance.py:1032} INFO - Dependencies all met for <TaskInstance: yellow_taxi_data_v2.local_to_gcs_task scheduled__2021-05-02T06:00:00+00:00 [queued]>
[2022-11-14 15:56:43,017] {taskinstance.py:1238} INFO - 
--------------------------------------------------------------------------------
[2022-11-14 15:56:43,017] {taskinstance.py:1239} INFO - Starting attempt 1 of 2
[2022-11-14 15:56:43,017] {taskinstance.py:1240} INFO - 
--------------------------------------------------------------------------------
[2022-11-14 15:56:43,045] {taskinstance.py:1259} INFO - Executing <Task(PythonOperator): local_to_gcs_task> on 2021-05-02 06:00:00+00:00
[2022-11-14 15:56:43,055] {standard_task_runner.py:52} INFO - Started process 1355 to run task
[2022-11-14 15:56:43,070] {standard_task_runner.py:76} INFO - Running: ['***', 'tasks', 'run', 'yellow_taxi_data_v2', 'local_to_gcs_task', 'scheduled__2021-05-02T06:00:00+00:00', '--job-id', '253', '--raw', '--subdir', 'DAGS_FOLDER/data_ingestion_gcs.py', '--cfg-path', '/tmp/tmpwbnndkry', '--error-file', '/tmp/tmpsjij7ku2']
[2022-11-14 15:56:43,072] {standard_task_runner.py:77} INFO - Job 253: Subtask local_to_gcs_task
[2022-11-14 15:56:43,156] {logging_mixin.py:109} INFO - Running <TaskInstance: yellow_taxi_data_v2.local_to_gcs_task scheduled__2021-05-02T06:00:00+00:00 [running]> on host e030bae48f83
[2022-11-14 15:56:43,212] {warnings.py:110} WARNING - /home/***/.local/lib/python3.7/site-packages/***/utils/context.py:152: AirflowContextDeprecationWarning: Accessing 'execution_date' from the template is deprecated and will be removed in a future version. Please use 'data_interval_start' or 'logical_date' instead.
  warnings.warn(_create_deprecation_warning(key, self._deprecation_replacements[key]))

[2022-11-14 15:56:43,244] {taskinstance.py:1426} INFO - Exporting the following env vars:
AIRFLOW_CTX_DAG_OWNER=***
AIRFLOW_CTX_DAG_ID=yellow_taxi_data_v2
AIRFLOW_CTX_TASK_ID=local_to_gcs_task
AIRFLOW_CTX_EXECUTION_DATE=2021-05-02T06:00:00+00:00
AIRFLOW_CTX_DAG_RUN_ID=scheduled__2021-05-02T06:00:00+00:00
[2022-11-14 15:56:44,126] {python.py:175} INFO - Done. Returned value was: None
[2022-11-14 15:56:44,179] {taskinstance.py:1277} INFO - Marking task as SUCCESS. dag_id=yellow_taxi_data_v2, task_id=local_to_gcs_task, execution_date=20210502T060000, start_date=20221114T155643, end_date=20221114T155644
[2022-11-14 15:56:44,248] {local_task_job.py:154} INFO - Task exited with return code 0
[2022-11-14 15:56:44,301] {local_task_job.py:264} INFO - 1 downstream tasks scheduled from follow-on schedule check
[2022-11-16 09:25:25,039] {taskinstance.py:1032} INFO - Dependencies all met for <TaskInstance: yellow_taxi_data_v2.local_to_gcs_task scheduled__2021-05-02T06:00:00+00:00 [queued]>
[2022-11-16 09:25:25,055] {taskinstance.py:1032} INFO - Dependencies all met for <TaskInstance: yellow_taxi_data_v2.local_to_gcs_task scheduled__2021-05-02T06:00:00+00:00 [queued]>
[2022-11-16 09:25:25,055] {taskinstance.py:1238} INFO - 
--------------------------------------------------------------------------------
[2022-11-16 09:25:25,055] {taskinstance.py:1239} INFO - Starting attempt 1 of 2
[2022-11-16 09:25:25,055] {taskinstance.py:1240} INFO - 
--------------------------------------------------------------------------------
[2022-11-16 09:25:25,069] {taskinstance.py:1259} INFO - Executing <Task(PythonOperator): local_to_gcs_task> on 2021-05-02 06:00:00+00:00
[2022-11-16 09:25:25,078] {standard_task_runner.py:52} INFO - Started process 739 to run task
[2022-11-16 09:25:25,087] {standard_task_runner.py:76} INFO - Running: ['***', 'tasks', 'run', 'yellow_taxi_data_v2', 'local_to_gcs_task', 'scheduled__2021-05-02T06:00:00+00:00', '--job-id', '792', '--raw', '--subdir', 'DAGS_FOLDER/data_ingestion_gcs.py', '--cfg-path', '/tmp/tmpypwwis1l', '--error-file', '/tmp/tmp02snh2rj']
[2022-11-16 09:25:25,089] {standard_task_runner.py:77} INFO - Job 792: Subtask local_to_gcs_task
[2022-11-16 09:25:25,168] {logging_mixin.py:109} INFO - Running <TaskInstance: yellow_taxi_data_v2.local_to_gcs_task scheduled__2021-05-02T06:00:00+00:00 [running]> on host 75ceca4d9264
[2022-11-16 09:25:25,230] {warnings.py:110} WARNING - /home/***/.local/lib/python3.7/site-packages/***/utils/context.py:152: AirflowContextDeprecationWarning: Accessing 'execution_date' from the template is deprecated and will be removed in a future version. Please use 'data_interval_start' or 'logical_date' instead.
  warnings.warn(_create_deprecation_warning(key, self._deprecation_replacements[key]))

[2022-11-16 09:25:25,258] {taskinstance.py:1426} INFO - Exporting the following env vars:
AIRFLOW_CTX_DAG_OWNER=***
AIRFLOW_CTX_DAG_ID=yellow_taxi_data_v2
AIRFLOW_CTX_TASK_ID=local_to_gcs_task
AIRFLOW_CTX_EXECUTION_DATE=2021-05-02T06:00:00+00:00
AIRFLOW_CTX_DAG_RUN_ID=scheduled__2021-05-02T06:00:00+00:00
[2022-11-16 09:25:25,944] {python.py:175} INFO - Done. Returned value was: None
[2022-11-16 09:25:25,964] {taskinstance.py:1277} INFO - Marking task as SUCCESS. dag_id=yellow_taxi_data_v2, task_id=local_to_gcs_task, execution_date=20210502T060000, start_date=20221116T092525, end_date=20221116T092525
[2022-11-16 09:25:26,024] {local_task_job.py:154} INFO - Task exited with return code 0
[2022-11-16 09:25:26,072] {local_task_job.py:264} INFO - 1 downstream tasks scheduled from follow-on schedule check
