[2022-11-14 16:33:17,460] {taskinstance.py:1032} INFO - Dependencies all met for <TaskInstance: fhv_taxi_data_v1.local_to_gcs_task scheduled__2021-05-02T07:00:00+00:00 [queued]>
[2022-11-14 16:33:17,476] {taskinstance.py:1032} INFO - Dependencies all met for <TaskInstance: fhv_taxi_data_v1.local_to_gcs_task scheduled__2021-05-02T07:00:00+00:00 [queued]>
[2022-11-14 16:33:17,476] {taskinstance.py:1238} INFO - 
--------------------------------------------------------------------------------
[2022-11-14 16:33:17,476] {taskinstance.py:1239} INFO - Starting attempt 1 of 2
[2022-11-14 16:33:17,477] {taskinstance.py:1240} INFO - 
--------------------------------------------------------------------------------
[2022-11-14 16:33:17,493] {taskinstance.py:1259} INFO - Executing <Task(PythonOperator): local_to_gcs_task> on 2021-05-02 07:00:00+00:00
[2022-11-14 16:33:17,502] {standard_task_runner.py:52} INFO - Started process 3981 to run task
[2022-11-14 16:33:17,510] {standard_task_runner.py:76} INFO - Running: ['***', 'tasks', 'run', 'fhv_taxi_data_v1', 'local_to_gcs_task', 'scheduled__2021-05-02T07:00:00+00:00', '--job-id', '524', '--raw', '--subdir', 'DAGS_FOLDER/data_ingestion_gcs.py', '--cfg-path', '/tmp/tmpqp5h213w', '--error-file', '/tmp/tmpmhaty21i']
[2022-11-14 16:33:17,512] {standard_task_runner.py:77} INFO - Job 524: Subtask local_to_gcs_task
[2022-11-14 16:33:17,601] {logging_mixin.py:109} INFO - Running <TaskInstance: fhv_taxi_data_v1.local_to_gcs_task scheduled__2021-05-02T07:00:00+00:00 [running]> on host e030bae48f83
[2022-11-14 16:33:17,657] {warnings.py:110} WARNING - /home/***/.local/lib/python3.7/site-packages/***/utils/context.py:152: AirflowContextDeprecationWarning: Accessing 'execution_date' from the template is deprecated and will be removed in a future version. Please use 'data_interval_start' or 'logical_date' instead.
  warnings.warn(_create_deprecation_warning(key, self._deprecation_replacements[key]))

[2022-11-14 16:33:17,686] {taskinstance.py:1426} INFO - Exporting the following env vars:
AIRFLOW_CTX_DAG_OWNER=***
AIRFLOW_CTX_DAG_ID=fhv_taxi_data_v1
AIRFLOW_CTX_TASK_ID=local_to_gcs_task
AIRFLOW_CTX_EXECUTION_DATE=2021-05-02T07:00:00+00:00
AIRFLOW_CTX_DAG_RUN_ID=scheduled__2021-05-02T07:00:00+00:00
[2022-11-14 16:33:18,283] {python.py:175} INFO - Done. Returned value was: None
[2022-11-14 16:33:18,300] {taskinstance.py:1277} INFO - Marking task as SUCCESS. dag_id=fhv_taxi_data_v1, task_id=local_to_gcs_task, execution_date=20210502T070000, start_date=20221114T163317, end_date=20221114T163318
[2022-11-14 16:33:18,329] {local_task_job.py:154} INFO - Task exited with return code 0
[2022-11-14 16:33:18,390] {local_task_job.py:264} INFO - 1 downstream tasks scheduled from follow-on schedule check
