[2022-11-14 15:52:46,339] {taskinstance.py:1032} INFO - Dependencies all met for <TaskInstance: yellow_taxi_data_v2.local_to_gcs_task scheduled__2019-01-02T06:00:00+00:00 [queued]>
[2022-11-14 15:52:46,360] {taskinstance.py:1032} INFO - Dependencies all met for <TaskInstance: yellow_taxi_data_v2.local_to_gcs_task scheduled__2019-01-02T06:00:00+00:00 [queued]>
[2022-11-14 15:52:46,360] {taskinstance.py:1238} INFO - 
--------------------------------------------------------------------------------
[2022-11-14 15:52:46,361] {taskinstance.py:1239} INFO - Starting attempt 1 of 2
[2022-11-14 15:52:46,361] {taskinstance.py:1240} INFO - 
--------------------------------------------------------------------------------
[2022-11-14 15:52:46,385] {taskinstance.py:1259} INFO - Executing <Task(PythonOperator): local_to_gcs_task> on 2019-01-02 06:00:00+00:00
[2022-11-14 15:52:46,394] {standard_task_runner.py:52} INFO - Started process 849 to run task
[2022-11-14 15:52:46,410] {standard_task_runner.py:76} INFO - Running: ['***', 'tasks', 'run', 'yellow_taxi_data_v2', 'local_to_gcs_task', 'scheduled__2019-01-02T06:00:00+00:00', '--job-id', '172', '--raw', '--subdir', 'DAGS_FOLDER/data_ingestion_gcs.py', '--cfg-path', '/tmp/tmpeeplbnev', '--error-file', '/tmp/tmpre6ntnk1']
[2022-11-14 15:52:46,412] {standard_task_runner.py:77} INFO - Job 172: Subtask local_to_gcs_task
[2022-11-14 15:52:46,523] {logging_mixin.py:109} INFO - Running <TaskInstance: yellow_taxi_data_v2.local_to_gcs_task scheduled__2019-01-02T06:00:00+00:00 [running]> on host e030bae48f83
[2022-11-14 15:52:46,625] {warnings.py:110} WARNING - /home/***/.local/lib/python3.7/site-packages/***/utils/context.py:152: AirflowContextDeprecationWarning: Accessing 'execution_date' from the template is deprecated and will be removed in a future version. Please use 'data_interval_start' or 'logical_date' instead.
  warnings.warn(_create_deprecation_warning(key, self._deprecation_replacements[key]))

[2022-11-14 15:52:46,681] {taskinstance.py:1426} INFO - Exporting the following env vars:
AIRFLOW_CTX_DAG_OWNER=***
AIRFLOW_CTX_DAG_ID=yellow_taxi_data_v2
AIRFLOW_CTX_TASK_ID=local_to_gcs_task
AIRFLOW_CTX_EXECUTION_DATE=2019-01-02T06:00:00+00:00
AIRFLOW_CTX_DAG_RUN_ID=scheduled__2019-01-02T06:00:00+00:00
[2022-11-14 15:52:48,756] {python.py:175} INFO - Done. Returned value was: None
[2022-11-14 15:52:48,772] {taskinstance.py:1277} INFO - Marking task as SUCCESS. dag_id=yellow_taxi_data_v2, task_id=local_to_gcs_task, execution_date=20190102T060000, start_date=20221114T155246, end_date=20221114T155248
[2022-11-14 15:52:48,812] {local_task_job.py:154} INFO - Task exited with return code 0
[2022-11-14 15:52:48,876] {local_task_job.py:264} INFO - 1 downstream tasks scheduled from follow-on schedule check
[2022-11-16 09:21:00,284] {taskinstance.py:1032} INFO - Dependencies all met for <TaskInstance: yellow_taxi_data_v2.local_to_gcs_task scheduled__2019-01-02T06:00:00+00:00 [queued]>
[2022-11-16 09:21:00,306] {taskinstance.py:1032} INFO - Dependencies all met for <TaskInstance: yellow_taxi_data_v2.local_to_gcs_task scheduled__2019-01-02T06:00:00+00:00 [queued]>
[2022-11-16 09:21:00,306] {taskinstance.py:1238} INFO - 
--------------------------------------------------------------------------------
[2022-11-16 09:21:00,306] {taskinstance.py:1239} INFO - Starting attempt 1 of 2
[2022-11-16 09:21:00,307] {taskinstance.py:1240} INFO - 
--------------------------------------------------------------------------------
[2022-11-16 09:21:00,348] {taskinstance.py:1259} INFO - Executing <Task(PythonOperator): local_to_gcs_task> on 2019-01-02 06:00:00+00:00
[2022-11-16 09:21:00,359] {standard_task_runner.py:52} INFO - Started process 205 to run task
[2022-11-16 09:21:00,367] {standard_task_runner.py:76} INFO - Running: ['***', 'tasks', 'run', 'yellow_taxi_data_v2', 'local_to_gcs_task', 'scheduled__2019-01-02T06:00:00+00:00', '--job-id', '707', '--raw', '--subdir', 'DAGS_FOLDER/data_ingestion_gcs.py', '--cfg-path', '/tmp/tmp4u7ldzng', '--error-file', '/tmp/tmp2bjs1v2m']
[2022-11-16 09:21:00,370] {standard_task_runner.py:77} INFO - Job 707: Subtask local_to_gcs_task
[2022-11-16 09:21:00,490] {logging_mixin.py:109} INFO - Running <TaskInstance: yellow_taxi_data_v2.local_to_gcs_task scheduled__2019-01-02T06:00:00+00:00 [running]> on host 75ceca4d9264
[2022-11-16 09:21:00,556] {warnings.py:110} WARNING - /home/***/.local/lib/python3.7/site-packages/***/utils/context.py:152: AirflowContextDeprecationWarning: Accessing 'execution_date' from the template is deprecated and will be removed in a future version. Please use 'data_interval_start' or 'logical_date' instead.
  warnings.warn(_create_deprecation_warning(key, self._deprecation_replacements[key]))

[2022-11-16 09:21:00,598] {taskinstance.py:1426} INFO - Exporting the following env vars:
AIRFLOW_CTX_DAG_OWNER=***
AIRFLOW_CTX_DAG_ID=yellow_taxi_data_v2
AIRFLOW_CTX_TASK_ID=local_to_gcs_task
AIRFLOW_CTX_EXECUTION_DATE=2019-01-02T06:00:00+00:00
AIRFLOW_CTX_DAG_RUN_ID=scheduled__2019-01-02T06:00:00+00:00
[2022-11-16 09:21:02,595] {python.py:175} INFO - Done. Returned value was: None
[2022-11-16 09:21:02,654] {taskinstance.py:1277} INFO - Marking task as SUCCESS. dag_id=yellow_taxi_data_v2, task_id=local_to_gcs_task, execution_date=20190102T060000, start_date=20221116T092100, end_date=20221116T092102
[2022-11-16 09:21:02,701] {local_task_job.py:154} INFO - Task exited with return code 0
[2022-11-16 09:21:02,766] {local_task_job.py:264} INFO - 1 downstream tasks scheduled from follow-on schedule check
