[2022-11-14 16:37:59,366] {taskinstance.py:1032} INFO - Dependencies all met for <TaskInstance: fhv_taxi_data_v1.rm_task scheduled__2020-04-02T08:00:00+00:00 [queued]>
[2022-11-14 16:37:59,392] {taskinstance.py:1032} INFO - Dependencies all met for <TaskInstance: fhv_taxi_data_v1.rm_task scheduled__2020-04-02T08:00:00+00:00 [queued]>
[2022-11-14 16:37:59,393] {taskinstance.py:1238} INFO - 
--------------------------------------------------------------------------------
[2022-11-14 16:37:59,393] {taskinstance.py:1239} INFO - Starting attempt 1 of 2
[2022-11-14 16:37:59,393] {taskinstance.py:1240} INFO - 
--------------------------------------------------------------------------------
[2022-11-14 16:37:59,425] {taskinstance.py:1259} INFO - Executing <Task(BashOperator): rm_task> on 2020-04-02 08:00:00+00:00
[2022-11-14 16:37:59,436] {standard_task_runner.py:52} INFO - Started process 4514 to run task
[2022-11-14 16:37:59,451] {standard_task_runner.py:76} INFO - Running: ['***', 'tasks', 'run', 'fhv_taxi_data_v1', 'rm_task', 'scheduled__2020-04-02T08:00:00+00:00', '--job-id', '606', '--raw', '--subdir', 'DAGS_FOLDER/data_ingestion_gcs.py', '--cfg-path', '/tmp/tmpksxn0tuo', '--error-file', '/tmp/tmp8n_r0le0']
[2022-11-14 16:37:59,454] {standard_task_runner.py:77} INFO - Job 606: Subtask rm_task
[2022-11-14 16:37:59,583] {logging_mixin.py:109} INFO - Running <TaskInstance: fhv_taxi_data_v1.rm_task scheduled__2020-04-02T08:00:00+00:00 [running]> on host e030bae48f83
[2022-11-14 16:37:59,659] {warnings.py:110} WARNING - /home/***/.local/lib/python3.7/site-packages/***/utils/context.py:152: AirflowContextDeprecationWarning: Accessing 'execution_date' from the template is deprecated and will be removed in a future version. Please use 'data_interval_start' or 'logical_date' instead.
  warnings.warn(_create_deprecation_warning(key, self._deprecation_replacements[key]))

[2022-11-14 16:37:59,704] {taskinstance.py:1426} INFO - Exporting the following env vars:
AIRFLOW_CTX_DAG_OWNER=***
AIRFLOW_CTX_DAG_ID=fhv_taxi_data_v1
AIRFLOW_CTX_TASK_ID=rm_task
AIRFLOW_CTX_EXECUTION_DATE=2020-04-02T08:00:00+00:00
AIRFLOW_CTX_DAG_RUN_ID=scheduled__2020-04-02T08:00:00+00:00
[2022-11-14 16:37:59,705] {subprocess.py:62} INFO - Tmp dir root location: 
 /tmp
[2022-11-14 16:37:59,706] {subprocess.py:74} INFO - Running command: ['bash', '-c', 'rm /opt/***/fhv_tripdata_2020-04.parquet']
[2022-11-14 16:37:59,737] {subprocess.py:85} INFO - Output:
[2022-11-14 16:37:59,747] {subprocess.py:93} INFO - Command exited with return code 0
[2022-11-14 16:37:59,803] {taskinstance.py:1277} INFO - Marking task as SUCCESS. dag_id=fhv_taxi_data_v1, task_id=rm_task, execution_date=20200402T080000, start_date=20221114T163759, end_date=20221114T163759
[2022-11-14 16:37:59,868] {local_task_job.py:154} INFO - Task exited with return code 0
[2022-11-14 16:37:59,937] {local_task_job.py:264} INFO - 0 downstream tasks scheduled from follow-on schedule check
