[2022-11-14 16:38:36,247] {taskinstance.py:1032} INFO - Dependencies all met for <TaskInstance: fhv_taxi_data_v1.download_dataset_task scheduled__2021-03-02T08:00:00+00:00 [queued]>
[2022-11-14 16:38:36,274] {taskinstance.py:1032} INFO - Dependencies all met for <TaskInstance: fhv_taxi_data_v1.download_dataset_task scheduled__2021-03-02T08:00:00+00:00 [queued]>
[2022-11-14 16:38:36,275] {taskinstance.py:1238} INFO - 
--------------------------------------------------------------------------------
[2022-11-14 16:38:36,275] {taskinstance.py:1239} INFO - Starting attempt 1 of 2
[2022-11-14 16:38:36,275] {taskinstance.py:1240} INFO - 
--------------------------------------------------------------------------------
[2022-11-14 16:38:36,304] {taskinstance.py:1259} INFO - Executing <Task(BashOperator): download_dataset_task> on 2021-03-02 08:00:00+00:00
[2022-11-14 16:38:36,319] {standard_task_runner.py:52} INFO - Started process 4630 to run task
[2022-11-14 16:38:36,326] {standard_task_runner.py:76} INFO - Running: ['***', 'tasks', 'run', 'fhv_taxi_data_v1', 'download_dataset_task', 'scheduled__2021-03-02T08:00:00+00:00', '--job-id', '628', '--raw', '--subdir', 'DAGS_FOLDER/data_ingestion_gcs.py', '--cfg-path', '/tmp/tmpb5indc9o', '--error-file', '/tmp/tmpbqfx8n7p']
[2022-11-14 16:38:36,328] {standard_task_runner.py:77} INFO - Job 628: Subtask download_dataset_task
[2022-11-14 16:38:36,452] {logging_mixin.py:109} INFO - Running <TaskInstance: fhv_taxi_data_v1.download_dataset_task scheduled__2021-03-02T08:00:00+00:00 [running]> on host e030bae48f83
[2022-11-14 16:38:36,529] {warnings.py:110} WARNING - /home/***/.local/lib/python3.7/site-packages/***/utils/context.py:152: AirflowContextDeprecationWarning: Accessing 'execution_date' from the template is deprecated and will be removed in a future version. Please use 'data_interval_start' or 'logical_date' instead.
  warnings.warn(_create_deprecation_warning(key, self._deprecation_replacements[key]))

[2022-11-14 16:38:36,561] {taskinstance.py:1426} INFO - Exporting the following env vars:
AIRFLOW_CTX_DAG_OWNER=***
AIRFLOW_CTX_DAG_ID=fhv_taxi_data_v1
AIRFLOW_CTX_TASK_ID=download_dataset_task
AIRFLOW_CTX_EXECUTION_DATE=2021-03-02T08:00:00+00:00
AIRFLOW_CTX_DAG_RUN_ID=scheduled__2021-03-02T08:00:00+00:00
[2022-11-14 16:38:36,563] {subprocess.py:62} INFO - Tmp dir root location: 
 /tmp
[2022-11-14 16:38:36,564] {subprocess.py:74} INFO - Running command: ['bash', '-c', 'curl -sSLf https://d37ci6vzurychx.cloudfront.net/trip-data/fhv_tripdata_2021-03.parquet > /opt/***/fhv_tripdata_2021-03.parquet']
[2022-11-14 16:38:36,583] {subprocess.py:85} INFO - Output:
[2022-11-14 16:38:36,704] {subprocess.py:93} INFO - Command exited with return code 0
[2022-11-14 16:38:36,747] {taskinstance.py:1277} INFO - Marking task as SUCCESS. dag_id=fhv_taxi_data_v1, task_id=download_dataset_task, execution_date=20210302T080000, start_date=20221114T163836, end_date=20221114T163836
[2022-11-14 16:38:36,789] {local_task_job.py:154} INFO - Task exited with return code 0
[2022-11-14 16:38:36,848] {local_task_job.py:264} INFO - 1 downstream tasks scheduled from follow-on schedule check
