[2022-11-11 13:08:25,319] {taskinstance.py:1032} INFO - Dependencies all met for <TaskInstance: yellow_taxi_data_V2.rm_task manual__2022-11-11T13:08:23.079329+00:00 [queued]>
[2022-11-11 13:08:25,349] {taskinstance.py:1032} INFO - Dependencies all met for <TaskInstance: yellow_taxi_data_V2.rm_task manual__2022-11-11T13:08:23.079329+00:00 [queued]>
[2022-11-11 13:08:25,350] {taskinstance.py:1238} INFO - 
--------------------------------------------------------------------------------
[2022-11-11 13:08:25,350] {taskinstance.py:1239} INFO - Starting attempt 1 of 2
[2022-11-11 13:08:25,350] {taskinstance.py:1240} INFO - 
--------------------------------------------------------------------------------
[2022-11-11 13:08:25,410] {taskinstance.py:1259} INFO - Executing <Task(BashOperator): rm_task> on 2022-11-11 13:08:23.079329+00:00
[2022-11-11 13:08:25,446] {standard_task_runner.py:52} INFO - Started process 974 to run task
[2022-11-11 13:08:25,462] {standard_task_runner.py:76} INFO - Running: ['***', 'tasks', 'run', 'yellow_taxi_data_V2', 'rm_task', 'manual__2022-11-11T13:08:23.079329+00:00', '--job-id', '129', '--raw', '--subdir', 'DAGS_FOLDER/data_ingestion_gcs_dag.py', '--cfg-path', '/tmp/tmp_scekgs4', '--error-file', '/tmp/tmpwo5i0byn']
[2022-11-11 13:08:25,472] {standard_task_runner.py:77} INFO - Job 129: Subtask rm_task
[2022-11-11 13:08:25,637] {logging_mixin.py:109} INFO - Running <TaskInstance: yellow_taxi_data_V2.rm_task manual__2022-11-11T13:08:23.079329+00:00 [running]> on host 606bd4865cc6
[2022-11-11 13:08:25,759] {warnings.py:110} WARNING - /home/***/.local/lib/python3.7/site-packages/***/utils/context.py:152: AirflowContextDeprecationWarning: Accessing 'execution_date' from the template is deprecated and will be removed in a future version. Please use 'data_interval_start' or 'logical_date' instead.
  warnings.warn(_create_deprecation_warning(key, self._deprecation_replacements[key]))

[2022-11-11 13:08:25,844] {taskinstance.py:1426} INFO - Exporting the following env vars:
AIRFLOW_CTX_DAG_OWNER=***
AIRFLOW_CTX_DAG_ID=yellow_taxi_data_V2
AIRFLOW_CTX_TASK_ID=rm_task
AIRFLOW_CTX_EXECUTION_DATE=2022-11-11T13:08:23.079329+00:00
AIRFLOW_CTX_DAG_RUN_ID=manual__2022-11-11T13:08:23.079329+00:00
[2022-11-11 13:08:25,848] {subprocess.py:62} INFO - Tmp dir root location: 
 /tmp
[2022-11-11 13:08:25,864] {subprocess.py:74} INFO - Running command: ['bash', '-c', 'rm /opt/***/yellow_tripdata_2022-11.parquet']
[2022-11-11 13:08:25,933] {subprocess.py:85} INFO - Output:
[2022-11-11 13:08:25,943] {subprocess.py:93} INFO - Command exited with return code 0
[2022-11-11 13:08:26,042] {taskinstance.py:1277} INFO - Marking task as SUCCESS. dag_id=yellow_taxi_data_V2, task_id=rm_task, execution_date=20221111T130823, start_date=20221111T130825, end_date=20221111T130826
[2022-11-11 13:08:26,106] {local_task_job.py:154} INFO - Task exited with return code 0
[2022-11-11 13:08:26,227] {local_task_job.py:264} INFO - 0 downstream tasks scheduled from follow-on schedule check
