[2022-11-14 15:53:59,785] {taskinstance.py:1032} INFO - Dependencies all met for <TaskInstance: yellow_taxi_data_v2.rm_task scheduled__2019-08-02T06:00:00+00:00 [queued]>
[2022-11-14 15:53:59,804] {taskinstance.py:1032} INFO - Dependencies all met for <TaskInstance: yellow_taxi_data_v2.rm_task scheduled__2019-08-02T06:00:00+00:00 [queued]>
[2022-11-14 15:53:59,804] {taskinstance.py:1238} INFO - 
--------------------------------------------------------------------------------
[2022-11-14 15:53:59,805] {taskinstance.py:1239} INFO - Starting attempt 1 of 2
[2022-11-14 15:53:59,805] {taskinstance.py:1240} INFO - 
--------------------------------------------------------------------------------
[2022-11-14 15:53:59,827] {taskinstance.py:1259} INFO - Executing <Task(BashOperator): rm_task> on 2019-08-02 06:00:00+00:00
[2022-11-14 15:53:59,838] {standard_task_runner.py:52} INFO - Started process 981 to run task
[2022-11-14 15:53:59,850] {standard_task_runner.py:76} INFO - Running: ['***', 'tasks', 'run', 'yellow_taxi_data_v2', 'rm_task', 'scheduled__2019-08-02T06:00:00+00:00', '--job-id', '193', '--raw', '--subdir', 'DAGS_FOLDER/data_ingestion_gcs.py', '--cfg-path', '/tmp/tmp2dj4hjp2', '--error-file', '/tmp/tmp1369bkte']
[2022-11-14 15:53:59,852] {standard_task_runner.py:77} INFO - Job 193: Subtask rm_task
[2022-11-14 15:54:00,005] {logging_mixin.py:109} INFO - Running <TaskInstance: yellow_taxi_data_v2.rm_task scheduled__2019-08-02T06:00:00+00:00 [running]> on host e030bae48f83
[2022-11-14 15:54:00,083] {warnings.py:110} WARNING - /home/***/.local/lib/python3.7/site-packages/***/utils/context.py:152: AirflowContextDeprecationWarning: Accessing 'execution_date' from the template is deprecated and will be removed in a future version. Please use 'data_interval_start' or 'logical_date' instead.
  warnings.warn(_create_deprecation_warning(key, self._deprecation_replacements[key]))

[2022-11-14 15:54:00,111] {taskinstance.py:1426} INFO - Exporting the following env vars:
AIRFLOW_CTX_DAG_OWNER=***
AIRFLOW_CTX_DAG_ID=yellow_taxi_data_v2
AIRFLOW_CTX_TASK_ID=rm_task
AIRFLOW_CTX_EXECUTION_DATE=2019-08-02T06:00:00+00:00
AIRFLOW_CTX_DAG_RUN_ID=scheduled__2019-08-02T06:00:00+00:00
[2022-11-14 15:54:00,113] {subprocess.py:62} INFO - Tmp dir root location: 
 /tmp
[2022-11-14 15:54:00,114] {subprocess.py:74} INFO - Running command: ['bash', '-c', 'rm /opt/***/yellow_tripdata_2019-08.parquet']
[2022-11-14 15:54:00,137] {subprocess.py:85} INFO - Output:
[2022-11-14 15:54:00,167] {subprocess.py:93} INFO - Command exited with return code 0
[2022-11-14 15:54:00,212] {taskinstance.py:1277} INFO - Marking task as SUCCESS. dag_id=yellow_taxi_data_v2, task_id=rm_task, execution_date=20190802T060000, start_date=20221114T155359, end_date=20221114T155400
[2022-11-14 15:54:00,275] {local_task_job.py:154} INFO - Task exited with return code 0
[2022-11-14 15:54:00,318] {local_task_job.py:264} INFO - 0 downstream tasks scheduled from follow-on schedule check
[2022-11-16 09:21:51,344] {taskinstance.py:1032} INFO - Dependencies all met for <TaskInstance: yellow_taxi_data_v2.rm_task scheduled__2019-08-02T06:00:00+00:00 [queued]>
[2022-11-16 09:21:51,358] {taskinstance.py:1032} INFO - Dependencies all met for <TaskInstance: yellow_taxi_data_v2.rm_task scheduled__2019-08-02T06:00:00+00:00 [queued]>
[2022-11-16 09:21:51,358] {taskinstance.py:1238} INFO - 
--------------------------------------------------------------------------------
[2022-11-16 09:21:51,358] {taskinstance.py:1239} INFO - Starting attempt 1 of 2
[2022-11-16 09:21:51,358] {taskinstance.py:1240} INFO - 
--------------------------------------------------------------------------------
[2022-11-16 09:21:51,375] {taskinstance.py:1259} INFO - Executing <Task(BashOperator): rm_task> on 2019-08-02 06:00:00+00:00
[2022-11-16 09:21:51,384] {standard_task_runner.py:52} INFO - Started process 321 to run task
[2022-11-16 09:21:51,393] {standard_task_runner.py:76} INFO - Running: ['***', 'tasks', 'run', 'yellow_taxi_data_v2', 'rm_task', 'scheduled__2019-08-02T06:00:00+00:00', '--job-id', '728', '--raw', '--subdir', 'DAGS_FOLDER/data_ingestion_gcs.py', '--cfg-path', '/tmp/tmpu2d3y519', '--error-file', '/tmp/tmpit272ifb']
[2022-11-16 09:21:51,394] {standard_task_runner.py:77} INFO - Job 728: Subtask rm_task
[2022-11-16 09:21:51,486] {logging_mixin.py:109} INFO - Running <TaskInstance: yellow_taxi_data_v2.rm_task scheduled__2019-08-02T06:00:00+00:00 [running]> on host 75ceca4d9264
[2022-11-16 09:21:51,541] {warnings.py:110} WARNING - /home/***/.local/lib/python3.7/site-packages/***/utils/context.py:152: AirflowContextDeprecationWarning: Accessing 'execution_date' from the template is deprecated and will be removed in a future version. Please use 'data_interval_start' or 'logical_date' instead.
  warnings.warn(_create_deprecation_warning(key, self._deprecation_replacements[key]))

[2022-11-16 09:21:51,568] {taskinstance.py:1426} INFO - Exporting the following env vars:
AIRFLOW_CTX_DAG_OWNER=***
AIRFLOW_CTX_DAG_ID=yellow_taxi_data_v2
AIRFLOW_CTX_TASK_ID=rm_task
AIRFLOW_CTX_EXECUTION_DATE=2019-08-02T06:00:00+00:00
AIRFLOW_CTX_DAG_RUN_ID=scheduled__2019-08-02T06:00:00+00:00
[2022-11-16 09:21:51,570] {subprocess.py:62} INFO - Tmp dir root location: 
 /tmp
[2022-11-16 09:21:51,571] {subprocess.py:74} INFO - Running command: ['bash', '-c', 'rm /opt/***/yellow_tripdata_2019-08.parquet']
[2022-11-16 09:21:51,588] {subprocess.py:85} INFO - Output:
[2022-11-16 09:21:51,613] {subprocess.py:93} INFO - Command exited with return code 0
[2022-11-16 09:21:51,649] {taskinstance.py:1277} INFO - Marking task as SUCCESS. dag_id=yellow_taxi_data_v2, task_id=rm_task, execution_date=20190802T060000, start_date=20221116T092151, end_date=20221116T092151
[2022-11-16 09:21:51,685] {local_task_job.py:154} INFO - Task exited with return code 0
[2022-11-16 09:21:51,733] {local_task_job.py:264} INFO - 0 downstream tasks scheduled from follow-on schedule check
