[2022-11-14 15:56:42,520] {taskinstance.py:1032} INFO - Dependencies all met for <TaskInstance: yellow_taxi_data_v2.local_to_gcs_task scheduled__2021-04-02T06:00:00+00:00 [queued]>
[2022-11-14 15:56:42,534] {taskinstance.py:1032} INFO - Dependencies all met for <TaskInstance: yellow_taxi_data_v2.local_to_gcs_task scheduled__2021-04-02T06:00:00+00:00 [queued]>
[2022-11-14 15:56:42,534] {taskinstance.py:1238} INFO - 
--------------------------------------------------------------------------------
[2022-11-14 15:56:42,534] {taskinstance.py:1239} INFO - Starting attempt 1 of 2
[2022-11-14 15:56:42,534] {taskinstance.py:1240} INFO - 
--------------------------------------------------------------------------------
[2022-11-14 15:56:42,549] {taskinstance.py:1259} INFO - Executing <Task(PythonOperator): local_to_gcs_task> on 2021-04-02 06:00:00+00:00
[2022-11-14 15:56:42,559] {standard_task_runner.py:52} INFO - Started process 1354 to run task
[2022-11-14 15:56:42,567] {standard_task_runner.py:76} INFO - Running: ['***', 'tasks', 'run', 'yellow_taxi_data_v2', 'local_to_gcs_task', 'scheduled__2021-04-02T06:00:00+00:00', '--job-id', '252', '--raw', '--subdir', 'DAGS_FOLDER/data_ingestion_gcs.py', '--cfg-path', '/tmp/tmpg3_r05zf', '--error-file', '/tmp/tmpp25u8x0e']
[2022-11-14 15:56:42,568] {standard_task_runner.py:77} INFO - Job 252: Subtask local_to_gcs_task
[2022-11-14 15:56:42,666] {logging_mixin.py:109} INFO - Running <TaskInstance: yellow_taxi_data_v2.local_to_gcs_task scheduled__2021-04-02T06:00:00+00:00 [running]> on host e030bae48f83
[2022-11-14 15:56:42,740] {warnings.py:110} WARNING - /home/***/.local/lib/python3.7/site-packages/***/utils/context.py:152: AirflowContextDeprecationWarning: Accessing 'execution_date' from the template is deprecated and will be removed in a future version. Please use 'data_interval_start' or 'logical_date' instead.
  warnings.warn(_create_deprecation_warning(key, self._deprecation_replacements[key]))

[2022-11-14 15:56:42,776] {taskinstance.py:1426} INFO - Exporting the following env vars:
AIRFLOW_CTX_DAG_OWNER=***
AIRFLOW_CTX_DAG_ID=yellow_taxi_data_v2
AIRFLOW_CTX_TASK_ID=local_to_gcs_task
AIRFLOW_CTX_EXECUTION_DATE=2021-04-02T06:00:00+00:00
AIRFLOW_CTX_DAG_RUN_ID=scheduled__2021-04-02T06:00:00+00:00
[2022-11-14 15:56:43,673] {python.py:175} INFO - Done. Returned value was: None
[2022-11-14 15:56:43,692] {taskinstance.py:1277} INFO - Marking task as SUCCESS. dag_id=yellow_taxi_data_v2, task_id=local_to_gcs_task, execution_date=20210402T060000, start_date=20221114T155642, end_date=20221114T155643
[2022-11-14 15:56:43,724] {local_task_job.py:154} INFO - Task exited with return code 0
[2022-11-14 15:56:43,776] {local_task_job.py:264} INFO - 1 downstream tasks scheduled from follow-on schedule check
[2022-11-16 09:25:05,138] {taskinstance.py:1032} INFO - Dependencies all met for <TaskInstance: yellow_taxi_data_v2.local_to_gcs_task scheduled__2021-04-02T06:00:00+00:00 [queued]>
[2022-11-16 09:25:05,159] {taskinstance.py:1032} INFO - Dependencies all met for <TaskInstance: yellow_taxi_data_v2.local_to_gcs_task scheduled__2021-04-02T06:00:00+00:00 [queued]>
[2022-11-16 09:25:05,159] {taskinstance.py:1238} INFO - 
--------------------------------------------------------------------------------
[2022-11-16 09:25:05,160] {taskinstance.py:1239} INFO - Starting attempt 1 of 2
[2022-11-16 09:25:05,160] {taskinstance.py:1240} INFO - 
--------------------------------------------------------------------------------
[2022-11-16 09:25:05,180] {taskinstance.py:1259} INFO - Executing <Task(PythonOperator): local_to_gcs_task> on 2021-04-02 06:00:00+00:00
[2022-11-16 09:25:05,189] {standard_task_runner.py:52} INFO - Started process 702 to run task
[2022-11-16 09:25:05,196] {standard_task_runner.py:76} INFO - Running: ['***', 'tasks', 'run', 'yellow_taxi_data_v2', 'local_to_gcs_task', 'scheduled__2021-04-02T06:00:00+00:00', '--job-id', '785', '--raw', '--subdir', 'DAGS_FOLDER/data_ingestion_gcs.py', '--cfg-path', '/tmp/tmp_au7o_t3', '--error-file', '/tmp/tmpiwocd8k0']
[2022-11-16 09:25:05,198] {standard_task_runner.py:77} INFO - Job 785: Subtask local_to_gcs_task
[2022-11-16 09:25:05,308] {logging_mixin.py:109} INFO - Running <TaskInstance: yellow_taxi_data_v2.local_to_gcs_task scheduled__2021-04-02T06:00:00+00:00 [running]> on host 75ceca4d9264
[2022-11-16 09:25:05,385] {warnings.py:110} WARNING - /home/***/.local/lib/python3.7/site-packages/***/utils/context.py:152: AirflowContextDeprecationWarning: Accessing 'execution_date' from the template is deprecated and will be removed in a future version. Please use 'data_interval_start' or 'logical_date' instead.
  warnings.warn(_create_deprecation_warning(key, self._deprecation_replacements[key]))

[2022-11-16 09:25:05,427] {taskinstance.py:1426} INFO - Exporting the following env vars:
AIRFLOW_CTX_DAG_OWNER=***
AIRFLOW_CTX_DAG_ID=yellow_taxi_data_v2
AIRFLOW_CTX_TASK_ID=local_to_gcs_task
AIRFLOW_CTX_EXECUTION_DATE=2021-04-02T06:00:00+00:00
AIRFLOW_CTX_DAG_RUN_ID=scheduled__2021-04-02T06:00:00+00:00
[2022-11-16 09:25:06,092] {python.py:175} INFO - Done. Returned value was: None
[2022-11-16 09:25:06,115] {taskinstance.py:1277} INFO - Marking task as SUCCESS. dag_id=yellow_taxi_data_v2, task_id=local_to_gcs_task, execution_date=20210402T060000, start_date=20221116T092505, end_date=20221116T092506
[2022-11-16 09:25:06,182] {local_task_job.py:154} INFO - Task exited with return code 0
[2022-11-16 09:25:06,251] {local_task_job.py:264} INFO - 1 downstream tasks scheduled from follow-on schedule check
