[2022-11-14 08:19:55,112] {processor.py:163} INFO - Started process (PID=1802) to work on /opt/airflow/dags/data_ingestion_gcs_dag.py
[2022-11-14 08:19:55,114] {processor.py:642} INFO - Processing file /opt/airflow/dags/data_ingestion_gcs_dag.py for tasks to queue
[2022-11-14 08:19:55,114] {logging_mixin.py:109} INFO - [2022-11-14 08:19:55,114] {dagbag.py:500} INFO - Filling up the DagBag from /opt/airflow/dags/data_ingestion_gcs_dag.py
[2022-11-14 08:19:56,016] {processor.py:654} INFO - DAG(s) dict_keys(['yellow_taxi_data']) retrieved from /opt/airflow/dags/data_ingestion_gcs_dag.py
[2022-11-14 08:19:56,030] {logging_mixin.py:109} INFO - [2022-11-14 08:19:56,029] {dag.py:2396} INFO - Sync 1 DAGs
[2022-11-14 08:19:56,060] {logging_mixin.py:109} INFO - [2022-11-14 08:19:56,060] {dag.py:2935} INFO - Setting next_dagrun for yellow_taxi_data to None
[2022-11-14 08:19:56,073] {processor.py:171} INFO - Processing /opt/airflow/dags/data_ingestion_gcs_dag.py took 0.966 seconds
[2022-11-14 08:20:26,346] {processor.py:163} INFO - Started process (PID=1834) to work on /opt/airflow/dags/data_ingestion_gcs_dag.py
[2022-11-14 08:20:26,349] {processor.py:642} INFO - Processing file /opt/airflow/dags/data_ingestion_gcs_dag.py for tasks to queue
[2022-11-14 08:20:26,350] {logging_mixin.py:109} INFO - [2022-11-14 08:20:26,350] {dagbag.py:500} INFO - Filling up the DagBag from /opt/airflow/dags/data_ingestion_gcs_dag.py
[2022-11-14 08:20:27,505] {processor.py:654} INFO - DAG(s) dict_keys(['yellow_taxi_data']) retrieved from /opt/airflow/dags/data_ingestion_gcs_dag.py
[2022-11-14 08:20:27,515] {logging_mixin.py:109} INFO - [2022-11-14 08:20:27,515] {dag.py:2396} INFO - Sync 1 DAGs
[2022-11-14 08:20:27,534] {logging_mixin.py:109} INFO - [2022-11-14 08:20:27,534] {dag.py:2935} INFO - Setting next_dagrun for yellow_taxi_data to None
[2022-11-14 08:20:27,546] {processor.py:171} INFO - Processing /opt/airflow/dags/data_ingestion_gcs_dag.py took 1.206 seconds
[2022-11-14 08:20:57,635] {processor.py:163} INFO - Started process (PID=1858) to work on /opt/airflow/dags/data_ingestion_gcs_dag.py
[2022-11-14 08:20:57,638] {processor.py:642} INFO - Processing file /opt/airflow/dags/data_ingestion_gcs_dag.py for tasks to queue
[2022-11-14 08:20:57,639] {logging_mixin.py:109} INFO - [2022-11-14 08:20:57,639] {dagbag.py:500} INFO - Filling up the DagBag from /opt/airflow/dags/data_ingestion_gcs_dag.py
[2022-11-14 08:20:58,526] {processor.py:654} INFO - DAG(s) dict_keys(['yellow_taxi_data']) retrieved from /opt/airflow/dags/data_ingestion_gcs_dag.py
[2022-11-14 08:20:58,537] {logging_mixin.py:109} INFO - [2022-11-14 08:20:58,537] {dag.py:2396} INFO - Sync 1 DAGs
[2022-11-14 08:20:58,557] {logging_mixin.py:109} INFO - [2022-11-14 08:20:58,557] {dag.py:2935} INFO - Setting next_dagrun for yellow_taxi_data to None
[2022-11-14 08:20:58,568] {processor.py:171} INFO - Processing /opt/airflow/dags/data_ingestion_gcs_dag.py took 0.939 seconds
[2022-11-14 08:21:00,458] {processor.py:163} INFO - Started process (PID=1863) to work on /opt/airflow/dags/data_ingestion_gcs_dag.py
[2022-11-14 08:21:00,460] {processor.py:642} INFO - Processing file /opt/airflow/dags/data_ingestion_gcs_dag.py for tasks to queue
[2022-11-14 08:21:00,461] {logging_mixin.py:109} INFO - [2022-11-14 08:21:00,461] {dagbag.py:500} INFO - Filling up the DagBag from /opt/airflow/dags/data_ingestion_gcs_dag.py
[2022-11-14 08:21:01,320] {processor.py:654} INFO - DAG(s) dict_keys(['yellow_taxi_data']) retrieved from /opt/airflow/dags/data_ingestion_gcs_dag.py
[2022-11-14 08:21:02,248] {logging_mixin.py:109} INFO - [2022-11-14 08:21:02,248] {dag.py:2396} INFO - Sync 1 DAGs
[2022-11-14 08:21:02,267] {logging_mixin.py:109} INFO - [2022-11-14 08:21:02,267] {dag.py:2935} INFO - Setting next_dagrun for yellow_taxi_data to None
[2022-11-14 08:21:02,286] {processor.py:171} INFO - Processing /opt/airflow/dags/data_ingestion_gcs_dag.py took 1.834 seconds
[2022-11-14 08:21:32,422] {processor.py:163} INFO - Started process (PID=1895) to work on /opt/airflow/dags/data_ingestion_gcs_dag.py
[2022-11-14 08:21:32,428] {processor.py:642} INFO - Processing file /opt/airflow/dags/data_ingestion_gcs_dag.py for tasks to queue
[2022-11-14 08:21:32,434] {logging_mixin.py:109} INFO - [2022-11-14 08:21:32,433] {dagbag.py:500} INFO - Filling up the DagBag from /opt/airflow/dags/data_ingestion_gcs_dag.py
[2022-11-14 08:21:33,665] {processor.py:654} INFO - DAG(s) dict_keys(['yellow_taxi_data']) retrieved from /opt/airflow/dags/data_ingestion_gcs_dag.py
[2022-11-14 08:21:33,687] {logging_mixin.py:109} INFO - [2022-11-14 08:21:33,686] {dag.py:2396} INFO - Sync 1 DAGs
[2022-11-14 08:21:33,722] {logging_mixin.py:109} INFO - [2022-11-14 08:21:33,722] {dag.py:2935} INFO - Setting next_dagrun for yellow_taxi_data to None
[2022-11-14 08:21:33,736] {processor.py:171} INFO - Processing /opt/airflow/dags/data_ingestion_gcs_dag.py took 1.323 seconds
[2022-11-14 08:22:03,815] {processor.py:163} INFO - Started process (PID=1919) to work on /opt/airflow/dags/data_ingestion_gcs_dag.py
[2022-11-14 08:22:03,818] {processor.py:642} INFO - Processing file /opt/airflow/dags/data_ingestion_gcs_dag.py for tasks to queue
[2022-11-14 08:22:03,819] {logging_mixin.py:109} INFO - [2022-11-14 08:22:03,819] {dagbag.py:500} INFO - Filling up the DagBag from /opt/airflow/dags/data_ingestion_gcs_dag.py
[2022-11-14 08:22:04,656] {processor.py:654} INFO - DAG(s) dict_keys(['yellow_taxi_data']) retrieved from /opt/airflow/dags/data_ingestion_gcs_dag.py
[2022-11-14 08:22:04,669] {logging_mixin.py:109} INFO - [2022-11-14 08:22:04,668] {dag.py:2396} INFO - Sync 1 DAGs
[2022-11-14 08:22:04,687] {logging_mixin.py:109} INFO - [2022-11-14 08:22:04,687] {dag.py:2935} INFO - Setting next_dagrun for yellow_taxi_data to None
[2022-11-14 08:22:04,698] {processor.py:171} INFO - Processing /opt/airflow/dags/data_ingestion_gcs_dag.py took 0.888 seconds
[2022-11-14 08:22:34,798] {processor.py:163} INFO - Started process (PID=1942) to work on /opt/airflow/dags/data_ingestion_gcs_dag.py
[2022-11-14 08:22:34,800] {processor.py:642} INFO - Processing file /opt/airflow/dags/data_ingestion_gcs_dag.py for tasks to queue
[2022-11-14 08:22:34,801] {logging_mixin.py:109} INFO - [2022-11-14 08:22:34,801] {dagbag.py:500} INFO - Filling up the DagBag from /opt/airflow/dags/data_ingestion_gcs_dag.py
[2022-11-14 08:22:35,740] {processor.py:654} INFO - DAG(s) dict_keys(['yellow_taxi_data']) retrieved from /opt/airflow/dags/data_ingestion_gcs_dag.py
[2022-11-14 08:22:35,753] {logging_mixin.py:109} INFO - [2022-11-14 08:22:35,752] {dag.py:2396} INFO - Sync 1 DAGs
[2022-11-14 08:22:35,774] {logging_mixin.py:109} INFO - [2022-11-14 08:22:35,773] {dag.py:2935} INFO - Setting next_dagrun for yellow_taxi_data to None
[2022-11-14 08:22:35,786] {processor.py:171} INFO - Processing /opt/airflow/dags/data_ingestion_gcs_dag.py took 0.994 seconds
[2022-11-14 08:23:05,914] {processor.py:163} INFO - Started process (PID=1974) to work on /opt/airflow/dags/data_ingestion_gcs_dag.py
[2022-11-14 08:23:05,918] {processor.py:642} INFO - Processing file /opt/airflow/dags/data_ingestion_gcs_dag.py for tasks to queue
[2022-11-14 08:23:05,920] {logging_mixin.py:109} INFO - [2022-11-14 08:23:05,919] {dagbag.py:500} INFO - Filling up the DagBag from /opt/airflow/dags/data_ingestion_gcs_dag.py
[2022-11-14 08:23:06,804] {processor.py:654} INFO - DAG(s) dict_keys(['yellow_taxi_data']) retrieved from /opt/airflow/dags/data_ingestion_gcs_dag.py
[2022-11-14 08:23:06,813] {logging_mixin.py:109} INFO - [2022-11-14 08:23:06,813] {dag.py:2396} INFO - Sync 1 DAGs
[2022-11-14 08:23:06,830] {logging_mixin.py:109} INFO - [2022-11-14 08:23:06,830] {dag.py:2935} INFO - Setting next_dagrun for yellow_taxi_data to None
[2022-11-14 08:23:06,840] {processor.py:171} INFO - Processing /opt/airflow/dags/data_ingestion_gcs_dag.py took 0.932 seconds
[2022-11-14 08:23:36,949] {processor.py:163} INFO - Started process (PID=1996) to work on /opt/airflow/dags/data_ingestion_gcs_dag.py
[2022-11-14 08:23:36,951] {processor.py:642} INFO - Processing file /opt/airflow/dags/data_ingestion_gcs_dag.py for tasks to queue
[2022-11-14 08:23:36,952] {logging_mixin.py:109} INFO - [2022-11-14 08:23:36,952] {dagbag.py:500} INFO - Filling up the DagBag from /opt/airflow/dags/data_ingestion_gcs_dag.py
[2022-11-14 08:23:37,824] {processor.py:654} INFO - DAG(s) dict_keys(['yellow_taxi_data']) retrieved from /opt/airflow/dags/data_ingestion_gcs_dag.py
[2022-11-14 08:23:37,835] {logging_mixin.py:109} INFO - [2022-11-14 08:23:37,834] {dag.py:2396} INFO - Sync 1 DAGs
[2022-11-14 08:23:37,854] {logging_mixin.py:109} INFO - [2022-11-14 08:23:37,854] {dag.py:2935} INFO - Setting next_dagrun for yellow_taxi_data to None
[2022-11-14 08:23:37,867] {processor.py:171} INFO - Processing /opt/airflow/dags/data_ingestion_gcs_dag.py took 0.924 seconds
[2022-11-14 08:24:07,983] {processor.py:163} INFO - Started process (PID=2029) to work on /opt/airflow/dags/data_ingestion_gcs_dag.py
[2022-11-14 08:24:07,986] {processor.py:642} INFO - Processing file /opt/airflow/dags/data_ingestion_gcs_dag.py for tasks to queue
[2022-11-14 08:24:07,986] {logging_mixin.py:109} INFO - [2022-11-14 08:24:07,986] {dagbag.py:500} INFO - Filling up the DagBag from /opt/airflow/dags/data_ingestion_gcs_dag.py
[2022-11-14 08:24:08,836] {processor.py:654} INFO - DAG(s) dict_keys(['yellow_taxi_data']) retrieved from /opt/airflow/dags/data_ingestion_gcs_dag.py
[2022-11-14 08:24:08,846] {logging_mixin.py:109} INFO - [2022-11-14 08:24:08,845] {dag.py:2396} INFO - Sync 1 DAGs
[2022-11-14 08:24:08,866] {logging_mixin.py:109} INFO - [2022-11-14 08:24:08,866] {dag.py:2935} INFO - Setting next_dagrun for yellow_taxi_data to None
[2022-11-14 08:24:08,877] {processor.py:171} INFO - Processing /opt/airflow/dags/data_ingestion_gcs_dag.py took 0.900 seconds
[2022-11-14 08:24:38,975] {processor.py:163} INFO - Started process (PID=2053) to work on /opt/airflow/dags/data_ingestion_gcs_dag.py
[2022-11-14 08:24:38,976] {processor.py:642} INFO - Processing file /opt/airflow/dags/data_ingestion_gcs_dag.py for tasks to queue
[2022-11-14 08:24:38,977] {logging_mixin.py:109} INFO - [2022-11-14 08:24:38,977] {dagbag.py:500} INFO - Filling up the DagBag from /opt/airflow/dags/data_ingestion_gcs_dag.py
[2022-11-14 08:24:40,016] {processor.py:654} INFO - DAG(s) dict_keys(['yellow_taxi_data']) retrieved from /opt/airflow/dags/data_ingestion_gcs_dag.py
[2022-11-14 08:24:40,027] {logging_mixin.py:109} INFO - [2022-11-14 08:24:40,026] {dag.py:2396} INFO - Sync 1 DAGs
[2022-11-14 08:24:40,045] {logging_mixin.py:109} INFO - [2022-11-14 08:24:40,045] {dag.py:2935} INFO - Setting next_dagrun for yellow_taxi_data to None
[2022-11-14 08:24:40,056] {processor.py:171} INFO - Processing /opt/airflow/dags/data_ingestion_gcs_dag.py took 1.087 seconds
[2022-11-14 08:25:10,096] {processor.py:163} INFO - Started process (PID=2087) to work on /opt/airflow/dags/data_ingestion_gcs_dag.py
[2022-11-14 08:25:10,099] {processor.py:642} INFO - Processing file /opt/airflow/dags/data_ingestion_gcs_dag.py for tasks to queue
[2022-11-14 08:25:10,100] {logging_mixin.py:109} INFO - [2022-11-14 08:25:10,100] {dagbag.py:500} INFO - Filling up the DagBag from /opt/airflow/dags/data_ingestion_gcs_dag.py
[2022-11-14 08:25:10,994] {processor.py:654} INFO - DAG(s) dict_keys(['yellow_taxi_data']) retrieved from /opt/airflow/dags/data_ingestion_gcs_dag.py
[2022-11-14 08:25:11,003] {logging_mixin.py:109} INFO - [2022-11-14 08:25:11,003] {dag.py:2396} INFO - Sync 1 DAGs
[2022-11-14 08:25:11,021] {logging_mixin.py:109} INFO - [2022-11-14 08:25:11,021] {dag.py:2935} INFO - Setting next_dagrun for yellow_taxi_data to None
[2022-11-14 08:25:11,032] {processor.py:171} INFO - Processing /opt/airflow/dags/data_ingestion_gcs_dag.py took 0.941 seconds
[2022-11-14 08:25:41,137] {processor.py:163} INFO - Started process (PID=2111) to work on /opt/airflow/dags/data_ingestion_gcs_dag.py
[2022-11-14 08:25:41,140] {processor.py:642} INFO - Processing file /opt/airflow/dags/data_ingestion_gcs_dag.py for tasks to queue
[2022-11-14 08:25:41,141] {logging_mixin.py:109} INFO - [2022-11-14 08:25:41,141] {dagbag.py:500} INFO - Filling up the DagBag from /opt/airflow/dags/data_ingestion_gcs_dag.py
[2022-11-14 08:25:41,999] {processor.py:654} INFO - DAG(s) dict_keys(['yellow_taxi_data']) retrieved from /opt/airflow/dags/data_ingestion_gcs_dag.py
[2022-11-14 08:25:42,010] {logging_mixin.py:109} INFO - [2022-11-14 08:25:42,009] {dag.py:2396} INFO - Sync 1 DAGs
[2022-11-14 08:25:42,029] {logging_mixin.py:109} INFO - [2022-11-14 08:25:42,029] {dag.py:2935} INFO - Setting next_dagrun for yellow_taxi_data to None
[2022-11-14 08:25:42,042] {processor.py:171} INFO - Processing /opt/airflow/dags/data_ingestion_gcs_dag.py took 0.910 seconds
[2022-11-14 08:26:12,149] {processor.py:163} INFO - Started process (PID=2134) to work on /opt/airflow/dags/data_ingestion_gcs_dag.py
[2022-11-14 08:26:12,155] {processor.py:642} INFO - Processing file /opt/airflow/dags/data_ingestion_gcs_dag.py for tasks to queue
[2022-11-14 08:26:12,156] {logging_mixin.py:109} INFO - [2022-11-14 08:26:12,156] {dagbag.py:500} INFO - Filling up the DagBag from /opt/airflow/dags/data_ingestion_gcs_dag.py
[2022-11-14 08:26:13,130] {processor.py:654} INFO - DAG(s) dict_keys(['yellow_taxi_data']) retrieved from /opt/airflow/dags/data_ingestion_gcs_dag.py
[2022-11-14 08:26:13,140] {logging_mixin.py:109} INFO - [2022-11-14 08:26:13,139] {dag.py:2396} INFO - Sync 1 DAGs
[2022-11-14 08:26:13,158] {logging_mixin.py:109} INFO - [2022-11-14 08:26:13,158] {dag.py:2935} INFO - Setting next_dagrun for yellow_taxi_data to None
[2022-11-14 08:26:13,169] {processor.py:171} INFO - Processing /opt/airflow/dags/data_ingestion_gcs_dag.py took 1.025 seconds
[2022-11-14 08:26:43,263] {processor.py:163} INFO - Started process (PID=2166) to work on /opt/airflow/dags/data_ingestion_gcs_dag.py
[2022-11-14 08:26:43,265] {processor.py:642} INFO - Processing file /opt/airflow/dags/data_ingestion_gcs_dag.py for tasks to queue
[2022-11-14 08:26:43,266] {logging_mixin.py:109} INFO - [2022-11-14 08:26:43,266] {dagbag.py:500} INFO - Filling up the DagBag from /opt/airflow/dags/data_ingestion_gcs_dag.py
[2022-11-14 08:26:44,112] {processor.py:654} INFO - DAG(s) dict_keys(['yellow_taxi_data']) retrieved from /opt/airflow/dags/data_ingestion_gcs_dag.py
[2022-11-14 08:26:44,122] {logging_mixin.py:109} INFO - [2022-11-14 08:26:44,122] {dag.py:2396} INFO - Sync 1 DAGs
[2022-11-14 08:26:44,140] {logging_mixin.py:109} INFO - [2022-11-14 08:26:44,140] {dag.py:2935} INFO - Setting next_dagrun for yellow_taxi_data to None
[2022-11-14 08:26:44,151] {processor.py:171} INFO - Processing /opt/airflow/dags/data_ingestion_gcs_dag.py took 0.892 seconds
[2022-11-14 08:27:14,263] {processor.py:163} INFO - Started process (PID=2189) to work on /opt/airflow/dags/data_ingestion_gcs_dag.py
[2022-11-14 08:27:14,265] {processor.py:642} INFO - Processing file /opt/airflow/dags/data_ingestion_gcs_dag.py for tasks to queue
[2022-11-14 08:27:14,266] {logging_mixin.py:109} INFO - [2022-11-14 08:27:14,266] {dagbag.py:500} INFO - Filling up the DagBag from /opt/airflow/dags/data_ingestion_gcs_dag.py
[2022-11-14 08:27:15,250] {processor.py:654} INFO - DAG(s) dict_keys(['yellow_taxi_data']) retrieved from /opt/airflow/dags/data_ingestion_gcs_dag.py
[2022-11-14 08:27:15,264] {logging_mixin.py:109} INFO - [2022-11-14 08:27:15,263] {dag.py:2396} INFO - Sync 1 DAGs
[2022-11-14 08:27:15,288] {logging_mixin.py:109} INFO - [2022-11-14 08:27:15,288] {dag.py:2935} INFO - Setting next_dagrun for yellow_taxi_data to None
[2022-11-14 08:27:15,300] {processor.py:171} INFO - Processing /opt/airflow/dags/data_ingestion_gcs_dag.py took 1.043 seconds
[2022-11-14 08:27:45,372] {processor.py:163} INFO - Started process (PID=2221) to work on /opt/airflow/dags/data_ingestion_gcs_dag.py
[2022-11-14 08:27:45,374] {processor.py:642} INFO - Processing file /opt/airflow/dags/data_ingestion_gcs_dag.py for tasks to queue
[2022-11-14 08:27:45,375] {logging_mixin.py:109} INFO - [2022-11-14 08:27:45,375] {dagbag.py:500} INFO - Filling up the DagBag from /opt/airflow/dags/data_ingestion_gcs_dag.py
[2022-11-14 08:27:46,266] {processor.py:654} INFO - DAG(s) dict_keys(['yellow_taxi_data']) retrieved from /opt/airflow/dags/data_ingestion_gcs_dag.py
[2022-11-14 08:27:46,276] {logging_mixin.py:109} INFO - [2022-11-14 08:27:46,276] {dag.py:2396} INFO - Sync 1 DAGs
[2022-11-14 08:27:46,294] {logging_mixin.py:109} INFO - [2022-11-14 08:27:46,294] {dag.py:2935} INFO - Setting next_dagrun for yellow_taxi_data to None
[2022-11-14 08:27:46,305] {processor.py:171} INFO - Processing /opt/airflow/dags/data_ingestion_gcs_dag.py took 0.938 seconds
[2022-11-14 08:28:16,418] {processor.py:163} INFO - Started process (PID=2245) to work on /opt/airflow/dags/data_ingestion_gcs_dag.py
[2022-11-14 08:28:16,419] {processor.py:642} INFO - Processing file /opt/airflow/dags/data_ingestion_gcs_dag.py for tasks to queue
[2022-11-14 08:28:16,420] {logging_mixin.py:109} INFO - [2022-11-14 08:28:16,420] {dagbag.py:500} INFO - Filling up the DagBag from /opt/airflow/dags/data_ingestion_gcs_dag.py
[2022-11-14 08:28:17,297] {processor.py:654} INFO - DAG(s) dict_keys(['yellow_taxi_data']) retrieved from /opt/airflow/dags/data_ingestion_gcs_dag.py
[2022-11-14 08:28:17,307] {logging_mixin.py:109} INFO - [2022-11-14 08:28:17,307] {dag.py:2396} INFO - Sync 1 DAGs
[2022-11-14 08:28:17,325] {logging_mixin.py:109} INFO - [2022-11-14 08:28:17,325] {dag.py:2935} INFO - Setting next_dagrun for yellow_taxi_data to None
[2022-11-14 08:28:17,336] {processor.py:171} INFO - Processing /opt/airflow/dags/data_ingestion_gcs_dag.py took 0.924 seconds
[2022-11-14 08:28:47,446] {processor.py:163} INFO - Started process (PID=2277) to work on /opt/airflow/dags/data_ingestion_gcs_dag.py
[2022-11-14 08:28:47,453] {processor.py:642} INFO - Processing file /opt/airflow/dags/data_ingestion_gcs_dag.py for tasks to queue
[2022-11-14 08:28:47,455] {logging_mixin.py:109} INFO - [2022-11-14 08:28:47,454] {dagbag.py:500} INFO - Filling up the DagBag from /opt/airflow/dags/data_ingestion_gcs_dag.py
[2022-11-14 08:28:48,440] {processor.py:654} INFO - DAG(s) dict_keys(['yellow_taxi_data']) retrieved from /opt/airflow/dags/data_ingestion_gcs_dag.py
[2022-11-14 08:28:48,453] {logging_mixin.py:109} INFO - [2022-11-14 08:28:48,452] {dag.py:2396} INFO - Sync 1 DAGs
[2022-11-14 08:28:48,471] {logging_mixin.py:109} INFO - [2022-11-14 08:28:48,470] {dag.py:2935} INFO - Setting next_dagrun for yellow_taxi_data to None
[2022-11-14 08:28:48,480] {processor.py:171} INFO - Processing /opt/airflow/dags/data_ingestion_gcs_dag.py took 1.040 seconds
[2022-11-14 08:29:18,571] {processor.py:163} INFO - Started process (PID=2301) to work on /opt/airflow/dags/data_ingestion_gcs_dag.py
[2022-11-14 08:29:18,572] {processor.py:642} INFO - Processing file /opt/airflow/dags/data_ingestion_gcs_dag.py for tasks to queue
[2022-11-14 08:29:18,573] {logging_mixin.py:109} INFO - [2022-11-14 08:29:18,573] {dagbag.py:500} INFO - Filling up the DagBag from /opt/airflow/dags/data_ingestion_gcs_dag.py
[2022-11-14 08:29:19,502] {processor.py:654} INFO - DAG(s) dict_keys(['yellow_taxi_data']) retrieved from /opt/airflow/dags/data_ingestion_gcs_dag.py
[2022-11-14 08:29:19,512] {logging_mixin.py:109} INFO - [2022-11-14 08:29:19,511] {dag.py:2396} INFO - Sync 1 DAGs
[2022-11-14 08:29:19,529] {logging_mixin.py:109} INFO - [2022-11-14 08:29:19,529] {dag.py:2935} INFO - Setting next_dagrun for yellow_taxi_data to None
[2022-11-14 08:29:19,539] {processor.py:171} INFO - Processing /opt/airflow/dags/data_ingestion_gcs_dag.py took 0.972 seconds
[2022-11-14 08:29:49,684] {processor.py:163} INFO - Started process (PID=2333) to work on /opt/airflow/dags/data_ingestion_gcs_dag.py
[2022-11-14 08:29:49,686] {processor.py:642} INFO - Processing file /opt/airflow/dags/data_ingestion_gcs_dag.py for tasks to queue
[2022-11-14 08:29:49,687] {logging_mixin.py:109} INFO - [2022-11-14 08:29:49,687] {dagbag.py:500} INFO - Filling up the DagBag from /opt/airflow/dags/data_ingestion_gcs_dag.py
[2022-11-14 08:29:50,727] {processor.py:654} INFO - DAG(s) dict_keys(['yellow_taxi_data']) retrieved from /opt/airflow/dags/data_ingestion_gcs_dag.py
[2022-11-14 08:29:50,737] {logging_mixin.py:109} INFO - [2022-11-14 08:29:50,737] {dag.py:2396} INFO - Sync 1 DAGs
[2022-11-14 08:29:50,755] {logging_mixin.py:109} INFO - [2022-11-14 08:29:50,754] {dag.py:2935} INFO - Setting next_dagrun for yellow_taxi_data to None
[2022-11-14 08:29:50,765] {processor.py:171} INFO - Processing /opt/airflow/dags/data_ingestion_gcs_dag.py took 1.086 seconds
[2022-11-14 08:30:20,856] {processor.py:163} INFO - Started process (PID=2356) to work on /opt/airflow/dags/data_ingestion_gcs_dag.py
[2022-11-14 08:30:20,857] {processor.py:642} INFO - Processing file /opt/airflow/dags/data_ingestion_gcs_dag.py for tasks to queue
[2022-11-14 08:30:20,858] {logging_mixin.py:109} INFO - [2022-11-14 08:30:20,858] {dagbag.py:500} INFO - Filling up the DagBag from /opt/airflow/dags/data_ingestion_gcs_dag.py
[2022-11-14 08:30:21,736] {processor.py:654} INFO - DAG(s) dict_keys(['yellow_taxi_data']) retrieved from /opt/airflow/dags/data_ingestion_gcs_dag.py
[2022-11-14 08:30:21,747] {logging_mixin.py:109} INFO - [2022-11-14 08:30:21,746] {dag.py:2396} INFO - Sync 1 DAGs
[2022-11-14 08:30:21,765] {logging_mixin.py:109} INFO - [2022-11-14 08:30:21,765] {dag.py:2935} INFO - Setting next_dagrun for yellow_taxi_data to None
[2022-11-14 08:30:21,776] {processor.py:171} INFO - Processing /opt/airflow/dags/data_ingestion_gcs_dag.py took 0.926 seconds
[2022-11-14 08:30:51,922] {processor.py:163} INFO - Started process (PID=2380) to work on /opt/airflow/dags/data_ingestion_gcs_dag.py
[2022-11-14 08:30:51,927] {processor.py:642} INFO - Processing file /opt/airflow/dags/data_ingestion_gcs_dag.py for tasks to queue
[2022-11-14 08:30:51,928] {logging_mixin.py:109} INFO - [2022-11-14 08:30:51,927] {dagbag.py:500} INFO - Filling up the DagBag from /opt/airflow/dags/data_ingestion_gcs_dag.py
[2022-11-14 08:30:52,767] {processor.py:654} INFO - DAG(s) dict_keys(['yellow_taxi_data']) retrieved from /opt/airflow/dags/data_ingestion_gcs_dag.py
[2022-11-14 08:30:52,777] {logging_mixin.py:109} INFO - [2022-11-14 08:30:52,777] {dag.py:2396} INFO - Sync 1 DAGs
[2022-11-14 08:30:52,795] {logging_mixin.py:109} INFO - [2022-11-14 08:30:52,794] {dag.py:2935} INFO - Setting next_dagrun for yellow_taxi_data to None
[2022-11-14 08:30:52,805] {processor.py:171} INFO - Processing /opt/airflow/dags/data_ingestion_gcs_dag.py took 0.888 seconds
[2022-11-14 08:31:22,921] {processor.py:163} INFO - Started process (PID=2412) to work on /opt/airflow/dags/data_ingestion_gcs_dag.py
[2022-11-14 08:31:22,923] {processor.py:642} INFO - Processing file /opt/airflow/dags/data_ingestion_gcs_dag.py for tasks to queue
[2022-11-14 08:31:22,924] {logging_mixin.py:109} INFO - [2022-11-14 08:31:22,924] {dagbag.py:500} INFO - Filling up the DagBag from /opt/airflow/dags/data_ingestion_gcs_dag.py
[2022-11-14 08:31:23,781] {processor.py:654} INFO - DAG(s) dict_keys(['yellow_taxi_data']) retrieved from /opt/airflow/dags/data_ingestion_gcs_dag.py
[2022-11-14 08:31:23,795] {logging_mixin.py:109} INFO - [2022-11-14 08:31:23,795] {dag.py:2396} INFO - Sync 1 DAGs
[2022-11-14 08:31:23,823] {logging_mixin.py:109} INFO - [2022-11-14 08:31:23,823] {dag.py:2935} INFO - Setting next_dagrun for yellow_taxi_data to None
[2022-11-14 08:31:23,834] {processor.py:171} INFO - Processing /opt/airflow/dags/data_ingestion_gcs_dag.py took 0.918 seconds
[2022-11-14 08:31:53,931] {processor.py:163} INFO - Started process (PID=2434) to work on /opt/airflow/dags/data_ingestion_gcs_dag.py
[2022-11-14 08:31:53,934] {processor.py:642} INFO - Processing file /opt/airflow/dags/data_ingestion_gcs_dag.py for tasks to queue
[2022-11-14 08:31:53,935] {logging_mixin.py:109} INFO - [2022-11-14 08:31:53,935] {dagbag.py:500} INFO - Filling up the DagBag from /opt/airflow/dags/data_ingestion_gcs_dag.py
[2022-11-14 08:31:54,808] {processor.py:654} INFO - DAG(s) dict_keys(['yellow_taxi_data']) retrieved from /opt/airflow/dags/data_ingestion_gcs_dag.py
[2022-11-14 08:31:54,819] {logging_mixin.py:109} INFO - [2022-11-14 08:31:54,819] {dag.py:2396} INFO - Sync 1 DAGs
[2022-11-14 08:31:54,846] {logging_mixin.py:109} INFO - [2022-11-14 08:31:54,846] {dag.py:2935} INFO - Setting next_dagrun for yellow_taxi_data to None
[2022-11-14 08:31:54,860] {processor.py:171} INFO - Processing /opt/airflow/dags/data_ingestion_gcs_dag.py took 0.935 seconds
[2022-11-14 08:32:24,961] {processor.py:163} INFO - Started process (PID=2466) to work on /opt/airflow/dags/data_ingestion_gcs_dag.py
[2022-11-14 08:32:24,964] {processor.py:642} INFO - Processing file /opt/airflow/dags/data_ingestion_gcs_dag.py for tasks to queue
[2022-11-14 08:32:24,965] {logging_mixin.py:109} INFO - [2022-11-14 08:32:24,965] {dagbag.py:500} INFO - Filling up the DagBag from /opt/airflow/dags/data_ingestion_gcs_dag.py
[2022-11-14 08:32:25,882] {processor.py:654} INFO - DAG(s) dict_keys(['yellow_taxi_data']) retrieved from /opt/airflow/dags/data_ingestion_gcs_dag.py
[2022-11-14 08:32:25,891] {logging_mixin.py:109} INFO - [2022-11-14 08:32:25,891] {dag.py:2396} INFO - Sync 1 DAGs
[2022-11-14 08:32:25,909] {logging_mixin.py:109} INFO - [2022-11-14 08:32:25,909] {dag.py:2935} INFO - Setting next_dagrun for yellow_taxi_data to None
[2022-11-14 08:32:25,920] {processor.py:171} INFO - Processing /opt/airflow/dags/data_ingestion_gcs_dag.py took 0.965 seconds
[2022-11-14 08:32:56,009] {processor.py:163} INFO - Started process (PID=2489) to work on /opt/airflow/dags/data_ingestion_gcs_dag.py
[2022-11-14 08:32:56,010] {processor.py:642} INFO - Processing file /opt/airflow/dags/data_ingestion_gcs_dag.py for tasks to queue
[2022-11-14 08:32:56,011] {logging_mixin.py:109} INFO - [2022-11-14 08:32:56,011] {dagbag.py:500} INFO - Filling up the DagBag from /opt/airflow/dags/data_ingestion_gcs_dag.py
[2022-11-14 08:32:56,853] {processor.py:654} INFO - DAG(s) dict_keys(['yellow_taxi_data']) retrieved from /opt/airflow/dags/data_ingestion_gcs_dag.py
[2022-11-14 08:32:56,862] {logging_mixin.py:109} INFO - [2022-11-14 08:32:56,862] {dag.py:2396} INFO - Sync 1 DAGs
[2022-11-14 08:32:56,880] {logging_mixin.py:109} INFO - [2022-11-14 08:32:56,879] {dag.py:2935} INFO - Setting next_dagrun for yellow_taxi_data to None
[2022-11-14 08:32:56,891] {processor.py:171} INFO - Processing /opt/airflow/dags/data_ingestion_gcs_dag.py took 0.887 seconds
[2022-11-14 08:33:26,978] {processor.py:163} INFO - Started process (PID=2512) to work on /opt/airflow/dags/data_ingestion_gcs_dag.py
[2022-11-14 08:33:26,983] {processor.py:642} INFO - Processing file /opt/airflow/dags/data_ingestion_gcs_dag.py for tasks to queue
[2022-11-14 08:33:26,984] {logging_mixin.py:109} INFO - [2022-11-14 08:33:26,984] {dagbag.py:500} INFO - Filling up the DagBag from /opt/airflow/dags/data_ingestion_gcs_dag.py
[2022-11-14 08:33:27,850] {processor.py:654} INFO - DAG(s) dict_keys(['yellow_taxi_data']) retrieved from /opt/airflow/dags/data_ingestion_gcs_dag.py
[2022-11-14 08:33:27,865] {logging_mixin.py:109} INFO - [2022-11-14 08:33:27,864] {dag.py:2396} INFO - Sync 1 DAGs
[2022-11-14 08:33:27,890] {logging_mixin.py:109} INFO - [2022-11-14 08:33:27,890] {dag.py:2935} INFO - Setting next_dagrun for yellow_taxi_data to None
[2022-11-14 08:33:27,903] {processor.py:171} INFO - Processing /opt/airflow/dags/data_ingestion_gcs_dag.py took 0.930 seconds
[2022-11-14 08:33:57,997] {processor.py:163} INFO - Started process (PID=2544) to work on /opt/airflow/dags/data_ingestion_gcs_dag.py
[2022-11-14 08:33:58,000] {processor.py:642} INFO - Processing file /opt/airflow/dags/data_ingestion_gcs_dag.py for tasks to queue
[2022-11-14 08:33:58,001] {logging_mixin.py:109} INFO - [2022-11-14 08:33:58,001] {dagbag.py:500} INFO - Filling up the DagBag from /opt/airflow/dags/data_ingestion_gcs_dag.py
[2022-11-14 08:33:58,818] {processor.py:654} INFO - DAG(s) dict_keys(['yellow_taxi_data']) retrieved from /opt/airflow/dags/data_ingestion_gcs_dag.py
[2022-11-14 08:33:58,829] {logging_mixin.py:109} INFO - [2022-11-14 08:33:58,829] {dag.py:2396} INFO - Sync 1 DAGs
[2022-11-14 08:33:58,846] {logging_mixin.py:109} INFO - [2022-11-14 08:33:58,846] {dag.py:2935} INFO - Setting next_dagrun for yellow_taxi_data to None
[2022-11-14 08:33:58,858] {processor.py:171} INFO - Processing /opt/airflow/dags/data_ingestion_gcs_dag.py took 0.866 seconds
[2022-11-14 08:34:28,947] {processor.py:163} INFO - Started process (PID=2568) to work on /opt/airflow/dags/data_ingestion_gcs_dag.py
[2022-11-14 08:34:28,948] {processor.py:642} INFO - Processing file /opt/airflow/dags/data_ingestion_gcs_dag.py for tasks to queue
[2022-11-14 08:34:28,949] {logging_mixin.py:109} INFO - [2022-11-14 08:34:28,949] {dagbag.py:500} INFO - Filling up the DagBag from /opt/airflow/dags/data_ingestion_gcs_dag.py
[2022-11-14 08:34:29,818] {processor.py:654} INFO - DAG(s) dict_keys(['yellow_taxi_data']) retrieved from /opt/airflow/dags/data_ingestion_gcs_dag.py
[2022-11-14 08:34:29,828] {logging_mixin.py:109} INFO - [2022-11-14 08:34:29,827] {dag.py:2396} INFO - Sync 1 DAGs
[2022-11-14 08:34:29,846] {logging_mixin.py:109} INFO - [2022-11-14 08:34:29,846] {dag.py:2935} INFO - Setting next_dagrun for yellow_taxi_data to None
[2022-11-14 08:34:29,860] {processor.py:171} INFO - Processing /opt/airflow/dags/data_ingestion_gcs_dag.py took 0.918 seconds
[2022-11-14 08:34:59,945] {processor.py:163} INFO - Started process (PID=2602) to work on /opt/airflow/dags/data_ingestion_gcs_dag.py
[2022-11-14 08:34:59,947] {processor.py:642} INFO - Processing file /opt/airflow/dags/data_ingestion_gcs_dag.py for tasks to queue
[2022-11-14 08:34:59,948] {logging_mixin.py:109} INFO - [2022-11-14 08:34:59,948] {dagbag.py:500} INFO - Filling up the DagBag from /opt/airflow/dags/data_ingestion_gcs_dag.py
[2022-11-14 08:35:00,829] {processor.py:654} INFO - DAG(s) dict_keys(['yellow_taxi_data']) retrieved from /opt/airflow/dags/data_ingestion_gcs_dag.py
[2022-11-14 08:35:00,845] {logging_mixin.py:109} INFO - [2022-11-14 08:35:00,844] {dag.py:2396} INFO - Sync 1 DAGs
[2022-11-14 08:35:00,865] {logging_mixin.py:109} INFO - [2022-11-14 08:35:00,865] {dag.py:2935} INFO - Setting next_dagrun for yellow_taxi_data to None
[2022-11-14 08:35:00,878] {processor.py:171} INFO - Processing /opt/airflow/dags/data_ingestion_gcs_dag.py took 0.938 seconds
[2022-11-14 08:35:30,970] {processor.py:163} INFO - Started process (PID=2625) to work on /opt/airflow/dags/data_ingestion_gcs_dag.py
[2022-11-14 08:35:30,972] {processor.py:642} INFO - Processing file /opt/airflow/dags/data_ingestion_gcs_dag.py for tasks to queue
[2022-11-14 08:35:30,973] {logging_mixin.py:109} INFO - [2022-11-14 08:35:30,973] {dagbag.py:500} INFO - Filling up the DagBag from /opt/airflow/dags/data_ingestion_gcs_dag.py
[2022-11-14 08:35:31,844] {processor.py:654} INFO - DAG(s) dict_keys(['yellow_taxi_data']) retrieved from /opt/airflow/dags/data_ingestion_gcs_dag.py
[2022-11-14 08:35:31,854] {logging_mixin.py:109} INFO - [2022-11-14 08:35:31,854] {dag.py:2396} INFO - Sync 1 DAGs
[2022-11-14 08:35:31,873] {logging_mixin.py:109} INFO - [2022-11-14 08:35:31,873] {dag.py:2935} INFO - Setting next_dagrun for yellow_taxi_data to None
[2022-11-14 08:35:31,884] {processor.py:171} INFO - Processing /opt/airflow/dags/data_ingestion_gcs_dag.py took 0.919 seconds
[2022-11-14 08:36:01,969] {processor.py:163} INFO - Started process (PID=2648) to work on /opt/airflow/dags/data_ingestion_gcs_dag.py
[2022-11-14 08:36:01,972] {processor.py:642} INFO - Processing file /opt/airflow/dags/data_ingestion_gcs_dag.py for tasks to queue
[2022-11-14 08:36:01,973] {logging_mixin.py:109} INFO - [2022-11-14 08:36:01,973] {dagbag.py:500} INFO - Filling up the DagBag from /opt/airflow/dags/data_ingestion_gcs_dag.py
[2022-11-14 08:36:02,867] {processor.py:654} INFO - DAG(s) dict_keys(['yellow_taxi_data']) retrieved from /opt/airflow/dags/data_ingestion_gcs_dag.py
[2022-11-14 08:36:02,878] {logging_mixin.py:109} INFO - [2022-11-14 08:36:02,878] {dag.py:2396} INFO - Sync 1 DAGs
[2022-11-14 08:36:02,899] {logging_mixin.py:109} INFO - [2022-11-14 08:36:02,899] {dag.py:2935} INFO - Setting next_dagrun for yellow_taxi_data to None
[2022-11-14 08:36:02,910] {processor.py:171} INFO - Processing /opt/airflow/dags/data_ingestion_gcs_dag.py took 0.946 seconds
[2022-11-14 08:36:33,040] {processor.py:163} INFO - Started process (PID=2679) to work on /opt/airflow/dags/data_ingestion_gcs_dag.py
[2022-11-14 08:36:33,044] {processor.py:642} INFO - Processing file /opt/airflow/dags/data_ingestion_gcs_dag.py for tasks to queue
[2022-11-14 08:36:33,046] {logging_mixin.py:109} INFO - [2022-11-14 08:36:33,045] {dagbag.py:500} INFO - Filling up the DagBag from /opt/airflow/dags/data_ingestion_gcs_dag.py
[2022-11-14 08:36:33,916] {processor.py:654} INFO - DAG(s) dict_keys(['yellow_taxi_data']) retrieved from /opt/airflow/dags/data_ingestion_gcs_dag.py
[2022-11-14 08:36:33,927] {logging_mixin.py:109} INFO - [2022-11-14 08:36:33,927] {dag.py:2396} INFO - Sync 1 DAGs
[2022-11-14 08:36:33,950] {logging_mixin.py:109} INFO - [2022-11-14 08:36:33,950] {dag.py:2935} INFO - Setting next_dagrun for yellow_taxi_data to None
[2022-11-14 08:36:33,964] {processor.py:171} INFO - Processing /opt/airflow/dags/data_ingestion_gcs_dag.py took 0.930 seconds
[2022-11-14 08:37:04,069] {processor.py:163} INFO - Started process (PID=2703) to work on /opt/airflow/dags/data_ingestion_gcs_dag.py
[2022-11-14 08:37:04,072] {processor.py:642} INFO - Processing file /opt/airflow/dags/data_ingestion_gcs_dag.py for tasks to queue
[2022-11-14 08:37:04,073] {logging_mixin.py:109} INFO - [2022-11-14 08:37:04,073] {dagbag.py:500} INFO - Filling up the DagBag from /opt/airflow/dags/data_ingestion_gcs_dag.py
[2022-11-14 08:37:04,935] {processor.py:654} INFO - DAG(s) dict_keys(['yellow_taxi_data']) retrieved from /opt/airflow/dags/data_ingestion_gcs_dag.py
[2022-11-14 08:37:04,945] {logging_mixin.py:109} INFO - [2022-11-14 08:37:04,945] {dag.py:2396} INFO - Sync 1 DAGs
[2022-11-14 08:37:04,965] {logging_mixin.py:109} INFO - [2022-11-14 08:37:04,965] {dag.py:2935} INFO - Setting next_dagrun for yellow_taxi_data to None
[2022-11-14 08:37:04,976] {processor.py:171} INFO - Processing /opt/airflow/dags/data_ingestion_gcs_dag.py took 0.913 seconds
[2022-11-14 08:37:35,078] {processor.py:163} INFO - Started process (PID=2736) to work on /opt/airflow/dags/data_ingestion_gcs_dag.py
[2022-11-14 08:37:35,081] {processor.py:642} INFO - Processing file /opt/airflow/dags/data_ingestion_gcs_dag.py for tasks to queue
[2022-11-14 08:37:35,083] {logging_mixin.py:109} INFO - [2022-11-14 08:37:35,082] {dagbag.py:500} INFO - Filling up the DagBag from /opt/airflow/dags/data_ingestion_gcs_dag.py
[2022-11-14 08:37:36,003] {processor.py:654} INFO - DAG(s) dict_keys(['yellow_taxi_data']) retrieved from /opt/airflow/dags/data_ingestion_gcs_dag.py
[2022-11-14 08:37:36,016] {logging_mixin.py:109} INFO - [2022-11-14 08:37:36,015] {dag.py:2396} INFO - Sync 1 DAGs
[2022-11-14 08:37:36,034] {logging_mixin.py:109} INFO - [2022-11-14 08:37:36,034] {dag.py:2935} INFO - Setting next_dagrun for yellow_taxi_data to None
[2022-11-14 08:37:36,045] {processor.py:171} INFO - Processing /opt/airflow/dags/data_ingestion_gcs_dag.py took 0.972 seconds
[2022-11-14 08:38:06,145] {processor.py:163} INFO - Started process (PID=2758) to work on /opt/airflow/dags/data_ingestion_gcs_dag.py
[2022-11-14 08:38:06,147] {processor.py:642} INFO - Processing file /opt/airflow/dags/data_ingestion_gcs_dag.py for tasks to queue
[2022-11-14 08:38:06,148] {logging_mixin.py:109} INFO - [2022-11-14 08:38:06,148] {dagbag.py:500} INFO - Filling up the DagBag from /opt/airflow/dags/data_ingestion_gcs_dag.py
[2022-11-14 08:38:07,023] {processor.py:654} INFO - DAG(s) dict_keys(['yellow_taxi_data']) retrieved from /opt/airflow/dags/data_ingestion_gcs_dag.py
[2022-11-14 08:38:07,036] {logging_mixin.py:109} INFO - [2022-11-14 08:38:07,035] {dag.py:2396} INFO - Sync 1 DAGs
[2022-11-14 08:38:07,054] {logging_mixin.py:109} INFO - [2022-11-14 08:38:07,054] {dag.py:2935} INFO - Setting next_dagrun for yellow_taxi_data to None
[2022-11-14 08:38:07,065] {processor.py:171} INFO - Processing /opt/airflow/dags/data_ingestion_gcs_dag.py took 0.926 seconds
