[2022-11-14 15:57:06,331] {taskinstance.py:1032} INFO - Dependencies all met for <TaskInstance: yellow_taxi_data_v2.local_to_gcs_task scheduled__2021-10-02T06:00:00+00:00 [queued]>
[2022-11-14 15:57:06,352] {taskinstance.py:1032} INFO - Dependencies all met for <TaskInstance: yellow_taxi_data_v2.local_to_gcs_task scheduled__2021-10-02T06:00:00+00:00 [queued]>
[2022-11-14 15:57:06,352] {taskinstance.py:1238} INFO - 
--------------------------------------------------------------------------------
[2022-11-14 15:57:06,353] {taskinstance.py:1239} INFO - Starting attempt 1 of 2
[2022-11-14 15:57:06,353] {taskinstance.py:1240} INFO - 
--------------------------------------------------------------------------------
[2022-11-14 15:57:06,373] {taskinstance.py:1259} INFO - Executing <Task(PythonOperator): local_to_gcs_task> on 2021-10-02 06:00:00+00:00
[2022-11-14 15:57:06,384] {standard_task_runner.py:52} INFO - Started process 1451 to run task
[2022-11-14 15:57:06,399] {standard_task_runner.py:76} INFO - Running: ['***', 'tasks', 'run', 'yellow_taxi_data_v2', 'local_to_gcs_task', 'scheduled__2021-10-02T06:00:00+00:00', '--job-id', '272', '--raw', '--subdir', 'DAGS_FOLDER/data_ingestion_gcs.py', '--cfg-path', '/tmp/tmphnqrtexl', '--error-file', '/tmp/tmpc6_d8tf0']
[2022-11-14 15:57:06,400] {standard_task_runner.py:77} INFO - Job 272: Subtask local_to_gcs_task
[2022-11-14 15:57:06,545] {logging_mixin.py:109} INFO - Running <TaskInstance: yellow_taxi_data_v2.local_to_gcs_task scheduled__2021-10-02T06:00:00+00:00 [running]> on host e030bae48f83
[2022-11-14 15:57:06,616] {warnings.py:110} WARNING - /home/***/.local/lib/python3.7/site-packages/***/utils/context.py:152: AirflowContextDeprecationWarning: Accessing 'execution_date' from the template is deprecated and will be removed in a future version. Please use 'data_interval_start' or 'logical_date' instead.
  warnings.warn(_create_deprecation_warning(key, self._deprecation_replacements[key]))

[2022-11-14 15:57:06,655] {taskinstance.py:1426} INFO - Exporting the following env vars:
AIRFLOW_CTX_DAG_OWNER=***
AIRFLOW_CTX_DAG_ID=yellow_taxi_data_v2
AIRFLOW_CTX_TASK_ID=local_to_gcs_task
AIRFLOW_CTX_EXECUTION_DATE=2021-10-02T06:00:00+00:00
AIRFLOW_CTX_DAG_RUN_ID=scheduled__2021-10-02T06:00:00+00:00
[2022-11-14 15:57:07,661] {python.py:175} INFO - Done. Returned value was: None
[2022-11-14 15:57:07,683] {taskinstance.py:1277} INFO - Marking task as SUCCESS. dag_id=yellow_taxi_data_v2, task_id=local_to_gcs_task, execution_date=20211002T060000, start_date=20221114T155706, end_date=20221114T155707
[2022-11-14 15:57:07,746] {local_task_job.py:154} INFO - Task exited with return code 0
[2022-11-14 15:57:07,814] {local_task_job.py:264} INFO - 1 downstream tasks scheduled from follow-on schedule check
[2022-11-16 09:26:29,475] {taskinstance.py:1032} INFO - Dependencies all met for <TaskInstance: yellow_taxi_data_v2.local_to_gcs_task scheduled__2021-10-02T06:00:00+00:00 [queued]>
[2022-11-16 09:26:29,497] {taskinstance.py:1032} INFO - Dependencies all met for <TaskInstance: yellow_taxi_data_v2.local_to_gcs_task scheduled__2021-10-02T06:00:00+00:00 [queued]>
[2022-11-16 09:26:29,497] {taskinstance.py:1238} INFO - 
--------------------------------------------------------------------------------
[2022-11-16 09:26:29,497] {taskinstance.py:1239} INFO - Starting attempt 1 of 2
[2022-11-16 09:26:29,497] {taskinstance.py:1240} INFO - 
--------------------------------------------------------------------------------
[2022-11-16 09:26:29,516] {taskinstance.py:1259} INFO - Executing <Task(PythonOperator): local_to_gcs_task> on 2021-10-02 06:00:00+00:00
[2022-11-16 09:26:29,525] {standard_task_runner.py:52} INFO - Started process 852 to run task
[2022-11-16 09:26:29,547] {standard_task_runner.py:76} INFO - Running: ['***', 'tasks', 'run', 'yellow_taxi_data_v2', 'local_to_gcs_task', 'scheduled__2021-10-02T06:00:00+00:00', '--job-id', '807', '--raw', '--subdir', 'DAGS_FOLDER/data_ingestion_gcs.py', '--cfg-path', '/tmp/tmp6csca46x', '--error-file', '/tmp/tmpebbr93so']
[2022-11-16 09:26:29,550] {standard_task_runner.py:77} INFO - Job 807: Subtask local_to_gcs_task
[2022-11-16 09:26:29,666] {logging_mixin.py:109} INFO - Running <TaskInstance: yellow_taxi_data_v2.local_to_gcs_task scheduled__2021-10-02T06:00:00+00:00 [running]> on host 75ceca4d9264
[2022-11-16 09:26:29,740] {warnings.py:110} WARNING - /home/***/.local/lib/python3.7/site-packages/***/utils/context.py:152: AirflowContextDeprecationWarning: Accessing 'execution_date' from the template is deprecated and will be removed in a future version. Please use 'data_interval_start' or 'logical_date' instead.
  warnings.warn(_create_deprecation_warning(key, self._deprecation_replacements[key]))

[2022-11-16 09:26:29,789] {taskinstance.py:1426} INFO - Exporting the following env vars:
AIRFLOW_CTX_DAG_OWNER=***
AIRFLOW_CTX_DAG_ID=yellow_taxi_data_v2
AIRFLOW_CTX_TASK_ID=local_to_gcs_task
AIRFLOW_CTX_EXECUTION_DATE=2021-10-02T06:00:00+00:00
AIRFLOW_CTX_DAG_RUN_ID=scheduled__2021-10-02T06:00:00+00:00
[2022-11-16 09:26:30,831] {python.py:175} INFO - Done. Returned value was: None
[2022-11-16 09:26:30,907] {taskinstance.py:1277} INFO - Marking task as SUCCESS. dag_id=yellow_taxi_data_v2, task_id=local_to_gcs_task, execution_date=20211002T060000, start_date=20221116T092629, end_date=20221116T092630
[2022-11-16 09:26:30,968] {local_task_job.py:154} INFO - Task exited with return code 0
[2022-11-16 09:26:31,031] {local_task_job.py:264} INFO - 1 downstream tasks scheduled from follow-on schedule check
