[2022-11-14 15:58:31,525] {taskinstance.py:1032} INFO - Dependencies all met for <TaskInstance: yellow_taxi_data_v2.download_dataset_task scheduled__2022-07-02T06:00:00+00:00 [queued]>
[2022-11-14 15:58:31,543] {taskinstance.py:1032} INFO - Dependencies all met for <TaskInstance: yellow_taxi_data_v2.download_dataset_task scheduled__2022-07-02T06:00:00+00:00 [queued]>
[2022-11-14 15:58:31,543] {taskinstance.py:1238} INFO - 
--------------------------------------------------------------------------------
[2022-11-14 15:58:31,543] {taskinstance.py:1239} INFO - Starting attempt 1 of 2
[2022-11-14 15:58:31,543] {taskinstance.py:1240} INFO - 
--------------------------------------------------------------------------------
[2022-11-14 15:58:31,564] {taskinstance.py:1259} INFO - Executing <Task(BashOperator): download_dataset_task> on 2022-07-02 06:00:00+00:00
[2022-11-14 15:58:31,574] {standard_task_runner.py:52} INFO - Started process 1596 to run task
[2022-11-14 15:58:31,588] {standard_task_runner.py:76} INFO - Running: ['***', 'tasks', 'run', 'yellow_taxi_data_v2', 'download_dataset_task', 'scheduled__2022-07-02T06:00:00+00:00', '--job-id', '294', '--raw', '--subdir', 'DAGS_FOLDER/data_ingestion_gcs.py', '--cfg-path', '/tmp/tmp_4eghj8p', '--error-file', '/tmp/tmpjzp__3zj']
[2022-11-14 15:58:31,590] {standard_task_runner.py:77} INFO - Job 294: Subtask download_dataset_task
[2022-11-14 15:58:31,707] {logging_mixin.py:109} INFO - Running <TaskInstance: yellow_taxi_data_v2.download_dataset_task scheduled__2022-07-02T06:00:00+00:00 [running]> on host e030bae48f83
[2022-11-14 15:58:31,829] {warnings.py:110} WARNING - /home/***/.local/lib/python3.7/site-packages/***/utils/context.py:152: AirflowContextDeprecationWarning: Accessing 'execution_date' from the template is deprecated and will be removed in a future version. Please use 'data_interval_start' or 'logical_date' instead.
  warnings.warn(_create_deprecation_warning(key, self._deprecation_replacements[key]))

[2022-11-14 15:58:31,899] {taskinstance.py:1426} INFO - Exporting the following env vars:
AIRFLOW_CTX_DAG_OWNER=***
AIRFLOW_CTX_DAG_ID=yellow_taxi_data_v2
AIRFLOW_CTX_TASK_ID=download_dataset_task
AIRFLOW_CTX_EXECUTION_DATE=2022-07-02T06:00:00+00:00
AIRFLOW_CTX_DAG_RUN_ID=scheduled__2022-07-02T06:00:00+00:00
[2022-11-14 15:58:31,901] {subprocess.py:62} INFO - Tmp dir root location: 
 /tmp
[2022-11-14 15:58:31,902] {subprocess.py:74} INFO - Running command: ['bash', '-c', 'curl -sSLf https://d37ci6vzurychx.cloudfront.net/trip-data/yellow_tripdata_2022-07.parquet > /opt/***/yellow_tripdata_2022-07.parquet']
[2022-11-14 15:58:31,926] {subprocess.py:85} INFO - Output:
[2022-11-14 15:58:33,781] {subprocess.py:93} INFO - Command exited with return code 0
[2022-11-14 15:58:33,827] {taskinstance.py:1277} INFO - Marking task as SUCCESS. dag_id=yellow_taxi_data_v2, task_id=download_dataset_task, execution_date=20220702T060000, start_date=20221114T155831, end_date=20221114T155833
[2022-11-14 15:58:33,864] {local_task_job.py:154} INFO - Task exited with return code 0
[2022-11-14 15:58:33,928] {local_task_job.py:264} INFO - 1 downstream tasks scheduled from follow-on schedule check
