[2022-11-14 15:57:29,406] {taskinstance.py:1032} INFO - Dependencies all met for <TaskInstance: yellow_taxi_data_v2.download_dataset_task scheduled__2022-01-02T06:00:00+00:00 [queued]>
[2022-11-14 15:57:29,425] {taskinstance.py:1032} INFO - Dependencies all met for <TaskInstance: yellow_taxi_data_v2.download_dataset_task scheduled__2022-01-02T06:00:00+00:00 [queued]>
[2022-11-14 15:57:29,426] {taskinstance.py:1238} INFO - 
--------------------------------------------------------------------------------
[2022-11-14 15:57:29,426] {taskinstance.py:1239} INFO - Starting attempt 1 of 2
[2022-11-14 15:57:29,426] {taskinstance.py:1240} INFO - 
--------------------------------------------------------------------------------
[2022-11-14 15:57:29,449] {taskinstance.py:1259} INFO - Executing <Task(BashOperator): download_dataset_task> on 2022-01-02 06:00:00+00:00
[2022-11-14 15:57:29,459] {standard_task_runner.py:52} INFO - Started process 1481 to run task
[2022-11-14 15:57:29,489] {standard_task_runner.py:76} INFO - Running: ['***', 'tasks', 'run', 'yellow_taxi_data_v2', 'download_dataset_task', 'scheduled__2022-01-02T06:00:00+00:00', '--job-id', '276', '--raw', '--subdir', 'DAGS_FOLDER/data_ingestion_gcs.py', '--cfg-path', '/tmp/tmptq7vr3rl', '--error-file', '/tmp/tmp058x1_3j']
[2022-11-14 15:57:29,491] {standard_task_runner.py:77} INFO - Job 276: Subtask download_dataset_task
[2022-11-14 15:57:29,668] {logging_mixin.py:109} INFO - Running <TaskInstance: yellow_taxi_data_v2.download_dataset_task scheduled__2022-01-02T06:00:00+00:00 [running]> on host e030bae48f83
[2022-11-14 15:57:29,754] {warnings.py:110} WARNING - /home/***/.local/lib/python3.7/site-packages/***/utils/context.py:152: AirflowContextDeprecationWarning: Accessing 'execution_date' from the template is deprecated and will be removed in a future version. Please use 'data_interval_start' or 'logical_date' instead.
  warnings.warn(_create_deprecation_warning(key, self._deprecation_replacements[key]))

[2022-11-14 15:57:29,803] {taskinstance.py:1426} INFO - Exporting the following env vars:
AIRFLOW_CTX_DAG_OWNER=***
AIRFLOW_CTX_DAG_ID=yellow_taxi_data_v2
AIRFLOW_CTX_TASK_ID=download_dataset_task
AIRFLOW_CTX_EXECUTION_DATE=2022-01-02T06:00:00+00:00
AIRFLOW_CTX_DAG_RUN_ID=scheduled__2022-01-02T06:00:00+00:00
[2022-11-14 15:57:29,804] {subprocess.py:62} INFO - Tmp dir root location: 
 /tmp
[2022-11-14 15:57:29,805] {subprocess.py:74} INFO - Running command: ['bash', '-c', 'curl -sSLf https://d37ci6vzurychx.cloudfront.net/trip-data/yellow_tripdata_2022-01.parquet > /opt/***/yellow_tripdata_2022-01.parquet']
[2022-11-14 15:57:29,834] {subprocess.py:85} INFO - Output:
[2022-11-14 15:57:31,441] {subprocess.py:93} INFO - Command exited with return code 0
[2022-11-14 15:57:31,481] {taskinstance.py:1277} INFO - Marking task as SUCCESS. dag_id=yellow_taxi_data_v2, task_id=download_dataset_task, execution_date=20220102T060000, start_date=20221114T155729, end_date=20221114T155731
[2022-11-14 15:57:31,536] {local_task_job.py:154} INFO - Task exited with return code 0
[2022-11-14 15:57:31,597] {local_task_job.py:264} INFO - 1 downstream tasks scheduled from follow-on schedule check
[2022-11-16 09:26:36,913] {taskinstance.py:1032} INFO - Dependencies all met for <TaskInstance: yellow_taxi_data_v2.download_dataset_task scheduled__2022-01-02T06:00:00+00:00 [queued]>
[2022-11-16 09:26:36,955] {taskinstance.py:1032} INFO - Dependencies all met for <TaskInstance: yellow_taxi_data_v2.download_dataset_task scheduled__2022-01-02T06:00:00+00:00 [queued]>
[2022-11-16 09:26:36,955] {taskinstance.py:1238} INFO - 
--------------------------------------------------------------------------------
[2022-11-16 09:26:36,955] {taskinstance.py:1239} INFO - Starting attempt 1 of 2
[2022-11-16 09:26:36,956] {taskinstance.py:1240} INFO - 
--------------------------------------------------------------------------------
[2022-11-16 09:26:36,992] {taskinstance.py:1259} INFO - Executing <Task(BashOperator): download_dataset_task> on 2022-01-02 06:00:00+00:00
[2022-11-16 09:26:37,002] {standard_task_runner.py:52} INFO - Started process 883 to run task
[2022-11-16 09:26:37,011] {standard_task_runner.py:76} INFO - Running: ['***', 'tasks', 'run', 'yellow_taxi_data_v2', 'download_dataset_task', 'scheduled__2022-01-02T06:00:00+00:00', '--job-id', '812', '--raw', '--subdir', 'DAGS_FOLDER/data_ingestion_gcs.py', '--cfg-path', '/tmp/tmp2jdpfo2z', '--error-file', '/tmp/tmp_zy3g_tl']
[2022-11-16 09:26:37,014] {standard_task_runner.py:77} INFO - Job 812: Subtask download_dataset_task
[2022-11-16 09:26:37,180] {logging_mixin.py:109} INFO - Running <TaskInstance: yellow_taxi_data_v2.download_dataset_task scheduled__2022-01-02T06:00:00+00:00 [running]> on host 75ceca4d9264
[2022-11-16 09:26:37,258] {warnings.py:110} WARNING - /home/***/.local/lib/python3.7/site-packages/***/utils/context.py:152: AirflowContextDeprecationWarning: Accessing 'execution_date' from the template is deprecated and will be removed in a future version. Please use 'data_interval_start' or 'logical_date' instead.
  warnings.warn(_create_deprecation_warning(key, self._deprecation_replacements[key]))

[2022-11-16 09:26:37,302] {taskinstance.py:1426} INFO - Exporting the following env vars:
AIRFLOW_CTX_DAG_OWNER=***
AIRFLOW_CTX_DAG_ID=yellow_taxi_data_v2
AIRFLOW_CTX_TASK_ID=download_dataset_task
AIRFLOW_CTX_EXECUTION_DATE=2022-01-02T06:00:00+00:00
AIRFLOW_CTX_DAG_RUN_ID=scheduled__2022-01-02T06:00:00+00:00
[2022-11-16 09:26:37,304] {subprocess.py:62} INFO - Tmp dir root location: 
 /tmp
[2022-11-16 09:26:37,305] {subprocess.py:74} INFO - Running command: ['bash', '-c', 'curl -sSLf https://d37ci6vzurychx.cloudfront.net/trip-data/yellow_tripdata_2022-01.parquet > /opt/***/yellow_tripdata_2022-01.parquet']
[2022-11-16 09:26:37,331] {subprocess.py:85} INFO - Output:
[2022-11-16 09:26:37,700] {subprocess.py:93} INFO - Command exited with return code 0
[2022-11-16 09:26:37,745] {taskinstance.py:1277} INFO - Marking task as SUCCESS. dag_id=yellow_taxi_data_v2, task_id=download_dataset_task, execution_date=20220102T060000, start_date=20221116T092636, end_date=20221116T092637
[2022-11-16 09:26:37,786] {local_task_job.py:154} INFO - Task exited with return code 0
[2022-11-16 09:26:37,850] {local_task_job.py:264} INFO - 1 downstream tasks scheduled from follow-on schedule check
