[2022-11-14 16:24:19,353] {taskinstance.py:1032} INFO - Dependencies all met for <TaskInstance: green_taxi_data_v1.rm_task scheduled__2019-11-02T07:00:00+00:00 [queued]>
[2022-11-14 16:24:19,367] {taskinstance.py:1032} INFO - Dependencies all met for <TaskInstance: green_taxi_data_v1.rm_task scheduled__2019-11-02T07:00:00+00:00 [queued]>
[2022-11-14 16:24:19,367] {taskinstance.py:1238} INFO - 
--------------------------------------------------------------------------------
[2022-11-14 16:24:19,368] {taskinstance.py:1239} INFO - Starting attempt 1 of 2
[2022-11-14 16:24:19,368] {taskinstance.py:1240} INFO - 
--------------------------------------------------------------------------------
[2022-11-14 16:24:19,389] {taskinstance.py:1259} INFO - Executing <Task(BashOperator): rm_task> on 2019-11-02 07:00:00+00:00
[2022-11-14 16:24:19,399] {standard_task_runner.py:52} INFO - Started process 2828 to run task
[2022-11-14 16:24:19,406] {standard_task_runner.py:76} INFO - Running: ['***', 'tasks', 'run', 'green_taxi_data_v1', 'rm_task', 'scheduled__2019-11-02T07:00:00+00:00', '--job-id', '337', '--raw', '--subdir', 'DAGS_FOLDER/data_ingestion_gcs.py', '--cfg-path', '/tmp/tmpknpm8jy4', '--error-file', '/tmp/tmp8h6wa_f0']
[2022-11-14 16:24:19,408] {standard_task_runner.py:77} INFO - Job 337: Subtask rm_task
[2022-11-14 16:24:19,514] {logging_mixin.py:109} INFO - Running <TaskInstance: green_taxi_data_v1.rm_task scheduled__2019-11-02T07:00:00+00:00 [running]> on host e030bae48f83
[2022-11-14 16:24:19,582] {warnings.py:110} WARNING - /home/***/.local/lib/python3.7/site-packages/***/utils/context.py:152: AirflowContextDeprecationWarning: Accessing 'execution_date' from the template is deprecated and will be removed in a future version. Please use 'data_interval_start' or 'logical_date' instead.
  warnings.warn(_create_deprecation_warning(key, self._deprecation_replacements[key]))

[2022-11-14 16:24:19,624] {taskinstance.py:1426} INFO - Exporting the following env vars:
AIRFLOW_CTX_DAG_OWNER=***
AIRFLOW_CTX_DAG_ID=green_taxi_data_v1
AIRFLOW_CTX_TASK_ID=rm_task
AIRFLOW_CTX_EXECUTION_DATE=2019-11-02T07:00:00+00:00
AIRFLOW_CTX_DAG_RUN_ID=scheduled__2019-11-02T07:00:00+00:00
[2022-11-14 16:24:19,627] {subprocess.py:62} INFO - Tmp dir root location: 
 /tmp
[2022-11-14 16:24:19,628] {subprocess.py:74} INFO - Running command: ['bash', '-c', 'rm /opt/***/green_tripdata_2019-11.parquet']
[2022-11-14 16:24:19,653] {subprocess.py:85} INFO - Output:
[2022-11-14 16:24:19,662] {subprocess.py:93} INFO - Command exited with return code 0
[2022-11-14 16:24:19,719] {taskinstance.py:1277} INFO - Marking task as SUCCESS. dag_id=green_taxi_data_v1, task_id=rm_task, execution_date=20191102T070000, start_date=20221114T162419, end_date=20221114T162419
[2022-11-14 16:24:19,780] {local_task_job.py:154} INFO - Task exited with return code 0
[2022-11-14 16:24:19,853] {local_task_job.py:264} INFO - 0 downstream tasks scheduled from follow-on schedule check
