[2022-11-14 15:57:09,331] {taskinstance.py:1032} INFO - Dependencies all met for <TaskInstance: yellow_taxi_data_v2.rm_task scheduled__2021-11-02T06:00:00+00:00 [queued]>
[2022-11-14 15:57:09,354] {taskinstance.py:1032} INFO - Dependencies all met for <TaskInstance: yellow_taxi_data_v2.rm_task scheduled__2021-11-02T06:00:00+00:00 [queued]>
[2022-11-14 15:57:09,355] {taskinstance.py:1238} INFO - 
--------------------------------------------------------------------------------
[2022-11-14 15:57:09,355] {taskinstance.py:1239} INFO - Starting attempt 1 of 2
[2022-11-14 15:57:09,355] {taskinstance.py:1240} INFO - 
--------------------------------------------------------------------------------
[2022-11-14 15:57:09,379] {taskinstance.py:1259} INFO - Executing <Task(BashOperator): rm_task> on 2021-11-02 06:00:00+00:00
[2022-11-14 15:57:09,391] {standard_task_runner.py:52} INFO - Started process 1460 to run task
[2022-11-14 15:57:09,413] {standard_task_runner.py:76} INFO - Running: ['***', 'tasks', 'run', 'yellow_taxi_data_v2', 'rm_task', 'scheduled__2021-11-02T06:00:00+00:00', '--job-id', '273', '--raw', '--subdir', 'DAGS_FOLDER/data_ingestion_gcs.py', '--cfg-path', '/tmp/tmpdaetnwcw', '--error-file', '/tmp/tmp1t6fki28']
[2022-11-14 15:57:09,415] {standard_task_runner.py:77} INFO - Job 273: Subtask rm_task
[2022-11-14 15:57:09,537] {logging_mixin.py:109} INFO - Running <TaskInstance: yellow_taxi_data_v2.rm_task scheduled__2021-11-02T06:00:00+00:00 [running]> on host e030bae48f83
[2022-11-14 15:57:09,623] {warnings.py:110} WARNING - /home/***/.local/lib/python3.7/site-packages/***/utils/context.py:152: AirflowContextDeprecationWarning: Accessing 'execution_date' from the template is deprecated and will be removed in a future version. Please use 'data_interval_start' or 'logical_date' instead.
  warnings.warn(_create_deprecation_warning(key, self._deprecation_replacements[key]))

[2022-11-14 15:57:09,664] {taskinstance.py:1426} INFO - Exporting the following env vars:
AIRFLOW_CTX_DAG_OWNER=***
AIRFLOW_CTX_DAG_ID=yellow_taxi_data_v2
AIRFLOW_CTX_TASK_ID=rm_task
AIRFLOW_CTX_EXECUTION_DATE=2021-11-02T06:00:00+00:00
AIRFLOW_CTX_DAG_RUN_ID=scheduled__2021-11-02T06:00:00+00:00
[2022-11-14 15:57:09,666] {subprocess.py:62} INFO - Tmp dir root location: 
 /tmp
[2022-11-14 15:57:09,667] {subprocess.py:74} INFO - Running command: ['bash', '-c', 'rm /opt/***/yellow_tripdata_2021-11.parquet']
[2022-11-14 15:57:09,698] {subprocess.py:85} INFO - Output:
[2022-11-14 15:57:09,723] {subprocess.py:93} INFO - Command exited with return code 0
[2022-11-14 15:57:09,867] {taskinstance.py:1277} INFO - Marking task as SUCCESS. dag_id=yellow_taxi_data_v2, task_id=rm_task, execution_date=20211102T060000, start_date=20221114T155709, end_date=20221114T155709
[2022-11-14 15:57:09,929] {local_task_job.py:154} INFO - Task exited with return code 0
[2022-11-14 15:57:09,998] {local_task_job.py:264} INFO - 0 downstream tasks scheduled from follow-on schedule check
[2022-11-16 09:26:32,776] {taskinstance.py:1032} INFO - Dependencies all met for <TaskInstance: yellow_taxi_data_v2.rm_task scheduled__2021-11-02T06:00:00+00:00 [queued]>
[2022-11-16 09:26:32,790] {taskinstance.py:1032} INFO - Dependencies all met for <TaskInstance: yellow_taxi_data_v2.rm_task scheduled__2021-11-02T06:00:00+00:00 [queued]>
[2022-11-16 09:26:32,790] {taskinstance.py:1238} INFO - 
--------------------------------------------------------------------------------
[2022-11-16 09:26:32,790] {taskinstance.py:1239} INFO - Starting attempt 1 of 2
[2022-11-16 09:26:32,790] {taskinstance.py:1240} INFO - 
--------------------------------------------------------------------------------
[2022-11-16 09:26:32,806] {taskinstance.py:1259} INFO - Executing <Task(BashOperator): rm_task> on 2021-11-02 06:00:00+00:00
[2022-11-16 09:26:32,816] {standard_task_runner.py:52} INFO - Started process 863 to run task
[2022-11-16 09:26:32,825] {standard_task_runner.py:76} INFO - Running: ['***', 'tasks', 'run', 'yellow_taxi_data_v2', 'rm_task', 'scheduled__2021-11-02T06:00:00+00:00', '--job-id', '810', '--raw', '--subdir', 'DAGS_FOLDER/data_ingestion_gcs.py', '--cfg-path', '/tmp/tmp6x9hmlle', '--error-file', '/tmp/tmpknkfl289']
[2022-11-16 09:26:32,826] {standard_task_runner.py:77} INFO - Job 810: Subtask rm_task
[2022-11-16 09:26:32,914] {logging_mixin.py:109} INFO - Running <TaskInstance: yellow_taxi_data_v2.rm_task scheduled__2021-11-02T06:00:00+00:00 [running]> on host 75ceca4d9264
[2022-11-16 09:26:32,990] {warnings.py:110} WARNING - /home/***/.local/lib/python3.7/site-packages/***/utils/context.py:152: AirflowContextDeprecationWarning: Accessing 'execution_date' from the template is deprecated and will be removed in a future version. Please use 'data_interval_start' or 'logical_date' instead.
  warnings.warn(_create_deprecation_warning(key, self._deprecation_replacements[key]))

[2022-11-16 09:26:33,028] {taskinstance.py:1426} INFO - Exporting the following env vars:
AIRFLOW_CTX_DAG_OWNER=***
AIRFLOW_CTX_DAG_ID=yellow_taxi_data_v2
AIRFLOW_CTX_TASK_ID=rm_task
AIRFLOW_CTX_EXECUTION_DATE=2021-11-02T06:00:00+00:00
AIRFLOW_CTX_DAG_RUN_ID=scheduled__2021-11-02T06:00:00+00:00
[2022-11-16 09:26:33,030] {subprocess.py:62} INFO - Tmp dir root location: 
 /tmp
[2022-11-16 09:26:33,031] {subprocess.py:74} INFO - Running command: ['bash', '-c', 'rm /opt/***/yellow_tripdata_2021-11.parquet']
[2022-11-16 09:26:33,052] {subprocess.py:85} INFO - Output:
[2022-11-16 09:26:33,075] {subprocess.py:93} INFO - Command exited with return code 0
[2022-11-16 09:26:33,113] {taskinstance.py:1277} INFO - Marking task as SUCCESS. dag_id=yellow_taxi_data_v2, task_id=rm_task, execution_date=20211102T060000, start_date=20221116T092632, end_date=20221116T092633
[2022-11-16 09:26:33,159] {local_task_job.py:154} INFO - Task exited with return code 0
[2022-11-16 09:26:33,205] {local_task_job.py:264} INFO - 0 downstream tasks scheduled from follow-on schedule check
