[2022-11-14 16:38:08,340] {taskinstance.py:1032} INFO - Dependencies all met for <TaskInstance: fhv_taxi_data_v1.local_to_gcs_task scheduled__2020-07-02T08:00:00+00:00 [queued]>
[2022-11-14 16:38:08,379] {taskinstance.py:1032} INFO - Dependencies all met for <TaskInstance: fhv_taxi_data_v1.local_to_gcs_task scheduled__2020-07-02T08:00:00+00:00 [queued]>
[2022-11-14 16:38:08,380] {taskinstance.py:1238} INFO - 
--------------------------------------------------------------------------------
[2022-11-14 16:38:08,380] {taskinstance.py:1239} INFO - Starting attempt 1 of 2
[2022-11-14 16:38:08,380] {taskinstance.py:1240} INFO - 
--------------------------------------------------------------------------------
[2022-11-14 16:38:08,407] {taskinstance.py:1259} INFO - Executing <Task(PythonOperator): local_to_gcs_task> on 2020-07-02 08:00:00+00:00
[2022-11-14 16:38:08,421] {standard_task_runner.py:52} INFO - Started process 4545 to run task
[2022-11-14 16:38:08,437] {standard_task_runner.py:76} INFO - Running: ['***', 'tasks', 'run', 'fhv_taxi_data_v1', 'local_to_gcs_task', 'scheduled__2020-07-02T08:00:00+00:00', '--job-id', '612', '--raw', '--subdir', 'DAGS_FOLDER/data_ingestion_gcs.py', '--cfg-path', '/tmp/tmpmgt8x2we', '--error-file', '/tmp/tmpnbdm206r']
[2022-11-14 16:38:08,439] {standard_task_runner.py:77} INFO - Job 612: Subtask local_to_gcs_task
[2022-11-14 16:38:08,567] {logging_mixin.py:109} INFO - Running <TaskInstance: fhv_taxi_data_v1.local_to_gcs_task scheduled__2020-07-02T08:00:00+00:00 [running]> on host e030bae48f83
[2022-11-14 16:38:08,657] {warnings.py:110} WARNING - /home/***/.local/lib/python3.7/site-packages/***/utils/context.py:152: AirflowContextDeprecationWarning: Accessing 'execution_date' from the template is deprecated and will be removed in a future version. Please use 'data_interval_start' or 'logical_date' instead.
  warnings.warn(_create_deprecation_warning(key, self._deprecation_replacements[key]))

[2022-11-14 16:38:08,713] {taskinstance.py:1426} INFO - Exporting the following env vars:
AIRFLOW_CTX_DAG_OWNER=***
AIRFLOW_CTX_DAG_ID=fhv_taxi_data_v1
AIRFLOW_CTX_TASK_ID=local_to_gcs_task
AIRFLOW_CTX_EXECUTION_DATE=2020-07-02T08:00:00+00:00
AIRFLOW_CTX_DAG_RUN_ID=scheduled__2020-07-02T08:00:00+00:00
[2022-11-14 16:38:09,379] {python.py:175} INFO - Done. Returned value was: None
[2022-11-14 16:38:09,401] {taskinstance.py:1277} INFO - Marking task as SUCCESS. dag_id=fhv_taxi_data_v1, task_id=local_to_gcs_task, execution_date=20200702T080000, start_date=20221114T163808, end_date=20221114T163809
[2022-11-14 16:38:09,461] {local_task_job.py:154} INFO - Task exited with return code 0
[2022-11-14 16:38:09,510] {local_task_job.py:264} INFO - 0 downstream tasks scheduled from follow-on schedule check
