[2022-11-14 15:57:37,101] {taskinstance.py:1032} INFO - Dependencies all met for <TaskInstance: yellow_taxi_data_v2.rm_task scheduled__2022-01-02T06:00:00+00:00 [queued]>
[2022-11-14 15:57:37,119] {taskinstance.py:1032} INFO - Dependencies all met for <TaskInstance: yellow_taxi_data_v2.rm_task scheduled__2022-01-02T06:00:00+00:00 [queued]>
[2022-11-14 15:57:37,120] {taskinstance.py:1238} INFO - 
--------------------------------------------------------------------------------
[2022-11-14 15:57:37,120] {taskinstance.py:1239} INFO - Starting attempt 1 of 2
[2022-11-14 15:57:37,120] {taskinstance.py:1240} INFO - 
--------------------------------------------------------------------------------
[2022-11-14 15:57:37,143] {taskinstance.py:1259} INFO - Executing <Task(BashOperator): rm_task> on 2022-01-02 06:00:00+00:00
[2022-11-14 15:57:37,152] {standard_task_runner.py:52} INFO - Started process 1517 to run task
[2022-11-14 15:57:37,167] {standard_task_runner.py:76} INFO - Running: ['***', 'tasks', 'run', 'yellow_taxi_data_v2', 'rm_task', 'scheduled__2022-01-02T06:00:00+00:00', '--job-id', '282', '--raw', '--subdir', 'DAGS_FOLDER/data_ingestion_gcs.py', '--cfg-path', '/tmp/tmpn7i145xl', '--error-file', '/tmp/tmpjixydwyr']
[2022-11-14 15:57:37,170] {standard_task_runner.py:77} INFO - Job 282: Subtask rm_task
[2022-11-14 15:57:37,336] {logging_mixin.py:109} INFO - Running <TaskInstance: yellow_taxi_data_v2.rm_task scheduled__2022-01-02T06:00:00+00:00 [running]> on host e030bae48f83
[2022-11-14 15:57:37,452] {warnings.py:110} WARNING - /home/***/.local/lib/python3.7/site-packages/***/utils/context.py:152: AirflowContextDeprecationWarning: Accessing 'execution_date' from the template is deprecated and will be removed in a future version. Please use 'data_interval_start' or 'logical_date' instead.
  warnings.warn(_create_deprecation_warning(key, self._deprecation_replacements[key]))

[2022-11-14 15:57:37,497] {taskinstance.py:1426} INFO - Exporting the following env vars:
AIRFLOW_CTX_DAG_OWNER=***
AIRFLOW_CTX_DAG_ID=yellow_taxi_data_v2
AIRFLOW_CTX_TASK_ID=rm_task
AIRFLOW_CTX_EXECUTION_DATE=2022-01-02T06:00:00+00:00
AIRFLOW_CTX_DAG_RUN_ID=scheduled__2022-01-02T06:00:00+00:00
[2022-11-14 15:57:37,499] {subprocess.py:62} INFO - Tmp dir root location: 
 /tmp
[2022-11-14 15:57:37,500] {subprocess.py:74} INFO - Running command: ['bash', '-c', 'rm /opt/***/yellow_tripdata_2022-01.parquet']
[2022-11-14 15:57:37,525] {subprocess.py:85} INFO - Output:
[2022-11-14 15:57:37,549] {subprocess.py:93} INFO - Command exited with return code 0
[2022-11-14 15:57:37,602] {taskinstance.py:1277} INFO - Marking task as SUCCESS. dag_id=yellow_taxi_data_v2, task_id=rm_task, execution_date=20220102T060000, start_date=20221114T155737, end_date=20221114T155737
[2022-11-14 15:57:37,674] {local_task_job.py:154} INFO - Task exited with return code 0
[2022-11-14 15:57:37,733] {local_task_job.py:264} INFO - 0 downstream tasks scheduled from follow-on schedule check
[2022-11-16 09:26:44,308] {taskinstance.py:1032} INFO - Dependencies all met for <TaskInstance: yellow_taxi_data_v2.rm_task scheduled__2022-01-02T06:00:00+00:00 [queued]>
[2022-11-16 09:26:44,330] {taskinstance.py:1032} INFO - Dependencies all met for <TaskInstance: yellow_taxi_data_v2.rm_task scheduled__2022-01-02T06:00:00+00:00 [queued]>
[2022-11-16 09:26:44,330] {taskinstance.py:1238} INFO - 
--------------------------------------------------------------------------------
[2022-11-16 09:26:44,331] {taskinstance.py:1239} INFO - Starting attempt 1 of 2
[2022-11-16 09:26:44,331] {taskinstance.py:1240} INFO - 
--------------------------------------------------------------------------------
[2022-11-16 09:26:44,358] {taskinstance.py:1259} INFO - Executing <Task(BashOperator): rm_task> on 2022-01-02 06:00:00+00:00
[2022-11-16 09:26:44,368] {standard_task_runner.py:52} INFO - Started process 909 to run task
[2022-11-16 09:26:44,384] {standard_task_runner.py:76} INFO - Running: ['***', 'tasks', 'run', 'yellow_taxi_data_v2', 'rm_task', 'scheduled__2022-01-02T06:00:00+00:00', '--job-id', '817', '--raw', '--subdir', 'DAGS_FOLDER/data_ingestion_gcs.py', '--cfg-path', '/tmp/tmp5zvm4moa', '--error-file', '/tmp/tmpk626d31j']
[2022-11-16 09:26:44,386] {standard_task_runner.py:77} INFO - Job 817: Subtask rm_task
[2022-11-16 09:26:44,499] {logging_mixin.py:109} INFO - Running <TaskInstance: yellow_taxi_data_v2.rm_task scheduled__2022-01-02T06:00:00+00:00 [running]> on host 75ceca4d9264
[2022-11-16 09:26:44,593] {warnings.py:110} WARNING - /home/***/.local/lib/python3.7/site-packages/***/utils/context.py:152: AirflowContextDeprecationWarning: Accessing 'execution_date' from the template is deprecated and will be removed in a future version. Please use 'data_interval_start' or 'logical_date' instead.
  warnings.warn(_create_deprecation_warning(key, self._deprecation_replacements[key]))

[2022-11-16 09:26:44,651] {taskinstance.py:1426} INFO - Exporting the following env vars:
AIRFLOW_CTX_DAG_OWNER=***
AIRFLOW_CTX_DAG_ID=yellow_taxi_data_v2
AIRFLOW_CTX_TASK_ID=rm_task
AIRFLOW_CTX_EXECUTION_DATE=2022-01-02T06:00:00+00:00
AIRFLOW_CTX_DAG_RUN_ID=scheduled__2022-01-02T06:00:00+00:00
[2022-11-16 09:26:44,653] {subprocess.py:62} INFO - Tmp dir root location: 
 /tmp
[2022-11-16 09:26:44,654] {subprocess.py:74} INFO - Running command: ['bash', '-c', 'rm /opt/***/yellow_tripdata_2022-01.parquet']
[2022-11-16 09:26:44,677] {subprocess.py:85} INFO - Output:
[2022-11-16 09:26:44,708] {subprocess.py:93} INFO - Command exited with return code 0
[2022-11-16 09:26:44,773] {taskinstance.py:1277} INFO - Marking task as SUCCESS. dag_id=yellow_taxi_data_v2, task_id=rm_task, execution_date=20220102T060000, start_date=20221116T092644, end_date=20221116T092644
[2022-11-16 09:26:44,811] {local_task_job.py:154} INFO - Task exited with return code 0
[2022-11-16 09:26:44,863] {local_task_job.py:264} INFO - 0 downstream tasks scheduled from follow-on schedule check
