[2022-11-14 15:56:27,160] {taskinstance.py:1032} INFO - Dependencies all met for <TaskInstance: yellow_taxi_data_v2.download_dataset_task scheduled__2021-03-02T06:00:00+00:00 [queued]>
[2022-11-14 15:56:27,176] {taskinstance.py:1032} INFO - Dependencies all met for <TaskInstance: yellow_taxi_data_v2.download_dataset_task scheduled__2021-03-02T06:00:00+00:00 [queued]>
[2022-11-14 15:56:27,176] {taskinstance.py:1238} INFO - 
--------------------------------------------------------------------------------
[2022-11-14 15:56:27,176] {taskinstance.py:1239} INFO - Starting attempt 1 of 2
[2022-11-14 15:56:27,177] {taskinstance.py:1240} INFO - 
--------------------------------------------------------------------------------
[2022-11-14 15:56:27,193] {taskinstance.py:1259} INFO - Executing <Task(BashOperator): download_dataset_task> on 2021-03-02 06:00:00+00:00
[2022-11-14 15:56:27,202] {standard_task_runner.py:52} INFO - Started process 1296 to run task
[2022-11-14 15:56:27,208] {standard_task_runner.py:76} INFO - Running: ['***', 'tasks', 'run', 'yellow_taxi_data_v2', 'download_dataset_task', 'scheduled__2021-03-02T06:00:00+00:00', '--job-id', '242', '--raw', '--subdir', 'DAGS_FOLDER/data_ingestion_gcs.py', '--cfg-path', '/tmp/tmp9jc4mfse', '--error-file', '/tmp/tmpi6_pr0_k']
[2022-11-14 15:56:27,209] {standard_task_runner.py:77} INFO - Job 242: Subtask download_dataset_task
[2022-11-14 15:56:27,298] {logging_mixin.py:109} INFO - Running <TaskInstance: yellow_taxi_data_v2.download_dataset_task scheduled__2021-03-02T06:00:00+00:00 [running]> on host e030bae48f83
[2022-11-14 15:56:27,355] {warnings.py:110} WARNING - /home/***/.local/lib/python3.7/site-packages/***/utils/context.py:152: AirflowContextDeprecationWarning: Accessing 'execution_date' from the template is deprecated and will be removed in a future version. Please use 'data_interval_start' or 'logical_date' instead.
  warnings.warn(_create_deprecation_warning(key, self._deprecation_replacements[key]))

[2022-11-14 15:56:27,389] {taskinstance.py:1426} INFO - Exporting the following env vars:
AIRFLOW_CTX_DAG_OWNER=***
AIRFLOW_CTX_DAG_ID=yellow_taxi_data_v2
AIRFLOW_CTX_TASK_ID=download_dataset_task
AIRFLOW_CTX_EXECUTION_DATE=2021-03-02T06:00:00+00:00
AIRFLOW_CTX_DAG_RUN_ID=scheduled__2021-03-02T06:00:00+00:00
[2022-11-14 15:56:27,391] {subprocess.py:62} INFO - Tmp dir root location: 
 /tmp
[2022-11-14 15:56:27,393] {subprocess.py:74} INFO - Running command: ['bash', '-c', 'curl -sSLf https://d37ci6vzurychx.cloudfront.net/trip-data/yellow_tripdata_2021-03.parquet > /opt/***/yellow_tripdata_2021-03.parquet']
[2022-11-14 15:56:27,413] {subprocess.py:85} INFO - Output:
[2022-11-14 15:56:28,824] {subprocess.py:93} INFO - Command exited with return code 0
[2022-11-14 15:56:28,866] {taskinstance.py:1277} INFO - Marking task as SUCCESS. dag_id=yellow_taxi_data_v2, task_id=download_dataset_task, execution_date=20210302T060000, start_date=20221114T155627, end_date=20221114T155628
[2022-11-14 15:56:28,910] {local_task_job.py:154} INFO - Task exited with return code 0
[2022-11-14 15:56:28,969] {local_task_job.py:264} INFO - 1 downstream tasks scheduled from follow-on schedule check
[2022-11-16 09:25:02,284] {taskinstance.py:1032} INFO - Dependencies all met for <TaskInstance: yellow_taxi_data_v2.download_dataset_task scheduled__2021-03-02T06:00:00+00:00 [queued]>
[2022-11-16 09:25:02,305] {taskinstance.py:1032} INFO - Dependencies all met for <TaskInstance: yellow_taxi_data_v2.download_dataset_task scheduled__2021-03-02T06:00:00+00:00 [queued]>
[2022-11-16 09:25:02,306] {taskinstance.py:1238} INFO - 
--------------------------------------------------------------------------------
[2022-11-16 09:25:02,306] {taskinstance.py:1239} INFO - Starting attempt 1 of 2
[2022-11-16 09:25:02,306] {taskinstance.py:1240} INFO - 
--------------------------------------------------------------------------------
[2022-11-16 09:25:02,333] {taskinstance.py:1259} INFO - Executing <Task(BashOperator): download_dataset_task> on 2021-03-02 06:00:00+00:00
[2022-11-16 09:25:02,371] {standard_task_runner.py:76} INFO - Running: ['***', 'tasks', 'run', 'yellow_taxi_data_v2', 'download_dataset_task', 'scheduled__2021-03-02T06:00:00+00:00', '--job-id', '783', '--raw', '--subdir', 'DAGS_FOLDER/data_ingestion_gcs.py', '--cfg-path', '/tmp/tmppe3yj0vm', '--error-file', '/tmp/tmpv_2pj_9o']
[2022-11-16 09:25:02,372] {standard_task_runner.py:77} INFO - Job 783: Subtask download_dataset_task
[2022-11-16 09:25:02,364] {standard_task_runner.py:52} INFO - Started process 690 to run task
[2022-11-16 09:25:02,489] {logging_mixin.py:109} INFO - Running <TaskInstance: yellow_taxi_data_v2.download_dataset_task scheduled__2021-03-02T06:00:00+00:00 [running]> on host 75ceca4d9264
[2022-11-16 09:25:02,557] {warnings.py:110} WARNING - /home/***/.local/lib/python3.7/site-packages/***/utils/context.py:152: AirflowContextDeprecationWarning: Accessing 'execution_date' from the template is deprecated and will be removed in a future version. Please use 'data_interval_start' or 'logical_date' instead.
  warnings.warn(_create_deprecation_warning(key, self._deprecation_replacements[key]))

[2022-11-16 09:25:02,585] {taskinstance.py:1426} INFO - Exporting the following env vars:
AIRFLOW_CTX_DAG_OWNER=***
AIRFLOW_CTX_DAG_ID=yellow_taxi_data_v2
AIRFLOW_CTX_TASK_ID=download_dataset_task
AIRFLOW_CTX_EXECUTION_DATE=2021-03-02T06:00:00+00:00
AIRFLOW_CTX_DAG_RUN_ID=scheduled__2021-03-02T06:00:00+00:00
[2022-11-16 09:25:02,587] {subprocess.py:62} INFO - Tmp dir root location: 
 /tmp
[2022-11-16 09:25:02,588] {subprocess.py:74} INFO - Running command: ['bash', '-c', 'curl -sSLf https://d37ci6vzurychx.cloudfront.net/trip-data/yellow_tripdata_2021-03.parquet > /opt/***/yellow_tripdata_2021-03.parquet']
[2022-11-16 09:25:02,609] {subprocess.py:85} INFO - Output:
[2022-11-16 09:25:02,776] {subprocess.py:93} INFO - Command exited with return code 0
[2022-11-16 09:25:02,859] {taskinstance.py:1277} INFO - Marking task as SUCCESS. dag_id=yellow_taxi_data_v2, task_id=download_dataset_task, execution_date=20210302T060000, start_date=20221116T092502, end_date=20221116T092502
[2022-11-16 09:25:02,936] {local_task_job.py:154} INFO - Task exited with return code 0
[2022-11-16 09:25:03,001] {local_task_job.py:264} INFO - 1 downstream tasks scheduled from follow-on schedule check
