[2022-11-14 16:30:38,265] {taskinstance.py:1032} INFO - Dependencies all met for <TaskInstance: fhv_taxi_data_v1.local_to_gcs_task scheduled__2019-02-02T07:00:00+00:00 [queued]>
[2022-11-14 16:30:38,294] {taskinstance.py:1032} INFO - Dependencies all met for <TaskInstance: fhv_taxi_data_v1.local_to_gcs_task scheduled__2019-02-02T07:00:00+00:00 [queued]>
[2022-11-14 16:30:38,295] {taskinstance.py:1238} INFO - 
--------------------------------------------------------------------------------
[2022-11-14 16:30:38,295] {taskinstance.py:1239} INFO - Starting attempt 1 of 2
[2022-11-14 16:30:38,295] {taskinstance.py:1240} INFO - 
--------------------------------------------------------------------------------
[2022-11-14 16:30:38,339] {taskinstance.py:1259} INFO - Executing <Task(PythonOperator): local_to_gcs_task> on 2019-02-02 07:00:00+00:00
[2022-11-14 16:30:38,353] {standard_task_runner.py:52} INFO - Started process 3529 to run task
[2022-11-14 16:30:38,404] {standard_task_runner.py:76} INFO - Running: ['***', 'tasks', 'run', 'fhv_taxi_data_v1', 'local_to_gcs_task', 'scheduled__2019-02-02T07:00:00+00:00', '--job-id', '441', '--raw', '--subdir', 'DAGS_FOLDER/data_ingestion_gcs.py', '--cfg-path', '/tmp/tmpf5_kiewv', '--error-file', '/tmp/tmp38fsr0o_']
[2022-11-14 16:30:38,412] {standard_task_runner.py:77} INFO - Job 441: Subtask local_to_gcs_task
[2022-11-14 16:30:38,623] {logging_mixin.py:109} INFO - Running <TaskInstance: fhv_taxi_data_v1.local_to_gcs_task scheduled__2019-02-02T07:00:00+00:00 [running]> on host e030bae48f83
[2022-11-14 16:30:38,712] {warnings.py:110} WARNING - /home/***/.local/lib/python3.7/site-packages/***/utils/context.py:152: AirflowContextDeprecationWarning: Accessing 'execution_date' from the template is deprecated and will be removed in a future version. Please use 'data_interval_start' or 'logical_date' instead.
  warnings.warn(_create_deprecation_warning(key, self._deprecation_replacements[key]))

[2022-11-14 16:30:38,759] {taskinstance.py:1426} INFO - Exporting the following env vars:
AIRFLOW_CTX_DAG_OWNER=***
AIRFLOW_CTX_DAG_ID=fhv_taxi_data_v1
AIRFLOW_CTX_TASK_ID=local_to_gcs_task
AIRFLOW_CTX_EXECUTION_DATE=2019-02-02T07:00:00+00:00
AIRFLOW_CTX_DAG_RUN_ID=scheduled__2019-02-02T07:00:00+00:00
[2022-11-14 16:30:39,505] {python.py:175} INFO - Done. Returned value was: None
[2022-11-14 16:30:39,530] {taskinstance.py:1277} INFO - Marking task as SUCCESS. dag_id=fhv_taxi_data_v1, task_id=local_to_gcs_task, execution_date=20190202T070000, start_date=20221114T163038, end_date=20221114T163039
[2022-11-14 16:30:39,573] {local_task_job.py:154} INFO - Task exited with return code 0
[2022-11-14 16:30:39,661] {local_task_job.py:264} INFO - 1 downstream tasks scheduled from follow-on schedule check
