[2022-11-14 15:58:09,771] {taskinstance.py:1032} INFO - Dependencies all met for <TaskInstance: yellow_taxi_data_v2.rm_task scheduled__2022-05-02T06:00:00+00:00 [queued]>
[2022-11-14 15:58:09,795] {taskinstance.py:1032} INFO - Dependencies all met for <TaskInstance: yellow_taxi_data_v2.rm_task scheduled__2022-05-02T06:00:00+00:00 [queued]>
[2022-11-14 15:58:09,796] {taskinstance.py:1238} INFO - 
--------------------------------------------------------------------------------
[2022-11-14 15:58:09,796] {taskinstance.py:1239} INFO - Starting attempt 1 of 2
[2022-11-14 15:58:09,796] {taskinstance.py:1240} INFO - 
--------------------------------------------------------------------------------
[2022-11-14 15:58:09,820] {taskinstance.py:1259} INFO - Executing <Task(BashOperator): rm_task> on 2022-05-02 06:00:00+00:00
[2022-11-14 15:58:09,830] {standard_task_runner.py:52} INFO - Started process 1575 to run task
[2022-11-14 15:58:09,842] {standard_task_runner.py:76} INFO - Running: ['***', 'tasks', 'run', 'yellow_taxi_data_v2', 'rm_task', 'scheduled__2022-05-02T06:00:00+00:00', '--job-id', '292', '--raw', '--subdir', 'DAGS_FOLDER/data_ingestion_gcs.py', '--cfg-path', '/tmp/tmpukksids9', '--error-file', '/tmp/tmpse3h4s1e']
[2022-11-14 15:58:09,844] {standard_task_runner.py:77} INFO - Job 292: Subtask rm_task
[2022-11-14 15:58:09,968] {logging_mixin.py:109} INFO - Running <TaskInstance: yellow_taxi_data_v2.rm_task scheduled__2022-05-02T06:00:00+00:00 [running]> on host e030bae48f83
[2022-11-14 15:58:10,062] {warnings.py:110} WARNING - /home/***/.local/lib/python3.7/site-packages/***/utils/context.py:152: AirflowContextDeprecationWarning: Accessing 'execution_date' from the template is deprecated and will be removed in a future version. Please use 'data_interval_start' or 'logical_date' instead.
  warnings.warn(_create_deprecation_warning(key, self._deprecation_replacements[key]))

[2022-11-14 15:58:10,128] {taskinstance.py:1426} INFO - Exporting the following env vars:
AIRFLOW_CTX_DAG_OWNER=***
AIRFLOW_CTX_DAG_ID=yellow_taxi_data_v2
AIRFLOW_CTX_TASK_ID=rm_task
AIRFLOW_CTX_EXECUTION_DATE=2022-05-02T06:00:00+00:00
AIRFLOW_CTX_DAG_RUN_ID=scheduled__2022-05-02T06:00:00+00:00
[2022-11-14 15:58:10,133] {subprocess.py:62} INFO - Tmp dir root location: 
 /tmp
[2022-11-14 15:58:10,134] {subprocess.py:74} INFO - Running command: ['bash', '-c', 'rm /opt/***/yellow_tripdata_2022-05.parquet']
[2022-11-14 15:58:10,158] {subprocess.py:85} INFO - Output:
[2022-11-14 15:58:10,182] {subprocess.py:93} INFO - Command exited with return code 0
[2022-11-14 15:58:10,248] {taskinstance.py:1277} INFO - Marking task as SUCCESS. dag_id=yellow_taxi_data_v2, task_id=rm_task, execution_date=20220502T060000, start_date=20221114T155809, end_date=20221114T155810
[2022-11-14 15:58:10,314] {local_task_job.py:154} INFO - Task exited with return code 0
[2022-11-14 15:58:10,409] {local_task_job.py:264} INFO - 0 downstream tasks scheduled from follow-on schedule check
[2022-11-16 09:27:03,968] {taskinstance.py:1032} INFO - Dependencies all met for <TaskInstance: yellow_taxi_data_v2.rm_task scheduled__2022-05-02T06:00:00+00:00 [queued]>
[2022-11-16 09:27:03,987] {taskinstance.py:1032} INFO - Dependencies all met for <TaskInstance: yellow_taxi_data_v2.rm_task scheduled__2022-05-02T06:00:00+00:00 [queued]>
[2022-11-16 09:27:03,987] {taskinstance.py:1238} INFO - 
--------------------------------------------------------------------------------
[2022-11-16 09:27:03,988] {taskinstance.py:1239} INFO - Starting attempt 1 of 2
[2022-11-16 09:27:03,988] {taskinstance.py:1240} INFO - 
--------------------------------------------------------------------------------
[2022-11-16 09:27:04,002] {taskinstance.py:1259} INFO - Executing <Task(BashOperator): rm_task> on 2022-05-02 06:00:00+00:00
[2022-11-16 09:27:04,011] {standard_task_runner.py:52} INFO - Started process 959 to run task
[2022-11-16 09:27:04,023] {standard_task_runner.py:76} INFO - Running: ['***', 'tasks', 'run', 'yellow_taxi_data_v2', 'rm_task', 'scheduled__2022-05-02T06:00:00+00:00', '--job-id', '828', '--raw', '--subdir', 'DAGS_FOLDER/data_ingestion_gcs.py', '--cfg-path', '/tmp/tmpv9lorw1o', '--error-file', '/tmp/tmpn7izfa3c']
[2022-11-16 09:27:04,025] {standard_task_runner.py:77} INFO - Job 828: Subtask rm_task
[2022-11-16 09:27:04,130] {logging_mixin.py:109} INFO - Running <TaskInstance: yellow_taxi_data_v2.rm_task scheduled__2022-05-02T06:00:00+00:00 [running]> on host 75ceca4d9264
[2022-11-16 09:27:04,253] {warnings.py:110} WARNING - /home/***/.local/lib/python3.7/site-packages/***/utils/context.py:152: AirflowContextDeprecationWarning: Accessing 'execution_date' from the template is deprecated and will be removed in a future version. Please use 'data_interval_start' or 'logical_date' instead.
  warnings.warn(_create_deprecation_warning(key, self._deprecation_replacements[key]))

[2022-11-16 09:27:04,304] {taskinstance.py:1426} INFO - Exporting the following env vars:
AIRFLOW_CTX_DAG_OWNER=***
AIRFLOW_CTX_DAG_ID=yellow_taxi_data_v2
AIRFLOW_CTX_TASK_ID=rm_task
AIRFLOW_CTX_EXECUTION_DATE=2022-05-02T06:00:00+00:00
AIRFLOW_CTX_DAG_RUN_ID=scheduled__2022-05-02T06:00:00+00:00
[2022-11-16 09:27:04,305] {subprocess.py:62} INFO - Tmp dir root location: 
 /tmp
[2022-11-16 09:27:04,306] {subprocess.py:74} INFO - Running command: ['bash', '-c', 'rm /opt/***/yellow_tripdata_2022-05.parquet']
[2022-11-16 09:27:04,328] {subprocess.py:85} INFO - Output:
[2022-11-16 09:27:04,348] {subprocess.py:93} INFO - Command exited with return code 0
[2022-11-16 09:27:04,392] {taskinstance.py:1277} INFO - Marking task as SUCCESS. dag_id=yellow_taxi_data_v2, task_id=rm_task, execution_date=20220502T060000, start_date=20221116T092703, end_date=20221116T092704
[2022-11-16 09:27:04,436] {local_task_job.py:154} INFO - Task exited with return code 0
[2022-11-16 09:27:04,482] {local_task_job.py:264} INFO - 0 downstream tasks scheduled from follow-on schedule check
