[2022-11-14 15:55:57,897] {taskinstance.py:1032} INFO - Dependencies all met for <TaskInstance: yellow_taxi_data_v2.download_dataset_task scheduled__2020-12-02T06:00:00+00:00 [queued]>
[2022-11-14 15:55:57,917] {taskinstance.py:1032} INFO - Dependencies all met for <TaskInstance: yellow_taxi_data_v2.download_dataset_task scheduled__2020-12-02T06:00:00+00:00 [queued]>
[2022-11-14 15:55:57,917] {taskinstance.py:1238} INFO - 
--------------------------------------------------------------------------------
[2022-11-14 15:55:57,918] {taskinstance.py:1239} INFO - Starting attempt 1 of 2
[2022-11-14 15:55:57,918] {taskinstance.py:1240} INFO - 
--------------------------------------------------------------------------------
[2022-11-14 15:55:57,941] {taskinstance.py:1259} INFO - Executing <Task(BashOperator): download_dataset_task> on 2020-12-02 06:00:00+00:00
[2022-11-14 15:55:57,949] {standard_task_runner.py:52} INFO - Started process 1239 to run task
[2022-11-14 15:55:57,957] {standard_task_runner.py:76} INFO - Running: ['***', 'tasks', 'run', 'yellow_taxi_data_v2', 'download_dataset_task', 'scheduled__2020-12-02T06:00:00+00:00', '--job-id', '233', '--raw', '--subdir', 'DAGS_FOLDER/data_ingestion_gcs.py', '--cfg-path', '/tmp/tmp4wq2gfxu', '--error-file', '/tmp/tmpki16qg72']
[2022-11-14 15:55:57,959] {standard_task_runner.py:77} INFO - Job 233: Subtask download_dataset_task
[2022-11-14 15:55:58,076] {logging_mixin.py:109} INFO - Running <TaskInstance: yellow_taxi_data_v2.download_dataset_task scheduled__2020-12-02T06:00:00+00:00 [running]> on host e030bae48f83
[2022-11-14 15:55:58,142] {warnings.py:110} WARNING - /home/***/.local/lib/python3.7/site-packages/***/utils/context.py:152: AirflowContextDeprecationWarning: Accessing 'execution_date' from the template is deprecated and will be removed in a future version. Please use 'data_interval_start' or 'logical_date' instead.
  warnings.warn(_create_deprecation_warning(key, self._deprecation_replacements[key]))

[2022-11-14 15:55:58,170] {taskinstance.py:1426} INFO - Exporting the following env vars:
AIRFLOW_CTX_DAG_OWNER=***
AIRFLOW_CTX_DAG_ID=yellow_taxi_data_v2
AIRFLOW_CTX_TASK_ID=download_dataset_task
AIRFLOW_CTX_EXECUTION_DATE=2020-12-02T06:00:00+00:00
AIRFLOW_CTX_DAG_RUN_ID=scheduled__2020-12-02T06:00:00+00:00
[2022-11-14 15:55:58,172] {subprocess.py:62} INFO - Tmp dir root location: 
 /tmp
[2022-11-14 15:55:58,173] {subprocess.py:74} INFO - Running command: ['bash', '-c', 'curl -sSLf https://d37ci6vzurychx.cloudfront.net/trip-data/yellow_tripdata_2020-12.parquet > /opt/***/yellow_tripdata_2020-12.parquet']
[2022-11-14 15:55:58,195] {subprocess.py:85} INFO - Output:
[2022-11-14 15:55:58,872] {subprocess.py:93} INFO - Command exited with return code 0
[2022-11-14 15:55:58,927] {taskinstance.py:1277} INFO - Marking task as SUCCESS. dag_id=yellow_taxi_data_v2, task_id=download_dataset_task, execution_date=20201202T060000, start_date=20221114T155557, end_date=20221114T155558
[2022-11-14 15:55:58,975] {local_task_job.py:154} INFO - Task exited with return code 0
[2022-11-14 15:55:59,036] {local_task_job.py:264} INFO - 1 downstream tasks scheduled from follow-on schedule check
[2022-11-16 09:24:19,098] {taskinstance.py:1032} INFO - Dependencies all met for <TaskInstance: yellow_taxi_data_v2.download_dataset_task scheduled__2020-12-02T06:00:00+00:00 [queued]>
[2022-11-16 09:24:19,151] {taskinstance.py:1032} INFO - Dependencies all met for <TaskInstance: yellow_taxi_data_v2.download_dataset_task scheduled__2020-12-02T06:00:00+00:00 [queued]>
[2022-11-16 09:24:19,151] {taskinstance.py:1238} INFO - 
--------------------------------------------------------------------------------
[2022-11-16 09:24:19,152] {taskinstance.py:1239} INFO - Starting attempt 1 of 2
[2022-11-16 09:24:19,152] {taskinstance.py:1240} INFO - 
--------------------------------------------------------------------------------
[2022-11-16 09:24:19,168] {taskinstance.py:1259} INFO - Executing <Task(BashOperator): download_dataset_task> on 2020-12-02 06:00:00+00:00
[2022-11-16 09:24:19,180] {standard_task_runner.py:52} INFO - Started process 614 to run task
[2022-11-16 09:24:19,194] {standard_task_runner.py:76} INFO - Running: ['***', 'tasks', 'run', 'yellow_taxi_data_v2', 'download_dataset_task', 'scheduled__2020-12-02T06:00:00+00:00', '--job-id', '772', '--raw', '--subdir', 'DAGS_FOLDER/data_ingestion_gcs.py', '--cfg-path', '/tmp/tmp0q7bccag', '--error-file', '/tmp/tmp6rtifho0']
[2022-11-16 09:24:19,196] {standard_task_runner.py:77} INFO - Job 772: Subtask download_dataset_task
[2022-11-16 09:24:19,353] {logging_mixin.py:109} INFO - Running <TaskInstance: yellow_taxi_data_v2.download_dataset_task scheduled__2020-12-02T06:00:00+00:00 [running]> on host 75ceca4d9264
[2022-11-16 09:24:19,426] {warnings.py:110} WARNING - /home/***/.local/lib/python3.7/site-packages/***/utils/context.py:152: AirflowContextDeprecationWarning: Accessing 'execution_date' from the template is deprecated and will be removed in a future version. Please use 'data_interval_start' or 'logical_date' instead.
  warnings.warn(_create_deprecation_warning(key, self._deprecation_replacements[key]))

[2022-11-16 09:24:19,461] {taskinstance.py:1426} INFO - Exporting the following env vars:
AIRFLOW_CTX_DAG_OWNER=***
AIRFLOW_CTX_DAG_ID=yellow_taxi_data_v2
AIRFLOW_CTX_TASK_ID=download_dataset_task
AIRFLOW_CTX_EXECUTION_DATE=2020-12-02T06:00:00+00:00
AIRFLOW_CTX_DAG_RUN_ID=scheduled__2020-12-02T06:00:00+00:00
[2022-11-16 09:24:19,462] {subprocess.py:62} INFO - Tmp dir root location: 
 /tmp
[2022-11-16 09:24:19,463] {subprocess.py:74} INFO - Running command: ['bash', '-c', 'curl -sSLf https://d37ci6vzurychx.cloudfront.net/trip-data/yellow_tripdata_2020-12.parquet > /opt/***/yellow_tripdata_2020-12.parquet']
[2022-11-16 09:24:19,481] {subprocess.py:85} INFO - Output:
[2022-11-16 09:24:19,644] {subprocess.py:93} INFO - Command exited with return code 0
[2022-11-16 09:24:19,691] {taskinstance.py:1277} INFO - Marking task as SUCCESS. dag_id=yellow_taxi_data_v2, task_id=download_dataset_task, execution_date=20201202T060000, start_date=20221116T092419, end_date=20221116T092419
[2022-11-16 09:24:19,732] {local_task_job.py:154} INFO - Task exited with return code 0
[2022-11-16 09:24:19,790] {local_task_job.py:264} INFO - 1 downstream tasks scheduled from follow-on schedule check
