[2022-11-14 16:40:21,674] {taskinstance.py:1032} INFO - Dependencies all met for <TaskInstance: fhv_taxi_data_v1.download_dataset_task scheduled__2022-05-02T08:00:00+00:00 [queued]>
[2022-11-14 16:40:21,698] {taskinstance.py:1032} INFO - Dependencies all met for <TaskInstance: fhv_taxi_data_v1.download_dataset_task scheduled__2022-05-02T08:00:00+00:00 [queued]>
[2022-11-14 16:40:21,698] {taskinstance.py:1238} INFO - 
--------------------------------------------------------------------------------
[2022-11-14 16:40:21,698] {taskinstance.py:1239} INFO - Starting attempt 1 of 2
[2022-11-14 16:40:21,698] {taskinstance.py:1240} INFO - 
--------------------------------------------------------------------------------
[2022-11-14 16:40:21,730] {taskinstance.py:1259} INFO - Executing <Task(BashOperator): download_dataset_task> on 2022-05-02 08:00:00+00:00
[2022-11-14 16:40:21,740] {standard_task_runner.py:52} INFO - Started process 4890 to run task
[2022-11-14 16:40:21,759] {standard_task_runner.py:76} INFO - Running: ['***', 'tasks', 'run', 'fhv_taxi_data_v1', 'download_dataset_task', 'scheduled__2022-05-02T08:00:00+00:00', '--job-id', '672', '--raw', '--subdir', 'DAGS_FOLDER/data_ingestion_gcs.py', '--cfg-path', '/tmp/tmp7n3itin3', '--error-file', '/tmp/tmpczb_769x']
[2022-11-14 16:40:21,770] {standard_task_runner.py:77} INFO - Job 672: Subtask download_dataset_task
[2022-11-14 16:40:21,971] {logging_mixin.py:109} INFO - Running <TaskInstance: fhv_taxi_data_v1.download_dataset_task scheduled__2022-05-02T08:00:00+00:00 [running]> on host e030bae48f83
[2022-11-14 16:40:22,148] {warnings.py:110} WARNING - /home/***/.local/lib/python3.7/site-packages/***/utils/context.py:152: AirflowContextDeprecationWarning: Accessing 'execution_date' from the template is deprecated and will be removed in a future version. Please use 'data_interval_start' or 'logical_date' instead.
  warnings.warn(_create_deprecation_warning(key, self._deprecation_replacements[key]))

[2022-11-14 16:40:22,227] {taskinstance.py:1426} INFO - Exporting the following env vars:
AIRFLOW_CTX_DAG_OWNER=***
AIRFLOW_CTX_DAG_ID=fhv_taxi_data_v1
AIRFLOW_CTX_TASK_ID=download_dataset_task
AIRFLOW_CTX_EXECUTION_DATE=2022-05-02T08:00:00+00:00
AIRFLOW_CTX_DAG_RUN_ID=scheduled__2022-05-02T08:00:00+00:00
[2022-11-14 16:40:22,229] {subprocess.py:62} INFO - Tmp dir root location: 
 /tmp
[2022-11-14 16:40:22,230] {subprocess.py:74} INFO - Running command: ['bash', '-c', 'curl -sSLf https://d37ci6vzurychx.cloudfront.net/trip-data/fhv_tripdata_2022-05.parquet > /opt/***/fhv_tripdata_2022-05.parquet']
[2022-11-14 16:40:22,253] {subprocess.py:85} INFO - Output:
[2022-11-14 16:40:23,342] {subprocess.py:93} INFO - Command exited with return code 0
[2022-11-14 16:40:23,445] {taskinstance.py:1277} INFO - Marking task as SUCCESS. dag_id=fhv_taxi_data_v1, task_id=download_dataset_task, execution_date=20220502T080000, start_date=20221114T164021, end_date=20221114T164023
[2022-11-14 16:40:23,521] {local_task_job.py:154} INFO - Task exited with return code 0
[2022-11-14 16:40:23,605] {local_task_job.py:264} INFO - 1 downstream tasks scheduled from follow-on schedule check
