[2022-11-14 15:55:21,406] {taskinstance.py:1032} INFO - Dependencies all met for <TaskInstance: yellow_taxi_data_v2.local_to_gcs_task scheduled__2020-08-02T06:00:00+00:00 [queued]>
[2022-11-14 15:55:21,430] {taskinstance.py:1032} INFO - Dependencies all met for <TaskInstance: yellow_taxi_data_v2.local_to_gcs_task scheduled__2020-08-02T06:00:00+00:00 [queued]>
[2022-11-14 15:55:21,430] {taskinstance.py:1238} INFO - 
--------------------------------------------------------------------------------
[2022-11-14 15:55:21,430] {taskinstance.py:1239} INFO - Starting attempt 1 of 2
[2022-11-14 15:55:21,431] {taskinstance.py:1240} INFO - 
--------------------------------------------------------------------------------
[2022-11-14 15:55:21,455] {taskinstance.py:1259} INFO - Executing <Task(PythonOperator): local_to_gcs_task> on 2020-08-02 06:00:00+00:00
[2022-11-14 15:55:21,465] {standard_task_runner.py:52} INFO - Started process 1181 to run task
[2022-11-14 15:55:21,479] {standard_task_runner.py:76} INFO - Running: ['***', 'tasks', 'run', 'yellow_taxi_data_v2', 'local_to_gcs_task', 'scheduled__2020-08-02T06:00:00+00:00', '--job-id', '225', '--raw', '--subdir', 'DAGS_FOLDER/data_ingestion_gcs.py', '--cfg-path', '/tmp/tmpm3vbi2cs', '--error-file', '/tmp/tmpwsxhrbaz']
[2022-11-14 15:55:21,481] {standard_task_runner.py:77} INFO - Job 225: Subtask local_to_gcs_task
[2022-11-14 15:55:21,600] {logging_mixin.py:109} INFO - Running <TaskInstance: yellow_taxi_data_v2.local_to_gcs_task scheduled__2020-08-02T06:00:00+00:00 [running]> on host e030bae48f83
[2022-11-14 15:55:21,725] {warnings.py:110} WARNING - /home/***/.local/lib/python3.7/site-packages/***/utils/context.py:152: AirflowContextDeprecationWarning: Accessing 'execution_date' from the template is deprecated and will be removed in a future version. Please use 'data_interval_start' or 'logical_date' instead.
  warnings.warn(_create_deprecation_warning(key, self._deprecation_replacements[key]))

[2022-11-14 15:55:21,771] {taskinstance.py:1426} INFO - Exporting the following env vars:
AIRFLOW_CTX_DAG_OWNER=***
AIRFLOW_CTX_DAG_ID=yellow_taxi_data_v2
AIRFLOW_CTX_TASK_ID=local_to_gcs_task
AIRFLOW_CTX_EXECUTION_DATE=2020-08-02T06:00:00+00:00
AIRFLOW_CTX_DAG_RUN_ID=scheduled__2020-08-02T06:00:00+00:00
[2022-11-14 15:55:22,446] {python.py:175} INFO - Done. Returned value was: None
[2022-11-14 15:55:22,467] {taskinstance.py:1277} INFO - Marking task as SUCCESS. dag_id=yellow_taxi_data_v2, task_id=local_to_gcs_task, execution_date=20200802T060000, start_date=20221114T155521, end_date=20221114T155522
[2022-11-14 15:55:22,544] {local_task_job.py:154} INFO - Task exited with return code 0
[2022-11-14 15:55:22,606] {local_task_job.py:264} INFO - 1 downstream tasks scheduled from follow-on schedule check
[2022-11-16 09:23:50,618] {taskinstance.py:1032} INFO - Dependencies all met for <TaskInstance: yellow_taxi_data_v2.local_to_gcs_task scheduled__2020-08-02T06:00:00+00:00 [queued]>
[2022-11-16 09:23:50,638] {taskinstance.py:1032} INFO - Dependencies all met for <TaskInstance: yellow_taxi_data_v2.local_to_gcs_task scheduled__2020-08-02T06:00:00+00:00 [queued]>
[2022-11-16 09:23:50,639] {taskinstance.py:1238} INFO - 
--------------------------------------------------------------------------------
[2022-11-16 09:23:50,639] {taskinstance.py:1239} INFO - Starting attempt 1 of 2
[2022-11-16 09:23:50,639] {taskinstance.py:1240} INFO - 
--------------------------------------------------------------------------------
[2022-11-16 09:23:50,658] {taskinstance.py:1259} INFO - Executing <Task(PythonOperator): local_to_gcs_task> on 2020-08-02 06:00:00+00:00
[2022-11-16 09:23:50,669] {standard_task_runner.py:52} INFO - Started process 552 to run task
[2022-11-16 09:23:50,676] {standard_task_runner.py:76} INFO - Running: ['***', 'tasks', 'run', 'yellow_taxi_data_v2', 'local_to_gcs_task', 'scheduled__2020-08-02T06:00:00+00:00', '--job-id', '762', '--raw', '--subdir', 'DAGS_FOLDER/data_ingestion_gcs.py', '--cfg-path', '/tmp/tmptvl_55xq', '--error-file', '/tmp/tmpiv3nlq38']
[2022-11-16 09:23:50,678] {standard_task_runner.py:77} INFO - Job 762: Subtask local_to_gcs_task
[2022-11-16 09:23:50,798] {logging_mixin.py:109} INFO - Running <TaskInstance: yellow_taxi_data_v2.local_to_gcs_task scheduled__2020-08-02T06:00:00+00:00 [running]> on host 75ceca4d9264
[2022-11-16 09:23:50,885] {warnings.py:110} WARNING - /home/***/.local/lib/python3.7/site-packages/***/utils/context.py:152: AirflowContextDeprecationWarning: Accessing 'execution_date' from the template is deprecated and will be removed in a future version. Please use 'data_interval_start' or 'logical_date' instead.
  warnings.warn(_create_deprecation_warning(key, self._deprecation_replacements[key]))

[2022-11-16 09:23:50,922] {taskinstance.py:1426} INFO - Exporting the following env vars:
AIRFLOW_CTX_DAG_OWNER=***
AIRFLOW_CTX_DAG_ID=yellow_taxi_data_v2
AIRFLOW_CTX_TASK_ID=local_to_gcs_task
AIRFLOW_CTX_EXECUTION_DATE=2020-08-02T06:00:00+00:00
AIRFLOW_CTX_DAG_RUN_ID=scheduled__2020-08-02T06:00:00+00:00
[2022-11-16 09:23:51,721] {python.py:175} INFO - Done. Returned value was: None
[2022-11-16 09:23:51,789] {taskinstance.py:1277} INFO - Marking task as SUCCESS. dag_id=yellow_taxi_data_v2, task_id=local_to_gcs_task, execution_date=20200802T060000, start_date=20221116T092350, end_date=20221116T092351
[2022-11-16 09:23:51,857] {local_task_job.py:154} INFO - Task exited with return code 0
[2022-11-16 09:23:51,934] {local_task_job.py:264} INFO - 1 downstream tasks scheduled from follow-on schedule check
