[2022-11-14 15:55:57,092] {taskinstance.py:1032} INFO - Dependencies all met for <TaskInstance: yellow_taxi_data_v2.download_dataset_task scheduled__2020-10-02T06:00:00+00:00 [queued]>
[2022-11-14 15:55:57,138] {taskinstance.py:1032} INFO - Dependencies all met for <TaskInstance: yellow_taxi_data_v2.download_dataset_task scheduled__2020-10-02T06:00:00+00:00 [queued]>
[2022-11-14 15:55:57,138] {taskinstance.py:1238} INFO - 
--------------------------------------------------------------------------------
[2022-11-14 15:55:57,139] {taskinstance.py:1239} INFO - Starting attempt 1 of 2
[2022-11-14 15:55:57,139] {taskinstance.py:1240} INFO - 
--------------------------------------------------------------------------------
[2022-11-14 15:55:57,184] {taskinstance.py:1259} INFO - Executing <Task(BashOperator): download_dataset_task> on 2020-10-02 06:00:00+00:00
[2022-11-14 15:55:57,194] {standard_task_runner.py:52} INFO - Started process 1231 to run task
[2022-11-14 15:55:57,211] {standard_task_runner.py:76} INFO - Running: ['***', 'tasks', 'run', 'yellow_taxi_data_v2', 'download_dataset_task', 'scheduled__2020-10-02T06:00:00+00:00', '--job-id', '231', '--raw', '--subdir', 'DAGS_FOLDER/data_ingestion_gcs.py', '--cfg-path', '/tmp/tmp250528k1', '--error-file', '/tmp/tmpqfh8pn3q']
[2022-11-14 15:55:57,220] {standard_task_runner.py:77} INFO - Job 231: Subtask download_dataset_task
[2022-11-14 15:55:57,394] {logging_mixin.py:109} INFO - Running <TaskInstance: yellow_taxi_data_v2.download_dataset_task scheduled__2020-10-02T06:00:00+00:00 [running]> on host e030bae48f83
[2022-11-14 15:55:57,558] {warnings.py:110} WARNING - /home/***/.local/lib/python3.7/site-packages/***/utils/context.py:152: AirflowContextDeprecationWarning: Accessing 'execution_date' from the template is deprecated and will be removed in a future version. Please use 'data_interval_start' or 'logical_date' instead.
  warnings.warn(_create_deprecation_warning(key, self._deprecation_replacements[key]))

[2022-11-14 15:55:57,608] {taskinstance.py:1426} INFO - Exporting the following env vars:
AIRFLOW_CTX_DAG_OWNER=***
AIRFLOW_CTX_DAG_ID=yellow_taxi_data_v2
AIRFLOW_CTX_TASK_ID=download_dataset_task
AIRFLOW_CTX_EXECUTION_DATE=2020-10-02T06:00:00+00:00
AIRFLOW_CTX_DAG_RUN_ID=scheduled__2020-10-02T06:00:00+00:00
[2022-11-14 15:55:57,612] {subprocess.py:62} INFO - Tmp dir root location: 
 /tmp
[2022-11-14 15:55:57,613] {subprocess.py:74} INFO - Running command: ['bash', '-c', 'curl -sSLf https://d37ci6vzurychx.cloudfront.net/trip-data/yellow_tripdata_2020-10.parquet > /opt/***/yellow_tripdata_2020-10.parquet']
[2022-11-14 15:55:57,674] {subprocess.py:85} INFO - Output:
[2022-11-14 15:55:59,030] {subprocess.py:93} INFO - Command exited with return code 0
[2022-11-14 15:55:59,072] {taskinstance.py:1277} INFO - Marking task as SUCCESS. dag_id=yellow_taxi_data_v2, task_id=download_dataset_task, execution_date=20201002T060000, start_date=20221114T155557, end_date=20221114T155559
[2022-11-14 15:55:59,135] {local_task_job.py:154} INFO - Task exited with return code 0
[2022-11-14 15:55:59,188] {local_task_job.py:264} INFO - 1 downstream tasks scheduled from follow-on schedule check
[2022-11-16 09:23:57,068] {taskinstance.py:1032} INFO - Dependencies all met for <TaskInstance: yellow_taxi_data_v2.download_dataset_task scheduled__2020-10-02T06:00:00+00:00 [queued]>
[2022-11-16 09:23:57,085] {taskinstance.py:1032} INFO - Dependencies all met for <TaskInstance: yellow_taxi_data_v2.download_dataset_task scheduled__2020-10-02T06:00:00+00:00 [queued]>
[2022-11-16 09:23:57,085] {taskinstance.py:1238} INFO - 
--------------------------------------------------------------------------------
[2022-11-16 09:23:57,085] {taskinstance.py:1239} INFO - Starting attempt 1 of 2
[2022-11-16 09:23:57,085] {taskinstance.py:1240} INFO - 
--------------------------------------------------------------------------------
[2022-11-16 09:23:57,111] {taskinstance.py:1259} INFO - Executing <Task(BashOperator): download_dataset_task> on 2020-10-02 06:00:00+00:00
[2022-11-16 09:23:57,121] {standard_task_runner.py:52} INFO - Started process 569 to run task
[2022-11-16 09:23:57,129] {standard_task_runner.py:76} INFO - Running: ['***', 'tasks', 'run', 'yellow_taxi_data_v2', 'download_dataset_task', 'scheduled__2020-10-02T06:00:00+00:00', '--job-id', '766', '--raw', '--subdir', 'DAGS_FOLDER/data_ingestion_gcs.py', '--cfg-path', '/tmp/tmpgnbew2_a', '--error-file', '/tmp/tmp7zkgsnyo']
[2022-11-16 09:23:57,131] {standard_task_runner.py:77} INFO - Job 766: Subtask download_dataset_task
[2022-11-16 09:23:57,225] {logging_mixin.py:109} INFO - Running <TaskInstance: yellow_taxi_data_v2.download_dataset_task scheduled__2020-10-02T06:00:00+00:00 [running]> on host 75ceca4d9264
[2022-11-16 09:23:57,288] {warnings.py:110} WARNING - /home/***/.local/lib/python3.7/site-packages/***/utils/context.py:152: AirflowContextDeprecationWarning: Accessing 'execution_date' from the template is deprecated and will be removed in a future version. Please use 'data_interval_start' or 'logical_date' instead.
  warnings.warn(_create_deprecation_warning(key, self._deprecation_replacements[key]))

[2022-11-16 09:23:57,324] {taskinstance.py:1426} INFO - Exporting the following env vars:
AIRFLOW_CTX_DAG_OWNER=***
AIRFLOW_CTX_DAG_ID=yellow_taxi_data_v2
AIRFLOW_CTX_TASK_ID=download_dataset_task
AIRFLOW_CTX_EXECUTION_DATE=2020-10-02T06:00:00+00:00
AIRFLOW_CTX_DAG_RUN_ID=scheduled__2020-10-02T06:00:00+00:00
[2022-11-16 09:23:57,326] {subprocess.py:62} INFO - Tmp dir root location: 
 /tmp
[2022-11-16 09:23:57,327] {subprocess.py:74} INFO - Running command: ['bash', '-c', 'curl -sSLf https://d37ci6vzurychx.cloudfront.net/trip-data/yellow_tripdata_2020-10.parquet > /opt/***/yellow_tripdata_2020-10.parquet']
[2022-11-16 09:23:57,352] {subprocess.py:85} INFO - Output:
[2022-11-16 09:23:57,515] {subprocess.py:93} INFO - Command exited with return code 0
[2022-11-16 09:23:57,557] {taskinstance.py:1277} INFO - Marking task as SUCCESS. dag_id=yellow_taxi_data_v2, task_id=download_dataset_task, execution_date=20201002T060000, start_date=20221116T092357, end_date=20221116T092357
[2022-11-16 09:23:57,594] {local_task_job.py:154} INFO - Task exited with return code 0
[2022-11-16 09:23:57,656] {local_task_job.py:264} INFO - 1 downstream tasks scheduled from follow-on schedule check
