[2022-11-14 17:16:53,492] {taskinstance.py:1032} INFO - Dependencies all met for <TaskInstance: zones_data_v1.download_dataset_task scheduled__2022-11-13T00:00:00+00:00 [queued]>
[2022-11-14 17:16:53,513] {taskinstance.py:1032} INFO - Dependencies all met for <TaskInstance: zones_data_v1.download_dataset_task scheduled__2022-11-13T00:00:00+00:00 [queued]>
[2022-11-14 17:16:53,514] {taskinstance.py:1238} INFO - 
--------------------------------------------------------------------------------
[2022-11-14 17:16:53,514] {taskinstance.py:1239} INFO - Starting attempt 1 of 2
[2022-11-14 17:16:53,514] {taskinstance.py:1240} INFO - 
--------------------------------------------------------------------------------
[2022-11-14 17:16:53,535] {taskinstance.py:1259} INFO - Executing <Task(BashOperator): download_dataset_task> on 2022-11-13 00:00:00+00:00
[2022-11-14 17:16:53,545] {standard_task_runner.py:52} INFO - Started process 436 to run task
[2022-11-14 17:16:53,551] {standard_task_runner.py:76} INFO - Running: ['***', 'tasks', 'run', 'zones_data_v1', 'download_dataset_task', 'scheduled__2022-11-13T00:00:00+00:00', '--job-id', '692', '--raw', '--subdir', 'DAGS_FOLDER/zones_data_ingestion.py', '--cfg-path', '/tmp/tmp8lavm5av', '--error-file', '/tmp/tmp28rbx1ye']
[2022-11-14 17:16:53,552] {standard_task_runner.py:77} INFO - Job 692: Subtask download_dataset_task
[2022-11-14 17:16:53,632] {logging_mixin.py:109} INFO - Running <TaskInstance: zones_data_v1.download_dataset_task scheduled__2022-11-13T00:00:00+00:00 [running]> on host 05f7eec7716f
[2022-11-14 17:16:53,708] {taskinstance.py:1426} INFO - Exporting the following env vars:
AIRFLOW_CTX_DAG_OWNER=***
AIRFLOW_CTX_DAG_ID=zones_data_v1
AIRFLOW_CTX_TASK_ID=download_dataset_task
AIRFLOW_CTX_EXECUTION_DATE=2022-11-13T00:00:00+00:00
AIRFLOW_CTX_DAG_RUN_ID=scheduled__2022-11-13T00:00:00+00:00
[2022-11-14 17:16:53,711] {subprocess.py:62} INFO - Tmp dir root location: 
 /tmp
[2022-11-14 17:16:53,712] {subprocess.py:74} INFO - Running command: ['bash', '-c', 'curl -sSLf  https://d37ci6vzurychx.cloudfront.net/misc/taxi+_zone_lookup.csv > /opt/***/taxi_zone_lookup.csv']
[2022-11-14 17:16:53,731] {subprocess.py:85} INFO - Output:
[2022-11-14 17:16:54,227] {subprocess.py:93} INFO - Command exited with return code 0
[2022-11-14 17:16:54,276] {taskinstance.py:1277} INFO - Marking task as SUCCESS. dag_id=zones_data_v1, task_id=download_dataset_task, execution_date=20221113T000000, start_date=20221114T171653, end_date=20221114T171654
[2022-11-14 17:16:54,327] {local_task_job.py:154} INFO - Task exited with return code 0
[2022-11-14 17:16:54,395] {local_task_job.py:264} INFO - 1 downstream tasks scheduled from follow-on schedule check
