[2022-11-14 16:38:00,239] {taskinstance.py:1032} INFO - Dependencies all met for <TaskInstance: fhv_taxi_data_v1.rm_task scheduled__2020-06-02T08:00:00+00:00 [queued]>
[2022-11-14 16:38:00,253] {taskinstance.py:1032} INFO - Dependencies all met for <TaskInstance: fhv_taxi_data_v1.rm_task scheduled__2020-06-02T08:00:00+00:00 [queued]>
[2022-11-14 16:38:00,254] {taskinstance.py:1238} INFO - 
--------------------------------------------------------------------------------
[2022-11-14 16:38:00,254] {taskinstance.py:1239} INFO - Starting attempt 1 of 2
[2022-11-14 16:38:00,254] {taskinstance.py:1240} INFO - 
--------------------------------------------------------------------------------
[2022-11-14 16:38:00,273] {taskinstance.py:1259} INFO - Executing <Task(BashOperator): rm_task> on 2020-06-02 08:00:00+00:00
[2022-11-14 16:38:00,281] {standard_task_runner.py:52} INFO - Started process 4517 to run task
[2022-11-14 16:38:00,287] {standard_task_runner.py:76} INFO - Running: ['***', 'tasks', 'run', 'fhv_taxi_data_v1', 'rm_task', 'scheduled__2020-06-02T08:00:00+00:00', '--job-id', '607', '--raw', '--subdir', 'DAGS_FOLDER/data_ingestion_gcs.py', '--cfg-path', '/tmp/tmpapfr90_8', '--error-file', '/tmp/tmp9a0xbxeh']
[2022-11-14 16:38:00,289] {standard_task_runner.py:77} INFO - Job 607: Subtask rm_task
[2022-11-14 16:38:00,376] {logging_mixin.py:109} INFO - Running <TaskInstance: fhv_taxi_data_v1.rm_task scheduled__2020-06-02T08:00:00+00:00 [running]> on host e030bae48f83
[2022-11-14 16:38:00,432] {warnings.py:110} WARNING - /home/***/.local/lib/python3.7/site-packages/***/utils/context.py:152: AirflowContextDeprecationWarning: Accessing 'execution_date' from the template is deprecated and will be removed in a future version. Please use 'data_interval_start' or 'logical_date' instead.
  warnings.warn(_create_deprecation_warning(key, self._deprecation_replacements[key]))

[2022-11-14 16:38:00,460] {taskinstance.py:1426} INFO - Exporting the following env vars:
AIRFLOW_CTX_DAG_OWNER=***
AIRFLOW_CTX_DAG_ID=fhv_taxi_data_v1
AIRFLOW_CTX_TASK_ID=rm_task
AIRFLOW_CTX_EXECUTION_DATE=2020-06-02T08:00:00+00:00
AIRFLOW_CTX_DAG_RUN_ID=scheduled__2020-06-02T08:00:00+00:00
[2022-11-14 16:38:00,462] {subprocess.py:62} INFO - Tmp dir root location: 
 /tmp
[2022-11-14 16:38:00,463] {subprocess.py:74} INFO - Running command: ['bash', '-c', 'rm /opt/***/fhv_tripdata_2020-06.parquet']
[2022-11-14 16:38:00,481] {subprocess.py:85} INFO - Output:
[2022-11-14 16:38:00,489] {subprocess.py:93} INFO - Command exited with return code 0
[2022-11-14 16:38:00,530] {taskinstance.py:1277} INFO - Marking task as SUCCESS. dag_id=fhv_taxi_data_v1, task_id=rm_task, execution_date=20200602T080000, start_date=20221114T163800, end_date=20221114T163800
[2022-11-14 16:38:00,580] {local_task_job.py:154} INFO - Task exited with return code 0
[2022-11-14 16:38:00,622] {local_task_job.py:264} INFO - 0 downstream tasks scheduled from follow-on schedule check
